#
# A fatal error has been detected by the Java Runtime Environment:
#
#  SIGSEGV (0xb) at pc=0x00007f1a27fc3a5c, pid=17286, tid=0x00007f19f01ef700
#
# JRE version: Java(TM) SE Runtime Environment (8.0_111-b14) (build 1.8.0_111-b14)
# Java VM: Java HotSpot(TM) 64-Bit Server VM (25.111-b14 mixed mode linux-amd64 compressed oops)
# Problematic frame:
# V  [libjvm.so+0x8dfa5c]  Monitor::wait(bool, long, bool)+0x35c
#
# Failed to write core dump. Core dumps have been disabled. To enable core dumping, try "ulimit -c unlimited" before starting Java again
#
# If you would like to submit a bug report, please visit:
#   http://bugreport.java.com/bugreport/crash.jsp
#

---------------  T H R E A D  ---------------

Current thread (0x00007f1a20138800):  JavaThread "C2 CompilerThread2" daemon [_thread_blocked_trans, id=17321, stack(0x00007f19f00ef000,0x00007f19f01f0000)]

siginfo: si_signo: 11 (SIGSEGV), si_code: 0 (SI_USER)

Registers:
RAX=0x00007f1a292ef880, RBX=0x00007f1a286a3200, RCX=0x0000000000000001, RDX=0x00007f1a286a31f0
RSP=0x00007f19f01eea70, RBP=0x00007f19f01eeab0, RSI=0x0000000000000001, RDI=0x00007f1a20008ce0
R8 =0x00007f1a286a3200, R9 =0x0000000000000510, R10=0x00007f19f01ee9e0, R11=0x0000000000000206
R12=0x0000000000001388, R13=0x00007f1a20138800, R14=0x00007f1a20008ce0, R15=0x0000000000000000
RIP=0x00007f1a27fc3a5c, EFLAGS=0x0000000000010202, CSGSFS=0x0000000000000033, ERR=0x0000000000000007
  TRAPNO=0x000000000000000e

Top of Stack: (sp=0x00007f19f01eea70)
0x00007f19f01eea70:   00007f1a2013a130 0000000200000000
0x00007f19f01eea80:   000000000e7bf980 000000000e7bf980
0x00007f19f01eea90:   00007f1a2012d750 00007f1a20008ce0
0x00007f19f01eeaa0:   00007f1a2002c4b0 00007f1a20138800
0x00007f19f01eeab0:   00007f19f01eeae0 00007f1a27b9249b
0x00007f19f01eeac0:   00007f1a2865cc38 000000000e7bf980
0x00007f19f01eead0:   0000000001b60d20 00007f1a20138800
0x00007f19f01eeae0:   00007f19f01eebf0 00007f1a27b946eb
0x00007f19f01eeaf0:   0000005b00000000 00007f19f01eeb80
0x00007f19f01eeb00:   00007f19f01eebb0 00007f19f01eeb40
0x00007f19f01eeb10:   00007f1a2012d750 00000000000003d8
0x00007f19f01eeb20:   00007f1a20139030 00007f1a20139458
0x00007f19f01eeb30:   00007f1a20139080 00007f1a20139070
0x00007f19f01eeb40:   00007f1a20138800 00007f1a20139460
0x00007f19f01eeb50:   00007f1a201394a0 00007f1a201394b0
0x00007f19f01eeb60:   00007f1a20139588 00000000000000d8
0x00007f19f01eeb70:   00007f19f01eec10 0000000000000138
0x00007f19f01eeb80:   00000000000002a1 000000042f69ec9d
0x00007f19f01eeb90:   00007f19f01eec00 00007f1a20138320
0x00007f19f01eeba0:   0000000000000000 00007f1a201383a0
0x00007f19f01eebb0:   00007f1a11445450 0000000000000012
0x00007f19f01eebc0:   0000000080066a10 00007f19f01eec10
0x00007f19f01eebd0:   00007f1a20138800 00007f1a20139080
0x00007f19f01eebe0:   00007f1a20139070 00000000000003d8
0x00007f19f01eebf0:   00007f19f01eec80 00007f1a281582b3
0x00007f19f01eec00:   00007f1a20139080 00007f1a20139458
0x00007f19f01eec10:   00007f1a20138800 00007f1a20139460
0x00007f19f01eec20:   00007f1a201394a0 00007f1a201394b0
0x00007f19f01eec30:   00007f1a20139588 00000000000000d8
0x00007f19f01eec40:   00007f1a201396c0 00007f1a27fc294f
0x00007f19f01eec50:   0000000000000000 00007f1a20138800
0x00007f19f01eec60:   00007f1a2013a220 00007f1a2013a130 

Instructions: (pc=0x00007f1a27fc3a5c)
0x00007f1a27fc3a3c:   00 00 00 00 48 8b 05 d1 33 69 00 4c 89 ea 48 c1
0x00007f1a27fc3a4c:   ea 04 8b 00 21 d0 48 8b 15 bf ec 68 00 48 03 02
0x00007f1a27fc3a5c:   c7 00 01 00 00 00 e9 8a fe ff ff 66 0f 1f 84 00
0x00007f1a27fc3a6c:   00 00 00 00 31 f6 4c 89 e7 e8 06 e6 ff ff e9 e6 

Register to memory mapping:

RAX=0x00007f1a292ef880 is an unknown value
RBX=0x00007f1a286a3200: <offset 0xfbf200> in /usr/lib/jvm/java-8-oracle/jre/lib/amd64/server/libjvm.so at 0x00007f1a276e4000
RCX=0x0000000000000001 is an unknown value
RDX=0x00007f1a286a31f0: <offset 0xfbf1f0> in /usr/lib/jvm/java-8-oracle/jre/lib/amd64/server/libjvm.so at 0x00007f1a276e4000
RSP=0x00007f19f01eea70 is pointing into the stack for thread: 0x00007f1a20138800
RBP=0x00007f19f01eeab0 is pointing into the stack for thread: 0x00007f1a20138800
RSI=0x0000000000000001 is an unknown value
RDI=0x00007f1a20008ce0 is an unknown value
R8 =0x00007f1a286a3200: <offset 0xfbf200> in /usr/lib/jvm/java-8-oracle/jre/lib/amd64/server/libjvm.so at 0x00007f1a276e4000
R9 =0x0000000000000510 is an unknown value
R10=0x00007f19f01ee9e0 is pointing into the stack for thread: 0x00007f1a20138800
R11=0x0000000000000206 is an unknown value
R12=0x0000000000001388 is an unknown value
R13=0x00007f1a20138800 is a thread
R14=0x00007f1a20008ce0 is an unknown value
R15=0x0000000000000000 is an unknown value


Stack: [0x00007f19f00ef000,0x00007f19f01f0000],  sp=0x00007f19f01eea70,  free space=1022k
Native frames: (J=compiled Java code, j=interpreted, Vv=VM code, C=native code)
V  [libjvm.so+0x8dfa5c]  Monitor::wait(bool, long, bool)+0x35c
V  [libjvm.so+0x4ae49b]  CompileQueue::get()+0x13b
V  [libjvm.so+0x4b06eb]  CompileBroker::compiler_thread_loop()+0x18b
V  [libjvm.so+0xa742b3]  JavaThread::thread_main_inner()+0x103
V  [libjvm.so+0xa743fc]  JavaThread::run()+0x11c
V  [libjvm.so+0x924ea8]  java_start(Thread*)+0x108
C  [libpthread.so.0+0x8182]  start_thread+0xc2


---------------  P R O C E S S  ---------------

Java Threads: ( => current thread )
  0x00007f1a21302000 JavaThread "elasticsearch[ht0EVsn][scheduler][T#1]" daemon [_thread_blocked, id=17328, stack(0x00007f19bdb26000,0x00007f19bdc27000)]
  0x00007f1a20bf0800 JavaThread "elasticsearch[ht0EVsn][[timer]]" daemon [_thread_blocked, id=17327, stack(0x00007f19be8cc000,0x00007f19be9cd000)]
  0x00007f1a20604800 JavaThread "process reaper" daemon [_thread_blocked, id=17326, stack(0x00007f19bf0d6000,0x00007f19bf10f000)]
  0x00007f1a2014e000 JavaThread "Service Thread" daemon [_thread_blocked, id=17323, stack(0x00007f19bfdfe000,0x00007f19bfeff000)]
  0x00007f1a2013a800 JavaThread "C1 CompilerThread3" daemon [_thread_blocked, id=17322, stack(0x00007f19bfeff000,0x00007f19c0000000)]
=>0x00007f1a20138800 JavaThread "C2 CompilerThread2" daemon [_thread_blocked_trans, id=17321, stack(0x00007f19f00ef000,0x00007f19f01f0000)]
  0x00007f1a20136800 JavaThread "C2 CompilerThread1" daemon [_thread_blocked, id=17320, stack(0x00007f19f01f0000,0x00007f19f02f1000)]
  0x00007f1a20134000 JavaThread "C2 CompilerThread0" daemon [_thread_blocked, id=17319, stack(0x00007f19f02f1000,0x00007f19f03f2000)]
  0x00007f1a20132000 JavaThread "Signal Dispatcher" daemon [_thread_blocked, id=17318, stack(0x00007f19f03f2000,0x00007f19f04f3000)]
  0x00007f1a20131000 JavaThread "Surrogate Locker Thread (Concurrent GC)" daemon [_thread_blocked, id=17317, stack(0x00007f19f04f3000,0x00007f19f05f4000)]
  0x00007f1a200f9800 JavaThread "Finalizer" daemon [_thread_blocked, id=17316, stack(0x00007f19f0763000,0x00007f19f0864000)]
  0x00007f1a200f5000 JavaThread "Reference Handler" daemon [_thread_blocked, id=17315, stack(0x00007f19f0864000,0x00007f19f0965000)]
  0x00007f1a2000c000 JavaThread "main" [_thread_in_vm, id=17302, stack(0x00007f1a291dd000,0x00007f1a292de000)]

Other Threads:
  0x00007f1a200ed800 VMThread [stack: 0x00007f19f0965000,0x00007f19f0a66000] [id=17314]
  0x00007f1a20151000 WatcherThread [stack: 0x00007f19bfcfd000,0x00007f19bfdfe000] [id=17324]

VM state:synchronizing (normal execution)

VM Mutex/Monitor currently owned by a thread:  ([mutex/lock_event])
[0x00007f1a200080e0] Safepoint_lock - owner thread: 0x00007f1a200ed800
[0x00007f1a20008160] Threads_lock - owner thread: 0x00007f1a200ed800

Heap:
 par new generation   total 613440K, used 479979K [0x0000000080000000, 0x00000000a9990000, 0x00000000a9990000)
  eden space 545344K,  88% used [0x0000000080000000, 0x000000009d4bafa0, 0x00000000a1490000)
  from space 68096K,   0% used [0x00000000a1490000, 0x00000000a1490000, 0x00000000a5710000)
  to   space 68096K,   0% used [0x00000000a5710000, 0x00000000a5710000, 0x00000000a9990000)
 concurrent mark-sweep generation total 1415616K, used 0K [0x00000000a9990000, 0x0000000100000000, 0x0000000100000000)
 Metaspace       used 36094K, capacity 38293K, committed 38484K, reserved 1081344K
  class space    used 4979K, capacity 5813K, committed 5840K, reserved 1048576K

Card table byte_map: [0x00007f1a2537c000,0x00007f1a2577d000] byte_map_base: 0x00007f1a24f7c000

Marking Bits: (CMSBitMap*) 0x00007f1a20095888
 Bits: [0x00007f19f2a66000, 0x00007f19f3fffc00)

Mod Union Table: (CMSBitMap*) 0x00007f1a20095948
 Bits: [0x00007f1a29186000, 0x00007f1a291dc670)

Polling page: 0x00007f1a292f0000

CodeCache: size=245760Kb used=8552Kb max_used=9670Kb free=237207Kb
 bounds [0x00007f1a11000000, 0x00007f1a11980000, 0x00007f1a20000000]
 total_blobs=3013 nmethods=2432 adapters=494
 compilation: enabled

Compilation events (10 events):
Event: 18.005 Thread 0x00007f1a2013a800 2735       3       org.elasticsearch.common.inject.BindingProcessor$1::<init> (26 bytes)
Event: 18.005 Thread 0x00007f1a2013a800 nmethod 2735 0x00007f1a11331dd0 code [0x00007f1a11331f40, 0x00007f1a11332150]
Event: 18.005 Thread 0x00007f1a2013a800 2736       3       org.elasticsearch.common.inject.Scopes::scope (47 bytes)
Event: 18.017 Thread 0x00007f1a2013a800 nmethod 2736 0x00007f1a1111bf90 code [0x00007f1a1111c1a0, 0x00007f1a1111cc28]
Event: 18.018 Thread 0x00007f1a2013a800 2741       1       org.elasticsearch.common.inject.BindingProcessor::access$000 (5 bytes)
Event: 18.018 Thread 0x00007f1a2013a800 nmethod 2741 0x00007f1a11331ad0 code [0x00007f1a11331c20, 0x00007f1a11331d10]
Event: 18.018 Thread 0x00007f1a2013a800 2742       1       org.elasticsearch.common.inject.internal.InstanceBindingImpl::getInjectionPoints (5 bytes)
Event: 18.018 Thread 0x00007f1a2013a800 nmethod 2742 0x00007f1a113b5b90 code [0x00007f1a113b5ce0, 0x00007f1a113b5df0]
Event: 18.018 Thread 0x00007f1a2013a800 2743       1       org.elasticsearch.common.inject.internal.InstanceBindingImpl::getInstance (5 bytes)
Event: 18.018 Thread 0x00007f1a2013a800 nmethod 2743 0x00007f1a113b58d0 code [0x00007f1a113b5a20, 0x00007f1a113b5b30]

GC Heap History (0 events):
No events

Deoptimization events (10 events):
Event: 13.453 Thread 0x00007f1a2000c000 Uncommon trap: reason=unstable_if action=reinterpret pc=0x00007f1a11351c48 method=java.util.HashMap.putVal(ILjava/lang/Object;Ljava/lang/Object;ZZ)Ljava/lang/Object; @ 236
Event: 13.482 Thread 0x00007f1a2000c000 Uncommon trap: reason=unstable_if action=reinterpret pc=0x00007f1a114125c0 method=java.net.URI.match(CJJ)Z @ 45
Event: 13.482 Thread 0x00007f1a2000c000 Uncommon trap: reason=unstable_if action=reinterpret pc=0x00007f1a113da32c method=java.net.URI.match(CJJ)Z @ 19
Event: 13.489 Thread 0x00007f1a2000c000 Uncommon trap: reason=unstable_if action=reinterpret pc=0x00007f1a111f7160 method=java.lang.CharacterDataLatin1.isWhitespace(I)Z @ 14
Event: 13.643 Thread 0x00007f1a2000c000 Uncommon trap: reason=unstable_if action=reinterpret pc=0x00007f1a11891e10 method=java.security.CodeSource.getCertificates()[Ljava/security/cert/Certificate; @ 22
Event: 17.577 Thread 0x00007f1a2000c000 Uncommon trap: reason=unstable_if action=reinterpret pc=0x00007f1a117d8408 method=jdk.internal.org.objectweb.asm.Item.isEqualTo(Ljdk/internal/org/objectweb/asm/Item;)Z @ 331
Event: 17.698 Thread 0x00007f1a2000c000 Uncommon trap: reason=bimorphic action=maybe_recompile pc=0x00007f1a1187c8cc method=java.util.HashMap.putVal(ILjava/lang/Object;Ljava/lang/Object;ZZ)Ljava/lang/Object; @ 203
Event: 17.743 Thread 0x00007f1a2000c000 Uncommon trap: reason=bimorphic action=maybe_recompile pc=0x00007f1a1187c8cc method=java.util.HashMap.putVal(ILjava/lang/Object;Ljava/lang/Object;ZZ)Ljava/lang/Object; @ 203
Event: 17.757 Thread 0x00007f1a2000c000 Uncommon trap: reason=bimorphic action=maybe_recompile pc=0x00007f1a1187c8cc method=java.util.HashMap.putVal(ILjava/lang/Object;Ljava/lang/Object;ZZ)Ljava/lang/Object; @ 203
Event: 17.766 Thread 0x00007f1a2000c000 Uncommon trap: reason=bimorphic action=maybe_recompile pc=0x00007f1a1187c8cc method=java.util.HashMap.putVal(ILjava/lang/Object;Ljava/lang/Object;ZZ)Ljava/lang/Object; @ 203

Internal exceptions (10 events):
Event: 13.851 Thread 0x00007f1a2000c000 Exception <a 'java/lang/IncompatibleClassChangeError': Found class java.lang.Object, but interface was expected> (0x00000000990e3ff8) thrown at [/HUDSON3/workspace/8-2-build-linux-amd64/jdk8u111/7883/hotspot/src/share/vm/interpreter/linkResolver.cpp, line
Event: 13.864 Thread 0x00007f1a2000c000 Exception <a 'java/lang/IncompatibleClassChangeError': Found class java.lang.Object, but interface was expected> (0x00000000991ba928) thrown at [/HUDSON3/workspace/8-2-build-linux-amd64/jdk8u111/7883/hotspot/src/share/vm/interpreter/linkResolver.cpp, line
Event: 13.902 Thread 0x00007f1a2000c000 Exception <a 'java/lang/IncompatibleClassChangeError': Found class java.lang.Object, but interface was expected> (0x0000000099303958) thrown at [/HUDSON3/workspace/8-2-build-linux-amd64/jdk8u111/7883/hotspot/src/share/vm/interpreter/linkResolver.cpp, line
Event: 14.241 Thread 0x00007f1a2000c000 Exception <a 'java/lang/IncompatibleClassChangeError': Found class java.lang.Object, but interface was expected> (0x000000009980ffe0) thrown at [/HUDSON3/workspace/8-2-build-linux-amd64/jdk8u111/7883/hotspot/src/share/vm/interpreter/linkResolver.cpp, line
Event: 14.291 Thread 0x00007f1a2000c000 Exception <a 'java/lang/IncompatibleClassChangeError': Found class java.lang.Object, but interface was expected> (0x0000000099a1c248) thrown at [/HUDSON3/workspace/8-2-build-linux-amd64/jdk8u111/7883/hotspot/src/share/vm/interpreter/linkResolver.cpp, line
Event: 14.310 Thread 0x00007f1a2000c000 Exception <a 'java/lang/IncompatibleClassChangeError': Found class java.lang.Object, but interface was expected> (0x0000000099a83d48) thrown at [/HUDSON3/workspace/8-2-build-linux-amd64/jdk8u111/7883/hotspot/src/share/vm/interpreter/linkResolver.cpp, line
Event: 15.691 Thread 0x00007f1a2000c000 Exception <a 'java/lang/IncompatibleClassChangeError': Found class java.lang.Object, but interface was expected> (0x000000009a3006a8) thrown at [/HUDSON3/workspace/8-2-build-linux-amd64/jdk8u111/7883/hotspot/src/share/vm/interpreter/linkResolver.cpp, line
Event: 15.835 Thread 0x00007f1a2000c000 Exception <a 'java/lang/IncompatibleClassChangeError': Found class java.lang.Object, but interface was expected> (0x000000009a5d2488) thrown at [/HUDSON3/workspace/8-2-build-linux-amd64/jdk8u111/7883/hotspot/src/share/vm/interpreter/linkResolver.cpp, line
Event: 15.855 Thread 0x00007f1a2000c000 Exception <a 'java/lang/IncompatibleClassChangeError': Found class java.lang.Object, but interface was expected> (0x000000009a649b58) thrown at [/HUDSON3/workspace/8-2-build-linux-amd64/jdk8u111/7883/hotspot/src/share/vm/interpreter/linkResolver.cpp, line
Event: 17.564 Thread 0x00007f1a2000c000 Exception <a 'java/lang/NoSuchMethodError': java.lang.Object.lambda$identity$0(Ljava/lang/Object;)Ljava/lang/Object;> (0x000000009b855318) thrown at [/HUDSON3/workspace/8-2-build-linux-amd64/jdk8u111/7883/hotspot/src/share/vm/interpreter/linkResolver.cpp,

Events (10 events):
Event: 17.991 loading class org/elasticsearch/common/inject/FactoryProxy
Event: 17.991 loading class org/elasticsearch/common/inject/FactoryProxy done
Event: 17.991 loading class org/elasticsearch/common/inject/BindingProcessor$CreationListener
Event: 17.991 loading class org/elasticsearch/common/inject/BindingProcessor$CreationListener done
Event: 17.992 loading class org/elasticsearch/common/inject/Initializer$InjectableReference
Event: 17.992 loading class org/elasticsearch/common/inject/Initializer$InjectableReference done
Event: 18.002 loading class org/elasticsearch/common/inject/PrivateElementProcessor
Event: 18.002 loading class org/elasticsearch/common/inject/PrivateElementProcessor done
Event: 18.018 Thread 0x00007f1a2000c000 Uncommon trap: trap_request=0xffffffde fr.pc=0x00007f1a1163a388
Event: 18.018 Executing VM operation: RevokeBias


Dynamic libraries:
00400000-00401000 r-xp 00000000 00:215 15250                             /usr/lib/jvm/java-8-oracle/bin/java
00600000-00601000 rw-p 00000000 00:215 15250                             /usr/lib/jvm/java-8-oracle/bin/java
01b5f000-01b80000 rw-p 00000000 00:00 0                                  [heap]
80000000-1005b4000 rw-p 00000000 00:00 0 
1005b4000-140000000 ---p 00000000 00:00 0 
7f19a0000000-7f19a0021000 rw-p 00000000 00:00 0 
7f19a0021000-7f19a4000000 ---p 00000000 00:00 0 
7f19a8000000-7f19a8021000 rw-p 00000000 00:00 0 
7f19a8021000-7f19ac000000 ---p 00000000 00:00 0 
7f19ac000000-7f19ac021000 rw-p 00000000 00:00 0 
7f19ac021000-7f19b0000000 ---p 00000000 00:00 0 
7f19b0000000-7f19b0021000 rw-p 00000000 00:00 0 
7f19b0021000-7f19b4000000 ---p 00000000 00:00 0 
7f19b4000000-7f19b4021000 rw-p 00000000 00:00 0 
7f19b4021000-7f19b8000000 ---p 00000000 00:00 0 
7f19b8000000-7f19b8845000 rw-p 00000000 00:00 0 
7f19b8845000-7f19bc000000 ---p 00000000 00:00 0 
7f19bd926000-7f19bdb1d000 rw-p 00000000 00:00 0 
7f19bdb1d000-7f19bdb26000 ---p 00000000 00:00 0 
7f19bdb26000-7f19bdb29000 ---p 00000000 00:00 0 
7f19bdb29000-7f19bde27000 rw-p 00000000 00:00 0                          [stack:17328]
7f19bdec7000-7f19be0c9000 rw-p 00000000 00:00 0 
7f19be0c9000-7f19be2bb000 rw-p 00000000 00:00 0 
7f19be2bb000-7f19be2c9000 ---p 00000000 00:00 0 
7f19be2c9000-7f19be2cc000 r--s 0001a000 00:215 15272                     /usr/lib/jvm/java-8-oracle/jre/lib/jce.jar
7f19be2cc000-7f19be4cc000 rw-p 00000000 00:00 0 
7f19be4cc000-7f19be6cc000 rw-p 00000000 00:00 0 
7f19be6cc000-7f19be8c4000 rw-p 00000000 00:00 0 
7f19be8c4000-7f19be8cc000 ---p 00000000 00:00 0 
7f19be8cc000-7f19be8cf000 ---p 00000000 00:00 0 
7f19be8cf000-7f19bebcd000 rw-p 00000000 00:00 0                          [stack:17327]
7f19bebcd000-7f19bebcf000 r--s 00017000 00:215 1121                      /home/ubuntu/workspace/online_dealership/elasticsearch-5.0.0/modules/percolator/percolator-5.0.0.jar
7f19bebcf000-7f19bedcf000 rw-p 00000000 00:00 0 
7f19bedcf000-7f19bedd5000 r--s 00044000 00:215 1119                      /home/ubuntu/workspace/online_dealership/elasticsearch-5.0.0/modules/lang-painless/antlr4-runtime-4.5.1-1.jar
7f19bedd5000-7f19beddc000 r--s 00063000 00:215 1118                      /home/ubuntu/workspace/online_dealership/elasticsearch-5.0.0/modules/lang-painless/lang-painless-5.0.0.jar
7f19beddc000-7f19bede1000 r--s 0005a000 00:215 1116                      /home/ubuntu/workspace/online_dealership/elasticsearch-5.0.0/modules/lang-painless/asm-debug-all-5.1.jar
7f19bede1000-7f19bedee000 r--s 0009b000 00:215 1144                      /home/ubuntu/workspace/online_dealership/elasticsearch-5.0.0/modules/transport-netty4/netty-common-4.1.5.Final.jar
7f19bedee000-7f19bedf4000 r--s 00047000 00:215 1143                      /home/ubuntu/workspace/online_dealership/elasticsearch-5.0.0/modules/transport-netty4/netty-handler-4.1.5.Final.jar
7f19bedf4000-7f19bedfe000 r--s 0007a000 00:215 1142                      /home/ubuntu/workspace/online_dealership/elasticsearch-5.0.0/modules/transport-netty4/netty-codec-http-4.1.5.Final.jar
7f19bedfe000-7f19bee01000 r--s 0003b000 00:215 1141                      /home/ubuntu/workspace/online_dealership/elasticsearch-5.0.0/modules/transport-netty4/netty-buffer-4.1.5.Final.jar
7f19bee01000-7f19bee03000 r--s 00010000 00:215 1140                      /home/ubuntu/workspace/online_dealership/elasticsearch-5.0.0/modules/transport-netty4/transport-netty4-5.0.0.jar
7f19bee03000-7f19bee05000 r--s 00005000 00:215 1139                      /home/ubuntu/workspace/online_dealership/elasticsearch-5.0.0/modules/transport-netty4/netty-resolver-4.1.5.Final.jar
7f19bee05000-7f19bee0b000 r--s 00045000 00:215 1137                      /home/ubuntu/workspace/online_dealership/elasticsearch-5.0.0/modules/transport-netty4/netty-codec-4.1.5.Final.jar
7f19bee0b000-7f19bee14000 r--s 0005f000 00:215 1136                      /home/ubuntu/workspace/online_dealership/elasticsearch-5.0.0/modules/transport-netty4/netty-transport-4.1.5.Final.jar
7f19bee14000-7f19bee2d000 r--s 00123000 00:215 1133                      /home/ubuntu/workspace/online_dealership/elasticsearch-5.0.0/modules/transport-netty3/netty-3.10.6.Final.jar
7f19bee2d000-7f19bee2f000 r--s 00011000 00:215 1132                      /home/ubuntu/workspace/online_dealership/elasticsearch-5.0.0/modules/transport-netty3/transport-netty3-5.0.0.jar
7f19bee2f000-7f19bee32000 r--s 00014000 00:215 1098                      /home/ubuntu/workspace/online_dealership/elasticsearch-5.0.0/modules/ingest-common/ingest-common-5.0.0.jar
7f19bee32000-7f19bee35000 r--s 0002c000 00:215 1097                      /home/ubuntu/workspace/online_dealership/elasticsearch-5.0.0/modules/ingest-common/joni-2.1.6.jar
7f19bee35000-7f19bee43000 r--s 00164000 00:215 1095                      /home/ubuntu/workspace/online_dealership/elasticsearch-5.0.0/modules/ingest-common/jcodings-1.0.12.jar
7f19bee43000-7f19bee45000 r--s 00009000 00:215 1106                      /home/ubuntu/workspace/online_dealership/elasticsearch-5.0.0/modules/lang-expression/asm-commons-5.0.4.jar
7f19bee45000-7f19bee4b000 r--s 00044000 00:215 1105                      /home/ubuntu/workspace/online_dealership/elasticsearch-5.0.0/modules/lang-expression/antlr4-runtime-4.5.1-1.jar
7f19bee4b000-7f19bee4d000 r--s 0000c000 00:215 1104                      /home/ubuntu/workspace/online_dealership/elasticsearch-5.0.0/modules/lang-expression/asm-5.0.4.jar
7f19bee4d000-7f19bee4f000 r--s 00011000 00:215 1102                      /home/ubuntu/workspace/online_dealership/elasticsearch-5.0.0/modules/lang-expression/lucene-expressions-6.2.0.jar
7f19bee4f000-7f19bee51000 r--s 0000a000 00:215 1101                      /home/ubuntu/workspace/online_dealership/elasticsearch-5.0.0/modules/lang-expression/lang-expression-5.0.0.jar
7f19bee51000-7f19bee53000 r--s 00006000 00:215 1100                      /home/ubuntu/workspace/online_dealership/elasticsearch-5.0.0/modules/lang-expression/asm-tree-5.0.4.jar
7f19bee53000-7f19bee5a000 r--s 00050000 00:215 1130                      /home/ubuntu/workspace/online_dealership/elasticsearch-5.0.0/modules/reindex/httpcore-nio-4.4.5.jar
7f19bee5a000-7f19bee5c000 r--s 0000e000 00:215 1129                      /home/ubuntu/workspace/online_dealership/elasticsearch-5.0.0/modules/reindex/commons-logging-1.1.3.jar
7f19bee5c000-7f19bee63000 r--s 00049000 00:215 1128                      /home/ubuntu/workspace/online_dealership/elasticsearch-5.0.0/modules/reindex/httpcore-4.4.5.jar
7f19bee63000-7f19bee6a000 r--s 0003f000 00:215 1127                      /home/ubuntu/workspace/online_dealership/elasticsearch-5.0.0/modules/reindex/commons-codec-1.10.jar
7f19bee6a000-7f19bee6e000 r--s 00028000 00:215 1126                      /home/ubuntu/workspace/online_dealership/elasticsearch-5.0.0/modules/reindex/httpasyncclient-4.1.2.jar
7f19bee6e000-7f19bee6f000 r--s 00007000 00:215 1124                      /home/ubuntu/workspace/online_dealership/elasticsearch-5.0.0/modules/reindex/rest-5.0.0.jar
7f19bee6f000-7f19bee72000 r--s 00022000 00:215 1123                      /home/ubuntu/workspace/online_dealership/elasticsearch-5.0.0/modules/reindex/reindex-5.0.0.jar
7f19bee72000-7f19bee7f000 r--s 000a7000 00:215 1122                      /home/ubuntu/workspace/online_dealership/elasticsearch-5.0.0/modules/reindex/httpclient-4.5.2.jar
7f19bee7f000-7f19beecc000 r--s 00405000 00:215 1108                      /home/ubuntu/workspace/online_dealership/elasticsearch-5.0.0/modules/lang-groovy/groovy-2.4.6-indy.jar
7f19beecc000-7f19beecd000 r--s 00004000 00:215 1107                      /home/ubuntu/workspace/online_dealership/elasticsearch-5.0.0/modules/lang-groovy/lang-groovy-5.0.0.jar
7f19beecd000-7f19beed0000 r--s 00016000 00:215 1114                      /home/ubuntu/workspace/online_dealership/elasticsearch-5.0.0/modules/lang-mustache/compiler-0.9.3.jar
7f19beed0000-7f19beed2000 r--s 0000d000 00:215 1113                      /home/ubuntu/workspace/online_dealership/elasticsearch-5.0.0/modules/lang-mustache/lang-mustache-5.0.0.jar
7f19beed2000-7f19beed4000 r--s 0000b000 00:215 1094                      /home/ubuntu/workspace/online_dealership/elasticsearch-5.0.0/modules/aggs-matrix-stats/aggs-matrix-stats-5.0.0.jar
7f19beed4000-7f19bf0d4000 rw-p 00000000 00:00 0 
7f19bf0d4000-7f19bf0d5000 r--p 00000000 00:00 0 
7f19bf0d5000-7f19bf0d6000 rwxp 00000000 00:00 0 
7f19bf0d6000-7f19bf0d9000 ---p 00000000 00:00 0 
7f19bf0d9000-7f19bf10f000 rw-p 00000000 00:00 0                          [stack:17326]
7f19bf10f000-7f19bf126000 r-xp 00000000 00:215 894                       /tmp/jna--851256601/jna153580179466803660.tmp (deleted)
7f19bf126000-7f19bf225000 ---p 00017000 00:215 894                       /tmp/jna--851256601/jna153580179466803660.tmp (deleted)
7f19bf225000-7f19bf227000 rw-p 00016000 00:215 894                       /tmp/jna--851256601/jna153580179466803660.tmp (deleted)
7f19bf227000-7f19bf22b000 r--s 00097000 00:215 15271                     /usr/lib/jvm/java-8-oracle/jre/lib/jsse.jar
7f19bf22b000-7f19bf42b000 rw-p 00000000 00:00 0 
7f19bf42b000-7f19bf62b000 rw-p 00000000 00:00 0 
7f19bf62b000-7f19bf63c000 r-xp 00000000 00:215 15301                     /usr/lib/jvm/java-8-oracle/jre/lib/amd64/libnio.so
7f19bf63c000-7f19bf83b000 ---p 00011000 00:215 15301                     /usr/lib/jvm/java-8-oracle/jre/lib/amd64/libnio.so
7f19bf83b000-7f19bf83c000 rw-p 00010000 00:215 15301                     /usr/lib/jvm/java-8-oracle/jre/lib/amd64/libnio.so
7f19bf83c000-7f19bf852000 r-xp 00000000 00:215 15300                     /usr/lib/jvm/java-8-oracle/jre/lib/amd64/libnet.so
7f19bf852000-7f19bfa52000 ---p 00016000 00:215 15300                     /usr/lib/jvm/java-8-oracle/jre/lib/amd64/libnet.so
7f19bfa52000-7f19bfa53000 rw-p 00016000 00:215 15300                     /usr/lib/jvm/java-8-oracle/jre/lib/amd64/libnet.so
7f19bfa53000-7f19bfa6e000 r--s 001d2000 00:215 15280                     /usr/lib/jvm/java-8-oracle/jre/lib/ext/nashorn.jar
7f19bfa6e000-7f19bfa77000 r-xp 00000000 00:215 15297                     /usr/lib/jvm/java-8-oracle/jre/lib/amd64/libmanagement.so
7f19bfa77000-7f19bfc76000 ---p 00009000 00:215 15297                     /usr/lib/jvm/java-8-oracle/jre/lib/amd64/libmanagement.so
7f19bfc76000-7f19bfc77000 rw-p 00008000 00:215 15297                     /usr/lib/jvm/java-8-oracle/jre/lib/amd64/libmanagement.so
7f19bfc77000-7f19bfc78000 r--s 00001000 00:215 683                       /home/ubuntu/workspace/online_dealership/elasticsearch-5.0.0/lib/securesm-1.1.jar
7f19bfc78000-7f19bfc7e000 r--s 0003c000 00:215 682                       /home/ubuntu/workspace/online_dealership/elasticsearch-5.0.0/lib/snakeyaml-1.15.jar
7f19bfc7e000-7f19bfc88000 r--s 00059000 00:215 680                       /home/ubuntu/workspace/online_dealership/elasticsearch-5.0.0/lib/lucene-queryparser-6.2.0.jar
7f19bfc88000-7f19bfc8e000 r--s 00031000 00:215 679                       /home/ubuntu/workspace/online_dealership/elasticsearch-5.0.0/lib/lucene-queries-6.2.0.jar
7f19bfc8e000-7f19bfcb9000 r--s 0024c000 00:215 678                       /home/ubuntu/workspace/online_dealership/elasticsearch-5.0.0/lib/lucene-core-6.2.0.jar
7f19bfcb9000-7f19bfcbb000 r--s 0000c000 00:215 677                       /home/ubuntu/workspace/online_dealership/elasticsearch-5.0.0/lib/lucene-spatial-6.2.0.jar
7f19bfcbb000-7f19bfcbf000 r--s 0002a000 00:215 676                       /home/ubuntu/workspace/online_dealership/elasticsearch-5.0.0/lib/spatial4j-0.6.jar
7f19bfcbf000-7f19bfcc2000 r--s 00011000 00:215 675                       /home/ubuntu/workspace/online_dealership/elasticsearch-5.0.0/lib/jopt-simple-5.0.2.jar
7f19bfcc2000-7f19bfcd3000 r--s 00156000 00:215 672                       /home/ubuntu/workspace/online_dealership/elasticsearch-5.0.0/lib/lucene-analyzers-common-6.2.0.jar
7f19bfcd3000-7f19bfce4000 r--s 00089000 00:215 671                       /home/ubuntu/workspace/online_dealership/elasticsearch-5.0.0/lib/joda-time-2.9.4.jar
7f19bfce4000-7f19bfcfd000 r--s 0010b000 00:215 665                       /home/ubuntu/workspace/online_dealership/elasticsearch-5.0.0/lib/log4j-core-2.6.2.jar
7f19bfcfd000-7f19bfcfe000 ---p 00000000 00:00 0 
7f19bfcfe000-7f19bfdfe000 rw-p 00000000 00:00 0                          [stack:17324]
7f19bfdfe000-7f19bfe01000 ---p 00000000 00:00 0 
7f19bfe01000-7f19bfeff000 rw-p 00000000 00:00 0                          [stack:17323]
7f19bfeff000-7f19bff02000 ---p 00000000 00:00 0 
7f19bff02000-7f19c0000000 rw-p 00000000 00:00 0                          [stack:17322]
7f19c0000000-7f19c0fdf000 rw-p 00000000 00:00 0 
7f19c0fdf000-7f19c4000000 ---p 00000000 00:00 0 
7f19c4000000-7f19c54ba000 rw-p 00000000 00:00 0 
7f19c54ba000-7f19c8000000 ---p 00000000 00:00 0 
7f19c8000000-7f19c8021000 rw-p 00000000 00:00 0 
7f19c8021000-7f19cc000000 ---p 00000000 00:00 0 
7f19cc000000-7f19cd5e8000 rw-p 00000000 00:00 0 
7f19cd5e8000-7f19d0000000 ---p 00000000 00:00 0 
7f19d0000000-7f19d0021000 rw-p 00000000 00:00 0 
7f19d0021000-7f19d4000000 ---p 00000000 00:00 0 
7f19d4000000-7f19d4021000 rw-p 00000000 00:00 0 
7f19d4021000-7f19d8000000 ---p 00000000 00:00 0 
7f19d8000000-7f19d8021000 rw-p 00000000 00:00 0 
7f19d8021000-7f19dc000000 ---p 00000000 00:00 0 
7f19dc000000-7f19dc021000 rw-p 00000000 00:00 0 
7f19dc021000-7f19e0000000 ---p 00000000 00:00 0 
7f19e0000000-7f19e0021000 rw-p 00000000 00:00 0 
7f19e0021000-7f19e4000000 ---p 00000000 00:00 0 
7f19e4000000-7f19e4021000 rw-p 00000000 00:00 0 
7f19e4021000-7f19e8000000 ---p 00000000 00:00 0 
7f19e8000000-7f19e8021000 rw-p 00000000 00:00 0 
7f19e8021000-7f19ec000000 ---p 00000000 00:00 0 
7f19ec000000-7f19ec021000 rw-p 00000000 00:00 0 
7f19ec021000-7f19f0000000 ---p 00000000 00:00 0 
7f19f0000000-7f19f0002000 r--s 00009000 00:215 674                       /home/ubuntu/workspace/online_dealership/elasticsearch-5.0.0/lib/log4j-1.2-api-2.6.2.jar
7f19f0002000-7f19f0006000 r--s 00017000 00:215 673                       /home/ubuntu/workspace/online_dealership/elasticsearch-5.0.0/lib/lucene-grouping-6.2.0.jar
7f19f0006000-7f19f000a000 r--s 00021000 00:215 670                       /home/ubuntu/workspace/online_dealership/elasticsearch-5.0.0/lib/lucene-join-6.2.0.jar
7f19f000a000-7f19f000f000 r--s 00038000 00:215 669                       /home/ubuntu/workspace/online_dealership/elasticsearch-5.0.0/lib/lucene-suggest-6.2.0.jar
7f19f000f000-7f19f0011000 r--s 0000a000 00:215 668                       /home/ubuntu/workspace/online_dealership/elasticsearch-5.0.0/lib/lucene-memory-6.2.0.jar
7f19f0011000-7f19f0013000 r--s 00019000 00:215 667                       /home/ubuntu/workspace/online_dealership/elasticsearch-5.0.0/lib/HdrHistogram-2.1.6.jar
7f19f0013000-7f19f0016000 r--s 0002b000 00:215 666                       /home/ubuntu/workspace/online_dealership/elasticsearch-5.0.0/lib/lucene-sandbox-6.2.0.jar
7f19f0016000-7f19f0017000 r--s 00011000 00:215 664                       /home/ubuntu/workspace/online_dealership/elasticsearch-5.0.0/lib/jackson-dataformat-smile-2.8.1.jar
7f19f0017000-7f19f0019000 r--s 00008000 00:215 663                       /home/ubuntu/workspace/online_dealership/elasticsearch-5.0.0/lib/joda-convert-1.2.jar
7f19f0019000-7f19f001d000 r--s 0002d000 00:215 662                       /home/ubuntu/workspace/online_dealership/elasticsearch-5.0.0/lib/log4j-api-2.6.2.jar
7f19f001d000-7f19f001f000 r--s 0000b000 00:215 661                       /home/ubuntu/workspace/online_dealership/elasticsearch-5.0.0/lib/t-digest-3.0.jar
7f19f001f000-7f19f0030000 r--s 000b2000 00:215 660                       /home/ubuntu/workspace/online_dealership/elasticsearch-5.0.0/lib/jts-1.13.jar
7f19f0030000-7f19f0033000 r--s 00020000 00:215 659                       /home/ubuntu/workspace/online_dealership/elasticsearch-5.0.0/lib/lucene-misc-6.2.0.jar
7f19f0033000-7f19f0037000 r--s 0002c000 00:215 658                       /home/ubuntu/workspace/online_dealership/elasticsearch-5.0.0/lib/lucene-spatial-extras-6.2.0.jar
7f19f0037000-7f19f004e000 r--s 00100000 00:215 654                       /home/ubuntu/workspace/online_dealership/elasticsearch-5.0.0/lib/hppc-0.7.1.jar
7f19f004e000-7f19f00ef000 r--s 0085e000 00:215 681                       /home/ubuntu/workspace/online_dealership/elasticsearch-5.0.0/lib/elasticsearch-5.0.0.jar
7f19f00ef000-7f19f00f2000 ---p 00000000 00:00 0 
7f19f00f2000-7f19f01f0000 rw-p 00000000 00:00 0                          [stack:17321]
7f19f01f0000-7f19f01f3000 ---p 00000000 00:00 0 
7f19f01f3000-7f19f02f1000 rw-p 00000000 00:00 0                          [stack:17320]
7f19f02f1000-7f19f02f4000 ---p 00000000 00:00 0 
7f19f02f4000-7f19f03f2000 rw-p 00000000 00:00 0                          [stack:17319]
7f19f03f2000-7f19f03f5000 ---p 00000000 00:00 0 
7f19f03f5000-7f19f04f3000 rw-p 00000000 00:00 0                          [stack:17318]
7f19f04f3000-7f19f04f6000 ---p 00000000 00:00 0 
7f19f04f6000-7f19f05f4000 rw-p 00000000 00:00 0                          [stack:17317]
7f19f05f4000-7f19f0763000 r--p 00000000 00:215 107                       /usr/lib/locale/C.UTF-8/LC_COLLATE
7f19f0763000-7f19f0766000 ---p 00000000 00:00 0 
7f19f0766000-7f19f0864000 rw-p 00000000 00:00 0                          [stack:17316]
7f19f0864000-7f19f0867000 ---p 00000000 00:00 0 
7f19f0867000-7f19f0965000 rw-p 00000000 00:00 0                          [stack:17315]
7f19f0965000-7f19f0966000 ---p 00000000 00:00 0 
7f19f0966000-7f19f4000000 rw-p 00000000 00:00 0                          [stack:17314]
7f19f4000000-7f19f4021000 rw-p 00000000 00:00 0 
7f19f4021000-7f19f8000000 ---p 00000000 00:00 0 
7f19f8000000-7f19f8021000 rw-p 00000000 00:00 0 
7f19f8021000-7f19fc000000 ---p 00000000 00:00 0 
7f19fc000000-7f19fc021000 rw-p 00000000 00:00 0 
7f19fc021000-7f1a00000000 ---p 00000000 00:00 0 
7f1a00000000-7f1a00021000 rw-p 00000000 00:00 0 
7f1a00021000-7f1a04000000 ---p 00000000 00:00 0 
7f1a04000000-7f1a04021000 rw-p 00000000 00:00 0 
7f1a04021000-7f1a08000000 ---p 00000000 00:00 0 
7f1a08000000-7f1a08021000 rw-p 00000000 00:00 0 
7f1a08021000-7f1a0c000000 ---p 00000000 00:00 0 
7f1a0c000000-7f1a0c021000 rw-p 00000000 00:00 0 
7f1a0c021000-7f1a10000000 ---p 00000000 00:00 0 
7f1a10000000-7f1a10003000 r--s 00013000 00:215 657                       /home/ubuntu/workspace/online_dealership/elasticsearch-5.0.0/lib/lucene-backward-codecs-6.2.0.jar
7f1a10003000-7f1a10007000 r--s 00020000 00:215 656                       /home/ubuntu/workspace/online_dealership/elasticsearch-5.0.0/lib/lucene-highlighter-6.2.0.jar
7f1a10007000-7f1a10009000 r--s 0000b000 00:215 655                       /home/ubuntu/workspace/online_dealership/elasticsearch-5.0.0/lib/jackson-dataformat-cbor-2.8.1.jar
7f1a10009000-7f1a1000d000 r--s 00041000 00:215 653                       /home/ubuntu/workspace/online_dealership/elasticsearch-5.0.0/lib/jackson-core-2.8.1.jar
7f1a1000d000-7f1a10011000 r--s 00112000 00:215 651                       /home/ubuntu/workspace/online_dealership/elasticsearch-5.0.0/lib/jna-4.2.2.jar
7f1a10011000-7f1a10037000 r--p 00000000 00:215 110                       /usr/lib/locale/C.UTF-8/LC_CTYPE
7f1a10037000-7f1a10086000 rw-p 00000000 00:00 0 
7f1a10086000-7f1a1025e000 r--s 03d2a000 00:215 15270                     /usr/lib/jvm/java-8-oracle/jre/lib/rt.jar
7f1a1025e000-7f1a10b2f000 rw-p 00000000 00:00 0 
7f1a10b2f000-7f1a10cfd000 rw-p 00000000 00:00 0 
7f1a10cfd000-7f1a10cfe000 ---p 00000000 00:00 0 
7f1a10cfe000-7f1a11000000 rw-p 00000000 00:00 0                          [stack:17313]
7f1a11000000-7f1a11980000 rwxp 00000000 00:00 0 
7f1a11980000-7f1a20000000 ---p 00000000 00:00 0 
7f1a20000000-7f1a2140e000 rw-p 00000000 00:00 0 
7f1a2140e000-7f1a24000000 ---p 00000000 00:00 0 
7f1a24000000-7f1a24001000 r--s 00009000 00:215 652                       /home/ubuntu/workspace/online_dealership/elasticsearch-5.0.0/lib/jackson-dataformat-yaml-2.8.1.jar
7f1a24001000-7f1a24005000 r--s 00036000 00:215 650                       /home/ubuntu/workspace/online_dealership/elasticsearch-5.0.0/lib/lucene-spatial3d-6.2.0.jar
7f1a24005000-7f1a2400c000 r--s 00000000 00:215 98                        /usr/lib/x86_64-linux-gnu/gconv/gconv-modules.cache
7f1a2400c000-7f1a246be000 rw-p 00000000 00:00 0 
7f1a246be000-7f1a246bf000 ---p 00000000 00:00 0 
7f1a246bf000-7f1a247bf000 rw-p 00000000 00:00 0                          [stack:17312]
7f1a247bf000-7f1a247c0000 ---p 00000000 00:00 0 
7f1a247c0000-7f1a2577c000 rw-p 00000000 00:00 0                          [stack:17311]
7f1a2577c000-7f1a2577d000 rw-p 00000000 00:00 0 
7f1a2577d000-7f1a2577e000 ---p 00000000 00:00 0 
7f1a2577e000-7f1a2587e000 rw-p 00000000 00:00 0                          [stack:17310]
7f1a2587e000-7f1a2587f000 ---p 00000000 00:00 0 
7f1a2587f000-7f1a2597f000 rw-p 00000000 00:00 0                          [stack:17309]
7f1a2597f000-7f1a25980000 ---p 00000000 00:00 0 
7f1a25980000-7f1a25a80000 rw-p 00000000 00:00 0                          [stack:17308]
7f1a25a80000-7f1a25a81000 ---p 00000000 00:00 0 
7f1a25a81000-7f1a25b81000 rw-p 00000000 00:00 0                          [stack:17307]
7f1a25b81000-7f1a25b82000 ---p 00000000 00:00 0 
7f1a25b82000-7f1a25c82000 rw-p 00000000 00:00 0                          [stack:17306]
7f1a25c82000-7f1a25c83000 ---p 00000000 00:00 0 
7f1a25c83000-7f1a25d83000 rw-p 00000000 00:00 0                          [stack:17305]
7f1a25d83000-7f1a25d84000 ---p 00000000 00:00 0 
7f1a25d84000-7f1a25e84000 rw-p 00000000 00:00 0                          [stack:17304]
7f1a25e84000-7f1a25e85000 ---p 00000000 00:00 0 
7f1a25e85000-7f1a25fab000 rw-p 00000000 00:00 0                          [stack:17303]
7f1a25fab000-7f1a26345000 ---p 00000000 00:00 0 
7f1a26345000-7f1a2635f000 r-xp 00000000 00:215 15268                     /usr/lib/jvm/java-8-oracle/jre/lib/amd64/libzip.so
7f1a2635f000-7f1a2655f000 ---p 0001a000 00:215 15268                     /usr/lib/jvm/java-8-oracle/jre/lib/amd64/libzip.so
7f1a2655f000-7f1a26560000 rw-p 0001a000 00:215 15268                     /usr/lib/jvm/java-8-oracle/jre/lib/amd64/libzip.so
7f1a26560000-7f1a2656b000 r-xp 00000000 00:215 9607                      /lib/x86_64-linux-gnu/libnss_files-2.19.so
7f1a2656b000-7f1a2676a000 ---p 0000b000 00:215 9607                      /lib/x86_64-linux-gnu/libnss_files-2.19.so
7f1a2676a000-7f1a2676b000 r--p 0000a000 00:215 9607                      /lib/x86_64-linux-gnu/libnss_files-2.19.so
7f1a2676b000-7f1a2676c000 rw-p 0000b000 00:215 9607                      /lib/x86_64-linux-gnu/libnss_files-2.19.so
7f1a2676c000-7f1a26777000 r-xp 00000000 00:215 9603                      /lib/x86_64-linux-gnu/libnss_nis-2.19.so
7f1a26777000-7f1a26976000 ---p 0000b000 00:215 9603                      /lib/x86_64-linux-gnu/libnss_nis-2.19.so
7f1a26976000-7f1a26977000 r--p 0000a000 00:215 9603                      /lib/x86_64-linux-gnu/libnss_nis-2.19.so
7f1a26977000-7f1a26978000 rw-p 0000b000 00:215 9603                      /lib/x86_64-linux-gnu/libnss_nis-2.19.so
7f1a26978000-7f1a2698f000 r-xp 00000000 00:215 9601                      /lib/x86_64-linux-gnu/libnsl-2.19.so
7f1a2698f000-7f1a26b8e000 ---p 00017000 00:215 9601                      /lib/x86_64-linux-gnu/libnsl-2.19.so
7f1a26b8e000-7f1a26b8f000 r--p 00016000 00:215 9601                      /lib/x86_64-linux-gnu/libnsl-2.19.so
7f1a26b8f000-7f1a26b90000 rw-p 00017000 00:215 9601                      /lib/x86_64-linux-gnu/libnsl-2.19.so
7f1a26b90000-7f1a26b92000 rw-p 00000000 00:00 0 
7f1a26b92000-7f1a26b9b000 r-xp 00000000 00:215 9599                      /lib/x86_64-linux-gnu/libnss_compat-2.19.so
7f1a26b9b000-7f1a26d9a000 ---p 00009000 00:215 9599                      /lib/x86_64-linux-gnu/libnss_compat-2.19.so
7f1a26d9a000-7f1a26d9b000 r--p 00008000 00:215 9599                      /lib/x86_64-linux-gnu/libnss_compat-2.19.so
7f1a26d9b000-7f1a26d9c000 rw-p 00009000 00:215 9599                      /lib/x86_64-linux-gnu/libnss_compat-2.19.so
7f1a26d9c000-7f1a26dc7000 r-xp 00000000 00:215 15260                     /usr/lib/jvm/java-8-oracle/jre/lib/amd64/libjava.so
7f1a26dc7000-7f1a26fc6000 ---p 0002b000 00:215 15260                     /usr/lib/jvm/java-8-oracle/jre/lib/amd64/libjava.so
7f1a26fc6000-7f1a26fc8000 rw-p 0002a000 00:215 15260                     /usr/lib/jvm/java-8-oracle/jre/lib/amd64/libjava.so
7f1a26fc8000-7f1a26fd5000 r-xp 00000000 00:215 15264                     /usr/lib/jvm/java-8-oracle/jre/lib/amd64/libverify.so
7f1a26fd5000-7f1a271d4000 ---p 0000d000 00:215 15264                     /usr/lib/jvm/java-8-oracle/jre/lib/amd64/libverify.so
7f1a271d4000-7f1a271d6000 rw-p 0000c000 00:215 15264                     /usr/lib/jvm/java-8-oracle/jre/lib/amd64/libverify.so
7f1a271d6000-7f1a271dd000 r-xp 00000000 00:215 1162                      /lib/x86_64-linux-gnu/librt-2.19.so
7f1a271dd000-7f1a273dc000 ---p 00007000 00:215 1162                      /lib/x86_64-linux-gnu/librt-2.19.so
7f1a273dc000-7f1a273dd000 r--p 00006000 00:215 1162                      /lib/x86_64-linux-gnu/librt-2.19.so
7f1a273dd000-7f1a273de000 rw-p 00007000 00:215 1162                      /lib/x86_64-linux-gnu/librt-2.19.so
7f1a273de000-7f1a274e3000 r-xp 00000000 00:215 171                       /lib/x86_64-linux-gnu/libm-2.19.so
7f1a274e3000-7f1a276e2000 ---p 00105000 00:215 171                       /lib/x86_64-linux-gnu/libm-2.19.so
7f1a276e2000-7f1a276e3000 r--p 00104000 00:215 171                       /lib/x86_64-linux-gnu/libm-2.19.so
7f1a276e3000-7f1a276e4000 rw-p 00105000 00:215 171                       /lib/x86_64-linux-gnu/libm-2.19.so
7f1a276e4000-7f1a283b1000 r-xp 00000000 00:215 15263                     /usr/lib/jvm/java-8-oracle/jre/lib/amd64/server/libjvm.so
7f1a283b1000-7f1a285b0000 ---p 00ccd000 00:215 15263                     /usr/lib/jvm/java-8-oracle/jre/lib/amd64/server/libjvm.so
7f1a285b0000-7f1a28689000 rw-p 00ccc000 00:215 15263                     /usr/lib/jvm/java-8-oracle/jre/lib/amd64/server/libjvm.so
7f1a28689000-7f1a286d4000 rw-p 00000000 00:00 0 
7f1a286d4000-7f1a2888f000 r-xp 00000000 00:215 78                        /lib/x86_64-linux-gnu/libc-2.19.so
7f1a2888f000-7f1a28a8e000 ---p 001bb000 00:215 78                        /lib/x86_64-linux-gnu/libc-2.19.so
7f1a28a8e000-7f1a28a92000 r--p 001ba000 00:215 78                        /lib/x86_64-linux-gnu/libc-2.19.so
7f1a28a92000-7f1a28a94000 rw-p 001be000 00:215 78                        /lib/x86_64-linux-gnu/libc-2.19.so
7f1a28a94000-7f1a28a99000 rw-p 00000000 00:00 0 
7f1a28a99000-7f1a28a9c000 r-xp 00000000 00:215 76                        /lib/x86_64-linux-gnu/libdl-2.19.so
7f1a28a9c000-7f1a28c9b000 ---p 00003000 00:215 76                        /lib/x86_64-linux-gnu/libdl-2.19.so
7f1a28c9b000-7f1a28c9c000 r--p 00002000 00:215 76                        /lib/x86_64-linux-gnu/libdl-2.19.so
7f1a28c9c000-7f1a28c9d000 rw-p 00003000 00:215 76                        /lib/x86_64-linux-gnu/libdl-2.19.so
7f1a28c9d000-7f1a28cb2000 r-xp 00000000 00:215 15257                     /usr/lib/jvm/java-8-oracle/lib/amd64/jli/libjli.so
7f1a28cb2000-7f1a28eb2000 ---p 00015000 00:215 15257                     /usr/lib/jvm/java-8-oracle/lib/amd64/jli/libjli.so
7f1a28eb2000-7f1a28eb3000 rw-p 00015000 00:215 15257                     /usr/lib/jvm/java-8-oracle/lib/amd64/jli/libjli.so
7f1a28eb3000-7f1a28ecc000 r-xp 00000000 00:215 246                       /lib/x86_64-linux-gnu/libpthread-2.19.so
7f1a28ecc000-7f1a290cb000 ---p 00019000 00:215 246                       /lib/x86_64-linux-gnu/libpthread-2.19.so
7f1a290cb000-7f1a290cc000 r--p 00018000 00:215 246                       /lib/x86_64-linux-gnu/libpthread-2.19.so
7f1a290cc000-7f1a290cd000 rw-p 00019000 00:215 246                       /lib/x86_64-linux-gnu/libpthread-2.19.so
7f1a290cd000-7f1a290d1000 rw-p 00000000 00:00 0 
7f1a290d1000-7f1a290f4000 r-xp 00000000 00:215 71                        /lib/x86_64-linux-gnu/ld-2.19.so
7f1a290f4000-7f1a290f5000 r--p 00000000 00:215 109                       /usr/lib/locale/C.UTF-8/LC_NUMERIC
7f1a290f5000-7f1a290f6000 r--p 00000000 00:215 108                       /usr/lib/locale/C.UTF-8/LC_TIME
7f1a290f6000-7f1a290f7000 r--p 00000000 00:215 106                       /usr/lib/locale/C.UTF-8/LC_MONETARY
7f1a290f7000-7f1a290f8000 r--p 00000000 00:215 105                       /usr/lib/locale/C.UTF-8/LC_MESSAGES/SYS_LC_MESSAGES
7f1a290f8000-7f1a290f9000 r--p 00000000 00:215 103                       /usr/lib/locale/C.UTF-8/LC_PAPER
7f1a290f9000-7f1a291dd000 rw-p 00000000 00:00 0 
7f1a291dd000-7f1a291e0000 ---p 00000000 00:00 0 
7f1a291e0000-7f1a292e2000 rw-p 00000000 00:00 0                          [stack:17302]
7f1a292e2000-7f1a292e3000 r--p 00000000 00:215 102                       /usr/lib/locale/C.UTF-8/LC_NAME
7f1a292e3000-7f1a292e4000 r--p 00000000 00:215 101                       /usr/lib/locale/C.UTF-8/LC_ADDRESS
7f1a292e4000-7f1a292e5000 r--p 00000000 00:215 100                       /usr/lib/locale/C.UTF-8/LC_TELEPHONE
7f1a292e5000-7f1a292e6000 r--p 00000000 00:215 99                        /usr/lib/locale/C.UTF-8/LC_MEASUREMENT
7f1a292e6000-7f1a292e7000 r--p 00000000 00:215 95                        /usr/lib/locale/C.UTF-8/LC_IDENTIFICATION
7f1a292e7000-7f1a292ef000 rw-s 00000000 00:215 893                       /tmp/hsperfdata_ubuntu/17286
7f1a292ef000-7f1a292f0000 rw-p 00000000 00:00 0 
7f1a292f0000-7f1a292f1000 ---p 00000000 00:00 0 
7f1a292f1000-7f1a292f3000 rw-p 00000000 00:00 0 
7f1a292f3000-7f1a292f4000 r--p 00022000 00:215 71                        /lib/x86_64-linux-gnu/ld-2.19.so
7f1a292f4000-7f1a292f5000 rw-p 00023000 00:215 71                        /lib/x86_64-linux-gnu/ld-2.19.so
7f1a292f5000-7f1a292f6000 rw-p 00000000 00:00 0 
7ffeb143a000-7ffeb145b000 rw-p 00000000 00:00 0                          [stack]
7ffeb1486000-7ffeb1488000 r--p 00000000 00:00 0                          [vvar]
7ffeb1488000-7ffeb148a000 r-xp 00000000 00:00 0                          [vdso]
ffffffffff600000-ffffffffff601000 r-xp 00000000 00:00 0                  [vsyscall]

VM Arguments:
jvm_args: -Xms2g -Xmx2g -XX:+UseConcMarkSweepGC -XX:CMSInitiatingOccupancyFraction=75 -XX:+UseCMSInitiatingOccupancyOnly -XX:+DisableExplicitGC -XX:+AlwaysPreTouch -Djava.awt.headless=true -Dfile.encoding=UTF-8 -Djna.nosys=true -Dio.netty.noUnsafe=true -Dio.netty.noKeySetOptimization=true -Dlog4j.shutdownHookEnabled=false -Dlog4j2.disable.jmx=true -Dlog4j.skipJansi=true -XX:+HeapDumpOnOutOfMemoryError -Des.path.home=/home/ubuntu/workspace/online_dealership/elasticsearch-5.0.0 
java_command: org.elasticsearch.bootstrap.Elasticsearch
java_class_path (initial): /home/ubuntu/workspace/online_dealership/elasticsearch-5.0.0/lib/elasticsearch-5.0.0.jar:/home/ubuntu/workspace/online_dealership/elasticsearch-5.0.0/lib/lucene-spatial3d-6.2.0.jar:/home/ubuntu/workspace/online_dealership/elasticsearch-5.0.0/lib/jna-4.2.2.jar:/home/ubuntu/workspace/online_dealership/elasticsearch-5.0.0/lib/jackson-dataformat-yaml-2.8.1.jar:/home/ubuntu/workspace/online_dealership/elasticsearch-5.0.0/lib/jackson-core-2.8.1.jar:/home/ubuntu/workspace/online_dealership/elasticsearch-5.0.0/lib/hppc-0.7.1.jar:/home/ubuntu/workspace/online_dealership/elasticsearch-5.0.0/lib/jackson-dataformat-cbor-2.8.1.jar:/home/ubuntu/workspace/online_dealership/elasticsearch-5.0.0/lib/lucene-highlighter-6.2.0.jar:/home/ubuntu/workspace/online_dealership/elasticsearch-5.0.0/lib/lucene-backward-codecs-6.2.0.jar:/home/ubuntu/workspace/online_dealership/elasticsearch-5.0.0/lib/lucene-spatial-extras-6.2.0.jar:/home/ubuntu/workspace/online_dealership/elasticsearch-5.0.0/lib/lucene-misc-6.2.0.jar:/home/ubuntu/workspace/online_dealership/elasticsearch-5.0.0/lib/jts-1.13.jar:/home/ubuntu/workspace/online_dealership/elasticsearch-5.0.0/lib/t-digest-3.0.jar:/home/ubuntu/workspace/online_dealership/elasticsearch-5.0.0/lib/log4j-api-2.6.2.jar:/home/ubuntu/workspace/online_dealership/elasticsearch-5.0.0/lib/joda-convert-1.2.jar:/home/ubuntu/workspace/online_dealership/elasticsearch-5.0.0/lib/jackson-dataformat-smile-2.8.1.jar:/home/ubuntu/workspace/online_dealership/elasticsearch-5.0.0/lib/log4j-core-2.6.2.jar:/home/ubuntu/workspace/online_dealership/elasticsearch-5.0.0/lib/lucene-sandbox-6.2.0.jar:/home/ubuntu/workspace/online_dealership/elasticsearch-5.0.0/lib/HdrHistogram-2.1.6.jar:/home/ubuntu/workspace/online_dealership/elasticsearch-5.0.0/lib/lucene-memory-6.2.0.jar:/home/ubuntu/workspace/online_dealership/elasticsearch-5.0.0/lib/lucene-suggest-6.2.0.jar:/home/ubuntu/workspace/online_dealership/elasticsearch-5.0.0/lib/lucene-join-6.2.0.jar:/home/ub
Launcher Type: SUN_STANDARD

Environment Variables:
JAVA_HOME=/usr/lib/jvm/java-8-oracle
PATH=/home/ubuntu/.nvm/versions/node/v4.3.2/bin:/usr/local/rvm/gems/ruby-2.3.0/bin:/usr/local/rvm/gems/ruby-2.3.0@global/bin:/usr/local/rvm/rubies/ruby-2.3.0/bin:/mnt/shared/bin:/home/ubuntu/workspace/node_modules/.bin:/home/ubuntu/bin:/usr/local/sbin:/usr/local/bin:/usr/sbin:/usr/bin:/sbin:/bin:/mnt/shared/sbin:/opt/gitl:/opt/go/bin:/mnt/shared/c9/app.nw/bin:/usr/lib/jvm/java-8-oracle/bin:/usr/lib/jvm/java-8-oracle/db/bin:/usr/lib/jvm/java-8-oracle/jre/bin:/usr/lib/jvm/java-8-oracle/bin:/usr/lib/jvm/java-8-oracle/db/bin:/usr/lib/jvm/java-8-oracle/jre/bin:/usr/local/rvm/bin
LD_LIBRARY_PATH=~/.c9/local/lib
SHELL=/bin/bash

Signal Handlers:
SIGSEGV: [libjvm.so+0xac64b0], sa_mask[0]=11111111011111111101111111111110, sa_flags=SA_RESTART|SA_SIGINFO
SIGBUS: [libjvm.so+0xac64b0], sa_mask[0]=11111111011111111101111111111110, sa_flags=SA_RESTART|SA_SIGINFO
SIGFPE: [libjvm.so+0x91f950], sa_mask[0]=11111111011111111101111111111110, sa_flags=SA_RESTART|SA_SIGINFO
SIGPIPE: [libjvm.so+0x91f950], sa_mask[0]=11111111011111111101111111111110, sa_flags=SA_RESTART|SA_SIGINFO
SIGXFSZ: [libjvm.so+0x91f950], sa_mask[0]=11111111011111111101111111111110, sa_flags=SA_RESTART|SA_SIGINFO
SIGILL: [libjvm.so+0x91f950], sa_mask[0]=11111111011111111101111111111110, sa_flags=SA_RESTART|SA_SIGINFO
SIGUSR1: SIG_DFL, sa_mask[0]=00000000000000000000000000000000, sa_flags=none
SIGUSR2: [libjvm.so+0x920f80], sa_mask[0]=00000000000000000000000000000000, sa_flags=SA_RESTART|SA_SIGINFO
SIGHUP: [libjvm.so+0x922380], sa_mask[0]=11111111011111111101111111111110, sa_flags=SA_RESTART|SA_SIGINFO
SIGINT: [libjvm.so+0x922380], sa_mask[0]=11111111011111111101111111111110, sa_flags=SA_RESTART|SA_SIGINFO
SIGTERM: [libjvm.so+0x922380], sa_mask[0]=11111111011111111101111111111110, sa_flags=SA_RESTART|SA_SIGINFO
SIGQUIT: [libjvm.so+0x922380], sa_mask[0]=11111111011111111101111111111110, sa_flags=SA_RESTART|SA_SIGINFO


---------------  S Y S T E M  ---------------

OS:DISTRIB_ID=Ubuntu
DISTRIB_RELEASE=14.04
DISTRIB_CODENAME=trusty
DISTRIB_DESCRIPTION="Ubuntu 14.04.3 LTS"

uname:Linux 4.2.0-c9 #2 SMP Thu Oct 20 09:52:05 UTC 2016 x86_64
libc:glibc 2.19 NPTL 2.19 
rlimit: STACK 8192k, CORE 0k, NPROC 29856, NOFILE 8192, AS infinity
load average:2.71 2.98 3.12

/proc/meminfo:
MemTotal:       53595536 kB
MemFree:         5045928 kB
MemAvailable:   24055032 kB
Buffers:         3377500 kB
Cached:         19326452 kB
SwapCached:       446076 kB
Active:         19343476 kB
Inactive:       18209376 kB
Active(anon):    8500772 kB
Inactive(anon):  7656216 kB
Active(file):   10842704 kB
Inactive(file): 10553160 kB
Unevictable:        8728 kB
Mlocked:            8728 kB
SwapTotal:      52428796 kB
SwapFree:       51079956 kB
Dirty:               140 kB
Writeback:             0 kB
AnonPages:      14597040 kB
Mapped:           848588 kB
Shmem:           1304768 kB
Slab:            9984000 kB
SReclaimable:    7682740 kB
SUnreclaim:      2301260 kB
KernelStack:       89184 kB
PageTables:       220236 kB
NFS_Unstable:          0 kB
Bounce:                0 kB
WritebackTmp:          0 kB
CommitLimit:    79226564 kB
Committed_AS:   45935976 kB
VmallocTotal:   34359738367 kB
VmallocUsed:      397920 kB
VmallocChunk:   34359202440 kB
HardwareCorrupted:     0 kB
AnonHugePages:      4096 kB
HugePages_Total:       0
HugePages_Free:        0
HugePages_Rsvd:        0
HugePages_Surp:        0
Hugepagesize:       2048 kB
DirectMap4k:      313332 kB
DirectMap2M:    39532544 kB
DirectMap1G:    16777216 kB


CPU:total 8 (12 cores per cpu, 2 threads per core) family 6 model 62 stepping 4, cmov, cx8, fxsr, mmx, sse, sse2, sse3, ssse3, sse4.1, sse4.2, popcnt, avx, aes, clmul, erms, ht, tsc, tscinvbit

/proc/cpuinfo:
processor	: 0
vendor_id	: GenuineIntel
cpu family	: 6
model		: 62
model name	: Intel(R) Xeon(R) CPU @ 2.50GHz
stepping	: 4
microcode	: 0x1
cpu MHz		: 2500.000
cache size	: 30720 KB
physical id	: 0
siblings	: 8
core id		: 0
cpu cores	: 4
apicid		: 0
initial apicid	: 0
fpu		: yes
fpu_exception	: yes
cpuid level	: 13
wp		: yes
flags		: fpu vme de pse tsc msr pae mce cx8 apic sep mtrr pge mca cmov pat pse36 clflush mmx fxsr sse sse2 ss ht syscall nx pdpe1gb rdtscp lm constant_tsc rep_good nopl xtopology nonstop_tsc eagerfpu pni pclmulqdq ssse3 cx16 sse4_1 sse4_2 x2apic popcnt aes xsave avx f16c rdrand hypervisor lahf_lm fsgsbase tsc_adjust smep erms xsaveopt
bugs		:
bogomips	: 5000.00
clflush size	: 64
cache_alignment	: 64
address sizes	: 46 bits physical, 48 bits virtual
power management:

processor	: 1
vendor_id	: GenuineIntel
cpu family	: 6
model		: 62
model name	: Intel(R) Xeon(R) CPU @ 2.50GHz
stepping	: 4
microcode	: 0x1
cpu MHz		: 2500.000
cache size	: 30720 KB
physical id	: 0
siblings	: 8
core id		: 0
cpu cores	: 4
apicid		: 1
initial apicid	: 1
fpu		: yes
fpu_exception	: yes
cpuid level	: 13
wp		: yes
flags		: fpu vme de pse tsc msr pae mce cx8 apic sep mtrr pge mca cmov pat pse36 clflush mmx fxsr sse sse2 ss ht syscall nx pdpe1gb rdtscp lm constant_tsc rep_good nopl xtopology nonstop_tsc eagerfpu pni pclmulqdq ssse3 cx16 sse4_1 sse4_2 x2apic popcnt aes xsave avx f16c rdrand hypervisor lahf_lm fsgsbase tsc_adjust smep erms xsaveopt
bugs		:
bogomips	: 5000.00
clflush size	: 64
cache_alignment	: 64
address sizes	: 46 bits physical, 48 bits virtual
power management:

processor	: 2
vendor_id	: GenuineIntel
cpu family	: 6
model		: 62
model name	: Intel(R) Xeon(R) CPU @ 2.50GHz
stepping	: 4
microcode	: 0x1
cpu MHz		: 2500.000
cache size	: 30720 KB
physical id	: 0
siblings	: 8
core id		: 1
cpu cores	: 4
apicid		: 2
initial apicid	: 2
fpu		: yes
fpu_exception	: yes
cpuid level	: 13
wp		: yes
flags		: fpu vme de pse tsc msr pae mce cx8 apic sep mtrr pge mca cmov pat pse36 clflush mmx fxsr sse sse2 ss ht syscall nx pdpe1gb rdtscp lm constant_tsc rep_good nopl xtopology nonstop_tsc eagerfpu pni pclmulqdq ssse3 cx16 sse4_1 sse4_2 x2apic popcnt aes xsave avx f16c rdrand hypervisor lahf_lm fsgsbase tsc_adjust smep erms xsaveopt
bugs		:
bogomips	: 5000.00
clflush size	: 64
cache_alignment	: 64
address sizes	: 46 bits physical, 48 bits virtual
power management:

processor	: 3
vendor_id	: GenuineIntel
cpu family	: 6
model		: 62
model name	: Intel(R) Xeon(R) CPU @ 2.50GHz
stepping	: 4
microcode	: 0x1
cpu MHz		: 2500.000
cache size	: 30720 KB
physical id	: 0
siblings	: 8
core id		: 1
cpu cores	: 4
apicid		: 3
initial apicid	: 3
fpu		: yes
fpu_exception	: yes
cpuid level	: 13
wp		: yes
flags		: fpu vme de pse tsc msr pae mce cx8 apic sep mtrr pge mca cmov pat pse36 clflush mmx fxsr sse sse2 ss ht syscall nx pdpe1gb rdtscp lm constant_tsc rep_good nopl xtopology nonstop_tsc eagerfpu pni pclmulqdq ssse3 cx16 sse4_1 sse4_2 x2apic popcnt aes xsave avx f16c rdrand hypervisor lahf_lm fsgsbase tsc_adjust smep erms xsaveopt
bugs		:
bogomips	: 5000.00
clflush size	: 64
cache_alignment	: 64
address sizes	: 46 bits physical, 48 bits virtual
power management:

processor	: 4
vendor_id	: GenuineIntel
cpu family	: 6
model		: 62
model name	: Intel(R) Xeon(R) CPU @ 2.50GHz
stepping	: 4
microcode	: 0x1
cpu MHz		: 2500.000
cache size	: 30720 KB
physical id	: 0
siblings	: 8
core id		: 2
cpu cores	: 4
apicid		: 4
initial apicid	: 4
fpu		: yes
fpu_exception	: yes
cpuid level	: 13
wp		: yes
flags		: fpu vme de pse tsc msr pae mce cx8 apic sep mtrr pge mca cmov pat pse36 clflush mmx fxsr sse sse2 ss ht syscall nx pdpe1gb rdtscp lm constant_tsc rep_good nopl xtopology nonstop_tsc eagerfpu pni pclmulqdq ssse3 cx16 sse4_1 sse4_2 x2apic popcnt aes xsave avx f16c rdrand hypervisor lahf_lm fsgsbase tsc_adjust smep erms xsaveopt
bugs		:
bogomips	: 5000.00
clflush size	: 64
cache_alignment	: 64
address sizes	: 46 bits physical, 48 bits virtual
power management:

processor	: 5
vendor_id	: GenuineIntel
cpu family	: 6
model		: 62
model name	: Intel(R) Xeon(R) CPU @ 2.50GHz
stepping	: 4
microcode	: 0x1
cpu MHz		: 2500.000
cache size	: 30720 KB
physical id	: 0
siblings	: 8
core id		: 2
cpu cores	: 4
apicid		: 5
initial apicid	: 5
fpu		: yes
fpu_exception	: yes
cpuid level	: 13
wp		: yes
flags		: fpu vme de pse tsc msr pae mce cx8 apic sep mtrr pge mca cmov pat pse36 clflush mmx fxsr sse sse2 ss ht syscall nx pdpe1gb rdtscp lm constant_tsc rep_good nopl xtopology nonstop_tsc eagerfpu pni pclmulqdq ssse3 cx16 sse4_1 sse4_2 x2apic popcnt aes xsave avx f16c rdrand hypervisor lahf_lm fsgsbase tsc_adjust smep erms xsaveopt
bugs		:
bogomips	: 5000.00
clflush size	: 64
cache_alignment	: 64
address sizes	: 46 bits physical, 48 bits virtual
power management:

processor	: 6
vendor_id	: GenuineIntel
cpu family	: 6
model		: 62
model name	: Intel(R) Xeon(R) CPU @ 2.50GHz
stepping	: 4
microcode	: 0x1
cpu MHz		: 2500.000
cache size	: 30720 KB
physical id	: 0
siblings	: 8
core id		: 3
cpu cores	: 4
apicid		: 6
initial apicid	: 6
fpu		: yes
fpu_exception	: yes
cpuid level	: 13
wp		: yes
flags		: fpu vme de pse tsc msr pae mce cx8 apic sep mtrr pge mca cmov pat pse36 clflush mmx fxsr sse sse2 ss ht syscall nx pdpe1gb rdtscp lm constant_tsc rep_good nopl xtopology nonstop_tsc eagerfpu pni pclmulqdq ssse3 cx16 sse4_1 sse4_2 x2apic popcnt aes xsave avx f16c rdrand hypervisor lahf_lm fsgsbase tsc_adjust smep erms xsaveopt
bugs		:
bogomips	: 5000.00
clflush size	: 64
cache_alignment	: 64
address sizes	: 46 bits physical, 48 bits virtual
power management:

processor	: 7
vendor_id	: GenuineIntel
cpu family	: 6
model		: 62
model name	: Intel(R) Xeon(R) CPU @ 2.50GHz
stepping	: 4
microcode	: 0x1
cpu MHz		: 2500.000
cache size	: 30720 KB
physical id	: 0
siblings	: 8
core id		: 3
cpu cores	: 4
apicid		: 7
initial apicid	: 7
fpu		: yes
fpu_exception	: yes
cpuid level	: 13
wp		: yes
flags		: fpu vme de pse tsc msr pae mce cx8 apic sep mtrr pge mca cmov pat pse36 clflush mmx fxsr sse sse2 ss ht syscall nx pdpe1gb rdtscp lm constant_tsc rep_good nopl xtopology nonstop_tsc eagerfpu pni pclmulqdq ssse3 cx16 sse4_1 sse4_2 x2apic popcnt aes xsave avx f16c rdrand hypervisor lahf_lm fsgsbase tsc_adjust smep erms xsaveopt
bugs		:
bogomips	: 5000.00
clflush size	: 64
cache_alignment	: 64
address sizes	: 46 bits physical, 48 bits virtual
power management:



Memory: 4k page, physical 53595536k(5045928k free), swap 52428796k(51079956k free)

vm_info: Java HotSpot(TM) 64-Bit Server VM (25.111-b14) for linux-amd64 JRE (1.8.0_111-b14), built on Sep 22 2016 16:14:03 by "java_re" with gcc 4.3.0 20080428 (Red Hat 4.3.0-8)

time: Thu Jan  5 12:15:53 2017
elapsed time: 18 seconds (0d 0h 0m 18s)

