#
# A fatal error has been detected by the Java Runtime Environment:
#
#  SIGSEGV (0xb) at pc=0x00007fac24c63a2c, pid=4041, tid=0x00007fabb1f65700
#
# JRE version: Java(TM) SE Runtime Environment (8.0_111-b14) (build 1.8.0_111-b14)
# Java VM: Java HotSpot(TM) 64-Bit Server VM (25.111-b14 mixed mode linux-amd64 compressed oops)
# Problematic frame:
# V  [libjvm.so+0x8dfa2c]  Monitor::wait(bool, long, bool)+0x32c
#
# Failed to write core dump. Core dumps have been disabled. To enable core dumping, try "ulimit -c unlimited" before starting Java again
#
# If you would like to submit a bug report, please visit:
#   http://bugreport.java.com/bugreport/crash.jsp
#

---------------  T H R E A D  ---------------

Current thread (0x00007fac20f1f000):  JavaThread "elasticsearch[ht0EVsn][[transport_server_worker.default]][T#1]" daemon [_thread_in_vm_trans, id=4087, stack(0x00007fabb1e65000,0x00007fabb1f66000)]

siginfo: si_signo: 11 (SIGSEGV), si_code: 0 (SI_USER)

Registers:
RAX=0x00007fac25f8ff00, RBX=0x00007fac25343200, RCX=0x00007fac25d6c320, RDX=0x00007fac253431f0
RSP=0x00007fabb1f63410, RBP=0x00007fabb1f63450, RSI=0x0000000000000001, RDI=0x00007fac20f1f000
R8 =0x00007fac25343200, R9 =0x0000000001c1d2c8, R10=0x0000000000000000, R11=0x0000000000000246
R12=0x0000000000000000, R13=0x00007fac20f1f000, R14=0x00007fac20008260, R15=0x0000000000000000
RIP=0x00007fac24c63a2c, EFLAGS=0x0000000000010206, CSGSFS=0x0000000000000033, ERR=0x0000000000000007
  TRAPNO=0x000000000000000e

Top of Stack: (sp=0x00007fabb1f63410)
0x00007fabb1f63410:   00007fabb1f63710 00007fac20f1f000
0x00007fabb1f63420:   0000000000000002 00007fac25342a18
0x00007fabb1f63430:   00007fabb1f63710 00007fac20f1f000
0x00007fabb1f63440:   0000000000000002 00007fac20008260
0x00007fabb1f63450:   00007fabb1f63700 00007fac24e51424
0x00007fabb1f63460:   00007fabb1f63550 00002fde13ba24b2
0x00007fabb1f63470:   0000003000000018 00007fabb1f63580
0x00007fabb1f63480:   00007fabb1f63490 0000000000000001
0x00007fabb1f63490:   00007fabb1f638f0 000000010064dcc0
0x00007fabb1f634a0:   00007fabb1f63748 0000000000000000
0x00007fabb1f634b0:   0000000000000000 000000000000003f
0x00007fabb1f634c0:   0000000000000016 00000015b1f63740
0x00007fabb1f634d0:   0000000000000000 0000000000010000
0x00007fabb1f634e0:   0000000000000000 0000000000000000
0x00007fabb1f634f0:   00007fabb2415110 00007fac2009cb00
0x00007fabb1f63500:   00007fabb1f63580 00007fac248977d9
0x00007fabb1f63510:   00007fac0c1e6700 0000000100077410
0x00007fabb1f63520:   000000010011f710 0000000000000000
0x00007fabb1f63530:   00007fabb1f63570 00007fac247d6648
0x00007fabb1f63540:   00007fab00000001 0000000000000000
0x00007fabb1f63550:   0000000000000000 0000000100077410
0x00007fabb1f63560:   00007fabb1f63740 00007fabb1f63620
0x00007fabb1f63570:   00007fabb1f63740 00007fac20f1f000
0x00007fabb1f63580:   00007fabb1f63610 00007fac2489809b
0x00007fabb1f63590:   00007fac20f1f000 0000001049c58c73
0x00007fabb1f635a0:   00007fabb1f638a0 00007fabb1f63900
0x00007fabb1f635b0:   00007fabb1f63740 00007fabb1f63600
0x00007fabb1f635c0:   00007fabc0364250 00007fabc0009120
0x00007fabb1f635d0:   00007fabb1f63610 00007fac2489390a
0x00007fabb1f635e0:   00007fabb1f63630 00007fabb1f63620
0x00007fabb1f635f0:   00007fabb1f63620 00007fabb1f63740
0x00007fabb1f63600:   0000000000000000 00007fabb1f63740 

Instructions: (pc=0x00007fac24c63a2c)
0x00007fac24c63a0c:   ff 0f 1f 00 48 8b 05 01 34 69 00 4c 89 ea 48 c1
0x00007fac24c63a1c:   ea 04 8b 00 21 d0 48 8b 15 ef ec 68 00 48 03 02
0x00007fac24c63a2c:   c7 00 01 00 00 00 e9 72 fd ff ff 66 0f 1f 84 00
0x00007fac24c63a3c:   00 00 00 00 48 8b 05 d1 33 69 00 4c 89 ea 48 c1 

Register to memory mapping:

RAX=0x00007fac25f8ff00 is an unknown value
RBX=0x00007fac25343200: <offset 0xfbf200> in /usr/lib/jvm/java-8-oracle/jre/lib/amd64/server/libjvm.so at 0x00007fac24384000
RCX=0x00007fac25d6c320: <offset 0x219320> in /lib/x86_64-linux-gnu/libpthread.so.0 at 0x00007fac25b53000
RDX=0x00007fac253431f0: <offset 0xfbf1f0> in /usr/lib/jvm/java-8-oracle/jre/lib/amd64/server/libjvm.so at 0x00007fac24384000
RSP=0x00007fabb1f63410 is pointing into the stack for thread: 0x00007fac20f1f000
RBP=0x00007fabb1f63450 is pointing into the stack for thread: 0x00007fac20f1f000
RSI=0x0000000000000001 is an unknown value
RDI=0x00007fac20f1f000 is a thread
R8 =0x00007fac25343200: <offset 0xfbf200> in /usr/lib/jvm/java-8-oracle/jre/lib/amd64/server/libjvm.so at 0x00007fac24384000
R9 =0x0000000001c1d2c8 is an unknown value
R10=0x0000000000000000 is an unknown value
R11=0x0000000000000246 is an unknown value
R12=0x0000000000000000 is an unknown value
R13=0x00007fac20f1f000 is a thread
R14=0x00007fac20008260 is an unknown value
R15=0x0000000000000000 is an unknown value


Stack: [0x00007fabb1e65000,0x00007fabb1f66000],  sp=0x00007fabb1f63410,  free space=1017k
Native frames: (J=compiled Java code, j=interpreted, Vv=VM code, C=native code)
V  [libjvm.so+0x8dfa2c]  Monitor::wait(bool, long, bool)+0x32c
V  [libjvm.so+0xacd424]  VMThread::execute(VM_Operation*)+0x324
V  [libjvm.so+0xa8c407]  Universe::flush_dependents_on(instanceKlassHandle)+0x77
V  [libjvm.so+0xa35936]  SystemDictionary::define_instance_class(instanceKlassHandle, Thread*)+0x356
V  [libjvm.so+0xa35d1d]  SystemDictionary::find_or_define_instance_class(Symbol*, Handle, instanceKlassHandle, Thread*)+0x35d
V  [libjvm.so+0xa3b32c]  SystemDictionary::load_instance_class(Symbol*, Handle, Thread*)+0x20c
V  [libjvm.so+0xa3a45c]  SystemDictionary::resolve_instance_class_or_null(Symbol*, Handle, Handle, Thread*)+0x7cc
V  [libjvm.so+0xa3b933]  SystemDictionary::resolve_or_fail(Symbol*, Handle, Handle, bool, Thread*)+0x33
V  [libjvm.so+0x4f3448]  ConstantPool::klass_at_impl(constantPoolHandle, int, Thread*)+0x158
V  [libjvm.so+0x684761]  InterpreterRuntime::_new(JavaThread*, ConstantPool*, int)+0x71
j  java.nio.channels.spi.AbstractSelector.begin()V+8
j  sun.nio.ch.EPollSelectorImpl.doSelect(J)I+20
j  sun.nio.ch.SelectorImpl.lockAndDoSelect(J)I+37
j  sun.nio.ch.SelectorImpl.selectNow()I+2
j  io.netty.channel.nio.NioEventLoop.selectNow()I+4
j  io.netty.channel.nio.NioEventLoop$1.get()I+4
j  io.netty.channel.DefaultSelectStrategy.calculateStrategy(Lio/netty/util/IntSupplier;Z)I+5
j  io.netty.channel.nio.NioEventLoop.run()V+12
j  io.netty.util.concurrent.SingleThreadEventExecutor$5.run()V+44
j  java.lang.Thread.run()V+11
v  ~StubRoutines::call_stub
V  [libjvm.so+0x690206]  JavaCalls::call_helper(JavaValue*, methodHandle*, JavaCallArguments*, Thread*)+0x1056
V  [libjvm.so+0x690711]  JavaCalls::call_virtual(JavaValue*, KlassHandle, Symbol*, Symbol*, JavaCallArguments*, Thread*)+0x321
V  [libjvm.so+0x690bb7]  JavaCalls::call_virtual(JavaValue*, Handle, KlassHandle, Symbol*, Symbol*, Thread*)+0x47
V  [libjvm.so+0x7278f0]  thread_entry(JavaThread*, Thread*)+0xa0
V  [libjvm.so+0xa742b3]  JavaThread::thread_main_inner()+0x103
V  [libjvm.so+0xa743fc]  JavaThread::run()+0x11c
V  [libjvm.so+0x924ea8]  java_start(Thread*)+0x108
C  [libpthread.so.0+0x8182]  start_thread+0xc2

Java frames: (J=compiled Java code, j=interpreted, Vv=VM code)
j  java.nio.channels.spi.AbstractSelector.begin()V+8
j  sun.nio.ch.EPollSelectorImpl.doSelect(J)I+20
j  sun.nio.ch.SelectorImpl.lockAndDoSelect(J)I+37
j  sun.nio.ch.SelectorImpl.selectNow()I+2
j  io.netty.channel.nio.NioEventLoop.selectNow()I+4
j  io.netty.channel.nio.NioEventLoop$1.get()I+4
j  io.netty.channel.DefaultSelectStrategy.calculateStrategy(Lio/netty/util/IntSupplier;Z)I+5
j  io.netty.channel.nio.NioEventLoop.run()V+12
j  io.netty.util.concurrent.SingleThreadEventExecutor$5.run()V+44
j  java.lang.Thread.run()V+11
v  ~StubRoutines::call_stub

---------------  P R O C E S S  ---------------

Java Threads: ( => current thread )
=>0x00007fac20f1f000 JavaThread "elasticsearch[ht0EVsn][[transport_server_worker.default]][T#1]" daemon [_thread_in_vm_trans, id=4087, stack(0x00007fabb1e65000,0x00007fabb1f66000)]
  0x00007fac2113e000 JavaThread "elasticsearch[ht0EVsn][[ttl_expire]]" daemon [_thread_blocked, id=4086, stack(0x00007fabb2166000,0x00007fabb2267000)]
  0x00007fac21472800 JavaThread "elasticsearch[ht0EVsn][scheduler][T#1]" daemon [_thread_blocked, id=4085, stack(0x00007fabb2867000,0x00007fabb2968000)]
  0x00007fac20c93000 JavaThread "elasticsearch[ht0EVsn][[timer]]" daemon [_thread_blocked, id=4084, stack(0x00007fabb356b000,0x00007fabb366c000)]
  0x00007fac2064c800 JavaThread "process reaper" daemon [_thread_blocked, id=4081, stack(0x00007fabec08e000,0x00007fabec0c7000)]
  0x00007fac20146000 JavaThread "Service Thread" daemon [_thread_blocked, id=4078, stack(0x00007fabecb8a000,0x00007fabecc8b000)]
  0x00007fac2013a800 JavaThread "C1 CompilerThread3" daemon [_thread_blocked, id=4077, stack(0x00007fabecc8b000,0x00007fabecd8c000)]
  0x00007fac20138800 JavaThread "C2 CompilerThread2" daemon [_thread_blocked, id=4076, stack(0x00007fabecd8c000,0x00007fabece8d000)]
  0x00007fac20136800 JavaThread "C2 CompilerThread1" daemon [_thread_blocked, id=4075, stack(0x00007fabece8d000,0x00007fabecf8e000)]
  0x00007fac20134000 JavaThread "C2 CompilerThread0" daemon [_thread_blocked, id=4074, stack(0x00007fabecf8e000,0x00007fabed08f000)]
  0x00007fac20132000 JavaThread "Signal Dispatcher" daemon [_thread_blocked, id=4073, stack(0x00007fabed08f000,0x00007fabed190000)]
  0x00007fac20131000 JavaThread "Surrogate Locker Thread (Concurrent GC)" daemon [_thread_blocked, id=4072, stack(0x00007fabed190000,0x00007fabed291000)]
  0x00007fac200f9800 JavaThread "Finalizer" daemon [_thread_blocked, id=4071, stack(0x00007fabed426000,0x00007fabed527000)]
  0x00007fac200f5000 JavaThread "Reference Handler" daemon [_thread_in_vm, id=4070, stack(0x00007fabed527000,0x00007fabed628000)]
  0x00007fac2000c000 JavaThread "main" [_thread_blocked, id=4057, stack(0x00007fac25e7d000,0x00007fac25f7e000)]

Other Threads:
  0x00007fac200ed800 VMThread [stack: 0x00007fac0c00c000,0x00007fac0c10d000] [id=4069]
  0x00007fac20149000 WatcherThread [stack: 0x00007fabeca89000,0x00007fabecb8a000] [id=4079]

VM state:synchronizing (normal execution)

VM Mutex/Monitor currently owned by a thread:  ([mutex/lock_event])
[0x00007fac200080e0] Safepoint_lock - owner thread: 0x00007fac200ed800
[0x00007fac20008160] Threads_lock - owner thread: 0x00007fac200ed800
[0x00007fac20008be0] Compile_lock - owner thread: 0x00007fac20f1f000

Heap:
 par new generation   total 613440K, used 58364K [0x0000000080000000, 0x00000000a9990000, 0x00000000a9990000)
  eden space 545344K,   2% used [0x0000000080000000, 0x0000000080aa6bf8, 0x00000000a1490000)
  from space 68096K,  69% used [0x00000000a5710000, 0x00000000a8568448, 0x00000000a9990000)
  to   space 68096K,   0% used [0x00000000a1490000, 0x00000000a1490000, 0x00000000a5710000)
 concurrent mark-sweep generation total 1415616K, used 0K [0x00000000a9990000, 0x0000000100000000, 0x0000000100000000)
 Metaspace       used 41043K, capacity 43543K, committed 43648K, reserved 1087488K
  class space    used 5647K, capacity 6558K, committed 6620K, reserved 1048576K

Card table byte_map: [0x00007fac0ef9e000,0x00007fac0f39f000] byte_map_base: 0x00007fac0eb9e000

Marking Bits: (CMSBitMap*) 0x00007fac20095888
 Bits: [0x00007fac0cf48000, 0x00007fac0e4e1c00)

Mod Union Table: (CMSBitMap*) 0x00007fac20095948
 Bits: [0x00007fac25e26000, 0x00007fac25e7c670)

Polling page: 0x00007fac25f90000

CodeCache: size=245760Kb used=9561Kb max_used=10677Kb free=236198Kb
 bounds [0x00007fac0ff67000, 0x00007fac109e7000, 0x00007fac1ef67000]
 total_blobs=3374 nmethods=2766 adapters=521
 compilation: enabled

Compilation events (10 events):
Event: 27.974 Thread 0x00007fac2013a800 nmethod 3091 0x00007fac1007b610 code [0x00007fac1007b780, 0x00007fac1007ba30]
Event: 27.974 Thread 0x00007fac2013a800 3092       3       io.netty.buffer.PoolSubpage::<init> (35 bytes)
Event: 27.974 Thread 0x00007fac2013a800 nmethod 3092 0x00007fac103a7390 code [0x00007fac103a7500, 0x00007fac103a76f0]
Event: 27.986 Thread 0x00007fac2013a800 3093       3       sun.misc.ProxyGenerator$ConstantPool::getFieldRef (33 bytes)
Event: 27.988 Thread 0x00007fac2013a800 nmethod 3093 0x00007fac10182710 code [0x00007fac101829a0, 0x00007fac10183748]
Event: 27.990 Thread 0x00007fac2013a800 3094   !   3       java.security.Policy::getPolicyNoCheck (208 bytes)
Event: 28.185 Thread 0x00007fac2013a800 nmethod 3094 0x00007fac102ce650 code [0x00007fac102ce920, 0x00007fac102cffc8]
Event: 28.186 Thread 0x00007fac2013a800 3095       3       sun.misc.VM::addFinalRefCount (24 bytes)
Event: 28.187 Thread 0x00007fac2013a800 nmethod 3095 0x00007fac101955d0 code [0x00007fac10195740, 0x00007fac101958f0]
Event: 28.187 Thread 0x00007fac2013a800 3098   !   3       java.lang.ref.ReferenceQueue::enqueue (119 bytes)

GC Heap History (2 events):
Event: 27.992 GC heap before
{Heap before GC invocations=0 (full 1):
 par new generation   total 613440K, used 545344K [0x0000000080000000, 0x00000000a9990000, 0x00000000a9990000)
  eden space 545344K, 100% used [0x0000000080000000, 0x00000000a1490000, 0x00000000a1490000)
  from space 68096K,   0% used [0x00000000a1490000, 0x00000000a1490000, 0x00000000a5710000)
  to   space 68096K,   0% used [0x00000000a5710000, 0x00000000a5710000, 0x00000000a9990000)
 concurrent mark-sweep generation total 1415616K, used 0K [0x00000000a9990000, 0x0000000100000000, 0x0000000100000000)
 Metaspace       used 41037K, capacity 43543K, committed 43648K, reserved 1087488K
  class space    used 5647K, capacity 6558K, committed 6620K, reserved 1048576K
Event: 28.184 GC heap after
Heap after GC invocations=1 (full 1):
 par new generation   total 613440K, used 47457K [0x0000000080000000, 0x00000000a9990000, 0x00000000a9990000)
  eden space 545344K,   0% used [0x0000000080000000, 0x0000000080000000, 0x00000000a1490000)
  from space 68096K,  69% used [0x00000000a5710000, 0x00000000a8568448, 0x00000000a9990000)
  to   space 68096K,   0% used [0x00000000a1490000, 0x00000000a1490000, 0x00000000a5710000)
 concurrent mark-sweep generation total 1415616K, used 0K [0x00000000a9990000, 0x0000000100000000, 0x0000000100000000)
 Metaspace       used 41037K, capacity 43543K, committed 43648K, reserved 1087488K
  class space    used 5647K, capacity 6558K, committed 6620K, reserved 1048576K
}

Deoptimization events (10 events):
Event: 22.840 Thread 0x00007fac2000c000 Uncommon trap: reason=bimorphic action=maybe_recompile pc=0x00007fac1076f54c method=java.util.HashMap.putVal(ILjava/lang/Object;Ljava/lang/Object;ZZ)Ljava/lang/Object; @ 203
Event: 22.919 Thread 0x00007fac2000c000 Uncommon trap: reason=bimorphic action=maybe_recompile pc=0x00007fac1076f54c method=java.util.HashMap.putVal(ILjava/lang/Object;Ljava/lang/Object;ZZ)Ljava/lang/Object; @ 203
Event: 23.116 Thread 0x00007fac2000c000 Uncommon trap: reason=bimorphic action=maybe_recompile pc=0x00007fac1076f54c method=java.util.HashMap.putVal(ILjava/lang/Object;Ljava/lang/Object;ZZ)Ljava/lang/Object; @ 203
Event: 23.462 Thread 0x00007fac2000c000 Uncommon trap: reason=class_check action=maybe_recompile pc=0x00007fac10883048 method=java.lang.reflect.Executable.declaredAnnotations()Ljava/util/Map; @ 8
Event: 23.470 Thread 0x00007fac2000c000 Uncommon trap: reason=class_check action=maybe_recompile pc=0x00007fac10883048 method=java.lang.reflect.Executable.declaredAnnotations()Ljava/util/Map; @ 8
Event: 23.496 Thread 0x00007fac2000c000 Uncommon trap: reason=class_check action=maybe_recompile pc=0x00007fac10883048 method=java.lang.reflect.Executable.declaredAnnotations()Ljava/util/Map; @ 8
Event: 23.496 Thread 0x00007fac2000c000 Uncommon trap: reason=class_check action=maybe_recompile pc=0x00007fac10883048 method=java.lang.reflect.Executable.declaredAnnotations()Ljava/util/Map; @ 8
Event: 25.789 Thread 0x00007fac2000c000 Uncommon trap: reason=unstable_if action=reinterpret pc=0x00007fac108056b0 method=java.lang.ClassLoader.needsClassLoaderPermissionCheck(Ljava/lang/ClassLoader;Ljava/lang/ClassLoader;)Z @ 8
Event: 27.288 Thread 0x00007fac2000c000 Uncommon trap: reason=unstable_if action=reinterpret pc=0x00007fac10746364 method=java.util.regex.Pattern.escape(ZZZ)I @ 993
Event: 27.829 Thread 0x00007fac2000c000 Uncommon trap: reason=unstable_if action=reinterpret pc=0x00007fac1058e390 method=java.util.regex.Pattern.range(Ljava/util/regex/Pattern$BitClass;)Ljava/util/regex/Pattern$CharProperty; @ 168

Internal exceptions (10 events):
Event: 20.180 Thread 0x00007fac2000c000 Exception <a 'java/lang/IncompatibleClassChangeError': Found class java.lang.Object, but interface was expected> (0x000000009a3f81d8) thrown at [/HUDSON3/workspace/8-2-build-linux-amd64/jdk8u111/7883/hotspot/src/share/vm/interpreter/linkResolver.cpp, line
Event: 20.875 Thread 0x00007fac2000c000 Exception <a 'java/lang/IncompatibleClassChangeError': Found class java.lang.Object, but interface was expected> (0x000000009ac75030) thrown at [/HUDSON3/workspace/8-2-build-linux-amd64/jdk8u111/7883/hotspot/src/share/vm/interpreter/linkResolver.cpp, line
Event: 20.998 Thread 0x00007fac2000c000 Exception <a 'java/lang/IncompatibleClassChangeError': Found class java.lang.Object, but interface was expected> (0x000000009af47248) thrown at [/HUDSON3/workspace/8-2-build-linux-amd64/jdk8u111/7883/hotspot/src/share/vm/interpreter/linkResolver.cpp, line
Event: 21.027 Thread 0x00007fac2000c000 Exception <a 'java/lang/IncompatibleClassChangeError': Found class java.lang.Object, but interface was expected> (0x000000009afbea20) thrown at [/HUDSON3/workspace/8-2-build-linux-amd64/jdk8u111/7883/hotspot/src/share/vm/interpreter/linkResolver.cpp, line
Event: 22.311 Thread 0x00007fac2000c000 Exception <a 'java/lang/NoSuchMethodError': java.lang.Object.lambda$identity$0(Ljava/lang/Object;)Ljava/lang/Object;> (0x000000009cc73750) thrown at [/HUDSON3/workspace/8-2-build-linux-amd64/jdk8u111/7883/hotspot/src/share/vm/interpreter/linkResolver.cpp,
Event: 26.366 Thread 0x00007fac2000c000 Exception <a 'sun/nio/fs/UnixException'> (0x000000009f7ae0a0) thrown at [/HUDSON3/workspace/8-2-build-linux-amd64/jdk8u111/7883/hotspot/src/share/vm/prims/jni.cpp, line 709]
Event: 27.380 Thread 0x00007fac2000c000 Exception <a 'java/security/AccessControlException'> (0x000000009fd815b8) thrown at [/HUDSON3/workspace/8-2-build-linux-amd64/jdk8u111/7883/hotspot/src/share/vm/prims/jvm.cpp, line 1390]
Event: 27.381 Thread 0x00007fac2000c000 Exception <a 'java/security/AccessControlException'> (0x000000009fd8bbe0) thrown at [/HUDSON3/workspace/8-2-build-linux-amd64/jdk8u111/7883/hotspot/src/share/vm/prims/jvm.cpp, line 1390]
Event: 27.381 Thread 0x00007fac2000c000 Exception <a 'java/security/AccessControlException'> (0x000000009fd8c370) thrown at [/HUDSON3/workspace/8-2-build-linux-amd64/jdk8u111/7883/hotspot/src/share/vm/prims/jvm.cpp, line 1390]
Event: 27.387 Thread 0x00007fac2000c000 Exception <a 'java/lang/NoClassDefFoundError': javassist/ClassPath> (0x000000009fda5dc8) thrown at [/HUDSON3/workspace/8-2-build-linux-amd64/jdk8u111/7883/hotspot/src/share/vm/classfile/systemDictionary.cpp, line 199]

Events (10 events):
Event: 27.990 Thread 0x00007fac20f1f000 Thread added: 0x00007fac20f1f000
Event: 27.991 loading class io/netty/bootstrap/AbstractBootstrap$PendingRegistrationPromise
Event: 27.991 loading class io/netty/bootstrap/AbstractBootstrap$PendingRegistrationPromise done
Event: 27.991 loading class io/netty/bootstrap/AbstractBootstrap$1
Event: 27.991 loading class io/netty/bootstrap/AbstractBootstrap$1 done
Event: 27.992 loading class java/nio/channels/spi/AbstractSelector$1
Event: 27.992 Executing VM operation: GenCollectForAllocation
Event: 28.184 Executing VM operation: GenCollectForAllocation done
Event: 28.187 Executing VM operation: RevokeBias
Event: 28.187 loading class java/nio/channels/spi/AbstractSelector$1 done


Dynamic libraries:
00400000-00401000 r-xp 00000000 00:3e 15220                              /usr/lib/jvm/java-8-oracle/bin/java
00600000-00601000 rw-p 00000000 00:3e 15220                              /usr/lib/jvm/java-8-oracle/bin/java
01a30000-01a51000 rw-p 00000000 00:00 0                                  [heap]
80000000-100677000 rw-p 00000000 00:00 0 
100677000-140000000 ---p 00000000 00:00 0 
7fab98000000-7fab98021000 rw-p 00000000 00:00 0 
7fab98021000-7fab9c000000 ---p 00000000 00:00 0 
7fab9c000000-7fab9c298000 rw-p 00000000 00:00 0 
7fab9c298000-7faba0000000 ---p 00000000 00:00 0 
7faba0000000-7faba0021000 rw-p 00000000 00:00 0 
7faba0021000-7faba4000000 ---p 00000000 00:00 0 
7faba4000000-7faba4021000 rw-p 00000000 00:00 0 
7faba4021000-7faba8000000 ---p 00000000 00:00 0 
7faba8000000-7faba8021000 rw-p 00000000 00:00 0 
7faba8021000-7fabac000000 ---p 00000000 00:00 0 
7fabac000000-7fabac021000 rw-p 00000000 00:00 0 
7fabac021000-7fabb0000000 ---p 00000000 00:00 0 
7fabb1e64000-7fabb1e65000 rw-p 00000000 00:00 0 
7fabb1e65000-7fabb1e68000 ---p 00000000 00:00 0 
7fabb1e68000-7fabb1fa6000 rw-p 00000000 00:00 0                          [stack:4087]
7fabb1fa6000-7fabb2166000 ---p 00000000 00:00 0 
7fabb2166000-7fabb2169000 ---p 00000000 00:00 0 
7fabb2169000-7fabb2467000 rw-p 00000000 00:00 0                          [stack:4086]
7fabb2467000-7fabb2667000 rw-p 00000000 00:00 0 
7fabb2667000-7fabb2867000 rw-p 00000000 00:00 0 
7fabb2867000-7fabb286a000 ---p 00000000 00:00 0 
7fabb286a000-7fabb2b68000 rw-p 00000000 00:00 0                          [stack:4085]
7fabb2b68000-7fabb2d68000 rw-p 00000000 00:00 0 
7fabb2d68000-7fabb2f5a000 rw-p 00000000 00:00 0 
7fabb2f5a000-7fabb2f68000 ---p 00000000 00:00 0 
7fabb2f68000-7fabb2f6b000 r--s 0001a000 00:3e 15242                      /usr/lib/jvm/java-8-oracle/jre/lib/jce.jar
7fabb2f6b000-7fabb316b000 rw-p 00000000 00:00 0 
7fabb316b000-7fabb3364000 rw-p 00000000 00:00 0 
7fabb3364000-7fabb336b000 ---p 00000000 00:00 0 
7fabb336b000-7fabb3569000 rw-p 00000000 00:00 0 
7fabb3569000-7fabb356b000 ---p 00000000 00:00 0 
7fabb356b000-7fabb356e000 ---p 00000000 00:00 0 
7fabb356e000-7fabb386c000 rw-p 00000000 00:00 0                          [stack:4084]
7fabb386c000-7fabb386e000 r--s 00017000 00:3e 1052                       /home/ubuntu/workspace/online_dealership/elasticsearch-5.0.0/modules/percolator/percolator-5.0.0.jar
7fabb386e000-7fabb3a6e000 rw-p 00000000 00:00 0 
7fabb3a6e000-7fabb3a74000 r--s 00044000 00:3e 1050                       /home/ubuntu/workspace/online_dealership/elasticsearch-5.0.0/modules/lang-painless/antlr4-runtime-4.5.1-1.jar
7fabb3a74000-7fabb3a7b000 r--s 00063000 00:3e 1049                       /home/ubuntu/workspace/online_dealership/elasticsearch-5.0.0/modules/lang-painless/lang-painless-5.0.0.jar
7fabb3a7b000-7fabb3a80000 r--s 0005a000 00:3e 1047                       /home/ubuntu/workspace/online_dealership/elasticsearch-5.0.0/modules/lang-painless/asm-debug-all-5.1.jar
7fabb3a80000-7fabb3a8d000 r--s 0009b000 00:3e 1071                       /home/ubuntu/workspace/online_dealership/elasticsearch-5.0.0/modules/transport-netty4/netty-common-4.1.5.Final.jar
7fabb3a8d000-7fabb3a93000 r--s 00047000 00:3e 1070                       /home/ubuntu/workspace/online_dealership/elasticsearch-5.0.0/modules/transport-netty4/netty-handler-4.1.5.Final.jar
7fabb3a93000-7fabb3a9d000 r--s 0007a000 00:3e 1069                       /home/ubuntu/workspace/online_dealership/elasticsearch-5.0.0/modules/transport-netty4/netty-codec-http-4.1.5.Final.jar
7fabb3a9d000-7fabb3aa0000 r--s 0003b000 00:3e 1068                       /home/ubuntu/workspace/online_dealership/elasticsearch-5.0.0/modules/transport-netty4/netty-buffer-4.1.5.Final.jar
7fabb3aa0000-7fabb3aa2000 r--s 00010000 00:3e 1067                       /home/ubuntu/workspace/online_dealership/elasticsearch-5.0.0/modules/transport-netty4/transport-netty4-5.0.0.jar
7fabb3aa2000-7fabb3aa4000 r--s 00005000 00:3e 1066                       /home/ubuntu/workspace/online_dealership/elasticsearch-5.0.0/modules/transport-netty4/netty-resolver-4.1.5.Final.jar
7fabb3aa4000-7fabb3aaa000 r--s 00045000 00:3e 1064                       /home/ubuntu/workspace/online_dealership/elasticsearch-5.0.0/modules/transport-netty4/netty-codec-4.1.5.Final.jar
7fabb3aaa000-7fabb3ab3000 r--s 0005f000 00:3e 1063                       /home/ubuntu/workspace/online_dealership/elasticsearch-5.0.0/modules/transport-netty4/netty-transport-4.1.5.Final.jar
7fabb3ab3000-7fabb3acc000 r--s 00123000 00:3e 1079                       /home/ubuntu/workspace/online_dealership/elasticsearch-5.0.0/modules/transport-netty3/netty-3.10.6.Final.jar
7fabb3acc000-7fabb3ace000 r--s 00011000 00:3e 1078                       /home/ubuntu/workspace/online_dealership/elasticsearch-5.0.0/modules/transport-netty3/transport-netty3-5.0.0.jar
7fabb3ace000-7fabb3ad1000 r--s 00014000 00:3e 1027                       /home/ubuntu/workspace/online_dealership/elasticsearch-5.0.0/modules/ingest-common/ingest-common-5.0.0.jar
7fabb3ad1000-7fabb3ad4000 r--s 0002c000 00:3e 1026                       /home/ubuntu/workspace/online_dealership/elasticsearch-5.0.0/modules/ingest-common/joni-2.1.6.jar
7fabb3ad4000-7fabb3ae2000 r--s 00164000 00:3e 1024                       /home/ubuntu/workspace/online_dealership/elasticsearch-5.0.0/modules/ingest-common/jcodings-1.0.12.jar
7fabb3ae2000-7fabb3ae8000 r--s 00044000 00:3e 1036                       /home/ubuntu/workspace/online_dealership/elasticsearch-5.0.0/modules/lang-expression/antlr4-runtime-4.5.1-1.jar
7fabb3ae8000-7fabb3ce8000 rw-p 00000000 00:00 0 
7fabb3ce8000-7fabb3cff000 r-xp 00000000 00:3e 17393                      /tmp/jna--851256601/jna5616081785303462010.tmp (deleted)
7fabb3cff000-7fabb3dfe000 ---p 00017000 00:3e 17393                      /tmp/jna--851256601/jna5616081785303462010.tmp (deleted)
7fabb3dfe000-7fabb3e00000 rw-p 00016000 00:3e 17393                      /tmp/jna--851256601/jna5616081785303462010.tmp (deleted)
7fabb3e00000-7fabb4000000 rw-p 00000000 00:00 0 
7fabb4000000-7fabb4914000 rw-p 00000000 00:00 0 
7fabb4914000-7fabb8000000 ---p 00000000 00:00 0 
7fabb8000000-7fabb8021000 rw-p 00000000 00:00 0 
7fabb8021000-7fabbc000000 ---p 00000000 00:00 0 
7fabbc000000-7fabbcc71000 rw-p 00000000 00:00 0 
7fabbcc71000-7fabc0000000 ---p 00000000 00:00 0 
7fabc0000000-7fabc13d9000 rw-p 00000000 00:00 0 
7fabc13d9000-7fabc4000000 ---p 00000000 00:00 0 
7fabc4000000-7fabc4021000 rw-p 00000000 00:00 0 
7fabc4021000-7fabc8000000 ---p 00000000 00:00 0 
7fabc8000000-7fabc8efe000 rw-p 00000000 00:00 0 
7fabc8efe000-7fabcc000000 ---p 00000000 00:00 0 
7fabcc000000-7fabcc021000 rw-p 00000000 00:00 0 
7fabcc021000-7fabd0000000 ---p 00000000 00:00 0 
7fabd0000000-7fabd0021000 rw-p 00000000 00:00 0 
7fabd0021000-7fabd4000000 ---p 00000000 00:00 0 
7fabd4000000-7fabd4021000 rw-p 00000000 00:00 0 
7fabd4021000-7fabd8000000 ---p 00000000 00:00 0 
7fabd8000000-7fabd8021000 rw-p 00000000 00:00 0 
7fabd8021000-7fabdc000000 ---p 00000000 00:00 0 
7fabdc000000-7fabdc021000 rw-p 00000000 00:00 0 
7fabdc021000-7fabe0000000 ---p 00000000 00:00 0 
7fabe0000000-7fabe0021000 rw-p 00000000 00:00 0 
7fabe0021000-7fabe4000000 ---p 00000000 00:00 0 
7fabe4000000-7fabe4021000 rw-p 00000000 00:00 0 
7fabe4021000-7fabe8000000 ---p 00000000 00:00 0 
7fabe8000000-7fabe8021000 rw-p 00000000 00:00 0 
7fabe8021000-7fabec000000 ---p 00000000 00:00 0 
7fabec000000-7fabec001000 rw-p 00000000 00:00 0 
7fabec001000-7fabec003000 r--s 00009000 00:3e 1037                       /home/ubuntu/workspace/online_dealership/elasticsearch-5.0.0/modules/lang-expression/asm-commons-5.0.4.jar
7fabec003000-7fabec005000 r--s 0000c000 00:3e 1035                       /home/ubuntu/workspace/online_dealership/elasticsearch-5.0.0/modules/lang-expression/asm-5.0.4.jar
7fabec005000-7fabec007000 r--s 00011000 00:3e 1033                       /home/ubuntu/workspace/online_dealership/elasticsearch-5.0.0/modules/lang-expression/lucene-expressions-6.2.0.jar
7fabec007000-7fabec009000 r--s 0000a000 00:3e 1032                       /home/ubuntu/workspace/online_dealership/elasticsearch-5.0.0/modules/lang-expression/lang-expression-5.0.0.jar
7fabec009000-7fabec00b000 r--s 00006000 00:3e 1031                       /home/ubuntu/workspace/online_dealership/elasticsearch-5.0.0/modules/lang-expression/asm-tree-5.0.4.jar
7fabec00b000-7fabec012000 r--s 00050000 00:3e 1061                       /home/ubuntu/workspace/online_dealership/elasticsearch-5.0.0/modules/reindex/httpcore-nio-4.4.5.jar
7fabec012000-7fabec014000 r--s 0000e000 00:3e 1060                       /home/ubuntu/workspace/online_dealership/elasticsearch-5.0.0/modules/reindex/commons-logging-1.1.3.jar
7fabec014000-7fabec01b000 r--s 00049000 00:3e 1059                       /home/ubuntu/workspace/online_dealership/elasticsearch-5.0.0/modules/reindex/httpcore-4.4.5.jar
7fabec01b000-7fabec022000 r--s 0003f000 00:3e 1058                       /home/ubuntu/workspace/online_dealership/elasticsearch-5.0.0/modules/reindex/commons-codec-1.10.jar
7fabec022000-7fabec026000 r--s 00028000 00:3e 1057                       /home/ubuntu/workspace/online_dealership/elasticsearch-5.0.0/modules/reindex/httpasyncclient-4.1.2.jar
7fabec026000-7fabec027000 r--s 00007000 00:3e 1055                       /home/ubuntu/workspace/online_dealership/elasticsearch-5.0.0/modules/reindex/rest-5.0.0.jar
7fabec027000-7fabec02a000 r--s 00022000 00:3e 1054                       /home/ubuntu/workspace/online_dealership/elasticsearch-5.0.0/modules/reindex/reindex-5.0.0.jar
7fabec02a000-7fabec037000 r--s 000a7000 00:3e 1053                       /home/ubuntu/workspace/online_dealership/elasticsearch-5.0.0/modules/reindex/httpclient-4.5.2.jar
7fabec037000-7fabec084000 r--s 00405000 00:3e 1043                       /home/ubuntu/workspace/online_dealership/elasticsearch-5.0.0/modules/lang-groovy/groovy-2.4.6-indy.jar
7fabec084000-7fabec085000 r--s 00004000 00:3e 1042                       /home/ubuntu/workspace/online_dealership/elasticsearch-5.0.0/modules/lang-groovy/lang-groovy-5.0.0.jar
7fabec085000-7fabec088000 r--s 00016000 00:3e 1041                       /home/ubuntu/workspace/online_dealership/elasticsearch-5.0.0/modules/lang-mustache/compiler-0.9.3.jar
7fabec088000-7fabec08a000 r--s 0000d000 00:3e 1040                       /home/ubuntu/workspace/online_dealership/elasticsearch-5.0.0/modules/lang-mustache/lang-mustache-5.0.0.jar
7fabec08a000-7fabec08c000 r--s 0000b000 00:3e 1029                       /home/ubuntu/workspace/online_dealership/elasticsearch-5.0.0/modules/aggs-matrix-stats/aggs-matrix-stats-5.0.0.jar
7fabec08c000-7fabec08d000 r--p 00000000 00:00 0 
7fabec08d000-7fabec08e000 rwxp 00000000 00:00 0 
7fabec08e000-7fabec091000 ---p 00000000 00:00 0 
7fabec091000-7fabec0c7000 rw-p 00000000 00:00 0                          [stack:4081]
7fabec0c7000-7fabec0cb000 r--s 00097000 00:3e 15241                      /usr/lib/jvm/java-8-oracle/jre/lib/jsse.jar
7fabec0cb000-7fabec2cb000 rw-p 00000000 00:00 0 
7fabec2cb000-7fabec2dc000 r-xp 00000000 00:3e 15271                      /usr/lib/jvm/java-8-oracle/jre/lib/amd64/libnio.so
7fabec2dc000-7fabec4db000 ---p 00011000 00:3e 15271                      /usr/lib/jvm/java-8-oracle/jre/lib/amd64/libnio.so
7fabec4db000-7fabec4dc000 rw-p 00010000 00:3e 15271                      /usr/lib/jvm/java-8-oracle/jre/lib/amd64/libnio.so
7fabec4dc000-7fabec4f2000 r-xp 00000000 00:3e 15270                      /usr/lib/jvm/java-8-oracle/jre/lib/amd64/libnet.so
7fabec4f2000-7fabec6f2000 ---p 00016000 00:3e 15270                      /usr/lib/jvm/java-8-oracle/jre/lib/amd64/libnet.so
7fabec6f2000-7fabec6f3000 rw-p 00016000 00:3e 15270                      /usr/lib/jvm/java-8-oracle/jre/lib/amd64/libnet.so
7fabec6f3000-7fabec70e000 r--s 001d2000 00:3e 15250                      /usr/lib/jvm/java-8-oracle/jre/lib/ext/nashorn.jar
7fabec70e000-7fabec717000 r-xp 00000000 00:3e 15267                      /usr/lib/jvm/java-8-oracle/jre/lib/amd64/libmanagement.so
7fabec717000-7fabec916000 ---p 00009000 00:3e 15267                      /usr/lib/jvm/java-8-oracle/jre/lib/amd64/libmanagement.so
7fabec916000-7fabec917000 rw-p 00008000 00:3e 15267                      /usr/lib/jvm/java-8-oracle/jre/lib/amd64/libmanagement.so
7fabec917000-7fabec918000 r--s 00001000 00:3e 639                        /home/ubuntu/workspace/online_dealership/elasticsearch-5.0.0/lib/securesm-1.1.jar
7fabec918000-7fabec91e000 r--s 0003c000 00:3e 638                        /home/ubuntu/workspace/online_dealership/elasticsearch-5.0.0/lib/snakeyaml-1.15.jar
7fabec91e000-7fabec928000 r--s 00059000 00:3e 636                        /home/ubuntu/workspace/online_dealership/elasticsearch-5.0.0/lib/lucene-queryparser-6.2.0.jar
7fabec928000-7fabec92e000 r--s 00031000 00:3e 635                        /home/ubuntu/workspace/online_dealership/elasticsearch-5.0.0/lib/lucene-queries-6.2.0.jar
7fabec92e000-7fabec959000 r--s 0024c000 00:3e 634                        /home/ubuntu/workspace/online_dealership/elasticsearch-5.0.0/lib/lucene-core-6.2.0.jar
7fabec959000-7fabec95b000 r--s 0000c000 00:3e 633                        /home/ubuntu/workspace/online_dealership/elasticsearch-5.0.0/lib/lucene-spatial-6.2.0.jar
7fabec95b000-7fabec95f000 r--s 0002a000 00:3e 632                        /home/ubuntu/workspace/online_dealership/elasticsearch-5.0.0/lib/spatial4j-0.6.jar
7fabec95f000-7fabec962000 r--s 00011000 00:3e 631                        /home/ubuntu/workspace/online_dealership/elasticsearch-5.0.0/lib/jopt-simple-5.0.2.jar
7fabec962000-7fabec964000 r--s 00009000 00:3e 630                        /home/ubuntu/workspace/online_dealership/elasticsearch-5.0.0/lib/log4j-1.2-api-2.6.2.jar
7fabec964000-7fabec968000 r--s 00017000 00:3e 629                        /home/ubuntu/workspace/online_dealership/elasticsearch-5.0.0/lib/lucene-grouping-6.2.0.jar
7fabec968000-7fabec979000 r--s 00156000 00:3e 628                        /home/ubuntu/workspace/online_dealership/elasticsearch-5.0.0/lib/lucene-analyzers-common-6.2.0.jar
7fabec979000-7fabec98a000 r--s 00089000 00:3e 627                        /home/ubuntu/workspace/online_dealership/elasticsearch-5.0.0/lib/joda-time-2.9.4.jar
7fabec98a000-7fabec98e000 r--s 00021000 00:3e 626                        /home/ubuntu/workspace/online_dealership/elasticsearch-5.0.0/lib/lucene-join-6.2.0.jar
7fabec98e000-7fabec993000 r--s 00038000 00:3e 625                        /home/ubuntu/workspace/online_dealership/elasticsearch-5.0.0/lib/lucene-suggest-6.2.0.jar
7fabec993000-7fabec995000 r--s 0000a000 00:3e 624                        /home/ubuntu/workspace/online_dealership/elasticsearch-5.0.0/lib/lucene-memory-6.2.0.jar
7fabec995000-7fabec997000 r--s 00019000 00:3e 623                        /home/ubuntu/workspace/online_dealership/elasticsearch-5.0.0/lib/HdrHistogram-2.1.6.jar
7fabec997000-7fabec99a000 r--s 0002b000 00:3e 622                        /home/ubuntu/workspace/online_dealership/elasticsearch-5.0.0/lib/lucene-sandbox-6.2.0.jar
7fabec99a000-7fabec9b3000 r--s 0010b000 00:3e 621                        /home/ubuntu/workspace/online_dealership/elasticsearch-5.0.0/lib/log4j-core-2.6.2.jar
7fabec9b3000-7fabec9b4000 r--s 00011000 00:3e 620                        /home/ubuntu/workspace/online_dealership/elasticsearch-5.0.0/lib/jackson-dataformat-smile-2.8.1.jar
7fabec9b4000-7fabec9b6000 r--s 00008000 00:3e 619                        /home/ubuntu/workspace/online_dealership/elasticsearch-5.0.0/lib/joda-convert-1.2.jar
7fabec9b6000-7fabec9ba000 r--s 0002d000 00:3e 618                        /home/ubuntu/workspace/online_dealership/elasticsearch-5.0.0/lib/log4j-api-2.6.2.jar
7fabec9ba000-7fabec9bc000 r--s 0000b000 00:3e 617                        /home/ubuntu/workspace/online_dealership/elasticsearch-5.0.0/lib/t-digest-3.0.jar
7fabec9bc000-7fabec9cd000 r--s 000b2000 00:3e 616                        /home/ubuntu/workspace/online_dealership/elasticsearch-5.0.0/lib/jts-1.13.jar
7fabec9cd000-7fabec9d1000 r--s 0002c000 00:3e 614                        /home/ubuntu/workspace/online_dealership/elasticsearch-5.0.0/lib/lucene-spatial-extras-6.2.0.jar
7fabec9d1000-7fabec9e8000 r--s 00100000 00:3e 610                        /home/ubuntu/workspace/online_dealership/elasticsearch-5.0.0/lib/hppc-0.7.1.jar
7fabec9e8000-7fabeca89000 r--s 0085e000 00:3e 637                        /home/ubuntu/workspace/online_dealership/elasticsearch-5.0.0/lib/elasticsearch-5.0.0.jar
7fabeca89000-7fabeca8a000 ---p 00000000 00:00 0 
7fabeca8a000-7fabecb8a000 rw-p 00000000 00:00 0                          [stack:4079]
7fabecb8a000-7fabecb8d000 ---p 00000000 00:00 0 
7fabecb8d000-7fabecc8b000 rw-p 00000000 00:00 0                          [stack:4078]
7fabecc8b000-7fabecc8e000 ---p 00000000 00:00 0 
7fabecc8e000-7fabecd8c000 rw-p 00000000 00:00 0                          [stack:4077]
7fabecd8c000-7fabecd8f000 ---p 00000000 00:00 0 
7fabecd8f000-7fabece8d000 rw-p 00000000 00:00 0                          [stack:4076]
7fabece8d000-7fabece90000 ---p 00000000 00:00 0 
7fabece90000-7fabecf8e000 rw-p 00000000 00:00 0                          [stack:4075]
7fabecf8e000-7fabecf91000 ---p 00000000 00:00 0 
7fabecf91000-7fabed08f000 rw-p 00000000 00:00 0                          [stack:4074]
7fabed08f000-7fabed092000 ---p 00000000 00:00 0 
7fabed092000-7fabed190000 rw-p 00000000 00:00 0                          [stack:4073]
7fabed190000-7fabed193000 ---p 00000000 00:00 0 
7fabed193000-7fabed291000 rw-p 00000000 00:00 0                          [stack:4072]
7fabed291000-7fabed2b7000 r--p 00000000 00:3e 110                        /usr/lib/locale/C.UTF-8/LC_CTYPE
7fabed2b7000-7fabed426000 r--p 00000000 00:3e 107                        /usr/lib/locale/C.UTF-8/LC_COLLATE
7fabed426000-7fabed429000 ---p 00000000 00:00 0 
7fabed429000-7fabed527000 rw-p 00000000 00:00 0                          [stack:4071]
7fabed527000-7fabed52a000 ---p 00000000 00:00 0 
7fabed52a000-7fabed628000 rw-p 00000000 00:00 0                          [stack:4070]
7fabed628000-7fabed800000 r--s 03d2a000 00:3e 15240                      /usr/lib/jvm/java-8-oracle/jre/lib/rt.jar
7fabed800000-7fabee000000 rw-p 00000000 00:00 0 
7fabee000000-7fabf0000000 rw-p 00000000 00:00 0 
7fabf0000000-7fabf0021000 rw-p 00000000 00:00 0 
7fabf0021000-7fabf4000000 ---p 00000000 00:00 0 
7fabf4000000-7fabf4021000 rw-p 00000000 00:00 0 
7fabf4021000-7fabf8000000 ---p 00000000 00:00 0 
7fabf8000000-7fabf8021000 rw-p 00000000 00:00 0 
7fabf8021000-7fabfc000000 ---p 00000000 00:00 0 
7fabfc000000-7fabfc021000 rw-p 00000000 00:00 0 
7fabfc021000-7fac00000000 ---p 00000000 00:00 0 
7fac00000000-7fac00021000 rw-p 00000000 00:00 0 
7fac00021000-7fac04000000 ---p 00000000 00:00 0 
7fac04000000-7fac04021000 rw-p 00000000 00:00 0 
7fac04021000-7fac08000000 ---p 00000000 00:00 0 
7fac08000000-7fac08021000 rw-p 00000000 00:00 0 
7fac08021000-7fac0c000000 ---p 00000000 00:00 0 
7fac0c000000-7fac0c003000 r--s 00020000 00:3e 615                        /home/ubuntu/workspace/online_dealership/elasticsearch-5.0.0/lib/lucene-misc-6.2.0.jar
7fac0c003000-7fac0c006000 r--s 00013000 00:3e 613                        /home/ubuntu/workspace/online_dealership/elasticsearch-5.0.0/lib/lucene-backward-codecs-6.2.0.jar
7fac0c006000-7fac0c00a000 r--s 00020000 00:3e 612                        /home/ubuntu/workspace/online_dealership/elasticsearch-5.0.0/lib/lucene-highlighter-6.2.0.jar
7fac0c00a000-7fac0c00c000 r--s 0000b000 00:3e 611                        /home/ubuntu/workspace/online_dealership/elasticsearch-5.0.0/lib/jackson-dataformat-cbor-2.8.1.jar
7fac0c00c000-7fac0c00d000 ---p 00000000 00:00 0 
7fac0c00d000-7fac0c43d000 rw-p 00000000 00:00 0                          [stack:4069]
7fac0c43d000-7fac0c43e000 ---p 00000000 00:00 0 
7fac0c43e000-7fac0cd46000 rw-p 00000000 00:00 0                          [stack:4068]
7fac0cd46000-7fac0cd47000 ---p 00000000 00:00 0 
7fac0cd47000-7fac0ce47000 rw-p 00000000 00:00 0                          [stack:4067]
7fac0ce47000-7fac0ce48000 ---p 00000000 00:00 0 
7fac0ce48000-7fac0f39e000 rw-p 00000000 00:00 0                          [stack:4066]
7fac0f39e000-7fac0f39f000 rw-p 00000000 00:00 0 
7fac0f39f000-7fac0f3a0000 ---p 00000000 00:00 0 
7fac0f3a0000-7fac0f4a0000 rw-p 00000000 00:00 0                          [stack:4065]
7fac0f4a0000-7fac0f4a1000 ---p 00000000 00:00 0 
7fac0f4a1000-7fac0f5a1000 rw-p 00000000 00:00 0                          [stack:4064]
7fac0f5a1000-7fac0f5a2000 ---p 00000000 00:00 0 
7fac0f5a2000-7fac0f6a2000 rw-p 00000000 00:00 0                          [stack:4063]
7fac0f6a2000-7fac0f6a3000 ---p 00000000 00:00 0 
7fac0f6a3000-7fac0f7a3000 rw-p 00000000 00:00 0                          [stack:4062]
7fac0f7a3000-7fac0f7a4000 ---p 00000000 00:00 0 
7fac0f7a4000-7fac0f8a4000 rw-p 00000000 00:00 0                          [stack:4061]
7fac0f8a4000-7fac0f8a5000 ---p 00000000 00:00 0 
7fac0f8a5000-7fac0f9a5000 rw-p 00000000 00:00 0                          [stack:4060]
7fac0f9a5000-7fac0f9a6000 ---p 00000000 00:00 0 
7fac0f9a6000-7fac0faa6000 rw-p 00000000 00:00 0                          [stack:4059]
7fac0faa6000-7fac0faa7000 ---p 00000000 00:00 0 
7fac0faa7000-7fac0fbd1000 rw-p 00000000 00:00 0                          [stack:4058]
7fac0fbd1000-7fac0ff67000 ---p 00000000 00:00 0 
7fac0ff67000-7fac109e7000 rwxp 00000000 00:00 0 
7fac109e7000-7fac1ef67000 ---p 00000000 00:00 0 
7fac1ef67000-7fac1ef81000 r-xp 00000000 00:3e 15238                      /usr/lib/jvm/java-8-oracle/jre/lib/amd64/libzip.so
7fac1ef81000-7fac1f181000 ---p 0001a000 00:3e 15238                      /usr/lib/jvm/java-8-oracle/jre/lib/amd64/libzip.so
7fac1f181000-7fac1f182000 rw-p 0001a000 00:3e 15238                      /usr/lib/jvm/java-8-oracle/jre/lib/amd64/libzip.so
7fac1f182000-7fac1f18d000 r-xp 00000000 00:3e 9558                       /lib/x86_64-linux-gnu/libnss_files-2.19.so
7fac1f18d000-7fac1f38c000 ---p 0000b000 00:3e 9558                       /lib/x86_64-linux-gnu/libnss_files-2.19.so
7fac1f38c000-7fac1f38d000 r--p 0000a000 00:3e 9558                       /lib/x86_64-linux-gnu/libnss_files-2.19.so
7fac1f38d000-7fac1f38e000 rw-p 0000b000 00:3e 9558                       /lib/x86_64-linux-gnu/libnss_files-2.19.so
7fac1f38e000-7fac1f399000 r-xp 00000000 00:3e 9556                       /lib/x86_64-linux-gnu/libnss_nis-2.19.so
7fac1f399000-7fac1f598000 ---p 0000b000 00:3e 9556                       /lib/x86_64-linux-gnu/libnss_nis-2.19.so
7fac1f598000-7fac1f599000 r--p 0000a000 00:3e 9556                       /lib/x86_64-linux-gnu/libnss_nis-2.19.so
7fac1f599000-7fac1f59a000 rw-p 0000b000 00:3e 9556                       /lib/x86_64-linux-gnu/libnss_nis-2.19.so
7fac1f59a000-7fac1f5b1000 r-xp 00000000 00:3e 9554                       /lib/x86_64-linux-gnu/libnsl-2.19.so
7fac1f5b1000-7fac1f7b0000 ---p 00017000 00:3e 9554                       /lib/x86_64-linux-gnu/libnsl-2.19.so
7fac1f7b0000-7fac1f7b1000 r--p 00016000 00:3e 9554                       /lib/x86_64-linux-gnu/libnsl-2.19.so
7fac1f7b1000-7fac1f7b2000 rw-p 00017000 00:3e 9554                       /lib/x86_64-linux-gnu/libnsl-2.19.so
7fac1f7b2000-7fac1f7b4000 rw-p 00000000 00:00 0 
7fac1f7b4000-7fac1f7bd000 r-xp 00000000 00:3e 9552                       /lib/x86_64-linux-gnu/libnss_compat-2.19.so
7fac1f7bd000-7fac1f9bc000 ---p 00009000 00:3e 9552                       /lib/x86_64-linux-gnu/libnss_compat-2.19.so
7fac1f9bc000-7fac1f9bd000 r--p 00008000 00:3e 9552                       /lib/x86_64-linux-gnu/libnss_compat-2.19.so
7fac1f9bd000-7fac1f9be000 rw-p 00009000 00:3e 9552                       /lib/x86_64-linux-gnu/libnss_compat-2.19.so
7fac1f9be000-7fac1f9e9000 r-xp 00000000 00:3e 15230                      /usr/lib/jvm/java-8-oracle/jre/lib/amd64/libjava.so
7fac1f9e9000-7fac1fbe8000 ---p 0002b000 00:3e 15230                      /usr/lib/jvm/java-8-oracle/jre/lib/amd64/libjava.so
7fac1fbe8000-7fac1fbea000 rw-p 0002a000 00:3e 15230                      /usr/lib/jvm/java-8-oracle/jre/lib/amd64/libjava.so
7fac1fbea000-7fac1fbf7000 r-xp 00000000 00:3e 15234                      /usr/lib/jvm/java-8-oracle/jre/lib/amd64/libverify.so
7fac1fbf7000-7fac1fdf6000 ---p 0000d000 00:3e 15234                      /usr/lib/jvm/java-8-oracle/jre/lib/amd64/libverify.so
7fac1fdf6000-7fac1fdf8000 rw-p 0000c000 00:3e 15234                      /usr/lib/jvm/java-8-oracle/jre/lib/amd64/libverify.so
7fac1fdf8000-7fac1fdff000 r-xp 00000000 00:3e 9527                       /lib/x86_64-linux-gnu/librt-2.19.so
7fac1fdff000-7fac1fffe000 ---p 00007000 00:3e 9527                       /lib/x86_64-linux-gnu/librt-2.19.so
7fac1fffe000-7fac1ffff000 r--p 00006000 00:3e 9527                       /lib/x86_64-linux-gnu/librt-2.19.so
7fac1ffff000-7fac20000000 rw-p 00007000 00:3e 9527                       /lib/x86_64-linux-gnu/librt-2.19.so
7fac20000000-7fac21892000 rw-p 00000000 00:00 0 
7fac21892000-7fac24000000 ---p 00000000 00:00 0 
7fac24000000-7fac24004000 r--s 00041000 00:3e 609                        /home/ubuntu/workspace/online_dealership/elasticsearch-5.0.0/lib/jackson-core-2.8.1.jar
7fac24004000-7fac24005000 r--s 00009000 00:3e 608                        /home/ubuntu/workspace/online_dealership/elasticsearch-5.0.0/lib/jackson-dataformat-yaml-2.8.1.jar
7fac24005000-7fac24009000 r--s 00112000 00:3e 607                        /home/ubuntu/workspace/online_dealership/elasticsearch-5.0.0/lib/jna-4.2.2.jar
7fac24009000-7fac2400d000 r--s 00036000 00:3e 606                        /home/ubuntu/workspace/online_dealership/elasticsearch-5.0.0/lib/lucene-spatial3d-6.2.0.jar
7fac2400d000-7fac24014000 r--s 00000000 00:3e 98                         /usr/lib/x86_64-linux-gnu/gconv/gconv-modules.cache
7fac24014000-7fac2407e000 rw-p 00000000 00:00 0 
7fac2407e000-7fac24183000 r-xp 00000000 00:3e 171                        /lib/x86_64-linux-gnu/libm-2.19.so
7fac24183000-7fac24382000 ---p 00105000 00:3e 171                        /lib/x86_64-linux-gnu/libm-2.19.so
7fac24382000-7fac24383000 r--p 00104000 00:3e 171                        /lib/x86_64-linux-gnu/libm-2.19.so
7fac24383000-7fac24384000 rw-p 00105000 00:3e 171                        /lib/x86_64-linux-gnu/libm-2.19.so
7fac24384000-7fac25051000 r-xp 00000000 00:3e 15233                      /usr/lib/jvm/java-8-oracle/jre/lib/amd64/server/libjvm.so
7fac25051000-7fac25250000 ---p 00ccd000 00:3e 15233                      /usr/lib/jvm/java-8-oracle/jre/lib/amd64/server/libjvm.so
7fac25250000-7fac25329000 rw-p 00ccc000 00:3e 15233                      /usr/lib/jvm/java-8-oracle/jre/lib/amd64/server/libjvm.so
7fac25329000-7fac25374000 rw-p 00000000 00:00 0 
7fac25374000-7fac2552f000 r-xp 00000000 00:3e 78                         /lib/x86_64-linux-gnu/libc-2.19.so
7fac2552f000-7fac2572e000 ---p 001bb000 00:3e 78                         /lib/x86_64-linux-gnu/libc-2.19.so
7fac2572e000-7fac25732000 r--p 001ba000 00:3e 78                         /lib/x86_64-linux-gnu/libc-2.19.so
7fac25732000-7fac25734000 rw-p 001be000 00:3e 78                         /lib/x86_64-linux-gnu/libc-2.19.so
7fac25734000-7fac25739000 rw-p 00000000 00:00 0 
7fac25739000-7fac2573c000 r-xp 00000000 00:3e 76                         /lib/x86_64-linux-gnu/libdl-2.19.so
7fac2573c000-7fac2593b000 ---p 00003000 00:3e 76                         /lib/x86_64-linux-gnu/libdl-2.19.so
7fac2593b000-7fac2593c000 r--p 00002000 00:3e 76                         /lib/x86_64-linux-gnu/libdl-2.19.so
7fac2593c000-7fac2593d000 rw-p 00003000 00:3e 76                         /lib/x86_64-linux-gnu/libdl-2.19.so
7fac2593d000-7fac25952000 r-xp 00000000 00:3e 15227                      /usr/lib/jvm/java-8-oracle/lib/amd64/jli/libjli.so
7fac25952000-7fac25b52000 ---p 00015000 00:3e 15227                      /usr/lib/jvm/java-8-oracle/lib/amd64/jli/libjli.so
7fac25b52000-7fac25b53000 rw-p 00015000 00:3e 15227                      /usr/lib/jvm/java-8-oracle/lib/amd64/jli/libjli.so
7fac25b53000-7fac25b6c000 r-xp 00000000 00:3e 261                        /lib/x86_64-linux-gnu/libpthread-2.19.so
7fac25b6c000-7fac25d6b000 ---p 00019000 00:3e 261                        /lib/x86_64-linux-gnu/libpthread-2.19.so
7fac25d6b000-7fac25d6c000 r--p 00018000 00:3e 261                        /lib/x86_64-linux-gnu/libpthread-2.19.so
7fac25d6c000-7fac25d6d000 rw-p 00019000 00:3e 261                        /lib/x86_64-linux-gnu/libpthread-2.19.so
7fac25d6d000-7fac25d71000 rw-p 00000000 00:00 0 
7fac25d71000-7fac25d94000 r-xp 00000000 00:3e 71                         /lib/x86_64-linux-gnu/ld-2.19.so
7fac25d94000-7fac25d95000 r--p 00000000 00:3e 109                        /usr/lib/locale/C.UTF-8/LC_NUMERIC
7fac25d95000-7fac25d96000 r--p 00000000 00:3e 108                        /usr/lib/locale/C.UTF-8/LC_TIME
7fac25d96000-7fac25d97000 r--p 00000000 00:3e 106                        /usr/lib/locale/C.UTF-8/LC_MONETARY
7fac25d97000-7fac25d98000 r--p 00000000 00:3e 105                        /usr/lib/locale/C.UTF-8/LC_MESSAGES/SYS_LC_MESSAGES
7fac25d98000-7fac25d99000 r--p 00000000 00:3e 103                        /usr/lib/locale/C.UTF-8/LC_PAPER
7fac25d99000-7fac25e7d000 rw-p 00000000 00:00 0 
7fac25e7d000-7fac25e80000 ---p 00000000 00:00 0 
7fac25e80000-7fac25f82000 rw-p 00000000 00:00 0                          [stack:4057]
7fac25f82000-7fac25f83000 r--p 00000000 00:3e 102                        /usr/lib/locale/C.UTF-8/LC_NAME
7fac25f83000-7fac25f84000 r--p 00000000 00:3e 101                        /usr/lib/locale/C.UTF-8/LC_ADDRESS
7fac25f84000-7fac25f85000 r--p 00000000 00:3e 100                        /usr/lib/locale/C.UTF-8/LC_TELEPHONE
7fac25f85000-7fac25f86000 r--p 00000000 00:3e 99                         /usr/lib/locale/C.UTF-8/LC_MEASUREMENT
7fac25f86000-7fac25f87000 r--p 00000000 00:3e 95                         /usr/lib/locale/C.UTF-8/LC_IDENTIFICATION
7fac25f87000-7fac25f8f000 rw-s 00000000 00:3e 17392                      /tmp/hsperfdata_ubuntu/4041
7fac25f8f000-7fac25f90000 rw-p 00000000 00:00 0 
7fac25f90000-7fac25f91000 ---p 00000000 00:00 0 
7fac25f91000-7fac25f93000 rw-p 00000000 00:00 0 
7fac25f93000-7fac25f94000 r--p 00022000 00:3e 71                         /lib/x86_64-linux-gnu/ld-2.19.so
7fac25f94000-7fac25f95000 rw-p 00023000 00:3e 71                         /lib/x86_64-linux-gnu/ld-2.19.so
7fac25f95000-7fac25f96000 rw-p 00000000 00:00 0 
7ffdd0e8d000-7ffdd0eae000 rw-p 00000000 00:00 0                          [stack]
7ffdd0f4a000-7ffdd0f4c000 r--p 00000000 00:00 0                          [vvar]
7ffdd0f4c000-7ffdd0f4e000 r-xp 00000000 00:00 0                          [vdso]
ffffffffff600000-ffffffffff601000 r-xp 00000000 00:00 0                  [vsyscall]

VM Arguments:
jvm_args: -Xms2g -Xmx2g -XX:+UseConcMarkSweepGC -XX:CMSInitiatingOccupancyFraction=75 -XX:+UseCMSInitiatingOccupancyOnly -XX:+DisableExplicitGC -XX:+AlwaysPreTouch -Djava.awt.headless=true -Dfile.encoding=UTF-8 -Djna.nosys=true -Dio.netty.noUnsafe=true -Dio.netty.noKeySetOptimization=true -Dlog4j.shutdownHookEnabled=false -Dlog4j2.disable.jmx=true -Dlog4j.skipJansi=true -XX:+HeapDumpOnOutOfMemoryError -Des.path.home=/home/ubuntu/workspace/online_dealership/elasticsearch-5.0.0 
java_command: org.elasticsearch.bootstrap.Elasticsearch
java_class_path (initial): /home/ubuntu/workspace/online_dealership/elasticsearch-5.0.0/lib/elasticsearch-5.0.0.jar:/home/ubuntu/workspace/online_dealership/elasticsearch-5.0.0/lib/lucene-spatial3d-6.2.0.jar:/home/ubuntu/workspace/online_dealership/elasticsearch-5.0.0/lib/jna-4.2.2.jar:/home/ubuntu/workspace/online_dealership/elasticsearch-5.0.0/lib/jackson-dataformat-yaml-2.8.1.jar:/home/ubuntu/workspace/online_dealership/elasticsearch-5.0.0/lib/jackson-core-2.8.1.jar:/home/ubuntu/workspace/online_dealership/elasticsearch-5.0.0/lib/hppc-0.7.1.jar:/home/ubuntu/workspace/online_dealership/elasticsearch-5.0.0/lib/jackson-dataformat-cbor-2.8.1.jar:/home/ubuntu/workspace/online_dealership/elasticsearch-5.0.0/lib/lucene-highlighter-6.2.0.jar:/home/ubuntu/workspace/online_dealership/elasticsearch-5.0.0/lib/lucene-backward-codecs-6.2.0.jar:/home/ubuntu/workspace/online_dealership/elasticsearch-5.0.0/lib/lucene-spatial-extras-6.2.0.jar:/home/ubuntu/workspace/online_dealership/elasticsearch-5.0.0/lib/lucene-misc-6.2.0.jar:/home/ubuntu/workspace/online_dealership/elasticsearch-5.0.0/lib/jts-1.13.jar:/home/ubuntu/workspace/online_dealership/elasticsearch-5.0.0/lib/t-digest-3.0.jar:/home/ubuntu/workspace/online_dealership/elasticsearch-5.0.0/lib/log4j-api-2.6.2.jar:/home/ubuntu/workspace/online_dealership/elasticsearch-5.0.0/lib/joda-convert-1.2.jar:/home/ubuntu/workspace/online_dealership/elasticsearch-5.0.0/lib/jackson-dataformat-smile-2.8.1.jar:/home/ubuntu/workspace/online_dealership/elasticsearch-5.0.0/lib/log4j-core-2.6.2.jar:/home/ubuntu/workspace/online_dealership/elasticsearch-5.0.0/lib/lucene-sandbox-6.2.0.jar:/home/ubuntu/workspace/online_dealership/elasticsearch-5.0.0/lib/HdrHistogram-2.1.6.jar:/home/ubuntu/workspace/online_dealership/elasticsearch-5.0.0/lib/lucene-memory-6.2.0.jar:/home/ubuntu/workspace/online_dealership/elasticsearch-5.0.0/lib/lucene-suggest-6.2.0.jar:/home/ubuntu/workspace/online_dealership/elasticsearch-5.0.0/lib/lucene-join-6.2.0.jar:/home/ub
Launcher Type: SUN_STANDARD

Environment Variables:
JAVA_HOME=/usr/lib/jvm/java-8-oracle
PATH=/home/ubuntu/.nvm/versions/node/v4.3.2/bin:/usr/local/rvm/gems/ruby-2.3.0/bin:/usr/local/rvm/gems/ruby-2.3.0@global/bin:/usr/local/rvm/rubies/ruby-2.3.0/bin:/mnt/shared/bin:/home/ubuntu/workspace/node_modules/.bin:/home/ubuntu/bin:/usr/local/sbin:/usr/local/bin:/usr/sbin:/usr/bin:/sbin:/bin:/mnt/shared/sbin:/opt/gitl:/opt/go/bin:/mnt/shared/c9/app.nw/bin:/usr/lib/jvm/java-8-oracle/bin:/usr/lib/jvm/java-8-oracle/db/bin:/usr/lib/jvm/java-8-oracle/jre/bin:/usr/lib/jvm/java-8-oracle/bin:/usr/lib/jvm/java-8-oracle/db/bin:/usr/lib/jvm/java-8-oracle/jre/bin:/usr/local/rvm/bin
LD_LIBRARY_PATH=~/.c9/local/lib
SHELL=/bin/bash

Signal Handlers:
SIGSEGV: [libjvm.so+0xac64b0], sa_mask[0]=11111111011111111101111111111110, sa_flags=SA_RESTART|SA_SIGINFO
SIGBUS: [libjvm.so+0xac64b0], sa_mask[0]=11111111011111111101111111111110, sa_flags=SA_RESTART|SA_SIGINFO
SIGFPE: [libjvm.so+0x91f950], sa_mask[0]=11111111011111111101111111111110, sa_flags=SA_RESTART|SA_SIGINFO
SIGPIPE: [libjvm.so+0x91f950], sa_mask[0]=11111111011111111101111111111110, sa_flags=SA_RESTART|SA_SIGINFO
SIGXFSZ: [libjvm.so+0x91f950], sa_mask[0]=11111111011111111101111111111110, sa_flags=SA_RESTART|SA_SIGINFO
SIGILL: [libjvm.so+0x91f950], sa_mask[0]=11111111011111111101111111111110, sa_flags=SA_RESTART|SA_SIGINFO
SIGUSR1: SIG_DFL, sa_mask[0]=00000000000000000000000000000000, sa_flags=none
SIGUSR2: [libjvm.so+0x920f80], sa_mask[0]=00000000000000000000000000000000, sa_flags=SA_RESTART|SA_SIGINFO
SIGHUP: [libjvm.so+0x922380], sa_mask[0]=11111111011111111101111111111110, sa_flags=SA_RESTART|SA_SIGINFO
SIGINT: [libjvm.so+0x922380], sa_mask[0]=11111111011111111101111111111110, sa_flags=SA_RESTART|SA_SIGINFO
SIGTERM: [libjvm.so+0x922380], sa_mask[0]=11111111011111111101111111111110, sa_flags=SA_RESTART|SA_SIGINFO
SIGQUIT: [libjvm.so+0x922380], sa_mask[0]=11111111011111111101111111111110, sa_flags=SA_RESTART|SA_SIGINFO


---------------  S Y S T E M  ---------------

OS:DISTRIB_ID=Ubuntu
DISTRIB_RELEASE=14.04
DISTRIB_CODENAME=trusty
DISTRIB_DESCRIPTION="Ubuntu 14.04.3 LTS"

uname:Linux 4.2.0-c9 #2 SMP Thu Oct 20 09:52:05 UTC 2016 x86_64
libc:glibc 2.19 NPTL 2.19 
rlimit: STACK 8192k, CORE 0k, NPROC 29856, NOFILE 8192, AS infinity
load average:3.30 3.93 4.10

/proc/meminfo:
MemTotal:       53595536 kB
MemFree:         6595040 kB
MemAvailable:   25611624 kB
Buffers:         3943840 kB
Cached:         19796012 kB
SwapCached:       157640 kB
Active:         20347036 kB
Inactive:       16813308 kB
Active(anon):    8575856 kB
Inactive(anon):  6007896 kB
Active(file):   11771180 kB
Inactive(file): 10805412 kB
Unevictable:        8036 kB
Mlocked:            8036 kB
SwapTotal:      52428796 kB
SwapFree:       51614736 kB
Dirty:                 0 kB
Writeback:             0 kB
AnonPages:      13351616 kB
Mapped:           845304 kB
Shmem:           1160476 kB
Slab:            8829636 kB
SReclaimable:    6305980 kB
SUnreclaim:      2523656 kB
KernelStack:      100672 kB
PageTables:       241468 kB
NFS_Unstable:          0 kB
Bounce:                0 kB
WritebackTmp:          0 kB
CommitLimit:    79226564 kB
Committed_AS:   51149808 kB
VmallocTotal:   34359738367 kB
VmallocUsed:      285904 kB
VmallocChunk:   34359320552 kB
HardwareCorrupted:     0 kB
AnonHugePages:     32768 kB
HugePages_Total:       0
HugePages_Free:        0
HugePages_Rsvd:        0
HugePages_Surp:        0
Hugepagesize:       2048 kB
DirectMap4k:      147444 kB
DirectMap2M:     8241152 kB
DirectMap1G:    48234496 kB


CPU:total 8 (12 cores per cpu, 2 threads per core) family 6 model 62 stepping 4, cmov, cx8, fxsr, mmx, sse, sse2, sse3, ssse3, sse4.1, sse4.2, popcnt, avx, aes, clmul, erms, ht, tsc, tscinvbit

/proc/cpuinfo:
processor	: 0
vendor_id	: GenuineIntel
cpu family	: 6
model		: 62
model name	: Intel(R) Xeon(R) CPU @ 2.50GHz
stepping	: 4
microcode	: 0x1
cpu MHz		: 2500.000
cache size	: 30720 KB
physical id	: 0
siblings	: 8
core id		: 0
cpu cores	: 4
apicid		: 0
initial apicid	: 0
fpu		: yes
fpu_exception	: yes
cpuid level	: 13
wp		: yes
flags		: fpu vme de pse tsc msr pae mce cx8 apic sep mtrr pge mca cmov pat pse36 clflush mmx fxsr sse sse2 ss ht syscall nx pdpe1gb rdtscp lm constant_tsc rep_good nopl xtopology nonstop_tsc eagerfpu pni pclmulqdq ssse3 cx16 sse4_1 sse4_2 x2apic popcnt aes xsave avx f16c rdrand hypervisor lahf_lm fsgsbase tsc_adjust smep erms xsaveopt
bugs		:
bogomips	: 5000.00
clflush size	: 64
cache_alignment	: 64
address sizes	: 46 bits physical, 48 bits virtual
power management:

processor	: 1
vendor_id	: GenuineIntel
cpu family	: 6
model		: 62
model name	: Intel(R) Xeon(R) CPU @ 2.50GHz
stepping	: 4
microcode	: 0x1
cpu MHz		: 2500.000
cache size	: 30720 KB
physical id	: 0
siblings	: 8
core id		: 0
cpu cores	: 4
apicid		: 1
initial apicid	: 1
fpu		: yes
fpu_exception	: yes
cpuid level	: 13
wp		: yes
flags		: fpu vme de pse tsc msr pae mce cx8 apic sep mtrr pge mca cmov pat pse36 clflush mmx fxsr sse sse2 ss ht syscall nx pdpe1gb rdtscp lm constant_tsc rep_good nopl xtopology nonstop_tsc eagerfpu pni pclmulqdq ssse3 cx16 sse4_1 sse4_2 x2apic popcnt aes xsave avx f16c rdrand hypervisor lahf_lm fsgsbase tsc_adjust smep erms xsaveopt
bugs		:
bogomips	: 5000.00
clflush size	: 64
cache_alignment	: 64
address sizes	: 46 bits physical, 48 bits virtual
power management:

processor	: 2
vendor_id	: GenuineIntel
cpu family	: 6
model		: 62
model name	: Intel(R) Xeon(R) CPU @ 2.50GHz
stepping	: 4
microcode	: 0x1
cpu MHz		: 2500.000
cache size	: 30720 KB
physical id	: 0
siblings	: 8
core id		: 1
cpu cores	: 4
apicid		: 2
initial apicid	: 2
fpu		: yes
fpu_exception	: yes
cpuid level	: 13
wp		: yes
flags		: fpu vme de pse tsc msr pae mce cx8 apic sep mtrr pge mca cmov pat pse36 clflush mmx fxsr sse sse2 ss ht syscall nx pdpe1gb rdtscp lm constant_tsc rep_good nopl xtopology nonstop_tsc eagerfpu pni pclmulqdq ssse3 cx16 sse4_1 sse4_2 x2apic popcnt aes xsave avx f16c rdrand hypervisor lahf_lm fsgsbase tsc_adjust smep erms xsaveopt
bugs		:
bogomips	: 5000.00
clflush size	: 64
cache_alignment	: 64
address sizes	: 46 bits physical, 48 bits virtual
power management:

processor	: 3
vendor_id	: GenuineIntel
cpu family	: 6
model		: 62
model name	: Intel(R) Xeon(R) CPU @ 2.50GHz
stepping	: 4
microcode	: 0x1
cpu MHz		: 2500.000
cache size	: 30720 KB
physical id	: 0
siblings	: 8
core id		: 1
cpu cores	: 4
apicid		: 3
initial apicid	: 3
fpu		: yes
fpu_exception	: yes
cpuid level	: 13
wp		: yes
flags		: fpu vme de pse tsc msr pae mce cx8 apic sep mtrr pge mca cmov pat pse36 clflush mmx fxsr sse sse2 ss ht syscall nx pdpe1gb rdtscp lm constant_tsc rep_good nopl xtopology nonstop_tsc eagerfpu pni pclmulqdq ssse3 cx16 sse4_1 sse4_2 x2apic popcnt aes xsave avx f16c rdrand hypervisor lahf_lm fsgsbase tsc_adjust smep erms xsaveopt
bugs		:
bogomips	: 5000.00
clflush size	: 64
cache_alignment	: 64
address sizes	: 46 bits physical, 48 bits virtual
power management:

processor	: 4
vendor_id	: GenuineIntel
cpu family	: 6
model		: 62
model name	: Intel(R) Xeon(R) CPU @ 2.50GHz
stepping	: 4
microcode	: 0x1
cpu MHz		: 2500.000
cache size	: 30720 KB
physical id	: 0
siblings	: 8
core id		: 2
cpu cores	: 4
apicid		: 4
initial apicid	: 4
fpu		: yes
fpu_exception	: yes
cpuid level	: 13
wp		: yes
flags		: fpu vme de pse tsc msr pae mce cx8 apic sep mtrr pge mca cmov pat pse36 clflush mmx fxsr sse sse2 ss ht syscall nx pdpe1gb rdtscp lm constant_tsc rep_good nopl xtopology nonstop_tsc eagerfpu pni pclmulqdq ssse3 cx16 sse4_1 sse4_2 x2apic popcnt aes xsave avx f16c rdrand hypervisor lahf_lm fsgsbase tsc_adjust smep erms xsaveopt
bugs		:
bogomips	: 5000.00
clflush size	: 64
cache_alignment	: 64
address sizes	: 46 bits physical, 48 bits virtual
power management:

processor	: 5
vendor_id	: GenuineIntel
cpu family	: 6
model		: 62
model name	: Intel(R) Xeon(R) CPU @ 2.50GHz
stepping	: 4
microcode	: 0x1
cpu MHz		: 2500.000
cache size	: 30720 KB
physical id	: 0
siblings	: 8
core id		: 2
cpu cores	: 4
apicid		: 5
initial apicid	: 5
fpu		: yes
fpu_exception	: yes
cpuid level	: 13
wp		: yes
flags		: fpu vme de pse tsc msr pae mce cx8 apic sep mtrr pge mca cmov pat pse36 clflush mmx fxsr sse sse2 ss ht syscall nx pdpe1gb rdtscp lm constant_tsc rep_good nopl xtopology nonstop_tsc eagerfpu pni pclmulqdq ssse3 cx16 sse4_1 sse4_2 x2apic popcnt aes xsave avx f16c rdrand hypervisor lahf_lm fsgsbase tsc_adjust smep erms xsaveopt
bugs		:
bogomips	: 5000.00
clflush size	: 64
cache_alignment	: 64
address sizes	: 46 bits physical, 48 bits virtual
power management:

processor	: 6
vendor_id	: GenuineIntel
cpu family	: 6
model		: 62
model name	: Intel(R) Xeon(R) CPU @ 2.50GHz
stepping	: 4
microcode	: 0x1
cpu MHz		: 2500.000
cache size	: 30720 KB
physical id	: 0
siblings	: 8
core id		: 3
cpu cores	: 4
apicid		: 6
initial apicid	: 6
fpu		: yes
fpu_exception	: yes
cpuid level	: 13
wp		: yes
flags		: fpu vme de pse tsc msr pae mce cx8 apic sep mtrr pge mca cmov pat pse36 clflush mmx fxsr sse sse2 ss ht syscall nx pdpe1gb rdtscp lm constant_tsc rep_good nopl xtopology nonstop_tsc eagerfpu pni pclmulqdq ssse3 cx16 sse4_1 sse4_2 x2apic popcnt aes xsave avx f16c rdrand hypervisor lahf_lm fsgsbase tsc_adjust smep erms xsaveopt
bugs		:
bogomips	: 5000.00
clflush size	: 64
cache_alignment	: 64
address sizes	: 46 bits physical, 48 bits virtual
power management:

processor	: 7
vendor_id	: GenuineIntel
cpu family	: 6
model		: 62
model name	: Intel(R) Xeon(R) CPU @ 2.50GHz
stepping	: 4
microcode	: 0x1
cpu MHz		: 2500.000
cache size	: 30720 KB
physical id	: 0
siblings	: 8
core id		: 3
cpu cores	: 4
apicid		: 7
initial apicid	: 7
fpu		: yes
fpu_exception	: yes
cpuid level	: 13
wp		: yes
flags		: fpu vme de pse tsc msr pae mce cx8 apic sep mtrr pge mca cmov pat pse36 clflush mmx fxsr sse sse2 ss ht syscall nx pdpe1gb rdtscp lm constant_tsc rep_good nopl xtopology nonstop_tsc eagerfpu pni pclmulqdq ssse3 cx16 sse4_1 sse4_2 x2apic popcnt aes xsave avx f16c rdrand hypervisor lahf_lm fsgsbase tsc_adjust smep erms xsaveopt
bugs		:
bogomips	: 5000.00
clflush size	: 64
cache_alignment	: 64
address sizes	: 46 bits physical, 48 bits virtual
power management:



Memory: 4k page, physical 53595536k(6595040k free), swap 52428796k(51614736k free)

vm_info: Java HotSpot(TM) 64-Bit Server VM (25.111-b14) for linux-amd64 JRE (1.8.0_111-b14), built on Sep 22 2016 16:14:03 by "java_re" with gcc 4.3.0 20080428 (Red Hat 4.3.0-8)

time: Wed Dec 21 16:57:17 2016
elapsed time: 28 seconds (0d 0h 0m 28s)

