#
# A fatal error has been detected by the Java Runtime Environment:
#
#  SIGSEGV (0xb) at pc=0x00007f13f93c7854, pid=44808, tid=0x00007f137f9f9700
#
# JRE version: Java(TM) SE Runtime Environment (8.0_111-b14) (build 1.8.0_111-b14)
# Java VM: Java HotSpot(TM) 64-Bit Server VM (25.111-b14 mixed mode linux-amd64 compressed oops)
# Problematic frame:
# J 1151 C1 java.lang.ThreadLocal.getMap(Ljava/lang/Thread;)Ljava/lang/ThreadLocal$ThreadLocalMap; (5 bytes) @ 0x00007f13f93c7854 [0x00007f13f93c7820+0x34]
#
# Failed to write core dump. Core dumps have been disabled. To enable core dumping, try "ulimit -c unlimited" before starting Java again
#
# If you would like to submit a bug report, please visit:
#   http://bugreport.java.com/bugreport/crash.jsp
#

---------------  T H R E A D  ---------------

Current thread (0x00007f137400d800):  JavaThread "elasticsearch[ht0EVsn][[unicast_connect]][T#6]" daemon [_thread_in_Java, id=44869, stack(0x00007f137f8f9000,0x00007f137f9fa000)]

siginfo: si_signo: 11 (SIGSEGV), si_code: 0 (SI_USER)

Registers:
RAX=0x0000000084351140, RBX=0x00007f13c7902c50, RCX=0x00000000a5ea8470, RDX=0x000000008390dd10
RSP=0x00007f137f9f7e98, RBP=0x00007f137f9f7f40, RSI=0x00000000a5ea8470, RDI=0x00000000a5ea8470
R8 =0x0000000000000000, R9 =0xfffffffffffffff8, R10=0x00007f140f7e0da0, R11=0x00007f13f98a39c0
R12=0x0000000000000000, R13=0x00007f137f9f7ef8, R14=0x0000000000000000, R15=0x00007f137400d800
RIP=0x00007f13f93c7854, EFLAGS=0x0000000000010206, CSGSFS=0x0000000000000033, ERR=0x0000000000000004
  TRAPNO=0x000000000000000e

Top of Stack: (sp=0x00007f137f9f7e98)
0x00007f137f9f7e98:   00007f13f98a3ac4 00007f137400d800
0x00007f137f9f7ea8:   00007f1360000a30 00007f137f9f7ef0
0x00007f137f9f7eb8:   00007f140ef311cc 00007f137400d800
0x00007f137f9f7ec8:   00007f137f9f7ee0 00000000a5ea8470
0x00007f137f9f7ed8:   0000000000000000 00007f137f9f7f40
0x00007f137f9f7ee8:   00007f13f9008040 00007f13f9008040
0x00007f137f9f7ef8:   00000000a5ea8470 00007f137f9f7f00
0x00007f137f9f7f08:   00007f13c4857cb5 00007f137f9f7f58
0x00007f137f9f7f18:   00007f13c4859a68 0000000000000000
0x00007f137f9f7f28:   00007f13c4857cf8 00007f137f9f7ef8
0x00007f137f9f7f38:   00007f137f9f7f60 00007f137f9f7fa0
0x00007f137f9f7f48:   00007f13f9008040 0000000000000000
0x00007f137f9f7f58:   00000000a5ea8470 00007f137f9f7f60
0x00007f137f9f7f68:   00007f13c4857b13 00007f137f9f7fb0
0x00007f137f9f7f78:   00007f13c4859a68 0000000000000000
0x00007f137f9f7f88:   00007f13c4857b30 00007f137f9f7f60
0x00007f137f9f7f98:   00007f137f9f7fb8 00007f137f9f7ff8
0x00007f137f9f7fa8:   00007f13f9008040 000000008390dd10
0x00007f137f9f7fb8:   00007f137f9f7fb8 00007f13c4813125
0x00007f137f9f7fc8:   00007f137f9f8020 00007f13c4813468
0x00007f137f9f7fd8:   0000000000000000 00007f13c4813190
0x00007f137f9f7fe8:   00007f137f9f7fb8 00007f137f9f8020
0x00007f137f9f7ff8:   00007f137f9f8068 00007f13f9007a90
0x00007f137f9f8008:   0000000000000000 0000000000000000
0x00007f137f9f8018:   00000000a5eb03c0 00000000a61d2900
0x00007f137f9f8028:   00007f137f9f8028 00007f13c4878cfd
0x00007f137f9f8038:   00007f137f9f8080 00007f13c488bbe0
0x00007f137f9f8048:   0000000000000000 00007f13c4878d58
0x00007f137f9f8058:   00007f137f9f8020 00007f137f9f8080
0x00007f137f9f8068:   00007f137f9f80d8 00007f13f90082bd
0x00007f137f9f8078:   00000000a61d2900 00000000a61d2900
0x00007f137f9f8088:   000000008436afe0 000000008436afe0 

Instructions: (pc=0x00007f13f93c7854)
0x00007f13f93c7834:   0f 1f 84 00 00 00 00 00 66 66 66 90 89 84 24 00
0x00007f13f93c7844:   c0 fe ff 55 48 83 ec 30 8b 42 50 48 83 c4 30 5d
0x00007f13f93c7854:   85 05 a6 f8 05 17 c3 e8 e0 21 d3 ff 90 90 49 8b
0x00007f13f93c7864:   87 a8 02 00 00 49 ba 00 00 00 00 00 00 00 00 4d 

Register to memory mapping:

RAX=
[error occurred during error reporting (printing register info), id 0xb]

Stack: [0x00007f137f8f9000,0x00007f137f9fa000],  sp=0x00007f137f9f7e98,  free space=1019k
Native frames: (J=compiled Java code, j=interpreted, Vv=VM code, C=native code)
J 1151 C1 java.lang.ThreadLocal.getMap(Ljava/lang/Thread;)Ljava/lang/ThreadLocal$ThreadLocalMap; (5 bytes) @ 0x00007f13f93c7854 [0x00007f13f93c7820+0x34]
C  0x00000000a5ea8470
j  io.netty.util.internal.InternalThreadLocalMap.slowGet()Lio/netty/util/internal/InternalThreadLocalMap;+5
j  io.netty.util.internal.InternalThreadLocalMap.get()Lio/netty/util/internal/InternalThreadLocalMap;+19
j  io.netty.channel.ChannelHandlerAdapter.isSharable()Z+5
j  io.netty.channel.DefaultChannelPipeline.checkMultiplicity(Lio/netty/channel/ChannelHandler;)V+13
j  io.netty.channel.DefaultChannelPipeline.addLast(Lio/netty/util/concurrent/EventExecutorGroup;Ljava/lang/String;Lio/netty/channel/ChannelHandler;)Lio/netty/channel/ChannelPipeline;+6
j  io.netty.channel.DefaultChannelPipeline.addLast(Lio/netty/util/concurrent/EventExecutorGroup;[Lio/netty/channel/ChannelHandler;)Lio/netty/channel/ChannelPipeline;+49
j  io.netty.channel.DefaultChannelPipeline.addLast([Lio/netty/channel/ChannelHandler;)Lio/netty/channel/ChannelPipeline;+3
j  io.netty.bootstrap.Bootstrap.init(Lio/netty/channel/Channel;)V+22
j  io.netty.bootstrap.AbstractBootstrap.initAndRegister()Lio/netty/channel/ChannelFuture;+14
j  io.netty.bootstrap.Bootstrap.doResolveAndConnect(Ljava/net/SocketAddress;Ljava/net/SocketAddress;)Lio/netty/channel/ChannelFuture;+1
j  io.netty.bootstrap.Bootstrap.connect(Ljava/net/SocketAddress;)Lio/netty/channel/ChannelFuture;+28
j  org.elasticsearch.transport.netty4.Netty4Transport.connectToChannelsLight(Lorg/elasticsearch/cluster/node/DiscoveryNode;)Lorg/elasticsearch/transport/TcpTransport$NodeChannels;+16
j  org.elasticsearch.transport.TcpTransport.connectToNode(Lorg/elasticsearch/cluster/node/DiscoveryNode;Z)V+161
j  org.elasticsearch.transport.TcpTransport.connectToNodeLight(Lorg/elasticsearch/cluster/node/DiscoveryNode;)V+3
j  org.elasticsearch.transport.TransportService.connectToNodeLightAndHandshake(Lorg/elasticsearch/cluster/node/DiscoveryNode;JZ)Lorg/elasticsearch/cluster/node/DiscoveryNode;+21
j  org.elasticsearch.transport.TransportService.connectToNodeLightAndHandshake(Lorg/elasticsearch/cluster/node/DiscoveryNode;J)Lorg/elasticsearch/cluster/node/DiscoveryNode;+4
j  org.elasticsearch.discovery.zen.ping.unicast.UnicastZenPing$2.run()V+66
j  org.elasticsearch.common.util.concurrent.ThreadContext$ContextPreservingRunnable.run()V+27
j  java.util.concurrent.ThreadPoolExecutor.runWorker(Ljava/util/concurrent/ThreadPoolExecutor$Worker;)V+95
j  java.util.concurrent.ThreadPoolExecutor$Worker.run()V+5
j  java.lang.Thread.run()V+11
v  ~StubRoutines::call_stub
V  [libjvm.so+0x690206]  JavaCalls::call_helper(JavaValue*, methodHandle*, JavaCallArguments*, Thread*)+0x1056
V  [libjvm.so+0x690711]  JavaCalls::call_virtual(JavaValue*, KlassHandle, Symbol*, Symbol*, JavaCallArguments*, Thread*)+0x321
V  [libjvm.so+0x690bb7]  JavaCalls::call_virtual(JavaValue*, Handle, KlassHandle, Symbol*, Symbol*, Thread*)+0x47
V  [libjvm.so+0x7278f0]  thread_entry(JavaThread*, Thread*)+0xa0
V  [libjvm.so+0xa742b3]  JavaThread::thread_main_inner()+0x103
V  [libjvm.so+0xa743fc]  JavaThread::run()+0x11c
V  [libjvm.so+0x924ea8]  java_start(Thread*)+0x108
C  [libpthread.so.0+0x8182]  start_thread+0xc2


---------------  P R O C E S S  ---------------

Java Threads: ( => current thread )
  0x00007f1374012800 JavaThread "elasticsearch[ht0EVsn][[unicast_connect]][T#9]" daemon [_thread_blocked, id=44872, stack(0x00007f137f5f6000,0x00007f137f6f7000)]
  0x00007f1374011000 JavaThread "elasticsearch[ht0EVsn][[unicast_connect]][T#8]" daemon [_thread_in_vm, id=44871, stack(0x00007f137f6f7000,0x00007f137f7f8000)]
  0x00007f137400f000 JavaThread "elasticsearch[ht0EVsn][[unicast_connect]][T#7]" daemon [_thread_blocked, id=44870, stack(0x00007f137f7f8000,0x00007f137f8f9000)]
=>0x00007f137400d800 JavaThread "elasticsearch[ht0EVsn][[unicast_connect]][T#6]" daemon [_thread_in_Java, id=44869, stack(0x00007f137f8f9000,0x00007f137f9fa000)]
  0x00007f137400c000 JavaThread "elasticsearch[ht0EVsn][[unicast_connect]][T#5]" daemon [_thread_blocked, id=44868, stack(0x00007f137f9fa000,0x00007f137fafb000)]
  0x00007f137400a000 JavaThread "elasticsearch[ht0EVsn][[unicast_connect]][T#4]" daemon [_thread_blocked, id=44867, stack(0x00007f137fafb000,0x00007f137fbfc000)]
  0x00007f1374008000 JavaThread "elasticsearch[ht0EVsn][[unicast_connect]][T#3]" daemon [_thread_blocked, id=44866, stack(0x00007f137fbfc000,0x00007f137fcfd000)]
  0x00007f1374006800 JavaThread "elasticsearch[ht0EVsn][[unicast_connect]][T#2]" daemon [_thread_blocked, id=44865, stack(0x00007f137fcfd000,0x00007f137fdfe000)]
  0x00007f1374005000 JavaThread "elasticsearch[ht0EVsn][[unicast_connect]][T#1]" daemon [_thread_in_vm, id=44864, stack(0x00007f137fdfe000,0x00007f137feff000)]
  0x00007f1378002800 JavaThread "elasticsearch[ht0EVsn][generic][T#1]" daemon [_thread_blocked, id=44863, stack(0x00007f137feff000,0x00007f1380000000)]
  0x00007f140926f800 JavaThread "elasticsearch[ht0EVsn][clusterService#updateTask][T#1]" daemon [_thread_blocked, id=44862, stack(0x00007f13c40fb000,0x00007f13c41fc000)]
  0x00007f1408b62800 JavaThread "elasticsearch[ht0EVsn][[transport_server_worker.default]][T#2]" daemon [_thread_blocked, id=44861, stack(0x00007f13c41fc000,0x00007f13c42fd000)]
  0x00007f1408158000 JavaThread "elasticsearch[ht0EVsn][[transport_server_worker.default]][T#1]" daemon [_thread_blocked, id=44860, stack(0x00007f13c42fd000,0x00007f13c43fe000)]
  0x00007f1408bf7800 JavaThread "elasticsearch[ht0EVsn][[ttl_expire]]" daemon [_thread_blocked, id=44859, stack(0x00007f13c45fe000,0x00007f13c46ff000)]
  0x00007f14088b9000 JavaThread "elasticsearch[ht0EVsn][scheduler][T#1]" daemon [_thread_blocked, id=44858, stack(0x00007f13c4cff000,0x00007f13c4e00000)]
  0x00007f1408cc5800 JavaThread "elasticsearch[ht0EVsn][[timer]]" daemon [_thread_blocked, id=44856, stack(0x00007f13c5a03000,0x00007f13c5b04000)]
  0x00007f14086b4000 JavaThread "process reaper" daemon [_thread_blocked, id=44852, stack(0x00007f13c620c000,0x00007f13c6245000)]
  0x00007f140814d800 JavaThread "Service Thread" daemon [_thread_blocked, id=44849, stack(0x00007f13c6f8a000,0x00007f13c708b000)]
  0x00007f140813a800 JavaThread "C1 CompilerThread3" daemon [_thread_blocked, id=44846, stack(0x00007f13c708b000,0x00007f13c718c000)]
  0x00007f1408138800 JavaThread "C2 CompilerThread2" daemon [_thread_blocked, id=44845, stack(0x00007f13c718c000,0x00007f13c728d000)]
  0x00007f1408136800 JavaThread "C2 CompilerThread1" daemon [_thread_blocked, id=44844, stack(0x00007f13c728d000,0x00007f13c738e000)]
  0x00007f1408134000 JavaThread "C2 CompilerThread0" daemon [_thread_blocked, id=44843, stack(0x00007f13c738e000,0x00007f13c748f000)]
  0x00007f1408132000 JavaThread "Signal Dispatcher" daemon [_thread_blocked, id=44842, stack(0x00007f13c748f000,0x00007f13c7590000)]
  0x00007f1408131000 JavaThread "Surrogate Locker Thread (Concurrent GC)" daemon [_thread_blocked, id=44841, stack(0x00007f13c7590000,0x00007f13c7691000)]
  0x00007f14080f9800 JavaThread "Finalizer" daemon [_thread_blocked, id=44839, stack(0x00007f13d809b000,0x00007f13d819c000)]
  0x00007f14080f5000 JavaThread "Reference Handler" daemon [_thread_blocked, id=44838, stack(0x00007f13d819c000,0x00007f13d829d000)]
  0x00007f140800c000 JavaThread "main" [_thread_blocked, id=44824, stack(0x00007f1410314000,0x00007f1410415000)]

Other Threads:
  0x00007f14080ed800 VMThread [stack: 0x00007f13d829d000,0x00007f13d839e000] [id=44837]
  0x00007f1408150800 WatcherThread [stack: 0x00007f13c6e89000,0x00007f13c6f8a000] [id=44850]

VM state:synchronizing (normal execution)

VM Mutex/Monitor currently owned by a thread:  ([mutex/lock_event])
[0x00007f14080080e0] Safepoint_lock - owner thread: 0x00007f14080ed800
[0x00007f1408008160] Threads_lock - owner thread: 0x00007f14080ed800

Heap:
 par new generation   total 613440K, used 127326K [0x0000000080000000, 0x00000000a9990000, 0x00000000a9990000)
  eden space 545344K,  14% used [0x0000000080000000, 0x0000000084df7ec8, 0x00000000a1490000)
  from space 68096K,  69% used [0x00000000a5710000, 0x00000000a856fb20, 0x00000000a9990000)
  to   space 68096K,   0% used [0x00000000a1490000, 0x00000000a1490000, 0x00000000a5710000)
 concurrent mark-sweep generation total 1415616K, used 0K [0x00000000a9990000, 0x0000000100000000, 0x0000000100000000)
 Metaspace       used 41563K, capacity 44148K, committed 44184K, reserved 1087488K
  class space    used 5729K, capacity 6642K, committed 6644K, reserved 1048576K

Card table byte_map: [0x00007f140c4b3000,0x00007f140c8b4000] byte_map_base: 0x00007f140c0b3000

Marking Bits: (CMSBitMap*) 0x00007f1408095888
 Bits: [0x00007f13daa66000, 0x00007f13dbfffc00)

Mod Union Table: (CMSBitMap*) 0x00007f1408095948
 Bits: [0x00007f14102bd000, 0x00007f1410313670)

Polling page: 0x00007f1410427000

CodeCache: size=245760Kb used=9240Kb max_used=10884Kb free=236519Kb
 bounds [0x00007f13f9000000, 0x00007f13f9ab0000, 0x00007f1408000000]
 total_blobs=3370 nmethods=2760 adapters=523
 compilation: enabled

Compilation events (10 events):
Event: 29.668 Thread 0x00007f1408134000 nmethod 3153 0x00007f13f927ac90 code [0x00007f13f927ae00, 0x00007f13f927b038]
Event: 29.670 Thread 0x00007f1408138800 nmethod 3154 0x00007f13f9630210 code [0x00007f13f96303c0, 0x00007f13f9631308]
Event: 29.711 Thread 0x00007f140813a800 3157       1       java.lang.Thread::getThreadGroup (5 bytes)
Event: 29.796 Thread 0x00007f140813a800 nmethod 3157 0x00007f13f9448c90 code [0x00007f13f9448de0, 0x00007f13f9448ef0]
Event: 29.812 Thread 0x00007f140813a800 3158       3       java.lang.invoke.LambdaForm$MH/1773638882::linkToTargetMethod (10 bytes)
Event: 29.836 Thread 0x00007f140813a800 nmethod 3158 0x00007f13f92b5550 code [0x00007f13f92b56e0, 0x00007f13f92b5bd8]
Event: 29.847 Thread 0x00007f140813a800 3159       3       java.util.concurrent.locks.ReentrantReadWriteLock$Sync::exclusiveCount (5 bytes)
Event: 29.847 Thread 0x00007f140813a800 nmethod 3159 0x00007f13f91b8610 code [0x00007f13f91b8760, 0x00007f13f91b8890]
Event: 29.878 Thread 0x00007f140813a800 3160       3       java.lang.ThreadLocal$ThreadLocalMap::set (136 bytes)
Event: 29.884 Thread 0x00007f140813a800 nmethod 3160 0x00007f13f913a690 code [0x00007f13f913a8a0, 0x00007f13f913b388]

GC Heap History (2 events):
Event: 28.579 GC heap before
{Heap before GC invocations=0 (full 1):
 par new generation   total 613440K, used 545344K [0x0000000080000000, 0x00000000a9990000, 0x00000000a9990000)
  eden space 545344K, 100% used [0x0000000080000000, 0x00000000a1490000, 0x00000000a1490000)
  from space 68096K,   0% used [0x00000000a1490000, 0x00000000a1490000, 0x00000000a5710000)
  to   space 68096K,   0% used [0x00000000a5710000, 0x00000000a5710000, 0x00000000a9990000)
 concurrent mark-sweep generation total 1415616K, used 0K [0x00000000a9990000, 0x0000000100000000, 0x0000000100000000)
 Metaspace       used 41042K, capacity 43552K, committed 43672K, reserved 1087488K
  class space    used 5649K, capacity 6558K, committed 6644K, reserved 1048576K
Event: 28.671 GC heap after
Heap after GC invocations=1 (full 1):
 par new generation   total 613440K, used 47486K [0x0000000080000000, 0x00000000a9990000, 0x00000000a9990000)
  eden space 545344K,   0% used [0x0000000080000000, 0x0000000080000000, 0x00000000a1490000)
  from space 68096K,  69% used [0x00000000a5710000, 0x00000000a856fb20, 0x00000000a9990000)
  to   space 68096K,   0% used [0x00000000a1490000, 0x00000000a1490000, 0x00000000a5710000)
 concurrent mark-sweep generation total 1415616K, used 0K [0x00000000a9990000, 0x0000000100000000, 0x0000000100000000)
 Metaspace       used 41042K, capacity 43552K, committed 43672K, reserved 1087488K
  class space    used 5649K, capacity 6558K, committed 6644K, reserved 1048576K
}

Deoptimization events (10 events):
Event: 23.623 Thread 0x00007f140800c000 Uncommon trap: reason=class_check action=maybe_recompile pc=0x00007f13f9960888 method=java.lang.reflect.Executable.declaredAnnotations()Ljava/util/Map; @ 8
Event: 23.628 Thread 0x00007f140800c000 Uncommon trap: reason=class_check action=maybe_recompile pc=0x00007f13f9960888 method=java.lang.reflect.Executable.declaredAnnotations()Ljava/util/Map; @ 8
Event: 27.640 Thread 0x00007f140800c000 Uncommon trap: reason=unstable_if action=reinterpret pc=0x00007f13f980c824 method=java.util.regex.Pattern.escape(ZZZ)I @ 993
Event: 27.654 Thread 0x00007f140800c000 Uncommon trap: reason=unstable_if action=reinterpret pc=0x00007f13f90ff108 method=java.lang.ClassLoader.checkClassLoaderPermission(Ljava/lang/ClassLoader;Ljava/lang/Class;)V @ 18
Event: 27.963 Thread 0x00007f140800c000 Uncommon trap: reason=unstable_if action=reinterpret pc=0x00007f13f9655138 method=java.util.regex.Pattern.range(Ljava/util/regex/Pattern$BitClass;)Ljava/util/regex/Pattern$CharProperty; @ 168
Event: 28.824 Thread 0x00007f14080f9800 Uncommon trap: reason=unstable_if action=reinterpret pc=0x00007f13f999f440 method=java.lang.ref.ReferenceQueue.poll()Ljava/lang/ref/Reference; @ 4
Event: 28.827 Thread 0x00007f14080f9800 Uncommon trap: reason=unstable_if action=reinterpret pc=0x00007f13f9801f4c method=java.lang.ref.ReferenceQueue.poll()Ljava/lang/ref/Reference; @ 4
Event: 28.827 Thread 0x00007f14080f9800 Uncommon trap: reason=unstable_if action=reinterpret pc=0x00007f13f94fb0fc method=java.lang.ref.ReferenceQueue.poll()Ljava/lang/ref/Reference; @ 4
Event: 29.236 Thread 0x00007f140800c000 Uncommon trap: reason=unstable_if action=reinterpret pc=0x00007f13f96c4038 method=java.lang.ref.ReferenceQueue.poll()Ljava/lang/ref/Reference; @ 4
Event: 29.376 Thread 0x00007f140800c000 Uncommon trap: reason=unstable_if action=reinterpret pc=0x00007f13f9a4a688 method=java.lang.reflect.Modifier.isProtected(I)Z @ 3

Internal exceptions (10 events):
Event: 22.424 Thread 0x00007f140800c000 Exception <a 'java/lang/IncompatibleClassChangeError': Found class java.lang.Object, but interface was expected> (0x000000009a2e0818) thrown at [/HUDSON3/workspace/8-2-build-linux-amd64/jdk8u111/7883/hotspot/src/share/vm/interpreter/linkResolver.cpp, line
Event: 22.466 Thread 0x00007f140800c000 Exception <a 'java/lang/IncompatibleClassChangeError': Found class java.lang.Object, but interface was expected> (0x000000009a5b2a30) thrown at [/HUDSON3/workspace/8-2-build-linux-amd64/jdk8u111/7883/hotspot/src/share/vm/interpreter/linkResolver.cpp, line
Event: 22.478 Thread 0x00007f140800c000 Exception <a 'java/lang/IncompatibleClassChangeError': Found class java.lang.Object, but interface was expected> (0x000000009a62a208) thrown at [/HUDSON3/workspace/8-2-build-linux-amd64/jdk8u111/7883/hotspot/src/share/vm/interpreter/linkResolver.cpp, line
Event: 22.964 Thread 0x00007f140800c000 Exception <a 'java/lang/NoSuchMethodError': java.lang.Object.lambda$identity$0(Ljava/lang/Object;)Ljava/lang/Object;> (0x000000009b83a610) thrown at [/HUDSON3/workspace/8-2-build-linux-amd64/jdk8u111/7883/hotspot/src/share/vm/interpreter/linkResolver.cpp,
Event: 27.091 Thread 0x00007f140800c000 Exception <a 'sun/nio/fs/UnixException'> (0x000000009f8c2638) thrown at [/HUDSON3/workspace/8-2-build-linux-amd64/jdk8u111/7883/hotspot/src/share/vm/prims/jni.cpp, line 709]
Event: 27.662 Thread 0x00007f140800c000 Exception <a 'java/security/AccessControlException'> (0x000000009feb0780) thrown at [/HUDSON3/workspace/8-2-build-linux-amd64/jdk8u111/7883/hotspot/src/share/vm/prims/jvm.cpp, line 1390]
Event: 27.665 Thread 0x00007f140800c000 Exception <a 'java/security/AccessControlException'> (0x000000009febada8) thrown at [/HUDSON3/workspace/8-2-build-linux-amd64/jdk8u111/7883/hotspot/src/share/vm/prims/jvm.cpp, line 1390]
Event: 27.665 Thread 0x00007f140800c000 Exception <a 'java/security/AccessControlException'> (0x000000009febb538) thrown at [/HUDSON3/workspace/8-2-build-linux-amd64/jdk8u111/7883/hotspot/src/share/vm/prims/jvm.cpp, line 1390]
Event: 27.667 Thread 0x00007f140800c000 Exception <a 'java/lang/NoClassDefFoundError': javassist/ClassPath> (0x000000009fed4f90) thrown at [/HUDSON3/workspace/8-2-build-linux-amd64/jdk8u111/7883/hotspot/src/share/vm/classfile/systemDictionary.cpp, line 199]
Event: 29.961 Thread 0x00007f137400d800 Implicit null exception at 0x00007f13f93c7854 to 0x0000000000000000

Events (10 events):
Event: 29.873 loading class java/net/Socket done
Event: 29.873 loading class sun/nio/ch/SocketAdaptor done
Event: 29.874 loading class sun/nio/ch/SocketChannelImpl$DefaultOptionsHolder
Event: 29.874 loading class sun/nio/ch/SocketChannelImpl$DefaultOptionsHolder done
Event: 29.874 loading class sun/net/ExtendedOptionsImpl
Event: 29.874 loading class sun/net/ExtendedOptionsImpl done
Event: 29.884 Thread 0x00007f140813a800 flushing nmethod 0x00007f13f9436e10
Event: 29.899 loading class jdk/net/SocketFlow$Status
Event: 29.905 loading class jdk/net/SocketFlow$Status done
Event: 29.906 Executing VM operation: RevokeBias


Dynamic libraries:
00400000-00401000 r-xp 00000000 00:215 15250                             /usr/lib/jvm/java-8-oracle/bin/java
00600000-00601000 rw-p 00000000 00:215 15250                             /usr/lib/jvm/java-8-oracle/bin/java
022bf000-022e0000 rw-p 00000000 00:00 0                                  [heap]
80000000-10067d000 rw-p 00000000 00:00 0 
10067d000-140000000 ---p 00000000 00:00 0 
7f134c000000-7f134c021000 rw-p 00000000 00:00 0 
7f134c021000-7f1350000000 ---p 00000000 00:00 0 
7f1354000000-7f1354021000 rw-p 00000000 00:00 0 
7f1354021000-7f1358000000 ---p 00000000 00:00 0 
7f1358000000-7f1358021000 rw-p 00000000 00:00 0 
7f1358021000-7f135c000000 ---p 00000000 00:00 0 
7f135c000000-7f135c021000 rw-p 00000000 00:00 0 
7f135c021000-7f1360000000 ---p 00000000 00:00 0 
7f1360000000-7f136029b000 rw-p 00000000 00:00 0 
7f136029b000-7f1364000000 ---p 00000000 00:00 0 
7f1364000000-7f1364021000 rw-p 00000000 00:00 0 
7f1364021000-7f1368000000 ---p 00000000 00:00 0 
7f1368000000-7f1368021000 rw-p 00000000 00:00 0 
7f1368021000-7f136c000000 ---p 00000000 00:00 0 
7f136c000000-7f136c021000 rw-p 00000000 00:00 0 
7f136c021000-7f1370000000 ---p 00000000 00:00 0 
7f1370000000-7f1370021000 rw-p 00000000 00:00 0 
7f1370021000-7f1374000000 ---p 00000000 00:00 0 
7f1374000000-7f1374021000 rw-p 00000000 00:00 0 
7f1374021000-7f1378000000 ---p 00000000 00:00 0 
7f1378000000-7f1378021000 rw-p 00000000 00:00 0 
7f1378021000-7f137c000000 ---p 00000000 00:00 0 
7f137f5f6000-7f137f5f9000 ---p 00000000 00:00 0 
7f137f5f9000-7f137f6f7000 rw-p 00000000 00:00 0                          [stack:44872]
7f137f6f7000-7f137f6fa000 ---p 00000000 00:00 0 
7f137f6fa000-7f137f7f8000 rw-p 00000000 00:00 0                          [stack:44871]
7f137f7f8000-7f137f7fb000 ---p 00000000 00:00 0 
7f137f7fb000-7f137f8f9000 rw-p 00000000 00:00 0                          [stack:44870]
7f137f8f9000-7f137f8fc000 ---p 00000000 00:00 0 
7f137f8fc000-7f137f9fa000 rw-p 00000000 00:00 0                          [stack:44869]
7f137f9fa000-7f137f9fd000 ---p 00000000 00:00 0 
7f137f9fd000-7f137fafb000 rw-p 00000000 00:00 0                          [stack:44868]
7f137fafb000-7f137fafe000 ---p 00000000 00:00 0 
7f137fafe000-7f137fbfc000 rw-p 00000000 00:00 0                          [stack:44867]
7f137fbfc000-7f137fbff000 ---p 00000000 00:00 0 
7f137fbff000-7f137fcfd000 rw-p 00000000 00:00 0                          [stack:44866]
7f137fcfd000-7f137fd00000 ---p 00000000 00:00 0 
7f137fd00000-7f137fdfe000 rw-p 00000000 00:00 0                          [stack:44865]
7f137fdfe000-7f137fe01000 ---p 00000000 00:00 0 
7f137fe01000-7f137feff000 rw-p 00000000 00:00 0                          [stack:44864]
7f137feff000-7f137ff02000 ---p 00000000 00:00 0 
7f137ff02000-7f1380000000 rw-p 00000000 00:00 0                          [stack:44863]
7f1380000000-7f1380021000 rw-p 00000000 00:00 0 
7f1380021000-7f1384000000 ---p 00000000 00:00 0 
7f1384000000-7f1384021000 rw-p 00000000 00:00 0 
7f1384021000-7f1388000000 ---p 00000000 00:00 0 
7f1388000000-7f1388021000 rw-p 00000000 00:00 0 
7f1388021000-7f138c000000 ---p 00000000 00:00 0 
7f138c000000-7f138c021000 rw-p 00000000 00:00 0 
7f138c021000-7f1390000000 ---p 00000000 00:00 0 
7f1390000000-7f1390021000 rw-p 00000000 00:00 0 
7f1390021000-7f1394000000 ---p 00000000 00:00 0 
7f1394000000-7f1394021000 rw-p 00000000 00:00 0 
7f1394021000-7f1398000000 ---p 00000000 00:00 0 
7f1398000000-7f1398021000 rw-p 00000000 00:00 0 
7f1398021000-7f139c000000 ---p 00000000 00:00 0 
7f139c000000-7f139c021000 rw-p 00000000 00:00 0 
7f139c021000-7f13a0000000 ---p 00000000 00:00 0 
7f13a0000000-7f13a175e000 rw-p 00000000 00:00 0 
7f13a175e000-7f13a4000000 ---p 00000000 00:00 0 
7f13a4000000-7f13a4988000 rw-p 00000000 00:00 0 
7f13a4988000-7f13a8000000 ---p 00000000 00:00 0 
7f13a8000000-7f13a918e000 rw-p 00000000 00:00 0 
7f13a918e000-7f13ac000000 ---p 00000000 00:00 0 
7f13ac000000-7f13ad484000 rw-p 00000000 00:00 0 
7f13ad484000-7f13b0000000 ---p 00000000 00:00 0 
7f13b0000000-7f13b0021000 rw-p 00000000 00:00 0 
7f13b0021000-7f13b4000000 ---p 00000000 00:00 0 
7f13b4000000-7f13b4021000 rw-p 00000000 00:00 0 
7f13b4021000-7f13b8000000 ---p 00000000 00:00 0 
7f13b8000000-7f13b8021000 rw-p 00000000 00:00 0 
7f13b8021000-7f13bc000000 ---p 00000000 00:00 0 
7f13bc000000-7f13bc021000 rw-p 00000000 00:00 0 
7f13bc021000-7f13c0000000 ---p 00000000 00:00 0 
7f13c0000000-7f13c0021000 rw-p 00000000 00:00 0 
7f13c0021000-7f13c4000000 ---p 00000000 00:00 0 
7f13c40f9000-7f13c40fb000 rw-p 00000000 00:00 0 
7f13c40fb000-7f13c40fe000 ---p 00000000 00:00 0 
7f13c40fe000-7f13c41fc000 rw-p 00000000 00:00 0                          [stack:44862]
7f13c41fc000-7f13c41ff000 ---p 00000000 00:00 0 
7f13c41ff000-7f13c42fd000 rw-p 00000000 00:00 0                          [stack:44861]
7f13c42fd000-7f13c4300000 ---p 00000000 00:00 0 
7f13c4300000-7f13c44be000 rw-p 00000000 00:00 0                          [stack:44860]
7f13c44be000-7f13c45fe000 ---p 00000000 00:00 0 
7f13c45fe000-7f13c4601000 ---p 00000000 00:00 0 
7f13c4601000-7f13c48ff000 rw-p 00000000 00:00 0                          [stack:44859]
7f13c48ff000-7f13c4aff000 rw-p 00000000 00:00 0 
7f13c4aff000-7f13c4cff000 rw-p 00000000 00:00 0 
7f13c4cff000-7f13c4d02000 ---p 00000000 00:00 0 
7f13c4d02000-7f13c5000000 rw-p 00000000 00:00 0                          [stack:44858]
7f13c5000000-7f13c5200000 rw-p 00000000 00:00 0 
7f13c5200000-7f13c53f2000 rw-p 00000000 00:00 0 
7f13c53f2000-7f13c5400000 ---p 00000000 00:00 0 
7f13c5400000-7f13c5403000 r--s 0001a000 00:215 15272                     /usr/lib/jvm/java-8-oracle/jre/lib/jce.jar
7f13c5403000-7f13c5603000 rw-p 00000000 00:00 0 
7f13c5603000-7f13c57fc000 rw-p 00000000 00:00 0 
7f13c57fc000-7f13c5803000 ---p 00000000 00:00 0 
7f13c5803000-7f13c5a01000 rw-p 00000000 00:00 0 
7f13c5a01000-7f13c5a03000 ---p 00000000 00:00 0 
7f13c5a03000-7f13c5a06000 ---p 00000000 00:00 0 
7f13c5a06000-7f13c5d04000 rw-p 00000000 00:00 0                          [stack:44856]
7f13c5d04000-7f13c5d06000 r--s 00017000 00:215 1121                      /home/ubuntu/workspace/online_dealership/elasticsearch-5.0.0/modules/percolator/percolator-5.0.0.jar
7f13c5d06000-7f13c5f06000 rw-p 00000000 00:00 0 
7f13c5f06000-7f13c5f0c000 r--s 00044000 00:215 1119                      /home/ubuntu/workspace/online_dealership/elasticsearch-5.0.0/modules/lang-painless/antlr4-runtime-4.5.1-1.jar
7f13c5f0c000-7f13c5f13000 r--s 00063000 00:215 1118                      /home/ubuntu/workspace/online_dealership/elasticsearch-5.0.0/modules/lang-painless/lang-painless-5.0.0.jar
7f13c5f13000-7f13c5f18000 r--s 0005a000 00:215 1116                      /home/ubuntu/workspace/online_dealership/elasticsearch-5.0.0/modules/lang-painless/asm-debug-all-5.1.jar
7f13c5f18000-7f13c5f25000 r--s 0009b000 00:215 1144                      /home/ubuntu/workspace/online_dealership/elasticsearch-5.0.0/modules/transport-netty4/netty-common-4.1.5.Final.jar
7f13c5f25000-7f13c5f2b000 r--s 00047000 00:215 1143                      /home/ubuntu/workspace/online_dealership/elasticsearch-5.0.0/modules/transport-netty4/netty-handler-4.1.5.Final.jar
7f13c5f2b000-7f13c5f35000 r--s 0007a000 00:215 1142                      /home/ubuntu/workspace/online_dealership/elasticsearch-5.0.0/modules/transport-netty4/netty-codec-http-4.1.5.Final.jar
7f13c5f35000-7f13c5f38000 r--s 0003b000 00:215 1141                      /home/ubuntu/workspace/online_dealership/elasticsearch-5.0.0/modules/transport-netty4/netty-buffer-4.1.5.Final.jar
7f13c5f38000-7f13c5f3a000 r--s 00010000 00:215 1140                      /home/ubuntu/workspace/online_dealership/elasticsearch-5.0.0/modules/transport-netty4/transport-netty4-5.0.0.jar
7f13c5f3a000-7f13c5f3c000 r--s 00005000 00:215 1139                      /home/ubuntu/workspace/online_dealership/elasticsearch-5.0.0/modules/transport-netty4/netty-resolver-4.1.5.Final.jar
7f13c5f3c000-7f13c5f42000 r--s 00045000 00:215 1137                      /home/ubuntu/workspace/online_dealership/elasticsearch-5.0.0/modules/transport-netty4/netty-codec-4.1.5.Final.jar
7f13c5f42000-7f13c5f4b000 r--s 0005f000 00:215 1136                      /home/ubuntu/workspace/online_dealership/elasticsearch-5.0.0/modules/transport-netty4/netty-transport-4.1.5.Final.jar
7f13c5f4b000-7f13c5f64000 r--s 00123000 00:215 1133                      /home/ubuntu/workspace/online_dealership/elasticsearch-5.0.0/modules/transport-netty3/netty-3.10.6.Final.jar
7f13c5f64000-7f13c5f66000 r--s 00011000 00:215 1132                      /home/ubuntu/workspace/online_dealership/elasticsearch-5.0.0/modules/transport-netty3/transport-netty3-5.0.0.jar
7f13c5f66000-7f13c5f69000 r--s 00014000 00:215 1098                      /home/ubuntu/workspace/online_dealership/elasticsearch-5.0.0/modules/ingest-common/ingest-common-5.0.0.jar
7f13c5f69000-7f13c5f6c000 r--s 0002c000 00:215 1097                      /home/ubuntu/workspace/online_dealership/elasticsearch-5.0.0/modules/ingest-common/joni-2.1.6.jar
7f13c5f6c000-7f13c5f7a000 r--s 00164000 00:215 1095                      /home/ubuntu/workspace/online_dealership/elasticsearch-5.0.0/modules/ingest-common/jcodings-1.0.12.jar
7f13c5f7a000-7f13c5f7c000 r--s 00009000 00:215 1106                      /home/ubuntu/workspace/online_dealership/elasticsearch-5.0.0/modules/lang-expression/asm-commons-5.0.4.jar
7f13c5f7c000-7f13c5f82000 r--s 00044000 00:215 1105                      /home/ubuntu/workspace/online_dealership/elasticsearch-5.0.0/modules/lang-expression/antlr4-runtime-4.5.1-1.jar
7f13c5f82000-7f13c5f84000 r--s 0000c000 00:215 1104                      /home/ubuntu/workspace/online_dealership/elasticsearch-5.0.0/modules/lang-expression/asm-5.0.4.jar
7f13c5f84000-7f13c5f86000 r--s 00011000 00:215 1102                      /home/ubuntu/workspace/online_dealership/elasticsearch-5.0.0/modules/lang-expression/lucene-expressions-6.2.0.jar
7f13c5f86000-7f13c5f88000 r--s 0000a000 00:215 1101                      /home/ubuntu/workspace/online_dealership/elasticsearch-5.0.0/modules/lang-expression/lang-expression-5.0.0.jar
7f13c5f88000-7f13c5f8a000 r--s 00006000 00:215 1100                      /home/ubuntu/workspace/online_dealership/elasticsearch-5.0.0/modules/lang-expression/asm-tree-5.0.4.jar
7f13c5f8a000-7f13c5f91000 r--s 00050000 00:215 1130                      /home/ubuntu/workspace/online_dealership/elasticsearch-5.0.0/modules/reindex/httpcore-nio-4.4.5.jar
7f13c5f91000-7f13c5f93000 r--s 0000e000 00:215 1129                      /home/ubuntu/workspace/online_dealership/elasticsearch-5.0.0/modules/reindex/commons-logging-1.1.3.jar
7f13c5f93000-7f13c5f9a000 r--s 00049000 00:215 1128                      /home/ubuntu/workspace/online_dealership/elasticsearch-5.0.0/modules/reindex/httpcore-4.4.5.jar
7f13c5f9a000-7f13c5fa1000 r--s 0003f000 00:215 1127                      /home/ubuntu/workspace/online_dealership/elasticsearch-5.0.0/modules/reindex/commons-codec-1.10.jar
7f13c5fa1000-7f13c5fa5000 r--s 00028000 00:215 1126                      /home/ubuntu/workspace/online_dealership/elasticsearch-5.0.0/modules/reindex/httpasyncclient-4.1.2.jar
7f13c5fa5000-7f13c5fa6000 r--s 00007000 00:215 1124                      /home/ubuntu/workspace/online_dealership/elasticsearch-5.0.0/modules/reindex/rest-5.0.0.jar
7f13c5fa6000-7f13c5fa9000 r--s 00022000 00:215 1123                      /home/ubuntu/workspace/online_dealership/elasticsearch-5.0.0/modules/reindex/reindex-5.0.0.jar
7f13c5fa9000-7f13c5fb6000 r--s 000a7000 00:215 1122                      /home/ubuntu/workspace/online_dealership/elasticsearch-5.0.0/modules/reindex/httpclient-4.5.2.jar
7f13c5fb6000-7f13c6003000 r--s 00405000 00:215 1108                      /home/ubuntu/workspace/online_dealership/elasticsearch-5.0.0/modules/lang-groovy/groovy-2.4.6-indy.jar
7f13c6003000-7f13c6004000 r--s 00004000 00:215 1107                      /home/ubuntu/workspace/online_dealership/elasticsearch-5.0.0/modules/lang-groovy/lang-groovy-5.0.0.jar
7f13c6004000-7f13c6007000 r--s 00016000 00:215 1114                      /home/ubuntu/workspace/online_dealership/elasticsearch-5.0.0/modules/lang-mustache/compiler-0.9.3.jar
7f13c6007000-7f13c6009000 r--s 0000d000 00:215 1113                      /home/ubuntu/workspace/online_dealership/elasticsearch-5.0.0/modules/lang-mustache/lang-mustache-5.0.0.jar
7f13c6009000-7f13c600b000 r--s 0000b000 00:215 1094                      /home/ubuntu/workspace/online_dealership/elasticsearch-5.0.0/modules/aggs-matrix-stats/aggs-matrix-stats-5.0.0.jar
7f13c600b000-7f13c620b000 rw-p 00000000 00:00 0 
7f13c620b000-7f13c620c000 r--p 00000000 00:00 0 
7f13c620c000-7f13c620f000 ---p 00000000 00:00 0 
7f13c620f000-7f13c6245000 rw-p 00000000 00:00 0                          [stack:44852]
7f13c6245000-7f13c625c000 r-xp 00000000 00:215 34894                     /tmp/jna--851256601/jna7945169753305542510.tmp (deleted)
7f13c625c000-7f13c635b000 ---p 00017000 00:215 34894                     /tmp/jna--851256601/jna7945169753305542510.tmp (deleted)
7f13c635b000-7f13c635d000 rw-p 00016000 00:215 34894                     /tmp/jna--851256601/jna7945169753305542510.tmp (deleted)
7f13c635d000-7f13c6361000 r--s 00097000 00:215 15271                     /usr/lib/jvm/java-8-oracle/jre/lib/jsse.jar
7f13c6361000-7f13c6561000 rw-p 00000000 00:00 0 
7f13c6561000-7f13c6761000 rw-p 00000000 00:00 0 
7f13c6761000-7f13c6772000 r-xp 00000000 00:215 15301                     /usr/lib/jvm/java-8-oracle/jre/lib/amd64/libnio.so
7f13c6772000-7f13c6971000 ---p 00011000 00:215 15301                     /usr/lib/jvm/java-8-oracle/jre/lib/amd64/libnio.so
7f13c6971000-7f13c6972000 rw-p 00010000 00:215 15301                     /usr/lib/jvm/java-8-oracle/jre/lib/amd64/libnio.so
7f13c6972000-7f13c6988000 r-xp 00000000 00:215 15300                     /usr/lib/jvm/java-8-oracle/jre/lib/amd64/libnet.so
7f13c6988000-7f13c6b88000 ---p 00016000 00:215 15300                     /usr/lib/jvm/java-8-oracle/jre/lib/amd64/libnet.so
7f13c6b88000-7f13c6b89000 rw-p 00016000 00:215 15300                     /usr/lib/jvm/java-8-oracle/jre/lib/amd64/libnet.so
7f13c6b89000-7f13c6ba4000 r--s 001d2000 00:215 15280                     /usr/lib/jvm/java-8-oracle/jre/lib/ext/nashorn.jar
7f13c6ba4000-7f13c6bad000 r-xp 00000000 00:215 15297                     /usr/lib/jvm/java-8-oracle/jre/lib/amd64/libmanagement.so
7f13c6bad000-7f13c6dac000 ---p 00009000 00:215 15297                     /usr/lib/jvm/java-8-oracle/jre/lib/amd64/libmanagement.so
7f13c6dac000-7f13c6dad000 rw-p 00008000 00:215 15297                     /usr/lib/jvm/java-8-oracle/jre/lib/amd64/libmanagement.so
7f13c6dad000-7f13c6db3000 r--s 0003c000 00:215 682                       /home/ubuntu/workspace/online_dealership/elasticsearch-5.0.0/lib/snakeyaml-1.15.jar
7f13c6db3000-7f13c6dbd000 r--s 00059000 00:215 680                       /home/ubuntu/workspace/online_dealership/elasticsearch-5.0.0/lib/lucene-queryparser-6.2.0.jar
7f13c6dbd000-7f13c6de8000 r--s 0024c000 00:215 678                       /home/ubuntu/workspace/online_dealership/elasticsearch-5.0.0/lib/lucene-core-6.2.0.jar
7f13c6de8000-7f13c6e89000 r--s 0085e000 00:215 681                       /home/ubuntu/workspace/online_dealership/elasticsearch-5.0.0/lib/elasticsearch-5.0.0.jar
7f13c6e89000-7f13c6e8a000 ---p 00000000 00:00 0 
7f13c6e8a000-7f13c6f8a000 rw-p 00000000 00:00 0                          [stack:44850]
7f13c6f8a000-7f13c6f8d000 ---p 00000000 00:00 0 
7f13c6f8d000-7f13c708b000 rw-p 00000000 00:00 0                          [stack:44849]
7f13c708b000-7f13c708e000 ---p 00000000 00:00 0 
7f13c708e000-7f13c718c000 rw-p 00000000 00:00 0                          [stack:44846]
7f13c718c000-7f13c718f000 ---p 00000000 00:00 0 
7f13c718f000-7f13c728d000 rw-p 00000000 00:00 0                          [stack:44845]
7f13c728d000-7f13c7290000 ---p 00000000 00:00 0 
7f13c7290000-7f13c738e000 rw-p 00000000 00:00 0                          [stack:44844]
7f13c738e000-7f13c7391000 ---p 00000000 00:00 0 
7f13c7391000-7f13c748f000 rw-p 00000000 00:00 0                          [stack:44843]
7f13c748f000-7f13c7492000 ---p 00000000 00:00 0 
7f13c7492000-7f13c7590000 rw-p 00000000 00:00 0                          [stack:44842]
7f13c7590000-7f13c7593000 ---p 00000000 00:00 0 
7f13c7593000-7f13c7691000 rw-p 00000000 00:00 0                          [stack:44841]
7f13c7691000-7f13c7800000 r--p 00000000 00:215 107                       /usr/lib/locale/C.UTF-8/LC_COLLATE
7f13c7800000-7f13c8000000 rw-p 00000000 00:00 0 
7f13c8000000-7f13c8021000 rw-p 00000000 00:00 0 
7f13c8021000-7f13cc000000 ---p 00000000 00:00 0 
7f13cc000000-7f13cc021000 rw-p 00000000 00:00 0 
7f13cc021000-7f13d0000000 ---p 00000000 00:00 0 
7f13d0000000-7f13d0021000 rw-p 00000000 00:00 0 
7f13d0021000-7f13d4000000 ---p 00000000 00:00 0 
7f13d4000000-7f13d4021000 rw-p 00000000 00:00 0 
7f13d4021000-7f13d8000000 ---p 00000000 00:00 0 
7f13d8000000-7f13d8001000 rwxp 00000000 00:00 0 
7f13d8001000-7f13d8002000 r--s 00001000 00:215 683                       /home/ubuntu/workspace/online_dealership/elasticsearch-5.0.0/lib/securesm-1.1.jar
7f13d8002000-7f13d8008000 r--s 00031000 00:215 679                       /home/ubuntu/workspace/online_dealership/elasticsearch-5.0.0/lib/lucene-queries-6.2.0.jar
7f13d8008000-7f13d800a000 r--s 0000c000 00:215 677                       /home/ubuntu/workspace/online_dealership/elasticsearch-5.0.0/lib/lucene-spatial-6.2.0.jar
7f13d800a000-7f13d800e000 r--s 0002a000 00:215 676                       /home/ubuntu/workspace/online_dealership/elasticsearch-5.0.0/lib/spatial4j-0.6.jar
7f13d800e000-7f13d8011000 r--s 00011000 00:215 675                       /home/ubuntu/workspace/online_dealership/elasticsearch-5.0.0/lib/jopt-simple-5.0.2.jar
7f13d8011000-7f13d8013000 r--s 00009000 00:215 674                       /home/ubuntu/workspace/online_dealership/elasticsearch-5.0.0/lib/log4j-1.2-api-2.6.2.jar
7f13d8013000-7f13d8017000 r--s 00017000 00:215 673                       /home/ubuntu/workspace/online_dealership/elasticsearch-5.0.0/lib/lucene-grouping-6.2.0.jar
7f13d8017000-7f13d8028000 r--s 00156000 00:215 672                       /home/ubuntu/workspace/online_dealership/elasticsearch-5.0.0/lib/lucene-analyzers-common-6.2.0.jar
7f13d8028000-7f13d8039000 r--s 00089000 00:215 671                       /home/ubuntu/workspace/online_dealership/elasticsearch-5.0.0/lib/joda-time-2.9.4.jar
7f13d8039000-7f13d803d000 r--s 00021000 00:215 670                       /home/ubuntu/workspace/online_dealership/elasticsearch-5.0.0/lib/lucene-join-6.2.0.jar
7f13d803d000-7f13d8042000 r--s 00038000 00:215 669                       /home/ubuntu/workspace/online_dealership/elasticsearch-5.0.0/lib/lucene-suggest-6.2.0.jar
7f13d8042000-7f13d8044000 r--s 0000a000 00:215 668                       /home/ubuntu/workspace/online_dealership/elasticsearch-5.0.0/lib/lucene-memory-6.2.0.jar
7f13d8044000-7f13d8046000 r--s 00019000 00:215 667                       /home/ubuntu/workspace/online_dealership/elasticsearch-5.0.0/lib/HdrHistogram-2.1.6.jar
7f13d8046000-7f13d8049000 r--s 0002b000 00:215 666                       /home/ubuntu/workspace/online_dealership/elasticsearch-5.0.0/lib/lucene-sandbox-6.2.0.jar
7f13d8049000-7f13d8062000 r--s 0010b000 00:215 665                       /home/ubuntu/workspace/online_dealership/elasticsearch-5.0.0/lib/log4j-core-2.6.2.jar
7f13d8062000-7f13d8063000 r--s 00011000 00:215 664                       /home/ubuntu/workspace/online_dealership/elasticsearch-5.0.0/lib/jackson-dataformat-smile-2.8.1.jar
7f13d8063000-7f13d8065000 r--s 00008000 00:215 663                       /home/ubuntu/workspace/online_dealership/elasticsearch-5.0.0/lib/joda-convert-1.2.jar
7f13d8065000-7f13d8069000 r--s 0002d000 00:215 662                       /home/ubuntu/workspace/online_dealership/elasticsearch-5.0.0/lib/log4j-api-2.6.2.jar
7f13d8069000-7f13d807a000 r--s 000b2000 00:215 660                       /home/ubuntu/workspace/online_dealership/elasticsearch-5.0.0/lib/jts-1.13.jar
7f13d807a000-7f13d807d000 r--s 00020000 00:215 659                       /home/ubuntu/workspace/online_dealership/elasticsearch-5.0.0/lib/lucene-misc-6.2.0.jar
7f13d807d000-7f13d8081000 r--s 0002c000 00:215 658                       /home/ubuntu/workspace/online_dealership/elasticsearch-5.0.0/lib/lucene-spatial-extras-6.2.0.jar
7f13d8081000-7f13d8084000 r--s 00013000 00:215 657                       /home/ubuntu/workspace/online_dealership/elasticsearch-5.0.0/lib/lucene-backward-codecs-6.2.0.jar
7f13d8084000-7f13d809b000 r--s 00100000 00:215 654                       /home/ubuntu/workspace/online_dealership/elasticsearch-5.0.0/lib/hppc-0.7.1.jar
7f13d809b000-7f13d809e000 ---p 00000000 00:00 0 
7f13d809e000-7f13d819c000 rw-p 00000000 00:00 0                          [stack:44839]
7f13d819c000-7f13d819f000 ---p 00000000 00:00 0 
7f13d819f000-7f13d829d000 rw-p 00000000 00:00 0                          [stack:44838]
7f13d829d000-7f13d829e000 ---p 00000000 00:00 0 
7f13d829e000-7f13d83ed000 rw-p 00000000 00:00 0                          [stack:44837]
7f13d83ed000-7f13d85c5000 r--s 03d2a000 00:215 15270                     /usr/lib/jvm/java-8-oracle/jre/lib/rt.jar
7f13d85c5000-7f13d8864000 rw-p 00000000 00:00 0 
7f13d8864000-7f13d8865000 ---p 00000000 00:00 0 
7f13d8865000-7f13dc000000 rw-p 00000000 00:00 0                          [stack:44836]
7f13dc000000-7f13dc021000 rw-p 00000000 00:00 0 
7f13dc021000-7f13e0000000 ---p 00000000 00:00 0 
7f13e0000000-7f13e0021000 rw-p 00000000 00:00 0 
7f13e0021000-7f13e4000000 ---p 00000000 00:00 0 
7f13e4000000-7f13e4021000 rw-p 00000000 00:00 0 
7f13e4021000-7f13e8000000 ---p 00000000 00:00 0 
7f13e8000000-7f13e8021000 rw-p 00000000 00:00 0 
7f13e8021000-7f13ec000000 ---p 00000000 00:00 0 
7f13ec000000-7f13ec021000 rw-p 00000000 00:00 0 
7f13ec021000-7f13f0000000 ---p 00000000 00:00 0 
7f13f0000000-7f13f0021000 rw-p 00000000 00:00 0 
7f13f0021000-7f13f4000000 ---p 00000000 00:00 0 
7f13f4000000-7f13f4021000 rw-p 00000000 00:00 0 
7f13f4021000-7f13f8000000 ---p 00000000 00:00 0 
7f13f8000000-7f13f8002000 r--s 0000b000 00:215 661                       /home/ubuntu/workspace/online_dealership/elasticsearch-5.0.0/lib/t-digest-3.0.jar
7f13f8002000-7f13f8006000 r--s 00020000 00:215 656                       /home/ubuntu/workspace/online_dealership/elasticsearch-5.0.0/lib/lucene-highlighter-6.2.0.jar
7f13f8006000-7f13f800a000 r--s 00041000 00:215 653                       /home/ubuntu/workspace/online_dealership/elasticsearch-5.0.0/lib/jackson-core-2.8.1.jar
7f13f800a000-7f13f800e000 r--s 00112000 00:215 651                       /home/ubuntu/workspace/online_dealership/elasticsearch-5.0.0/lib/jna-4.2.2.jar
7f13f800e000-7f13f8012000 r--s 00036000 00:215 650                       /home/ubuntu/workspace/online_dealership/elasticsearch-5.0.0/lib/lucene-spatial3d-6.2.0.jar
7f13f8012000-7f13f8038000 r--p 00000000 00:215 110                       /usr/lib/locale/C.UTF-8/LC_CTYPE
7f13f8038000-7f13f803f000 r--s 00000000 00:215 98                        /usr/lib/x86_64-linux-gnu/gconv/gconv-modules.cache
7f13f803f000-7f13f8746000 rw-p 00000000 00:00 0 
7f13f8746000-7f13f8747000 ---p 00000000 00:00 0 
7f13f8747000-7f13f8847000 rw-p 00000000 00:00 0                          [stack:44835]
7f13f8847000-7f13f8848000 ---p 00000000 00:00 0 
7f13f8848000-7f13f9000000 rw-p 00000000 00:00 0                          [stack:44834]
7f13f9000000-7f13f9ab0000 rwxp 00000000 00:00 0 
7f13f9ab0000-7f1408000000 ---p 00000000 00:00 0 
7f1408000000-7f14097e4000 rw-p 00000000 00:00 0 
7f14097e4000-7f140c000000 ---p 00000000 00:00 0 
7f140c000000-7f140c002000 r--s 0000b000 00:215 655                       /home/ubuntu/workspace/online_dealership/elasticsearch-5.0.0/lib/jackson-dataformat-cbor-2.8.1.jar
7f140c002000-7f140c003000 r--s 00009000 00:215 652                       /home/ubuntu/workspace/online_dealership/elasticsearch-5.0.0/lib/jackson-dataformat-yaml-2.8.1.jar
7f140c003000-7f140c8b3000 rw-p 00000000 00:00 0 
7f140c8b3000-7f140c8b4000 rw-p 00000000 00:00 0 
7f140c8b4000-7f140c8b5000 ---p 00000000 00:00 0 
7f140c8b5000-7f140c9b5000 rw-p 00000000 00:00 0                          [stack:44832]
7f140c9b5000-7f140c9b6000 ---p 00000000 00:00 0 
7f140c9b6000-7f140cab6000 rw-p 00000000 00:00 0                          [stack:44831]
7f140cab6000-7f140cab7000 ---p 00000000 00:00 0 
7f140cab7000-7f140cbb7000 rw-p 00000000 00:00 0                          [stack:44830]
7f140cbb7000-7f140cbb8000 ---p 00000000 00:00 0 
7f140cbb8000-7f140ccb8000 rw-p 00000000 00:00 0                          [stack:44829]
7f140ccb8000-7f140ccb9000 ---p 00000000 00:00 0 
7f140ccb9000-7f140cdb9000 rw-p 00000000 00:00 0                          [stack:44828]
7f140cdb9000-7f140cdba000 ---p 00000000 00:00 0 
7f140cdba000-7f140ceba000 rw-p 00000000 00:00 0                          [stack:44827]
7f140ceba000-7f140cebb000 ---p 00000000 00:00 0 
7f140cebb000-7f140cfbb000 rw-p 00000000 00:00 0                          [stack:44826]
7f140cfbb000-7f140cfbc000 ---p 00000000 00:00 0 
7f140cfbc000-7f140d0e7000 rw-p 00000000 00:00 0                          [stack:44825]
7f140d0e7000-7f140d47c000 ---p 00000000 00:00 0 
7f140d47c000-7f140d496000 r-xp 00000000 00:215 15268                     /usr/lib/jvm/java-8-oracle/jre/lib/amd64/libzip.so
7f140d496000-7f140d696000 ---p 0001a000 00:215 15268                     /usr/lib/jvm/java-8-oracle/jre/lib/amd64/libzip.so
7f140d696000-7f140d697000 rw-p 0001a000 00:215 15268                     /usr/lib/jvm/java-8-oracle/jre/lib/amd64/libzip.so
7f140d697000-7f140d6a2000 r-xp 00000000 00:215 9607                      /lib/x86_64-linux-gnu/libnss_files-2.19.so
7f140d6a2000-7f140d8a1000 ---p 0000b000 00:215 9607                      /lib/x86_64-linux-gnu/libnss_files-2.19.so
7f140d8a1000-7f140d8a2000 r--p 0000a000 00:215 9607                      /lib/x86_64-linux-gnu/libnss_files-2.19.so
7f140d8a2000-7f140d8a3000 rw-p 0000b000 00:215 9607                      /lib/x86_64-linux-gnu/libnss_files-2.19.so
7f140d8a3000-7f140d8ae000 r-xp 00000000 00:215 9603                      /lib/x86_64-linux-gnu/libnss_nis-2.19.so
7f140d8ae000-7f140daad000 ---p 0000b000 00:215 9603                      /lib/x86_64-linux-gnu/libnss_nis-2.19.so
7f140daad000-7f140daae000 r--p 0000a000 00:215 9603                      /lib/x86_64-linux-gnu/libnss_nis-2.19.so
7f140daae000-7f140daaf000 rw-p 0000b000 00:215 9603                      /lib/x86_64-linux-gnu/libnss_nis-2.19.so
7f140daaf000-7f140dac6000 r-xp 00000000 00:215 9601                      /lib/x86_64-linux-gnu/libnsl-2.19.so
7f140dac6000-7f140dcc5000 ---p 00017000 00:215 9601                      /lib/x86_64-linux-gnu/libnsl-2.19.so
7f140dcc5000-7f140dcc6000 r--p 00016000 00:215 9601                      /lib/x86_64-linux-gnu/libnsl-2.19.so
7f140dcc6000-7f140dcc7000 rw-p 00017000 00:215 9601                      /lib/x86_64-linux-gnu/libnsl-2.19.so
7f140dcc7000-7f140dcc9000 rw-p 00000000 00:00 0 
7f140dcc9000-7f140dcd2000 r-xp 00000000 00:215 9599                      /lib/x86_64-linux-gnu/libnss_compat-2.19.so
7f140dcd2000-7f140ded1000 ---p 00009000 00:215 9599                      /lib/x86_64-linux-gnu/libnss_compat-2.19.so
7f140ded1000-7f140ded2000 r--p 00008000 00:215 9599                      /lib/x86_64-linux-gnu/libnss_compat-2.19.so
7f140ded2000-7f140ded3000 rw-p 00009000 00:215 9599                      /lib/x86_64-linux-gnu/libnss_compat-2.19.so
7f140ded3000-7f140defe000 r-xp 00000000 00:215 15260                     /usr/lib/jvm/java-8-oracle/jre/lib/amd64/libjava.so
7f140defe000-7f140e0fd000 ---p 0002b000 00:215 15260                     /usr/lib/jvm/java-8-oracle/jre/lib/amd64/libjava.so
7f140e0fd000-7f140e0ff000 rw-p 0002a000 00:215 15260                     /usr/lib/jvm/java-8-oracle/jre/lib/amd64/libjava.so
7f140e0ff000-7f140e10c000 r-xp 00000000 00:215 15264                     /usr/lib/jvm/java-8-oracle/jre/lib/amd64/libverify.so
7f140e10c000-7f140e30b000 ---p 0000d000 00:215 15264                     /usr/lib/jvm/java-8-oracle/jre/lib/amd64/libverify.so
7f140e30b000-7f140e30d000 rw-p 0000c000 00:215 15264                     /usr/lib/jvm/java-8-oracle/jre/lib/amd64/libverify.so
7f140e30d000-7f140e314000 r-xp 00000000 00:215 1162                      /lib/x86_64-linux-gnu/librt-2.19.so
7f140e314000-7f140e513000 ---p 00007000 00:215 1162                      /lib/x86_64-linux-gnu/librt-2.19.so
7f140e513000-7f140e514000 r--p 00006000 00:215 1162                      /lib/x86_64-linux-gnu/librt-2.19.so
7f140e514000-7f140e515000 rw-p 00007000 00:215 1162                      /lib/x86_64-linux-gnu/librt-2.19.so
7f140e515000-7f140e61a000 r-xp 00000000 00:215 171                       /lib/x86_64-linux-gnu/libm-2.19.so
7f140e61a000-7f140e819000 ---p 00105000 00:215 171                       /lib/x86_64-linux-gnu/libm-2.19.so
7f140e819000-7f140e81a000 r--p 00104000 00:215 171                       /lib/x86_64-linux-gnu/libm-2.19.so
7f140e81a000-7f140e81b000 rw-p 00105000 00:215 171                       /lib/x86_64-linux-gnu/libm-2.19.so
7f140e81b000-7f140f4e8000 r-xp 00000000 00:215 15263                     /usr/lib/jvm/java-8-oracle/jre/lib/amd64/server/libjvm.so
7f140f4e8000-7f140f6e7000 ---p 00ccd000 00:215 15263                     /usr/lib/jvm/java-8-oracle/jre/lib/amd64/server/libjvm.so
7f140f6e7000-7f140f7c0000 rw-p 00ccc000 00:215 15263                     /usr/lib/jvm/java-8-oracle/jre/lib/amd64/server/libjvm.so
7f140f7c0000-7f140f80b000 rw-p 00000000 00:00 0 
7f140f80b000-7f140f9c6000 r-xp 00000000 00:215 78                        /lib/x86_64-linux-gnu/libc-2.19.so
7f140f9c6000-7f140fbc5000 ---p 001bb000 00:215 78                        /lib/x86_64-linux-gnu/libc-2.19.so
7f140fbc5000-7f140fbc9000 r--p 001ba000 00:215 78                        /lib/x86_64-linux-gnu/libc-2.19.so
7f140fbc9000-7f140fbcb000 rw-p 001be000 00:215 78                        /lib/x86_64-linux-gnu/libc-2.19.so
7f140fbcb000-7f140fbd0000 rw-p 00000000 00:00 0 
7f140fbd0000-7f140fbd3000 r-xp 00000000 00:215 76                        /lib/x86_64-linux-gnu/libdl-2.19.so
7f140fbd3000-7f140fdd2000 ---p 00003000 00:215 76                        /lib/x86_64-linux-gnu/libdl-2.19.so
7f140fdd2000-7f140fdd3000 r--p 00002000 00:215 76                        /lib/x86_64-linux-gnu/libdl-2.19.so
7f140fdd3000-7f140fdd4000 rw-p 00003000 00:215 76                        /lib/x86_64-linux-gnu/libdl-2.19.so
7f140fdd4000-7f140fde9000 r-xp 00000000 00:215 15257                     /usr/lib/jvm/java-8-oracle/lib/amd64/jli/libjli.so
7f140fde9000-7f140ffe9000 ---p 00015000 00:215 15257                     /usr/lib/jvm/java-8-oracle/lib/amd64/jli/libjli.so
7f140ffe9000-7f140ffea000 rw-p 00015000 00:215 15257                     /usr/lib/jvm/java-8-oracle/lib/amd64/jli/libjli.so
7f140ffea000-7f1410003000 r-xp 00000000 00:215 246                       /lib/x86_64-linux-gnu/libpthread-2.19.so
7f1410003000-7f1410202000 ---p 00019000 00:215 246                       /lib/x86_64-linux-gnu/libpthread-2.19.so
7f1410202000-7f1410203000 r--p 00018000 00:215 246                       /lib/x86_64-linux-gnu/libpthread-2.19.so
7f1410203000-7f1410204000 rw-p 00019000 00:215 246                       /lib/x86_64-linux-gnu/libpthread-2.19.so
7f1410204000-7f1410208000 rw-p 00000000 00:00 0 
7f1410208000-7f141022b000 r-xp 00000000 00:215 71                        /lib/x86_64-linux-gnu/ld-2.19.so
7f141022b000-7f141022c000 r--p 00000000 00:215 109                       /usr/lib/locale/C.UTF-8/LC_NUMERIC
7f141022c000-7f141022d000 r--p 00000000 00:215 108                       /usr/lib/locale/C.UTF-8/LC_TIME
7f141022d000-7f141022e000 r--p 00000000 00:215 106                       /usr/lib/locale/C.UTF-8/LC_MONETARY
7f141022e000-7f141022f000 r--p 00000000 00:215 105                       /usr/lib/locale/C.UTF-8/LC_MESSAGES/SYS_LC_MESSAGES
7f141022f000-7f1410230000 r--p 00000000 00:215 103                       /usr/lib/locale/C.UTF-8/LC_PAPER
7f1410230000-7f1410314000 rw-p 00000000 00:00 0 
7f1410314000-7f1410317000 ---p 00000000 00:00 0 
7f1410317000-7f1410419000 rw-p 00000000 00:00 0                          [stack:44824]
7f1410419000-7f141041a000 r--p 00000000 00:215 102                       /usr/lib/locale/C.UTF-8/LC_NAME
7f141041a000-7f141041b000 r--p 00000000 00:215 101                       /usr/lib/locale/C.UTF-8/LC_ADDRESS
7f141041b000-7f141041c000 r--p 00000000 00:215 100                       /usr/lib/locale/C.UTF-8/LC_TELEPHONE
7f141041c000-7f141041d000 r--p 00000000 00:215 99                        /usr/lib/locale/C.UTF-8/LC_MEASUREMENT
7f141041d000-7f141041e000 r--p 00000000 00:215 95                        /usr/lib/locale/C.UTF-8/LC_IDENTIFICATION
7f141041e000-7f1410426000 rw-s 00000000 00:215 35758                     /tmp/hsperfdata_ubuntu/44808
7f1410426000-7f1410427000 rw-p 00000000 00:00 0 
7f1410427000-7f1410428000 ---p 00000000 00:00 0 
7f1410428000-7f141042a000 rw-p 00000000 00:00 0 
7f141042a000-7f141042b000 r--p 00022000 00:215 71                        /lib/x86_64-linux-gnu/ld-2.19.so
7f141042b000-7f141042c000 rw-p 00023000 00:215 71                        /lib/x86_64-linux-gnu/ld-2.19.so
7f141042c000-7f141042d000 rw-p 00000000 00:00 0 
7ffff3158000-7ffff3179000 rw-p 00000000 00:00 0                          [stack]
7ffff318b000-7ffff318d000 r--p 00000000 00:00 0                          [vvar]
7ffff318d000-7ffff318f000 r-xp 00000000 00:00 0                          [vdso]
ffffffffff600000-ffffffffff601000 r-xp 00000000 00:00 0                  [vsyscall]

VM Arguments:
jvm_args: -Xms2g -Xmx2g -XX:+UseConcMarkSweepGC -XX:CMSInitiatingOccupancyFraction=75 -XX:+UseCMSInitiatingOccupancyOnly -XX:+DisableExplicitGC -XX:+AlwaysPreTouch -Djava.awt.headless=true -Dfile.encoding=UTF-8 -Djna.nosys=true -Dio.netty.noUnsafe=true -Dio.netty.noKeySetOptimization=true -Dlog4j.shutdownHookEnabled=false -Dlog4j2.disable.jmx=true -Dlog4j.skipJansi=true -XX:+HeapDumpOnOutOfMemoryError -Des.path.home=/home/ubuntu/workspace/online_dealership/elasticsearch-5.0.0 
java_command: org.elasticsearch.bootstrap.Elasticsearch
java_class_path (initial): /home/ubuntu/workspace/online_dealership/elasticsearch-5.0.0/lib/elasticsearch-5.0.0.jar:/home/ubuntu/workspace/online_dealership/elasticsearch-5.0.0/lib/lucene-spatial3d-6.2.0.jar:/home/ubuntu/workspace/online_dealership/elasticsearch-5.0.0/lib/jna-4.2.2.jar:/home/ubuntu/workspace/online_dealership/elasticsearch-5.0.0/lib/jackson-dataformat-yaml-2.8.1.jar:/home/ubuntu/workspace/online_dealership/elasticsearch-5.0.0/lib/jackson-core-2.8.1.jar:/home/ubuntu/workspace/online_dealership/elasticsearch-5.0.0/lib/hppc-0.7.1.jar:/home/ubuntu/workspace/online_dealership/elasticsearch-5.0.0/lib/jackson-dataformat-cbor-2.8.1.jar:/home/ubuntu/workspace/online_dealership/elasticsearch-5.0.0/lib/lucene-highlighter-6.2.0.jar:/home/ubuntu/workspace/online_dealership/elasticsearch-5.0.0/lib/lucene-backward-codecs-6.2.0.jar:/home/ubuntu/workspace/online_dealership/elasticsearch-5.0.0/lib/lucene-spatial-extras-6.2.0.jar:/home/ubuntu/workspace/online_dealership/elasticsearch-5.0.0/lib/lucene-misc-6.2.0.jar:/home/ubuntu/workspace/online_dealership/elasticsearch-5.0.0/lib/jts-1.13.jar:/home/ubuntu/workspace/online_dealership/elasticsearch-5.0.0/lib/t-digest-3.0.jar:/home/ubuntu/workspace/online_dealership/elasticsearch-5.0.0/lib/log4j-api-2.6.2.jar:/home/ubuntu/workspace/online_dealership/elasticsearch-5.0.0/lib/joda-convert-1.2.jar:/home/ubuntu/workspace/online_dealership/elasticsearch-5.0.0/lib/jackson-dataformat-smile-2.8.1.jar:/home/ubuntu/workspace/online_dealership/elasticsearch-5.0.0/lib/log4j-core-2.6.2.jar:/home/ubuntu/workspace/online_dealership/elasticsearch-5.0.0/lib/lucene-sandbox-6.2.0.jar:/home/ubuntu/workspace/online_dealership/elasticsearch-5.0.0/lib/HdrHistogram-2.1.6.jar:/home/ubuntu/workspace/online_dealership/elasticsearch-5.0.0/lib/lucene-memory-6.2.0.jar:/home/ubuntu/workspace/online_dealership/elasticsearch-5.0.0/lib/lucene-suggest-6.2.0.jar:/home/ubuntu/workspace/online_dealership/elasticsearch-5.0.0/lib/lucene-join-6.2.0.jar:/home/ub
Launcher Type: SUN_STANDARD

Environment Variables:
JAVA_HOME=/usr/lib/jvm/java-8-oracle
PATH=/home/ubuntu/.nvm/versions/node/v4.3.2/bin:/usr/local/rvm/gems/ruby-2.3.0/bin:/usr/local/rvm/gems/ruby-2.3.0@global/bin:/usr/local/rvm/rubies/ruby-2.3.0/bin:/mnt/shared/bin:/home/ubuntu/workspace/node_modules/.bin:/home/ubuntu/bin:/usr/local/sbin:/usr/local/bin:/usr/sbin:/usr/bin:/sbin:/bin:/mnt/shared/sbin:/opt/gitl:/opt/go/bin:/mnt/shared/c9/app.nw/bin:/usr/lib/jvm/java-8-oracle/bin:/usr/lib/jvm/java-8-oracle/db/bin:/usr/lib/jvm/java-8-oracle/jre/bin:/usr/lib/jvm/java-8-oracle/bin:/usr/lib/jvm/java-8-oracle/db/bin:/usr/lib/jvm/java-8-oracle/jre/bin:/usr/local/rvm/bin
LD_LIBRARY_PATH=~/.c9/local/lib
SHELL=/bin/bash

Signal Handlers:
SIGSEGV: [libjvm.so+0xac64b0], sa_mask[0]=11111111011111111101111111111110, sa_flags=SA_RESTART|SA_SIGINFO
SIGBUS: [libjvm.so+0xac64b0], sa_mask[0]=11111111011111111101111111111110, sa_flags=SA_RESTART|SA_SIGINFO
SIGFPE: [libjvm.so+0x91f950], sa_mask[0]=11111111011111111101111111111110, sa_flags=SA_RESTART|SA_SIGINFO
SIGPIPE: [libjvm.so+0x91f950], sa_mask[0]=11111111011111111101111111111110, sa_flags=SA_RESTART|SA_SIGINFO
SIGXFSZ: [libjvm.so+0x91f950], sa_mask[0]=11111111011111111101111111111110, sa_flags=SA_RESTART|SA_SIGINFO
SIGILL: [libjvm.so+0x91f950], sa_mask[0]=11111111011111111101111111111110, sa_flags=SA_RESTART|SA_SIGINFO
SIGUSR1: SIG_DFL, sa_mask[0]=00000000000000000000000000000000, sa_flags=none
SIGUSR2: [libjvm.so+0x920f80], sa_mask[0]=00000000000000000000000000000000, sa_flags=SA_RESTART|SA_SIGINFO
SIGHUP: [libjvm.so+0x922380], sa_mask[0]=11111111011111111101111111111110, sa_flags=SA_RESTART|SA_SIGINFO
SIGINT: [libjvm.so+0x922380], sa_mask[0]=11111111011111111101111111111110, sa_flags=SA_RESTART|SA_SIGINFO
SIGTERM: [libjvm.so+0x922380], sa_mask[0]=11111111011111111101111111111110, sa_flags=SA_RESTART|SA_SIGINFO
SIGQUIT: [libjvm.so+0x922380], sa_mask[0]=11111111011111111101111111111110, sa_flags=SA_RESTART|SA_SIGINFO


---------------  S Y S T E M  ---------------

OS:DISTRIB_ID=Ubuntu
DISTRIB_RELEASE=14.04
DISTRIB_CODENAME=trusty
DISTRIB_DESCRIPTION="Ubuntu 14.04.3 LTS"

uname:Linux 4.2.0-c9 #2 SMP Thu Oct 20 09:52:05 UTC 2016 x86_64
libc:glibc 2.19 NPTL 2.19 
rlimit: STACK 8192k, CORE 0k, NPROC 29856, NOFILE 8192, AS infinity
load average:5.30 6.09 5.75

/proc/meminfo:
MemTotal:       53595536 kB
MemFree:         3862172 kB
MemAvailable:   18551668 kB
Buffers:        11764824 kB
Cached:          7594760 kB
SwapCached:        69948 kB
Active:         19377376 kB
Inactive:       18979464 kB
Active(anon):   10410440 kB
Inactive(anon): 10425172 kB
Active(file):    8966936 kB
Inactive(file):  8554292 kB
Unevictable:        9792 kB
Mlocked:            9792 kB
SwapTotal:      52428796 kB
SwapFree:       51197692 kB
Dirty:                16 kB
Writeback:             0 kB
AnonPages:      18954988 kB
Mapped:           830884 kB
Shmem:           1835468 kB
Slab:            9720428 kB
SReclaimable:    7237768 kB
SUnreclaim:      2482660 kB
KernelStack:      132272 kB
PageTables:       324112 kB
NFS_Unstable:          0 kB
Bounce:                0 kB
WritebackTmp:          0 kB
CommitLimit:    79226564 kB
Committed_AS:   68905332 kB
VmallocTotal:   34359738367 kB
VmallocUsed:      774728 kB
VmallocChunk:   34358827784 kB
HardwareCorrupted:     0 kB
AnonHugePages:     12288 kB
HugePages_Total:       0
HugePages_Free:        0
HugePages_Rsvd:        0
HugePages_Surp:        0
Hugepagesize:       2048 kB
DirectMap4k:      331764 kB
DirectMap2M:    39514112 kB
DirectMap1G:    16777216 kB


CPU:total 8 (12 cores per cpu, 2 threads per core) family 6 model 62 stepping 4, cmov, cx8, fxsr, mmx, sse, sse2, sse3, ssse3, sse4.1, sse4.2, popcnt, avx, aes, clmul, erms, ht, tsc, tscinvbit

/proc/cpuinfo:
processor	: 0
vendor_id	: GenuineIntel
cpu family	: 6
model		: 62
model name	: Intel(R) Xeon(R) CPU @ 2.50GHz
stepping	: 4
microcode	: 0x1
cpu MHz		: 2500.000
cache size	: 30720 KB
physical id	: 0
siblings	: 8
core id		: 0
cpu cores	: 4
apicid		: 0
initial apicid	: 0
fpu		: yes
fpu_exception	: yes
cpuid level	: 13
wp		: yes
flags		: fpu vme de pse tsc msr pae mce cx8 apic sep mtrr pge mca cmov pat pse36 clflush mmx fxsr sse sse2 ss ht syscall nx pdpe1gb rdtscp lm constant_tsc rep_good nopl xtopology nonstop_tsc eagerfpu pni pclmulqdq ssse3 cx16 sse4_1 sse4_2 x2apic popcnt aes xsave avx f16c rdrand hypervisor lahf_lm fsgsbase tsc_adjust smep erms xsaveopt
bugs		:
bogomips	: 5000.00
clflush size	: 64
cache_alignment	: 64
address sizes	: 46 bits physical, 48 bits virtual
power management:

processor	: 1
vendor_id	: GenuineIntel
cpu family	: 6
model		: 62
model name	: Intel(R) Xeon(R) CPU @ 2.50GHz
stepping	: 4
microcode	: 0x1
cpu MHz		: 2500.000
cache size	: 30720 KB
physical id	: 0
siblings	: 8
core id		: 0
cpu cores	: 4
apicid		: 1
initial apicid	: 1
fpu		: yes
fpu_exception	: yes
cpuid level	: 13
wp		: yes
flags		: fpu vme de pse tsc msr pae mce cx8 apic sep mtrr pge mca cmov pat pse36 clflush mmx fxsr sse sse2 ss ht syscall nx pdpe1gb rdtscp lm constant_tsc rep_good nopl xtopology nonstop_tsc eagerfpu pni pclmulqdq ssse3 cx16 sse4_1 sse4_2 x2apic popcnt aes xsave avx f16c rdrand hypervisor lahf_lm fsgsbase tsc_adjust smep erms xsaveopt
bugs		:
bogomips	: 5000.00
clflush size	: 64
cache_alignment	: 64
address sizes	: 46 bits physical, 48 bits virtual
power management:

processor	: 2
vendor_id	: GenuineIntel
cpu family	: 6
model		: 62
model name	: Intel(R) Xeon(R) CPU @ 2.50GHz
stepping	: 4
microcode	: 0x1
cpu MHz		: 2500.000
cache size	: 30720 KB
physical id	: 0
siblings	: 8
core id		: 1
cpu cores	: 4
apicid		: 2
initial apicid	: 2
fpu		: yes
fpu_exception	: yes
cpuid level	: 13
wp		: yes
flags		: fpu vme de pse tsc msr pae mce cx8 apic sep mtrr pge mca cmov pat pse36 clflush mmx fxsr sse sse2 ss ht syscall nx pdpe1gb rdtscp lm constant_tsc rep_good nopl xtopology nonstop_tsc eagerfpu pni pclmulqdq ssse3 cx16 sse4_1 sse4_2 x2apic popcnt aes xsave avx f16c rdrand hypervisor lahf_lm fsgsbase tsc_adjust smep erms xsaveopt
bugs		:
bogomips	: 5000.00
clflush size	: 64
cache_alignment	: 64
address sizes	: 46 bits physical, 48 bits virtual
power management:

processor	: 3
vendor_id	: GenuineIntel
cpu family	: 6
model		: 62
model name	: Intel(R) Xeon(R) CPU @ 2.50GHz
stepping	: 4
microcode	: 0x1
cpu MHz		: 2500.000
cache size	: 30720 KB
physical id	: 0
siblings	: 8
core id		: 1
cpu cores	: 4
apicid		: 3
initial apicid	: 3
fpu		: yes
fpu_exception	: yes
cpuid level	: 13
wp		: yes
flags		: fpu vme de pse tsc msr pae mce cx8 apic sep mtrr pge mca cmov pat pse36 clflush mmx fxsr sse sse2 ss ht syscall nx pdpe1gb rdtscp lm constant_tsc rep_good nopl xtopology nonstop_tsc eagerfpu pni pclmulqdq ssse3 cx16 sse4_1 sse4_2 x2apic popcnt aes xsave avx f16c rdrand hypervisor lahf_lm fsgsbase tsc_adjust smep erms xsaveopt
bugs		:
bogomips	: 5000.00
clflush size	: 64
cache_alignment	: 64
address sizes	: 46 bits physical, 48 bits virtual
power management:

processor	: 4
vendor_id	: GenuineIntel
cpu family	: 6
model		: 62
model name	: Intel(R) Xeon(R) CPU @ 2.50GHz
stepping	: 4
microcode	: 0x1
cpu MHz		: 2500.000
cache size	: 30720 KB
physical id	: 0
siblings	: 8
core id		: 2
cpu cores	: 4
apicid		: 4
initial apicid	: 4
fpu		: yes
fpu_exception	: yes
cpuid level	: 13
wp		: yes
flags		: fpu vme de pse tsc msr pae mce cx8 apic sep mtrr pge mca cmov pat pse36 clflush mmx fxsr sse sse2 ss ht syscall nx pdpe1gb rdtscp lm constant_tsc rep_good nopl xtopology nonstop_tsc eagerfpu pni pclmulqdq ssse3 cx16 sse4_1 sse4_2 x2apic popcnt aes xsave avx f16c rdrand hypervisor lahf_lm fsgsbase tsc_adjust smep erms xsaveopt
bugs		:
bogomips	: 5000.00
clflush size	: 64
cache_alignment	: 64
address sizes	: 46 bits physical, 48 bits virtual
power management:

processor	: 5
vendor_id	: GenuineIntel
cpu family	: 6
model		: 62
model name	: Intel(R) Xeon(R) CPU @ 2.50GHz
stepping	: 4
microcode	: 0x1
cpu MHz		: 2500.000
cache size	: 30720 KB
physical id	: 0
siblings	: 8
core id		: 2
cpu cores	: 4
apicid		: 5
initial apicid	: 5
fpu		: yes
fpu_exception	: yes
cpuid level	: 13
wp		: yes
flags		: fpu vme de pse tsc msr pae mce cx8 apic sep mtrr pge mca cmov pat pse36 clflush mmx fxsr sse sse2 ss ht syscall nx pdpe1gb rdtscp lm constant_tsc rep_good nopl xtopology nonstop_tsc eagerfpu pni pclmulqdq ssse3 cx16 sse4_1 sse4_2 x2apic popcnt aes xsave avx f16c rdrand hypervisor lahf_lm fsgsbase tsc_adjust smep erms xsaveopt
bugs		:
bogomips	: 5000.00
clflush size	: 64
cache_alignment	: 64
address sizes	: 46 bits physical, 48 bits virtual
power management:

processor	: 6
vendor_id	: GenuineIntel
cpu family	: 6
model		: 62
model name	: Intel(R) Xeon(R) CPU @ 2.50GHz
stepping	: 4
microcode	: 0x1
cpu MHz		: 2500.000
cache size	: 30720 KB
physical id	: 0
siblings	: 8
core id		: 3
cpu cores	: 4
apicid		: 6
initial apicid	: 6
fpu		: yes
fpu_exception	: yes
cpuid level	: 13
wp		: yes
flags		: fpu vme de pse tsc msr pae mce cx8 apic sep mtrr pge mca cmov pat pse36 clflush mmx fxsr sse sse2 ss ht syscall nx pdpe1gb rdtscp lm constant_tsc rep_good nopl xtopology nonstop_tsc eagerfpu pni pclmulqdq ssse3 cx16 sse4_1 sse4_2 x2apic popcnt aes xsave avx f16c rdrand hypervisor lahf_lm fsgsbase tsc_adjust smep erms xsaveopt
bugs		:
bogomips	: 5000.00
clflush size	: 64
cache_alignment	: 64
address sizes	: 46 bits physical, 48 bits virtual
power management:

processor	: 7
vendor_id	: GenuineIntel
cpu family	: 6
model		: 62
model name	: Intel(R) Xeon(R) CPU @ 2.50GHz
stepping	: 4
microcode	: 0x1
cpu MHz		: 2500.000
cache size	: 30720 KB
physical id	: 0
siblings	: 8
core id		: 3
cpu cores	: 4
apicid		: 7
initial apicid	: 7
fpu		: yes
fpu_exception	: yes
cpuid level	: 13
wp		: yes
flags		: fpu vme de pse tsc msr pae mce cx8 apic sep mtrr pge mca cmov pat pse36 clflush mmx fxsr sse sse2 ss ht syscall nx pdpe1gb rdtscp lm constant_tsc rep_good nopl xtopology nonstop_tsc eagerfpu pni pclmulqdq ssse3 cx16 sse4_1 sse4_2 x2apic popcnt aes xsave avx f16c rdrand hypervisor lahf_lm fsgsbase tsc_adjust smep erms xsaveopt
bugs		:
bogomips	: 5000.00
clflush size	: 64
cache_alignment	: 64
address sizes	: 46 bits physical, 48 bits virtual
power management:



Memory: 4k page, physical 53595536k(3861368k free), swap 52428796k(51197692k free)

vm_info: Java HotSpot(TM) 64-Bit Server VM (25.111-b14) for linux-amd64 JRE (1.8.0_111-b14), built on Sep 22 2016 16:14:03 by "java_re" with gcc 4.3.0 20080428 (Red Hat 4.3.0-8)

time: Wed Jan 11 01:28:14 2017
elapsed time: 30 seconds (0d 0h 0m 30s)

