#
# A fatal error has been detected by the Java Runtime Environment:
#
#  SIGSEGV (0xb) at pc=0x00007f7679404388, pid=14119, tid=0x00007f759e7f6700
#
# JRE version: Java(TM) SE Runtime Environment (8.0_111-b14) (build 1.8.0_111-b14)
# Java VM: Java HotSpot(TM) 64-Bit Server VM (25.111-b14 mixed mode linux-amd64 compressed oops)
# Problematic frame:
# J 2362 C2 java.util.regex.Pattern$Ctype.isSatisfiedBy(I)Z (24 bytes) @ 0x00007f7679404388 [0x00007f7679404320+0x68]
#
# Failed to write core dump. Core dumps have been disabled. To enable core dumping, try "ulimit -c unlimited" before starting Java again
#
# If you would like to submit a bug report, please visit:
#   http://bugreport.java.com/bugreport/crash.jsp
#

---------------  T H R E A D  ---------------

Current thread (0x00007f75f8025000):  JavaThread "elasticsearch[ht0EVsn][management][T#1]" daemon [_thread_in_Java, id=14210, stack(0x00007f759e6f6000,0x00007f759e7f7000)]

siginfo: si_signo: 11 (SIGSEGV), si_code: 0 (SI_USER)

Registers:
RAX=0x0000000000000000, RBX=0x00007f76589375b0, RCX=0x000000000000002a, RDX=0x0000000000000032
RSP=0x00007f759e7f4c68, RBP=0x0000000000000034, RSI=0x0000000080056998, RDI=0x0000000080056998
R8 =0x00000000800567d0, R9 =0x0000000000000001, R10=0x00000000adcbd750, R11=0x0000000000000800
R12=0x0000000000000000, R13=0x0000000000000034, R14=0x00000000800569d0, R15=0x00007f75f8025000
RIP=0x00007f7679404388, EFLAGS=0x0000000000010206, CSGSFS=0x0000000000000033, ERR=0x0000000000000004
  TRAPNO=0x000000000000000e

Top of Stack: (sp=0x00007f759e7f4c68)
0x00007f759e7f4c68:   00007f7679405290 0000000080056860
0x00007f759e7f4c78:   0000000080056a18 0000000080056860
0x00007f759e7f4c88:   0000000080056998 00000000800569b0
0x00007f759e7f4c98:   000000000000002a 00000000800567d0
0x00007f759e7f4ca8:   00007f7679140128 0000000000034ead
0x00007f759e7f4cb8:   0000000000000010 0000000000000001
0x00007f759e7f4cc8:   00007f767940ca38 00000000800567d0
0x00007f759e7f4cd8:   0000003300000000 0000000080056a18
0x00007f759e7f4ce8:   00000034800567d0 00000000800569d0
0x00007f759e7f4cf8:   00000000800567d0 00000000800569b0
0x00007f759e7f4d08:   0000002900000001 00007f75a9afeaf8
0x00007f759e7f4d18:   000000010000002a 0000000000000001
0x00007f759e7f4d28:   0000000100011338 0000000000000002
0x00007f759e7f4d38:   00007f7600000001 00007f759e7f4d90
0x00007f759e7f4d48:   00007f768d4a67c5 0000000000000034
0x00007f759e7f4d58:   00007f767971f858 0000000a00000001
0x00007f759e7f4d68:   800567d080056af8 000000010004b3e0
0x00007f759e7f4d78:   000000010004ad18 00000001000016d0
0x00007f759e7f4d88:   0000000000000000 0000000080056a00
0x00007f759e7f4d98:   00000000800567d0 0000000080056a18
0x00007f759e7f4da8:   800567e800000025 0000000080056c88
0x00007f759e7f4db8:   0000000080056c88 0000000080056ca0
0x00007f759e7f4dc8:   0000000000000034 0000000080000001
0x00007f759e7f4dd8:   0000000000000000 00000000a9efa708
0x00007f759e7f4de8:   00007f7678ce4d45 00000000a5ca4540
0x00007f759e7f4df8:   00007f767a27a7c0 00000000a57cd8f8
0x00007f759e7f4e08:   00000000ac66bc40 00000000a57cd910
0x00007f759e7f4e18:   00000034000010ad 00000000800567d0
0x00007f759e7f4e28:   0000117f00000003 00000000800567d0
0x00007f759e7f4e38:   000000000000007f 00000000800567e8
0x00007f759e7f4e48:   00007f7678be1040 00000000a03d226c
0x00007f759e7f4e58:   000010ac000010fe 00000000a57cd920 

Instructions: (pc=0x00007f7679404388)
0x00007f7679404368:   26 49 ba 50 d7 cb ad 00 00 00 00 45 85 5c 92 10
0x00007f7679404378:   75 04 33 c0 eb 05 b8 01 00 00 00 48 83 c4 20 5d
0x00007f7679404388:   85 05 72 bc 82 15 c3 be e4 ff ff ff 8b ea 44 89
0x00007f7679404398:   1c 24 90 e8 00 9e 7d ff e8 1b d5 53 14 be 65 ff 

Register to memory mapping:

RAX=0x0000000000000000 is an unknown value
RBX={method} {0x00007f76589375b0} 'isSatisfiedBy' '(I)Z' in 'java/util/regex/Pattern$Ctype'
RCX=0x000000000000002a is an unknown value
RDX=0x0000000000000032 is an unknown value
RSP=0x00007f759e7f4c68 is pointing into the stack for thread: 0x00007f75f8025000
RBP=0x0000000000000034 is an unknown value
RSI=0x0000000080056998 is an oop
java.util.regex.Pattern$Ctype 
 - klass: 'java/util/regex/Pattern$Ctype'
RDI=0x0000000080056998 is an oop
java.util.regex.Pattern$Ctype 
 - klass: 'java/util/regex/Pattern$Ctype'
R8 =0x00000000800567d0 is an oop
java.lang.String 
 - klass: 'java/lang/String'
R9 =0x0000000000000001 is an unknown value
R10=0x00000000adcbd750 is an oop
[I 
 - klass: {type array int}
 - length: 128
R11=0x0000000000000800 is an unknown value
R12=0x0000000000000000 is an unknown value
R13=0x0000000000000034 is an unknown value
R14=0x00000000800569d0 is an oop
java.util.regex.Pattern$Start 
 - klass: 'java/util/regex/Pattern$Start'
R15=0x00007f75f8025000 is a thread


Stack: [0x00007f759e6f6000,0x00007f759e7f7000],  sp=0x00007f759e7f4c68,  free space=1019k
Native frames: (J=compiled Java code, j=interpreted, Vv=VM code, C=native code)
J 2362 C2 java.util.regex.Pattern$Ctype.isSatisfiedBy(I)Z (24 bytes) @ 0x00007f7679404388 [0x00007f7679404320+0x68]
C  0x00000000800569b0


---------------  P R O C E S S  ---------------

Java Threads: ( => current thread )
  0x00007f7618009000 JavaThread "elasticsearch[ht0EVsn][flush][T#3]" daemon [_thread_blocked, id=14953, stack(0x00007f759ddef000,0x00007f759def0000)]
  0x00007f7570017000 JavaThread "elasticsearch[ht0EVsn][http_server_worker][T#16]" daemon [_thread_blocked, id=14297, stack(0x00007f759c07e000,0x00007f759c17f000)]
  0x00007f7570015000 JavaThread "elasticsearch[ht0EVsn][http_server_worker][T#15]" daemon [_thread_blocked, id=14294, stack(0x00007f759c37f000,0x00007f759c480000)]
  0x00007f7570013800 JavaThread "elasticsearch[ht0EVsn][http_server_worker][T#14]" daemon [_thread_blocked, id=14290, stack(0x00007f759c581000,0x00007f759c682000)]
  0x00007f7570011800 JavaThread "elasticsearch[ht0EVsn][http_server_worker][T#13]" daemon [_thread_in_native, id=14287, stack(0x00007f759c682000,0x00007f759c783000)]
  0x00007f7570010000 JavaThread "elasticsearch[ht0EVsn][http_server_worker][T#12]" daemon [_thread_in_native, id=14284, stack(0x00007f759c783000,0x00007f759c884000)]
  0x00007f757000e000 JavaThread "elasticsearch[ht0EVsn][http_server_worker][T#11]" daemon [_thread_blocked, id=14281, stack(0x00007f759c884000,0x00007f759c985000)]
  0x00007f75bc081800 JavaThread "elasticsearch[ht0EVsn][bulk][T#8]" daemon [_thread_blocked, id=14278, stack(0x00007f759c985000,0x00007f759ca86000)]
  0x00007f757000c800 JavaThread "elasticsearch[ht0EVsn][http_server_worker][T#10]" daemon [_thread_in_native, id=14277, stack(0x00007f759ca86000,0x00007f759cb87000)]
  0x00007f75b4004800 JavaThread "elasticsearch[ht0EVsn][bulk][T#7]" daemon [_thread_blocked, id=14274, stack(0x00007f759cb87000,0x00007f759cc88000)]
  0x00007f757000b000 JavaThread "elasticsearch[ht0EVsn][http_server_worker][T#9]" daemon [_thread_blocked, id=14273, stack(0x00007f759cc88000,0x00007f759cd89000)]
  0x00007f75ac169000 JavaThread "elasticsearch[ht0EVsn][bulk][T#6]" daemon [_thread_blocked, id=14270, stack(0x00007f759cd89000,0x00007f759ce8a000)]
  0x00007f7570009000 JavaThread "elasticsearch[ht0EVsn][http_server_worker][T#8]" daemon [_thread_in_native, id=14269, stack(0x00007f759ce8a000,0x00007f759cf8b000)]
  0x00007f75e0010800 JavaThread "elasticsearch[ht0EVsn][bulk][T#5]" daemon [_thread_blocked, id=14266, stack(0x00007f759d30b000,0x00007f759d40c000)]
  0x00007f7570008000 JavaThread "elasticsearch[ht0EVsn][http_server_worker][T#7]" daemon [_thread_in_native, id=14265, stack(0x00007f76121f6000,0x00007f76122f7000)]
  0x00007f75dc003000 JavaThread "elasticsearch[ht0EVsn][bulk][T#4]" daemon [_thread_blocked, id=14262, stack(0x00007f76125fa000,0x00007f76126fb000)]
  0x00007f7570007000 JavaThread "elasticsearch[ht0EVsn][http_server_worker][T#6]" daemon [_thread_blocked, id=14261, stack(0x00007f7611ef3000,0x00007f7611ff4000)]
  0x00007f75f4009000 JavaThread "elasticsearch[ht0EVsn][bulk][T#3]" daemon [_thread_blocked, id=14258, stack(0x00007f76122f7000,0x00007f76123f8000)]
  0x00007f7570005800 JavaThread "elasticsearch[ht0EVsn][http_server_worker][T#5]" daemon [_thread_blocked, id=14257, stack(0x00007f76124f9000,0x00007f76125fa000)]
  0x00007f75d008b800 JavaThread "elasticsearch[ht0EVsn][bulk][T#2]" daemon [_thread_blocked, id=14254, stack(0x00007f76120f5000,0x00007f76121f6000)]
  0x00007f7570005000 JavaThread "elasticsearch[ht0EVsn][http_server_worker][T#4]" daemon [_thread_blocked, id=14253, stack(0x00007f7611df2000,0x00007f7611ef3000)]
  0x00007f75d80aa000 JavaThread "elasticsearch[ht0EVsn][bulk][T#1]" daemon [_thread_blocked, id=14250, stack(0x00007f76123f8000,0x00007f76124f9000)]
  0x00007f7570003800 JavaThread "elasticsearch[ht0EVsn][http_server_worker][T#3]" daemon [_thread_blocked, id=14249, stack(0x00007f7611ff4000,0x00007f76120f5000)]
  0x00007f7590012000 JavaThread "elasticsearch[ht0EVsn][management][T#3]" daemon [_thread_blocked, id=14230, stack(0x00007f759d7eb000,0x00007f759d8ec000)]
  0x00007f757c003000 JavaThread "elasticsearch[ht0EVsn][management][T#2]" daemon [_thread_blocked, id=14229, stack(0x00007f759d8ec000,0x00007f759d9ed000)]
  0x00007f75a4027000 JavaThread "elasticsearch[ht0EVsn][warmer][T#3]" daemon [_thread_blocked, id=14222, stack(0x00007f759cf8b000,0x00007f759d08c000)]
  0x00007f761800e800 JavaThread "elasticsearch[ht0EVsn][refresh][T#1]" daemon [_thread_in_vm, id=14219, stack(0x00007f759d9ed000,0x00007f759daee000)]
  0x00007f75f807e800 JavaThread "elasticsearch[ht0EVsn][fetch_shard_started][T#1]" daemon [_thread_blocked, id=14214, stack(0x00007f759e0f2000,0x00007f759e1f3000)]
  0x00007f768800c000 JavaThread "DestroyJavaVM" [_thread_blocked, id=14135, stack(0x00007f768eb1d000,0x00007f768ec1e000)]
  0x00007f7688ea5800 JavaThread "elasticsearch[keepAlive/5.0.0]" [_thread_blocked, id=14213, stack(0x00007f759e3f3000,0x00007f759e4f4000)]
  0x00007f7688ea4000 JavaThread "elasticsearch[ht0EVsn][http_server_worker][T#2]" daemon [_thread_in_native, id=14212, stack(0x00007f759e4f4000,0x00007f759e5f5000)]
  0x00007f7688ea2800 JavaThread "elasticsearch[ht0EVsn][http_server_worker][T#1]" daemon [_thread_blocked, id=14211, stack(0x00007f759e5f5000,0x00007f759e6f6000)]
=>0x00007f75f8025000 JavaThread "elasticsearch[ht0EVsn][management][T#1]" daemon [_thread_in_Java, id=14210, stack(0x00007f759e6f6000,0x00007f759e7f7000)]
  0x00007f761800d000 JavaThread "elasticsearch[ht0EVsn][generic][T#4]" daemon [_thread_blocked, id=14209, stack(0x00007f759e7f7000,0x00007f759e8f8000)]
  0x00007f75e8005000 JavaThread "elasticsearch[ht0EVsn][transport_client_boss][T#16]" daemon [_thread_in_native, id=14208, stack(0x00007f759f8f9000,0x00007f759f9fa000)]
  0x00007f75d0008800 JavaThread "elasticsearch[ht0EVsn][transport_client_boss][T#15]" daemon [_thread_in_native, id=14207, stack(0x00007f759f9fa000,0x00007f759fafb000)]
  0x00007f75ec003000 JavaThread "elasticsearch[ht0EVsn][transport_client_boss][T#14]" daemon [_thread_blocked, id=14206, stack(0x00007f759fafb000,0x00007f759fbfc000)]
  0x00007f75d8004800 JavaThread "elasticsearch[ht0EVsn][transport_client_boss][T#12]" daemon [_thread_in_native, id=14205, stack(0x00007f759fbfc000,0x00007f759fcfd000)]
  0x00007f75dc004000 JavaThread "elasticsearch[ht0EVsn][transport_client_boss][T#13]" daemon [_thread_blocked, id=14204, stack(0x00007f759fcfd000,0x00007f759fdfe000)]
  0x00007f75f400a800 JavaThread "elasticsearch[ht0EVsn][transport_client_boss][T#11]" daemon [_thread_in_native, id=14203, stack(0x00007f759fdfe000,0x00007f759feff000)]
  0x00007f75f000a000 JavaThread "elasticsearch[ht0EVsn][transport_client_boss][T#10]" daemon [_thread_blocked, id=14202, stack(0x00007f759feff000,0x00007f75a0000000)]
  0x00007f761800b800 JavaThread "elasticsearch[ht0EVsn][generic][T#3]" daemon [_thread_blocked, id=14201, stack(0x00007f76100e4000,0x00007f76101e5000)]
  0x00007f75b0005800 JavaThread "threadDeathWatcher-2-1" daemon [_thread_blocked, id=14200, stack(0x00007f76111e6000,0x00007f76112e7000)]
  0x00007f75e0004000 JavaThread "elasticsearch[ht0EVsn][generic][T#2]" daemon [_thread_blocked, id=14199, stack(0x00007f76112e7000,0x00007f76113e8000)]
  0x00007f760000c800 JavaThread "elasticsearch[ht0EVsn][[transport_server_worker.default]][T#3]" daemon [_thread_blocked, id=14198, stack(0x00007f76113e8000,0x00007f76114e9000)]
  0x00007f75d0001000 JavaThread "elasticsearch[ht0EVsn][transport_client_boss][T#8]" daemon [_thread_in_native, id=14197, stack(0x00007f76114e9000,0x00007f76115ea000)]
  0x00007f75e0001000 JavaThread "elasticsearch[ht0EVsn][transport_client_boss][T#5]" daemon [_thread_blocked, id=14196, stack(0x00007f76115ea000,0x00007f76116eb000)]
  0x00007f75ec001000 JavaThread "elasticsearch[ht0EVsn][transport_client_boss][T#1]" daemon [_thread_blocked, id=14195, stack(0x00007f76116eb000,0x00007f76117ec000)]
  0x00007f75d8001000 JavaThread "elasticsearch[ht0EVsn][transport_client_boss][T#4]" daemon [_thread_blocked, id=14194, stack(0x00007f76117ec000,0x00007f76118ed000)]
  0x00007f75f4007800 JavaThread "elasticsearch[ht0EVsn][transport_client_boss][T#6]" daemon [_thread_in_native, id=14193, stack(0x00007f76118ed000,0x00007f76119ee000)]
  0x00007f75e8002000 JavaThread "elasticsearch[ht0EVsn][transport_client_boss][T#7]" daemon [_thread_blocked, id=14192, stack(0x00007f76119ee000,0x00007f7611aef000)]
  0x00007f75dc001800 JavaThread "elasticsearch[ht0EVsn][transport_client_boss][T#9]" daemon [_thread_in_native, id=14191, stack(0x00007f7611aef000,0x00007f7611bf0000)]
  0x00007f75e4001000 JavaThread "elasticsearch[ht0EVsn][transport_client_boss][T#3]" daemon [_thread_blocked, id=14190, stack(0x00007f7611bf0000,0x00007f7611cf1000)]
  0x00007f75f0008800 JavaThread "elasticsearch[ht0EVsn][transport_client_boss][T#2]" daemon [_thread_blocked, id=14189, stack(0x00007f7611cf1000,0x00007f7611df2000)]
  0x00007f75f800c800 JavaThread "elasticsearch[ht0EVsn][generic][T#1]" daemon [_thread_blocked, id=14179, stack(0x00007f76126fb000,0x00007f76127fc000)]
  0x00007f7688c57000 JavaThread "elasticsearch[ht0EVsn][clusterService#updateTask][T#1]" daemon [_thread_blocked, id=14178, stack(0x00007f76127fc000,0x00007f76128fd000)]
  0x00007f7689280800 JavaThread "elasticsearch[ht0EVsn][[transport_server_worker.default]][T#2]" daemon [_thread_blocked, id=14177, stack(0x00007f76128fd000,0x00007f76129fe000)]
  0x00007f76891b4800 JavaThread "elasticsearch[ht0EVsn][[transport_server_worker.default]][T#1]" daemon [_thread_blocked, id=14176, stack(0x00007f76129fe000,0x00007f7612aff000)]
  0x00007f7688dc8000 JavaThread "elasticsearch[ht0EVsn][[ttl_expire]]" daemon [_thread_blocked, id=14175, stack(0x00007f7612cff000,0x00007f7612e00000)]
  0x00007f768907b800 JavaThread "elasticsearch[ht0EVsn][scheduler][T#1]" daemon [_thread_blocked, id=14172, stack(0x00007f7650050000,0x00007f7650151000)]
  0x00007f7688b4f000 JavaThread "elasticsearch[ht0EVsn][[timer]]" daemon [_thread_blocked, id=14171, stack(0x00007f765061b000,0x00007f765071c000)]
  0x00007f7688157800 JavaThread "Service Thread" daemon [_thread_blocked, id=14156, stack(0x00007f765178a000,0x00007f765188b000)]
  0x00007f768813a800 JavaThread "C1 CompilerThread3" daemon [_thread_blocked, id=14155, stack(0x00007f765188b000,0x00007f765198c000)]
  0x00007f7688138800 JavaThread "C2 CompilerThread2" daemon [_thread_blocked, id=14154, stack(0x00007f765198c000,0x00007f7651a8d000)]
  0x00007f7688136800 JavaThread "C2 CompilerThread1" daemon [_thread_blocked, id=14153, stack(0x00007f7651a8d000,0x00007f7651b8e000)]
  0x00007f7688134000 JavaThread "C2 CompilerThread0" daemon [_thread_blocked, id=14152, stack(0x00007f7651b8e000,0x00007f7651c8f000)]
  0x00007f7688132000 JavaThread "Signal Dispatcher" daemon [_thread_blocked, id=14151, stack(0x00007f7651c8f000,0x00007f7651d90000)]
  0x00007f7688131000 JavaThread "Surrogate Locker Thread (Concurrent GC)" daemon [_thread_blocked, id=14150, stack(0x00007f7651d90000,0x00007f7651e91000)]
  0x00007f76880f9800 JavaThread "Finalizer" daemon [_thread_blocked, id=14149, stack(0x00007f76580d5000,0x00007f76581d6000)]
  0x00007f76880f5000 JavaThread "Reference Handler" daemon [_thread_blocked, id=14148, stack(0x00007f76581d6000,0x00007f76582d7000)]

Other Threads:
  0x00007f76880ed800 VMThread [stack: 0x00007f76582d7000,0x00007f76583d8000] [id=14147]
  0x00007f768816b000 WatcherThread [stack: 0x00007f7651689000,0x00007f765178a000] [id=14157]

VM state:synchronizing (normal execution)

VM Mutex/Monitor currently owned by a thread:  ([mutex/lock_event])
[0x00007f76880080e0] Safepoint_lock - owner thread: 0x00007f76880ed800
[0x00007f7688008160] Threads_lock - owner thread: 0x00007f76880ed800

Heap:
 par new generation   total 613440K, used 11675K [0x0000000080000000, 0x00000000a9990000, 0x00000000a9990000)
  eden space 545344K,   1% used [0x0000000080000000, 0x0000000080570180, 0x00000000a1490000)
  from space 68096K,   8% used [0x00000000a5710000, 0x00000000a5d06bc8, 0x00000000a9990000)
  to   space 68096K,   0% used [0x00000000a1490000, 0x00000000a1490000, 0x00000000a5710000)
 concurrent mark-sweep generation total 1415616K, used 300714K [0x00000000a9990000, 0x0000000100000000, 0x0000000100000000)
 Metaspace       used 51761K, capacity 54874K, committed 55124K, reserved 1097728K
  class space    used 6726K, capacity 7756K, committed 7824K, reserved 1048576K

Card table byte_map: [0x00007f765bbff000,0x00007f765c000000] byte_map_base: 0x00007f765b7ff000

Marking Bits: (CMSBitMap*) 0x00007f7688095888
 Bits: [0x00007f7659ba9000, 0x00007f765b142c00)

Mod Union Table: (CMSBitMap*) 0x00007f7688095948
 Bits: [0x00007f768eac6000, 0x00007f768eb1c670)

Polling page: 0x00007f768ec30000

CodeCache: size=245760Kb used=23165Kb max_used=23167Kb free=222594Kb
 bounds [0x00007f7678bd9000, 0x00007f767a2a9000, 0x00007f7687bd9000]
 total_blobs=8068 nmethods=7381 adapters=599
 compilation: enabled

Compilation events (10 events):
Event: 1785.883 Thread 0x00007f768813a800 9138       1       java.util.stream.Node::getChildCount (2 bytes)
Event: 1785.884 Thread 0x00007f768813a800 nmethod 9138 0x00007f76799b8ed0 code [0x00007f76799b9020, 0x00007f76799b9130]
Event: 1785.884 Thread 0x00007f768813a800 9139       3       java.lang.StringBuilder::append (8 bytes)
Event: 1785.884 Thread 0x00007f768813a800 nmethod 9139 0x00007f76794dd6d0 code [0x00007f76794dd840, 0x00007f76794dd9c8]
Event: 1785.884 Thread 0x00007f768813a800 9140       3       java.lang.AbstractStringBuilder::append (191 bytes)
Event: 1785.885 Thread 0x00007f768813a800 nmethod 9140 0x00007f76794dc550 code [0x00007f76794dc760, 0x00007f76794dd158]
Event: 1815.918 Thread 0x00007f768813a800 9141       3       com.carrotsearch.hppc.ObjectObjectHashMap::values (10 bytes)
Event: 1815.919 Thread 0x00007f768813a800 nmethod 9141 0x00007f76794dbed0 code [0x00007f76794dc060, 0x00007f76794dc3b0]
Event: 1815.930 Thread 0x00007f768813a800 9142       3       org.elasticsearch.action.admin.indices.stats.CommonStatsFlags::clear (36 bytes)
Event: 1815.931 Thread 0x00007f768813a800 nmethod 9142 0x00007f76794dbad0 code [0x00007f76794dbc40, 0x00007f76794dbe48]

GC Heap History (10 events):
Event: 121.694 GC heap before
{Heap before GC invocations=0 (full 1):
 par new generation   total 613440K, used 545344K [0x0000000080000000, 0x00000000a9990000, 0x00000000a9990000)
  eden space 545344K, 100% used [0x0000000080000000, 0x00000000a1490000, 0x00000000a1490000)
  from space 68096K,   0% used [0x00000000a1490000, 0x00000000a1490000, 0x00000000a5710000)
  to   space 68096K,   0% used [0x00000000a5710000, 0x00000000a5710000, 0x00000000a9990000)
 concurrent mark-sweep generation total 1415616K, used 0K [0x00000000a9990000, 0x0000000100000000, 0x0000000100000000)
 Metaspace       used 41031K, capacity 43528K, committed 43656K, reserved 1087488K
  class space    used 5655K, capacity 6557K, committed 6596K, reserved 1048576K
Event: 122.049 GC heap after
Heap after GC invocations=1 (full 1):
 par new generation   total 613440K, used 47438K [0x0000000080000000, 0x00000000a9990000, 0x00000000a9990000)
  eden space 545344K,   0% used [0x0000000080000000, 0x0000000080000000, 0x00000000a1490000)
  from space 68096K,  69% used [0x00000000a5710000, 0x00000000a8563b10, 0x00000000a9990000)
  to   space 68096K,   0% used [0x00000000a1490000, 0x00000000a1490000, 0x00000000a5710000)
 concurrent mark-sweep generation total 1415616K, used 0K [0x00000000a9990000, 0x0000000100000000, 0x0000000100000000)
 Metaspace       used 41031K, capacity 43528K, committed 43656K, reserved 1087488K
  class space    used 5655K, capacity 6557K, committed 6596K, reserved 1048576K
}
Event: 347.651 GC heap before
{Heap before GC invocations=1 (full 2):
 par new generation   total 613440K, used 586524K [0x0000000080000000, 0x00000000a9990000, 0x00000000a9990000)
  eden space 545344K,  98% used [0x0000000080000000, 0x00000000a0e73568, 0x00000000a1490000)
  from space 68096K,  69% used [0x00000000a5710000, 0x00000000a8563b10, 0x00000000a9990000)
  to   space 68096K,   0% used [0x00000000a1490000, 0x00000000a1490000, 0x00000000a5710000)
 concurrent mark-sweep generation total 1415616K, used 0K [0x00000000a9990000, 0x0000000100000000, 0x0000000100000000)
 Metaspace       used 49208K, capacity 52180K, committed 52436K, reserved 1093632K
  class space    used 6641K, capacity 7623K, committed 7696K, reserved 1048576K
Event: 349.866 GC heap after
Heap after GC invocations=2 (full 2):
 par new generation   total 613440K, used 68096K [0x0000000080000000, 0x00000000a9990000, 0x00000000a9990000)
  eden space 545344K,   0% used [0x0000000080000000, 0x0000000080000000, 0x00000000a1490000)
  from space 68096K, 100% used [0x00000000a1490000, 0x00000000a5710000, 0x00000000a5710000)
  to   space 68096K,   0% used [0x00000000a5710000, 0x00000000a5710000, 0x00000000a9990000)
 concurrent mark-sweep generation total 1415616K, used 141146K [0x00000000a9990000, 0x0000000100000000, 0x0000000100000000)
 Metaspace       used 49208K, capacity 52180K, committed 52436K, reserved 1093632K
  class space    used 6641K, capacity 7623K, committed 7696K, reserved 1048576K
}
Event: 370.022 GC heap before
{Heap before GC invocations=2 (full 2):
 par new generation   total 613440K, used 613440K [0x0000000080000000, 0x00000000a9990000, 0x00000000a9990000)
  eden space 545344K, 100% used [0x0000000080000000, 0x00000000a1490000, 0x00000000a1490000)
  from space 68096K, 100% used [0x00000000a1490000, 0x00000000a5710000, 0x00000000a5710000)
  to   space 68096K,   0% used [0x00000000a5710000, 0x00000000a5710000, 0x00000000a9990000)
 concurrent mark-sweep generation total 1415616K, used 141146K [0x00000000a9990000, 0x0000000100000000, 0x0000000100000000)
 Metaspace       used 50866K, capacity 53872K, committed 54100K, reserved 1095680K
  class space    used 6714K, capacity 7721K, committed 7824K, reserved 1048576K
Event: 383.702 GC heap after
Heap after GC invocations=3 (full 2):
 par new generation   total 613440K, used 68096K [0x0000000080000000, 0x00000000a9990000, 0x00000000a9990000)
  eden space 545344K,   0% used [0x0000000080000000, 0x0000000080000000, 0x00000000a1490000)
  from space 68096K, 100% used [0x00000000a5710000, 0x00000000a9990000, 0x00000000a9990000)
  to   space 68096K,   0% used [0x00000000a1490000, 0x00000000a1490000, 0x00000000a5710000)
 concurrent mark-sweep generation total 1415616K, used 247795K [0x00000000a9990000, 0x0000000100000000, 0x0000000100000000)
 Metaspace       used 50866K, capacity 53872K, committed 54100K, reserved 1095680K
  class space    used 6714K, capacity 7721K, committed 7824K, reserved 1048576K
}
Event: 557.697 GC heap before
{Heap before GC invocations=3 (full 2):
 par new generation   total 613440K, used 613440K [0x0000000080000000, 0x00000000a9990000, 0x00000000a9990000)
  eden space 545344K, 100% used [0x0000000080000000, 0x00000000a1490000, 0x00000000a1490000)
  from space 68096K, 100% used [0x00000000a5710000, 0x00000000a9990000, 0x00000000a9990000)
  to   space 68096K,   0% used [0x00000000a1490000, 0x00000000a1490000, 0x00000000a5710000)
 concurrent mark-sweep generation total 1415616K, used 247795K [0x00000000a9990000, 0x0000000100000000, 0x0000000100000000)
 Metaspace       used 51507K, capacity 54624K, committed 54868K, reserved 1095680K
  class space    used 6715K, capacity 7721K, committed 7824K, reserved 1048576K
Event: 565.689 GC heap after
Heap after GC invocations=4 (full 2):
 par new generation   total 613440K, used 17388K [0x0000000080000000, 0x00000000a9990000, 0x00000000a9990000)
  eden space 545344K,   0% used [0x0000000080000000, 0x0000000080000000, 0x00000000a1490000)
  from space 68096K,  25% used [0x00000000a1490000, 0x00000000a258b0b0, 0x00000000a5710000)
  to   space 68096K,   0% used [0x00000000a5710000, 0x00000000a5710000, 0x00000000a9990000)
 concurrent mark-sweep generation total 1415616K, used 300714K [0x00000000a9990000, 0x0000000100000000, 0x0000000100000000)
 Metaspace       used 51507K, capacity 54624K, committed 54868K, reserved 1095680K
  class space    used 6715K, capacity 7721K, committed 7824K, reserved 1048576K
}
Event: 1815.984 GC heap before
{Heap before GC invocations=4 (full 2):
 par new generation   total 613440K, used 562732K [0x0000000080000000, 0x00000000a9990000, 0x00000000a9990000)
  eden space 545344K, 100% used [0x0000000080000000, 0x00000000a1490000, 0x00000000a1490000)
  from space 68096K,  25% used [0x00000000a1490000, 0x00000000a258b0b0, 0x00000000a5710000)
  to   space 68096K,   0% used [0x00000000a5710000, 0x00000000a5710000, 0x00000000a9990000)
 concurrent mark-sweep generation total 1415616K, used 300714K [0x00000000a9990000, 0x0000000100000000, 0x0000000100000000)
 Metaspace       used 51761K, capacity 54874K, committed 55124K, reserved 1097728K
  class space    used 6726K, capacity 7756K, committed 7824K, reserved 1048576K
Event: 1816.275 GC heap after
Heap after GC invocations=5 (full 2):
 par new generation   total 613440K, used 6106K [0x0000000080000000, 0x00000000a9990000, 0x00000000a9990000)
  eden space 545344K,   0% used [0x0000000080000000, 0x0000000080000000, 0x00000000a1490000)
  from space 68096K,   8% used [0x00000000a5710000, 0x00000000a5d06bc8, 0x00000000a9990000)
  to   space 68096K,   0% used [0x00000000a1490000, 0x00000000a1490000, 0x00000000a5710000)
 concurrent mark-sweep generation total 1415616K, used 300714K [0x00000000a9990000, 0x0000000100000000, 0x0000000100000000)
 Metaspace       used 51761K, capacity 54874K, committed 55124K, reserved 1097728K
  class space    used 6726K, capacity 7756K, committed 7824K, reserved 1048576K
}

Deoptimization events (10 events):
Event: 871.613 Thread 0x00007f761800a000 Uncommon trap: reason=unstable_if action=reinterpret pc=0x00007f7679edf96c method=java.util.concurrent.locks.ReentrantReadWriteLock$Sync.tryReleaseShared(I)Z @ 17
Event: 871.677 Thread 0x00007f761800e800 Uncommon trap: reason=unstable_if action=reinterpret pc=0x00007f767a0465a0 method=java.util.concurrent.locks.AbstractQueuedSynchronizer.acquireShared(I)V @ 5
Event: 1171.692 Thread 0x00007f7618007000 Uncommon trap: reason=unstable_if action=reinterpret pc=0x00007f7679918dcc method=java.util.concurrent.LinkedTransferQueue.awaitMatch(Ljava/util/concurrent/LinkedTransferQueue$Node;Ljava/util/concurrent/LinkedTransferQueue$Node;Ljava/lang/Object;ZJ)Ljava/
Event: 1171.704 Thread 0x00007f761800a000 Uncommon trap: reason=unstable_if action=reinterpret pc=0x00007f7679918dcc method=java.util.concurrent.LinkedTransferQueue.awaitMatch(Ljava/util/concurrent/LinkedTransferQueue$Node;Ljava/util/concurrent/LinkedTransferQueue$Node;Ljava/lang/Object;ZJ)Ljava/
Event: 1171.705 Thread 0x00007f7578334000 Uncommon trap: reason=unstable_if action=reinterpret pc=0x00007f7679918dcc method=java.util.concurrent.LinkedTransferQueue.awaitMatch(Ljava/util/concurrent/LinkedTransferQueue$Node;Ljava/util/concurrent/LinkedTransferQueue$Node;Ljava/lang/Object;ZJ)Ljava/
Event: 1171.706 Thread 0x00007f75fc0d1000 Uncommon trap: reason=unstable_if action=reinterpret pc=0x00007f7679918dcc method=java.util.concurrent.LinkedTransferQueue.awaitMatch(Ljava/util/concurrent/LinkedTransferQueue$Node;Ljava/util/concurrent/LinkedTransferQueue$Node;Ljava/lang/Object;ZJ)Ljava/
Event: 1171.712 Thread 0x00007f75ac1df800 Uncommon trap: reason=unstable_if action=reinterpret pc=0x00007f7679918dcc method=java.util.concurrent.LinkedTransferQueue.awaitMatch(Ljava/util/concurrent/LinkedTransferQueue$Node;Ljava/util/concurrent/LinkedTransferQueue$Node;Ljava/lang/Object;ZJ)Ljava/
Event: 1171.716 Thread 0x00007f7618008000 Uncommon trap: reason=unstable_if action=reinterpret pc=0x00007f7679918dcc method=java.util.concurrent.LinkedTransferQueue.awaitMatch(Ljava/util/concurrent/LinkedTransferQueue$Node;Ljava/util/concurrent/LinkedTransferQueue$Node;Ljava/lang/Object;ZJ)Ljava/
Event: 1171.733 Thread 0x00007f7618009000 Uncommon trap: reason=unstable_if action=reinterpret pc=0x00007f7679918dcc method=java.util.concurrent.LinkedTransferQueue.awaitMatch(Ljava/util/concurrent/LinkedTransferQueue$Node;Ljava/util/concurrent/LinkedTransferQueue$Node;Ljava/lang/Object;ZJ)Ljava/
Event: 1172.716 Thread 0x00007f75a4027000 Uncommon trap: reason=unstable_if action=reinterpret pc=0x00007f7679918dcc method=java.util.concurrent.LinkedTransferQueue.awaitMatch(Ljava/util/concurrent/LinkedTransferQueue$Node;Ljava/util/concurrent/LinkedTransferQueue$Node;Ljava/lang/Object;ZJ)Ljava/

Internal exceptions (10 events):
Event: 362.655 Thread 0x00007f7580003000 Implicit null exception at 0x00007f76799e58b2 to 0x00007f76799ebded
Event: 383.839 Thread 0x00007f75dc003000 Implicit null exception at 0x00007f7679e71d54 to 0x00007f7679e73945
Event: 383.840 Thread 0x00007f75dc003000 Implicit null exception at 0x00007f76792aa159 to 0x00007f76792aa2ad
Event: 383.964 Thread 0x00007f761800e800 Implicit null exception at 0x00007f7679e78fc7 to 0x00007f7679e79925
Event: 871.524 Thread 0x00007f7618008000 Exception <a 'sun/nio/fs/UnixException'> (0x000000008fe53be0) thrown at [/HUDSON3/workspace/8-2-build-linux-amd64/jdk8u111/7883/hotspot/src/share/vm/prims/jni.cpp, line 709]
Event: 871.531 Thread 0x00007f7618007000 Exception <a 'sun/nio/fs/UnixException'> (0x000000008fef4218) thrown at [/HUDSON3/workspace/8-2-build-linux-amd64/jdk8u111/7883/hotspot/src/share/vm/prims/jni.cpp, line 709]
Event: 871.533 Thread 0x00007f761800a000 Exception <a 'sun/nio/fs/UnixException'> (0x000000008ff445a8) thrown at [/HUDSON3/workspace/8-2-build-linux-amd64/jdk8u111/7883/hotspot/src/share/vm/prims/jni.cpp, line 709]
Event: 871.535 Thread 0x00007f7618009000 Exception <a 'sun/nio/fs/UnixException'> (0x000000008fea3e88) thrown at [/HUDSON3/workspace/8-2-build-linux-amd64/jdk8u111/7883/hotspot/src/share/vm/prims/jni.cpp, line 709]
Event: 871.622 Thread 0x00007f7618008000 Exception <a 'sun/nio/fs/UnixException'> (0x000000008ff99ec0) thrown at [/HUDSON3/workspace/8-2-build-linux-amd64/jdk8u111/7883/hotspot/src/share/vm/prims/jni.cpp, line 709]
Event: 1816.328 Thread 0x00007f75f8025000 Implicit null exception at 0x00007f7679404388 to 0x0000000000000000

Events (10 events):
Event: 1725.739 Thread 0x00007f768813a800 flushing nmethod 0x00007f7679765c90
Event: 1725.758 Thread 0x00007f768813a800 flushing nmethod 0x00007f767997e590
Event: 1725.758 Thread 0x00007f768813a800 flushing nmethod 0x00007f767997ec50
Event: 1725.758 Thread 0x00007f768813a800 flushing nmethod 0x00007f76799b8b90
Event: 1725.758 Thread 0x00007f768813a800 flushing nmethod 0x00007f76799b9d90
Event: 1725.758 Thread 0x00007f768813a800 flushing nmethod 0x00007f76799c6150
Event: 1725.759 Thread 0x00007f768813a800 flushing nmethod 0x00007f7679a02ed0
Event: 1815.983 Executing VM operation: GenCollectForAllocation
Event: 1816.275 Executing VM operation: GenCollectForAllocation done
Event: 1816.276 Executing VM operation: RevokeBias


Dynamic libraries:
00400000-00401000 r-xp 00000000 00:395 14657                             /usr/lib/jvm/java-8-oracle/bin/java
00600000-00601000 rw-p 00000000 00:395 14657                             /usr/lib/jvm/java-8-oracle/bin/java
00638000-00659000 rw-p 00000000 00:00 0                                  [heap]
80000000-1007a4000 rw-p 00000000 00:00 0 
1007a4000-140000000 ---p 00000000 00:00 0 
7f7561cf1000-7f7561d31000 rw-p 00000000 00:00 0 
7f7561d31000-7f7561ef4000 ---p 00000000 00:00 0 
7f7561ef4000-7f7570000000 rw-p 00000000 00:00 0 
7f7570000000-7f75700e7000 rw-p 00000000 00:00 0 
7f75700e7000-7f7574000000 ---p 00000000 00:00 0 
7f7574000000-7f75740f7000 rw-p 00000000 00:00 0 
7f75740f7000-7f7578000000 ---p 00000000 00:00 0 
7f7578000000-7f7578349000 rw-p 00000000 00:00 0 
7f7578349000-7f757c000000 ---p 00000000 00:00 0 
7f757c000000-7f757c028000 rw-p 00000000 00:00 0 
7f757c028000-7f7580000000 ---p 00000000 00:00 0 
7f7580000000-7f758028d000 rw-p 00000000 00:00 0 
7f758028d000-7f7584000000 ---p 00000000 00:00 0 
7f7584000000-7f7584021000 rw-p 00000000 00:00 0 
7f7584021000-7f7588000000 ---p 00000000 00:00 0 
7f7588000000-7f7588021000 rw-p 00000000 00:00 0 
7f7588021000-7f758c000000 ---p 00000000 00:00 0 
7f758c000000-7f758c058000 rw-p 00000000 00:00 0 
7f758c058000-7f7590000000 ---p 00000000 00:00 0 
7f7590000000-7f7590060000 rw-p 00000000 00:00 0 
7f7590060000-7f7594000000 ---p 00000000 00:00 0 
7f7594000000-7f759403d000 rw-p 00000000 00:00 0 
7f759403d000-7f7598000000 ---p 00000000 00:00 0 
7f7598000000-7f7598021000 rw-p 00000000 00:00 0 
7f7598021000-7f759c000000 ---p 00000000 00:00 0 
7f759c07e000-7f759c081000 ---p 00000000 00:00 0 
7f759c081000-7f759c37f000 rw-p 00000000 00:00 0                          [stack:14297]
7f759c37f000-7f759c382000 ---p 00000000 00:00 0 
7f759c382000-7f759c480000 rw-p 00000000 00:00 0                          [stack:14294]
7f759c480000-7f759c483000 ---p 00000000 00:00 0 
7f759c483000-7f759c581000 rw-p 00000000 00:00 0 
7f759c581000-7f759c584000 ---p 00000000 00:00 0 
7f759c584000-7f759c682000 rw-p 00000000 00:00 0                          [stack:14290]
7f759c682000-7f759c685000 ---p 00000000 00:00 0 
7f759c685000-7f759c783000 rw-p 00000000 00:00 0                          [stack:14287]
7f759c783000-7f759c786000 ---p 00000000 00:00 0 
7f759c786000-7f759c884000 rw-p 00000000 00:00 0                          [stack:14284]
7f759c884000-7f759c887000 ---p 00000000 00:00 0 
7f759c887000-7f759c985000 rw-p 00000000 00:00 0                          [stack:14281]
7f759c985000-7f759c988000 ---p 00000000 00:00 0 
7f759c988000-7f759ca86000 rw-p 00000000 00:00 0                          [stack:14278]
7f759ca86000-7f759ca89000 ---p 00000000 00:00 0 
7f759ca89000-7f759cb87000 rw-p 00000000 00:00 0                          [stack:14277]
7f759cb87000-7f759cb8a000 ---p 00000000 00:00 0 
7f759cb8a000-7f759cc88000 rw-p 00000000 00:00 0                          [stack:14274]
7f759cc88000-7f759cc8b000 ---p 00000000 00:00 0 
7f759cc8b000-7f759cd89000 rw-p 00000000 00:00 0                          [stack:14273]
7f759cd89000-7f759cd8c000 ---p 00000000 00:00 0 
7f759cd8c000-7f759ce8a000 rw-p 00000000 00:00 0                          [stack:14270]
7f759ce8a000-7f759ce8d000 ---p 00000000 00:00 0 
7f759ce8d000-7f759cf8b000 rw-p 00000000 00:00 0                          [stack:14269]
7f759cf8b000-7f759cf8e000 ---p 00000000 00:00 0 
7f759cf8e000-7f759d08c000 rw-p 00000000 00:00 0                          [stack:14222]
7f759d08c000-7f759d08f000 ---p 00000000 00:00 0 
7f759d08f000-7f759d18d000 rw-p 00000000 00:00 0 
7f759d18d000-7f759d190000 ---p 00000000 00:00 0 
7f759d190000-7f759d28e000 rw-p 00000000 00:00 0 
7f759d30b000-7f759d30e000 ---p 00000000 00:00 0 
7f759d30e000-7f759d60c000 rw-p 00000000 00:00 0                          [stack:14266]
7f759d60c000-7f759d60f000 ---p 00000000 00:00 0 
7f759d60f000-7f759d70d000 rw-p 00000000 00:00 0 
7f759d7eb000-7f759d7ee000 ---p 00000000 00:00 0 
7f759d7ee000-7f759d8ec000 rw-p 00000000 00:00 0                          [stack:14230]
7f759d8ec000-7f759d8ef000 ---p 00000000 00:00 0 
7f759d8ef000-7f759d9ed000 rw-p 00000000 00:00 0                          [stack:14229]
7f759d9ed000-7f759d9f0000 ---p 00000000 00:00 0 
7f759d9f0000-7f759dcee000 rw-p 00000000 00:00 0                          [stack:14219]
7f759dcee000-7f759dcf1000 ---p 00000000 00:00 0 
7f759dcf1000-7f759ddef000 rw-p 00000000 00:00 0 
7f759ddef000-7f759ddf2000 ---p 00000000 00:00 0 
7f759ddf2000-7f759def0000 rw-p 00000000 00:00 0                          [stack:14953]
7f759def0000-7f759def3000 ---p 00000000 00:00 0 
7f759def3000-7f759dff1000 rw-p 00000000 00:00 0 
7f759dff1000-7f759dff4000 ---p 00000000 00:00 0 
7f759dff4000-7f759e0f2000 rw-p 00000000 00:00 0 
7f759e0f2000-7f759e0f5000 ---p 00000000 00:00 0 
7f759e0f5000-7f759e3f3000 rw-p 00000000 00:00 0                          [stack:14214]
7f759e3f3000-7f759e3f6000 ---p 00000000 00:00 0 
7f759e3f6000-7f759e4f4000 rw-p 00000000 00:00 0                          [stack:14213]
7f759e4f4000-7f759e4f7000 ---p 00000000 00:00 0 
7f759e4f7000-7f759e5f5000 rw-p 00000000 00:00 0                          [stack:14212]
7f759e5f5000-7f759e5f8000 ---p 00000000 00:00 0 
7f759e5f8000-7f759e6f6000 rw-p 00000000 00:00 0                          [stack:14211]
7f759e6f6000-7f759e6f9000 ---p 00000000 00:00 0 
7f759e6f9000-7f759e7f7000 rw-p 00000000 00:00 0                          [stack:14210]
7f759e7f7000-7f759e7fa000 ---p 00000000 00:00 0 
7f759e7fa000-7f759f8f9000 rw-p 00000000 00:00 0                          [stack:14209]
7f759f8f9000-7f759f8fc000 ---p 00000000 00:00 0 
7f759f8fc000-7f759f9fa000 rw-p 00000000 00:00 0                          [stack:14208]
7f759f9fa000-7f759f9fd000 ---p 00000000 00:00 0 
7f759f9fd000-7f759fafb000 rw-p 00000000 00:00 0                          [stack:14207]
7f759fafb000-7f759fafe000 ---p 00000000 00:00 0 
7f759fafe000-7f759fbfc000 rw-p 00000000 00:00 0                          [stack:14206]
7f759fbfc000-7f759fbff000 ---p 00000000 00:00 0 
7f759fbff000-7f759fcfd000 rw-p 00000000 00:00 0                          [stack:14205]
7f759fcfd000-7f759fd00000 ---p 00000000 00:00 0 
7f759fd00000-7f759fdfe000 rw-p 00000000 00:00 0                          [stack:14204]
7f759fdfe000-7f759fe01000 ---p 00000000 00:00 0 
7f759fe01000-7f759feff000 rw-p 00000000 00:00 0                          [stack:14203]
7f759feff000-7f759ff02000 ---p 00000000 00:00 0 
7f759ff02000-7f75a0000000 rw-p 00000000 00:00 0                          [stack:14202]
7f75a0000000-7f75a0021000 rw-p 00000000 00:00 0 
7f75a0021000-7f75a4000000 ---p 00000000 00:00 0 
7f75a4000000-7f75a4030000 rw-p 00000000 00:00 0 
7f75a4030000-7f75a8000000 ---p 00000000 00:00 0 
7f75a8000000-7f75a808c000 rw-p 00000000 00:00 0 
7f75a808c000-7f75ac000000 ---p 00000000 00:00 0 
7f75ac000000-7f75ac29d000 rw-p 00000000 00:00 0 
7f75ac29d000-7f75b0000000 ---p 00000000 00:00 0 
7f75b0000000-7f75b0097000 rw-p 00000000 00:00 0 
7f75b0097000-7f75b4000000 ---p 00000000 00:00 0 
7f75b4000000-7f75b40ca000 rw-p 00000000 00:00 0 
7f75b40ca000-7f75b8000000 ---p 00000000 00:00 0 
7f75b8000000-7f75b8021000 rw-p 00000000 00:00 0 
7f75b8021000-7f75bc000000 ---p 00000000 00:00 0 
7f75bc000000-7f75bc0c5000 rw-p 00000000 00:00 0 
7f75bc0c5000-7f75c0000000 ---p 00000000 00:00 0 
7f75c0000000-7f75c00d9000 rw-p 00000000 00:00 0 
7f75c00d9000-7f75c4000000 ---p 00000000 00:00 0 
7f75c4000000-7f75c40c5000 rw-p 00000000 00:00 0 
7f75c40c5000-7f75c8000000 ---p 00000000 00:00 0 
7f75c8000000-7f75c80c5000 rw-p 00000000 00:00 0 
7f75c80c5000-7f75cc000000 ---p 00000000 00:00 0 
7f75cc000000-7f75cc0d9000 rw-p 00000000 00:00 0 
7f75cc0d9000-7f75d0000000 ---p 00000000 00:00 0 
7f75d0000000-7f75d0150000 rw-p 00000000 00:00 0 
7f75d0150000-7f75d4000000 ---p 00000000 00:00 0 
7f75d4000000-7f75d4105000 rw-p 00000000 00:00 0 
7f75d4105000-7f75d8000000 ---p 00000000 00:00 0 
7f75d8000000-7f75d80f7000 rw-p 00000000 00:00 0 
7f75d80f7000-7f75dc000000 ---p 00000000 00:00 0 
7f75dc000000-7f75dc148000 rw-p 00000000 00:00 0 
7f75dc148000-7f75e0000000 ---p 00000000 00:00 0 
7f75e0000000-7f75e00d4000 rw-p 00000000 00:00 0 
7f75e00d4000-7f75e4000000 ---p 00000000 00:00 0 
7f75e4000000-7f75e4021000 rw-p 00000000 00:00 0 
7f75e4021000-7f75e8000000 ---p 00000000 00:00 0 
7f75e8000000-7f75e802b000 rw-p 00000000 00:00 0 
7f75e802b000-7f75ec000000 ---p 00000000 00:00 0 
7f75ec000000-7f75ec021000 rw-p 00000000 00:00 0 
7f75ec021000-7f75f0000000 ---p 00000000 00:00 0 
7f75f0000000-7f75f0021000 rw-p 00000000 00:00 0 
7f75f0021000-7f75f4000000 ---p 00000000 00:00 0 
7f75f4000000-7f75f40d0000 rw-p 00000000 00:00 0 
7f75f40d0000-7f75f8000000 ---p 00000000 00:00 0 
7f75f8000000-7f75f813b000 rw-p 00000000 00:00 0 
7f75f813b000-7f75fc000000 ---p 00000000 00:00 0 
7f75fc000000-7f75fc137000 rw-p 00000000 00:00 0 
7f75fc137000-7f7600000000 ---p 00000000 00:00 0 
7f7600000000-7f7600021000 rw-p 00000000 00:00 0 
7f7600021000-7f7604000000 ---p 00000000 00:00 0 
7f7604000000-7f7604021000 rw-p 00000000 00:00 0 
7f7604021000-7f7608000000 ---p 00000000 00:00 0 
7f7608000000-7f7608021000 rw-p 00000000 00:00 0 
7f7608021000-7f760c000000 ---p 00000000 00:00 0 
7f760c000000-7f760c28e000 rw-p 00000000 00:00 0 
7f760c28e000-7f7610000000 ---p 00000000 00:00 0 
7f7610072000-7f7610077000 r--s 00000000 00:395 5721                      /home/ubuntu/workspace/online_dealership/elasticsearch-5.0.0/data/nodes/0/indices/qylFE33TSOWebi4L2HsOOA/0/index/_1b.cfs
7f7610077000-7f7610081000 r--s 00000000 00:395 5138                      /home/ubuntu/workspace/online_dealership/elasticsearch-5.0.0/data/nodes/0/indices/qylFE33TSOWebi4L2HsOOA/0/index/_1a_Lucene50_0.tim
7f76100e4000-7f76100e7000 ---p 00000000 00:00 0 
7f76100e7000-7f76111e6000 rw-p 00000000 00:00 0                          [stack:14201]
7f76111e6000-7f76111e9000 ---p 00000000 00:00 0 
7f76111e9000-7f76112e7000 rw-p 00000000 00:00 0                          [stack:14200]
7f76112e7000-7f76112ea000 ---p 00000000 00:00 0 
7f76112ea000-7f76113e8000 rw-p 00000000 00:00 0                          [stack:14199]
7f76113e8000-7f76113eb000 ---p 00000000 00:00 0 
7f76113eb000-7f76114e9000 rw-p 00000000 00:00 0                          [stack:14198]
7f76114e9000-7f76114ec000 ---p 00000000 00:00 0 
7f76114ec000-7f76115ea000 rw-p 00000000 00:00 0                          [stack:14197]
7f76115ea000-7f76115ed000 ---p 00000000 00:00 0 
7f76115ed000-7f76116eb000 rw-p 00000000 00:00 0                          [stack:14196]
7f76116eb000-7f76116ee000 ---p 00000000 00:00 0 
7f76116ee000-7f76117ec000 rw-p 00000000 00:00 0                          [stack:14195]
7f76117ec000-7f76117ef000 ---p 00000000 00:00 0 
7f76117ef000-7f76118ed000 rw-p 00000000 00:00 0                          [stack:14194]
7f76118ed000-7f76118f0000 ---p 00000000 00:00 0 
7f76118f0000-7f76119ee000 rw-p 00000000 00:00 0                          [stack:14193]
7f76119ee000-7f76119f1000 ---p 00000000 00:00 0 
7f76119f1000-7f7611aef000 rw-p 00000000 00:00 0                          [stack:14192]
7f7611aef000-7f7611af2000 ---p 00000000 00:00 0 
7f7611af2000-7f7611bf0000 rw-p 00000000 00:00 0                          [stack:14191]
7f7611bf0000-7f7611bf3000 ---p 00000000 00:00 0 
7f7611bf3000-7f7611cf1000 rw-p 00000000 00:00 0                          [stack:14190]
7f7611cf1000-7f7611cf4000 ---p 00000000 00:00 0 
7f7611cf4000-7f7611df2000 rw-p 00000000 00:00 0                          [stack:14189]
7f7611df2000-7f7611df5000 ---p 00000000 00:00 0 
7f7611df5000-7f7611ef3000 rw-p 00000000 00:00 0                          [stack:14253]
7f7611ef3000-7f7611ef6000 ---p 00000000 00:00 0 
7f7611ef6000-7f7611ff4000 rw-p 00000000 00:00 0                          [stack:14261]
7f7611ff4000-7f7611ff7000 ---p 00000000 00:00 0 
7f7611ff7000-7f76120f5000 rw-p 00000000 00:00 0                          [stack:14249]
7f76120f5000-7f76120f8000 ---p 00000000 00:00 0 
7f76120f8000-7f76121f6000 rw-p 00000000 00:00 0                          [stack:14254]
7f76121f6000-7f76121f9000 ---p 00000000 00:00 0 
7f76121f9000-7f76122f7000 rw-p 00000000 00:00 0                          [stack:14265]
7f76122f7000-7f76122fa000 ---p 00000000 00:00 0 
7f76122fa000-7f76123f8000 rw-p 00000000 00:00 0                          [stack:14258]
7f76123f8000-7f76123fb000 ---p 00000000 00:00 0 
7f76123fb000-7f76124f9000 rw-p 00000000 00:00 0                          [stack:14250]
7f76124f9000-7f76124fc000 ---p 00000000 00:00 0 
7f76124fc000-7f76125fa000 rw-p 00000000 00:00 0                          [stack:14257]
7f76125fa000-7f76125fd000 ---p 00000000 00:00 0 
7f76125fd000-7f76126fb000 rw-p 00000000 00:00 0                          [stack:14262]
7f76126fb000-7f76126fe000 ---p 00000000 00:00 0 
7f76126fe000-7f76127fc000 rw-p 00000000 00:00 0                          [stack:14179]
7f76127fc000-7f76127ff000 ---p 00000000 00:00 0 
7f76127ff000-7f76128fd000 rw-p 00000000 00:00 0                          [stack:14178]
7f76128fd000-7f7612900000 ---p 00000000 00:00 0 
7f7612900000-7f76129fe000 rw-p 00000000 00:00 0                          [stack:14177]
7f76129fe000-7f7612a01000 ---p 00000000 00:00 0 
7f7612a01000-7f7612cff000 rw-p 00000000 00:00 0                          [stack:14176]
7f7612cff000-7f7612d02000 ---p 00000000 00:00 0 
7f7612d02000-7f7613000000 rw-p 00000000 00:00 0                          [stack:14175]
7f7613000000-7f7613200000 rw-p 00000000 00:00 0 
7f7613200000-7f7613400000 rw-p 00000000 00:00 0 
7f7613400000-7f7613600000 rw-p 00000000 00:00 0 
7f7613600000-7f7613800000 rw-p 00000000 00:00 0 
7f7613800000-7f7613a00000 rw-p 00000000 00:00 0 
7f7613a00000-7f7613c00000 rw-p 00000000 00:00 0 
7f7613c00000-7f7613df9000 rw-p 00000000 00:00 0 
7f7613df9000-7f7613e00000 ---p 00000000 00:00 0 
7f7613e00000-7f7613ff8000 rw-p 00000000 00:00 0 
7f7613ff8000-7f7614000000 ---p 00000000 00:00 0 
7f7614000000-7f7614021000 rw-p 00000000 00:00 0 
7f7614021000-7f7618000000 ---p 00000000 00:00 0 
7f7618000000-7f7618021000 rw-p 00000000 00:00 0 
7f7618021000-7f761c000000 ---p 00000000 00:00 0 
7f761c000000-7f761cb85000 rw-p 00000000 00:00 0 
7f761cb85000-7f7620000000 ---p 00000000 00:00 0 
7f7620000000-7f7620021000 rw-p 00000000 00:00 0 
7f7620021000-7f7624000000 ---p 00000000 00:00 0 
7f7624000000-7f7626554000 rw-p 00000000 00:00 0 
7f7626554000-7f7628000000 ---p 00000000 00:00 0 
7f7628000000-7f7629f82000 rw-p 00000000 00:00 0 
7f7629f82000-7f762c000000 ---p 00000000 00:00 0 
7f762c000000-7f762c021000 rw-p 00000000 00:00 0 
7f762c021000-7f7630000000 ---p 00000000 00:00 0 
7f7630000000-7f763217f000 rw-p 00000000 00:00 0 
7f763217f000-7f7634000000 ---p 00000000 00:00 0 
7f7634000000-7f7634021000 rw-p 00000000 00:00 0 
7f7634021000-7f7638000000 ---p 00000000 00:00 0 
7f7638000000-7f7638021000 rw-p 00000000 00:00 0 
7f7638021000-7f763c000000 ---p 00000000 00:00 0 
7f763c000000-7f763c11a000 rw-p 00000000 00:00 0 
7f763c11a000-7f7640000000 ---p 00000000 00:00 0 
7f7640000000-7f7640021000 rw-p 00000000 00:00 0 
7f7640021000-7f7644000000 ---p 00000000 00:00 0 
7f7644000000-7f7644021000 rw-p 00000000 00:00 0 
7f7644021000-7f7648000000 ---p 00000000 00:00 0 
7f7648000000-7f7648021000 rw-p 00000000 00:00 0 
7f7648021000-7f764c000000 ---p 00000000 00:00 0 
7f764c000000-7f764c021000 rw-p 00000000 00:00 0 
7f764c021000-7f7650000000 ---p 00000000 00:00 0 
7f7650002000-7f765000e000 r--s 00000000 00:395 3647                      /home/ubuntu/workspace/online_dealership/elasticsearch-5.0.0/data/nodes/0/indices/qylFE33TSOWebi4L2HsOOA/4/index/_1r_Lucene50_0.tim
7f765003b000-7f7650045000 r--s 00000000 00:395 3422                      /home/ubuntu/workspace/online_dealership/elasticsearch-5.0.0/data/nodes/0/indices/qylFE33TSOWebi4L2HsOOA/1/index/_1t_Lucene50_0.tim
7f7650045000-7f765004a000 r--s 00000000 00:395 4348                      /home/ubuntu/workspace/online_dealership/elasticsearch-5.0.0/data/nodes/0/indices/qylFE33TSOWebi4L2HsOOA/3/index/_1n.cfs
7f7650050000-7f7650053000 ---p 00000000 00:00 0 
7f7650053000-7f7650351000 rw-p 00000000 00:00 0                          [stack:14172]
7f7650351000-7f7650551000 rw-p 00000000 00:00 0 
7f7650551000-7f7650557000 r--s 00045000 00:395 1133                      /home/ubuntu/workspace/online_dealership/elasticsearch-5.0.0/modules/transport-netty4/netty-codec-4.1.5.Final.jar
7f7650557000-7f7650560000 r--s 0005f000 00:395 1132                      /home/ubuntu/workspace/online_dealership/elasticsearch-5.0.0/modules/transport-netty4/netty-transport-4.1.5.Final.jar
7f7650571000-7f765057a000 r--s 00000000 00:395 5400                      /home/ubuntu/workspace/online_dealership/elasticsearch-5.0.0/data/nodes/0/indices/qylFE33TSOWebi4L2HsOOA/3/index/_1m_Lucene50_0.tim
7f765057b000-7f7650585000 r--s 00000000 00:395 4189                      /home/ubuntu/workspace/online_dealership/elasticsearch-5.0.0/data/nodes/0/indices/qylFE33TSOWebi4L2HsOOA/2/index/_1p_Lucene50_0.tim
7f765058d000-7f7650593000 r--s 00000000 00:395 4420                      /home/ubuntu/workspace/online_dealership/elasticsearch-5.0.0/data/nodes/0/indices/qylFE33TSOWebi4L2HsOOA/4/index/_1s.cfs
7f7650593000-7f7650596000 r--s 00000000 00:395 3849                      /home/ubuntu/workspace/online_dealership/elasticsearch-5.0.0/data/nodes/0/indices/qylFE33TSOWebi4L2HsOOA/0/index/_1a.fdt
7f7650598000-7f765059a000 r--s 00000000 00:395 3952                      /home/ubuntu/workspace/online_dealership/elasticsearch-5.0.0/data/nodes/0/indices/qylFE33TSOWebi4L2HsOOA/0/index/_1a_Lucene54_0.dvd
7f76505a5000-7f76505aa000 r--s 00000000 00:395 3745                      /home/ubuntu/workspace/online_dealership/elasticsearch-5.0.0/data/nodes/0/indices/qylFE33TSOWebi4L2HsOOA/2/index/_1q.cfs
7f76505af000-7f76505b2000 r--s 00000000 00:395 5065                      /home/ubuntu/workspace/online_dealership/elasticsearch-5.0.0/data/nodes/0/indices/qylFE33TSOWebi4L2HsOOA/0/index/_1a_Lucene50_0.pos
7f76505b3000-7f76505b7000 r--s 00000000 00:395 3602                      /home/ubuntu/workspace/online_dealership/elasticsearch-5.0.0/data/nodes/0/indices/qylFE33TSOWebi4L2HsOOA/4/index/_1r_Lucene50_0.pos
7f76505b9000-7f76505bb000 r--s 00000000 00:395 5595                      /home/ubuntu/workspace/online_dealership/elasticsearch-5.0.0/data/nodes/0/indices/qylFE33TSOWebi4L2HsOOA/2/index/_1p_Lucene54_0.dvd
7f76505bb000-7f76505be000 r--s 00000000 00:395 3412                      /home/ubuntu/workspace/online_dealership/elasticsearch-5.0.0/data/nodes/0/indices/qylFE33TSOWebi4L2HsOOA/1/index/_1t.fdt
7f76505c2000-7f76505c4000 r--s 00000000 00:395 4852                      /home/ubuntu/workspace/online_dealership/elasticsearch-5.0.0/data/nodes/0/indices/qylFE33TSOWebi4L2HsOOA/4/index/_1r_Lucene54_0.dvd
7f76505c4000-7f76505c5000 r--s 00000000 00:395 5051                      /home/ubuntu/workspace/online_dealership/elasticsearch-5.0.0/data/nodes/0/indices/qylFE33TSOWebi4L2HsOOA/0/index/_1a.dim
7f76505c5000-7f76505c8000 r--s 00000000 00:395 5049                      /home/ubuntu/workspace/online_dealership/elasticsearch-5.0.0/data/nodes/0/indices/qylFE33TSOWebi4L2HsOOA/0/index/_1a_Lucene50_0.doc
7f76505cc000-7f76505cf000 r--s 00000000 00:395 3495                      /home/ubuntu/workspace/online_dealership/elasticsearch-5.0.0/data/nodes/0/indices/qylFE33TSOWebi4L2HsOOA/4/index/_1r.fdt
7f76505cf000-7f76505d2000 r--s 00000000 00:395 3418                      /home/ubuntu/workspace/online_dealership/elasticsearch-5.0.0/data/nodes/0/indices/qylFE33TSOWebi4L2HsOOA/1/index/_1t_Lucene50_0.pos
7f76505d3000-7f76505d4000 r--s 00000000 00:395 5340                      /home/ubuntu/workspace/online_dealership/elasticsearch-5.0.0/data/nodes/0/indices/qylFE33TSOWebi4L2HsOOA/0/index/_1a.nvd
7f76505d5000-7f76505d8000 r--s 00000000 00:395 3808                      /home/ubuntu/workspace/online_dealership/elasticsearch-5.0.0/data/nodes/0/indices/qylFE33TSOWebi4L2HsOOA/2/index/_1p.fdt
7f76505d8000-7f76505db000 r--s 00000000 00:395 3560                      /home/ubuntu/workspace/online_dealership/elasticsearch-5.0.0/data/nodes/0/indices/qylFE33TSOWebi4L2HsOOA/4/index/_1r_Lucene50_0.doc
7f76505df000-7f76505e0000 r--s 00000000 00:395 3790                      /home/ubuntu/workspace/online_dealership/elasticsearch-5.0.0/data/nodes/0/indices/qylFE33TSOWebi4L2HsOOA/2/index/_1p.dim
7f76505e4000-7f76505e6000 r--s 00000000 00:395 3484                      /home/ubuntu/workspace/online_dealership/elasticsearch-5.0.0/data/nodes/0/indices/qylFE33TSOWebi4L2HsOOA/1/index/_1t_Lucene54_0.dvd
7f76505e6000-7f76505e9000 r--s 00000000 00:395 3339                      /home/ubuntu/workspace/online_dealership/elasticsearch-5.0.0/data/nodes/0/indices/qylFE33TSOWebi4L2HsOOA/1/index/_1t_Lucene50_0.doc
7f76505e9000-7f76505ec000 r--s 00000000 00:395 4007                      /home/ubuntu/workspace/online_dealership/elasticsearch-5.0.0/data/nodes/0/indices/qylFE33TSOWebi4L2HsOOA/2/index/_1p_Lucene50_0.pos
7f76505ec000-7f76505ee000 r--s 00000000 00:395 3496                      /home/ubuntu/workspace/online_dealership/elasticsearch-5.0.0/data/nodes/0/indices/qylFE33TSOWebi4L2HsOOA/3/index/_1m_Lucene54_0.dvd
7f76505ee000-7f76505ef000 r--s 00000000 00:395 3505                      /home/ubuntu/workspace/online_dealership/elasticsearch-5.0.0/data/nodes/0/indices/qylFE33TSOWebi4L2HsOOA/1/index/_1t.dim
7f76505f3000-7f76505f4000 r--s 00000000 00:395 3929                      /home/ubuntu/workspace/online_dealership/elasticsearch-5.0.0/data/nodes/0/indices/qylFE33TSOWebi4L2HsOOA/2/index/_1p.nvd
7f76505f4000-7f76505f7000 r--s 00000000 00:395 3632                      /home/ubuntu/workspace/online_dealership/elasticsearch-5.0.0/data/nodes/0/indices/qylFE33TSOWebi4L2HsOOA/3/index/_1m.fdt
7f76505fb000-7f7650601000 r--s 00000000 00:395 3596                      /home/ubuntu/workspace/online_dealership/elasticsearch-5.0.0/data/nodes/0/indices/qylFE33TSOWebi4L2HsOOA/4/index/_1t.cfs
7f7650601000-7f7650604000 r--s 00000000 00:395 3925                      /home/ubuntu/workspace/online_dealership/elasticsearch-5.0.0/data/nodes/0/indices/qylFE33TSOWebi4L2HsOOA/2/index/_1p_Lucene50_0.doc
7f7650604000-7f7650607000 r--s 00000000 00:395 5074                      /home/ubuntu/workspace/online_dealership/elasticsearch-5.0.0/data/nodes/0/indices/qylFE33TSOWebi4L2HsOOA/3/index/_1m_Lucene50_0.pos
7f7650607000-7f7650608000 r--s 00000000 00:395 3589                      /home/ubuntu/workspace/online_dealership/elasticsearch-5.0.0/data/nodes/0/indices/qylFE33TSOWebi4L2HsOOA/1/index/_1t.nvd
7f7650608000-7f7650609000 r--s 00000000 00:395 5487                      /home/ubuntu/workspace/online_dealership/elasticsearch-5.0.0/data/nodes/0/indices/qylFE33TSOWebi4L2HsOOA/4/index/_1r.dim
7f7650609000-7f765060a000 r--s 00000000 00:395 5506                      /home/ubuntu/workspace/online_dealership/elasticsearch-5.0.0/data/nodes/0/indices/qylFE33TSOWebi4L2HsOOA/4/index/_1r.nvd
7f765060a000-7f765060b000 r--s 00000000 00:395 5405                      /home/ubuntu/workspace/online_dealership/elasticsearch-5.0.0/data/nodes/0/indices/qylFE33TSOWebi4L2HsOOA/3/index/_1m.dim
7f765060b000-7f765060c000 r--s 00000000 00:395 5476                      /home/ubuntu/workspace/online_dealership/elasticsearch-5.0.0/data/nodes/0/indices/qylFE33TSOWebi4L2HsOOA/3/index/_1m.nvd
7f765060c000-7f765060f000 r--s 00000000 00:395 5038                      /home/ubuntu/workspace/online_dealership/elasticsearch-5.0.0/data/nodes/0/indices/qylFE33TSOWebi4L2HsOOA/3/index/_1m_Lucene50_0.doc
7f765060f000-7f7650614000 r--s 00000000 00:395 3574                      /home/ubuntu/workspace/online_dealership/elasticsearch-5.0.0/data/nodes/0/indices/qylFE33TSOWebi4L2HsOOA/3/index/_1o.cfs
7f7650614000-7f7650618000 r--s 00000000 00:395 3778                      /home/ubuntu/workspace/online_dealership/elasticsearch-5.0.0/data/nodes/0/indices/qylFE33TSOWebi4L2HsOOA/0/index/_1c.cfs
7f7650618000-7f765061b000 r--s 0001a000 00:395 14678                     /usr/lib/jvm/java-8-oracle/jre/lib/jce.jar
7f765061b000-7f765061e000 ---p 00000000 00:00 0 
7f765061e000-7f765071c000 rw-p 00000000 00:00 0                          [stack:14171]
7f765071c000-7f765071e000 r--s 00017000 00:395 1117                      /home/ubuntu/workspace/online_dealership/elasticsearch-5.0.0/modules/percolator/percolator-5.0.0.jar
7f765071e000-7f7650724000 r--s 00044000 00:395 1115                      /home/ubuntu/workspace/online_dealership/elasticsearch-5.0.0/modules/lang-painless/antlr4-runtime-4.5.1-1.jar
7f7650724000-7f765072b000 r--s 00063000 00:395 1114                      /home/ubuntu/workspace/online_dealership/elasticsearch-5.0.0/modules/lang-painless/lang-painless-5.0.0.jar
7f765072b000-7f7650730000 r--s 0005a000 00:395 1112                      /home/ubuntu/workspace/online_dealership/elasticsearch-5.0.0/modules/lang-painless/asm-debug-all-5.1.jar
7f7650730000-7f765073d000 r--s 0009b000 00:395 1140                      /home/ubuntu/workspace/online_dealership/elasticsearch-5.0.0/modules/transport-netty4/netty-common-4.1.5.Final.jar
7f765073d000-7f7650743000 r--s 00047000 00:395 1139                      /home/ubuntu/workspace/online_dealership/elasticsearch-5.0.0/modules/transport-netty4/netty-handler-4.1.5.Final.jar
7f7650743000-7f765074d000 r--s 0007a000 00:395 1138                      /home/ubuntu/workspace/online_dealership/elasticsearch-5.0.0/modules/transport-netty4/netty-codec-http-4.1.5.Final.jar
7f765074d000-7f7650750000 r--s 0003b000 00:395 1137                      /home/ubuntu/workspace/online_dealership/elasticsearch-5.0.0/modules/transport-netty4/netty-buffer-4.1.5.Final.jar
7f7650750000-7f7650752000 r--s 00010000 00:395 1136                      /home/ubuntu/workspace/online_dealership/elasticsearch-5.0.0/modules/transport-netty4/transport-netty4-5.0.0.jar
7f7650752000-7f7650754000 r--s 00005000 00:395 1135                      /home/ubuntu/workspace/online_dealership/elasticsearch-5.0.0/modules/transport-netty4/netty-resolver-4.1.5.Final.jar
7f7650754000-7f765076d000 r--s 00123000 00:395 1129                      /home/ubuntu/workspace/online_dealership/elasticsearch-5.0.0/modules/transport-netty3/netty-3.10.6.Final.jar
7f765076d000-7f765076f000 r--s 00011000 00:395 1128                      /home/ubuntu/workspace/online_dealership/elasticsearch-5.0.0/modules/transport-netty3/transport-netty3-5.0.0.jar
7f765076f000-7f7650772000 r--s 00014000 00:395 1094                      /home/ubuntu/workspace/online_dealership/elasticsearch-5.0.0/modules/ingest-common/ingest-common-5.0.0.jar
7f7650772000-7f7650775000 r--s 0002c000 00:395 1093                      /home/ubuntu/workspace/online_dealership/elasticsearch-5.0.0/modules/ingest-common/joni-2.1.6.jar
7f7650775000-7f7650783000 r--s 00164000 00:395 1091                      /home/ubuntu/workspace/online_dealership/elasticsearch-5.0.0/modules/ingest-common/jcodings-1.0.12.jar
7f7650783000-7f7650785000 r--s 00009000 00:395 1102                      /home/ubuntu/workspace/online_dealership/elasticsearch-5.0.0/modules/lang-expression/asm-commons-5.0.4.jar
7f7650785000-7f765078b000 r--s 00044000 00:395 1101                      /home/ubuntu/workspace/online_dealership/elasticsearch-5.0.0/modules/lang-expression/antlr4-runtime-4.5.1-1.jar
7f765078b000-7f765078d000 r--s 0000c000 00:395 1100                      /home/ubuntu/workspace/online_dealership/elasticsearch-5.0.0/modules/lang-expression/asm-5.0.4.jar
7f765078d000-7f765078f000 r--s 00011000 00:395 1098                      /home/ubuntu/workspace/online_dealership/elasticsearch-5.0.0/modules/lang-expression/lucene-expressions-6.2.0.jar
7f765078f000-7f7650791000 r--s 0000a000 00:395 1097                      /home/ubuntu/workspace/online_dealership/elasticsearch-5.0.0/modules/lang-expression/lang-expression-5.0.0.jar
7f7650791000-7f7650793000 r--s 00006000 00:395 1096                      /home/ubuntu/workspace/online_dealership/elasticsearch-5.0.0/modules/lang-expression/asm-tree-5.0.4.jar
7f7650793000-7f765079a000 r--s 00050000 00:395 1126                      /home/ubuntu/workspace/online_dealership/elasticsearch-5.0.0/modules/reindex/httpcore-nio-4.4.5.jar
7f765079a000-7f765079c000 r--s 0000e000 00:395 1125                      /home/ubuntu/workspace/online_dealership/elasticsearch-5.0.0/modules/reindex/commons-logging-1.1.3.jar
7f765079c000-7f76507a3000 r--s 00049000 00:395 1124                      /home/ubuntu/workspace/online_dealership/elasticsearch-5.0.0/modules/reindex/httpcore-4.4.5.jar
7f76507a3000-7f76507aa000 r--s 0003f000 00:395 1123                      /home/ubuntu/workspace/online_dealership/elasticsearch-5.0.0/modules/reindex/commons-codec-1.10.jar
7f76507aa000-7f76507ae000 r--s 00028000 00:395 1122                      /home/ubuntu/workspace/online_dealership/elasticsearch-5.0.0/modules/reindex/httpasyncclient-4.1.2.jar
7f76507ae000-7f76507af000 r--s 00007000 00:395 1120                      /home/ubuntu/workspace/online_dealership/elasticsearch-5.0.0/modules/reindex/rest-5.0.0.jar
7f76507af000-7f76507b2000 r--s 00022000 00:395 1119                      /home/ubuntu/workspace/online_dealership/elasticsearch-5.0.0/modules/reindex/reindex-5.0.0.jar
7f76507b2000-7f76507bf000 r--s 000a7000 00:395 1118                      /home/ubuntu/workspace/online_dealership/elasticsearch-5.0.0/modules/reindex/httpclient-4.5.2.jar
7f76507bf000-7f765080c000 r--s 00405000 00:395 1104                      /home/ubuntu/workspace/online_dealership/elasticsearch-5.0.0/modules/lang-groovy/groovy-2.4.6-indy.jar
7f765080c000-7f765080d000 r--s 00004000 00:395 1103                      /home/ubuntu/workspace/online_dealership/elasticsearch-5.0.0/modules/lang-groovy/lang-groovy-5.0.0.jar
7f765080d000-7f7650810000 r--s 00016000 00:395 1110                      /home/ubuntu/workspace/online_dealership/elasticsearch-5.0.0/modules/lang-mustache/compiler-0.9.3.jar
7f7650810000-7f7650812000 r--s 0000d000 00:395 1109                      /home/ubuntu/workspace/online_dealership/elasticsearch-5.0.0/modules/lang-mustache/lang-mustache-5.0.0.jar
7f7650812000-7f7650814000 r--s 0000b000 00:395 1090                      /home/ubuntu/workspace/online_dealership/elasticsearch-5.0.0/modules/aggs-matrix-stats/aggs-matrix-stats-5.0.0.jar
7f7650814000-7f7650a14000 rw-p 00000000 00:00 0 
7f7650a14000-7f7650a15000 r--p 00000000 00:00 0 
7f7650a15000-7f7650a16000 rwxp 00000000 00:00 0 
7f7650a16000-7f7650a19000 ---p 00000000 00:00 0 
7f7650a19000-7f7650a4f000 rw-p 00000000 00:00 0 
7f7650a4f000-7f7650a66000 r-xp 00000000 00:395 3234                      /tmp/jna--851256601/jna5292913258260828289.tmp (deleted)
7f7650a66000-7f7650b65000 ---p 00017000 00:395 3234                      /tmp/jna--851256601/jna5292913258260828289.tmp (deleted)
7f7650b65000-7f7650b67000 rw-p 00016000 00:395 3234                      /tmp/jna--851256601/jna5292913258260828289.tmp (deleted)
7f7650b67000-7f7650b6b000 r--s 00097000 00:395 14677                     /usr/lib/jvm/java-8-oracle/jre/lib/jsse.jar
7f7650b6b000-7f7650d6b000 rw-p 00000000 00:00 0 
7f7650d6b000-7f7650f6b000 rw-p 00000000 00:00 0 
7f7650f6b000-7f7650f7c000 r-xp 00000000 00:395 14707                     /usr/lib/jvm/java-8-oracle/jre/lib/amd64/libnio.so
7f7650f7c000-7f765117b000 ---p 00011000 00:395 14707                     /usr/lib/jvm/java-8-oracle/jre/lib/amd64/libnio.so
7f765117b000-7f765117c000 rw-p 00010000 00:395 14707                     /usr/lib/jvm/java-8-oracle/jre/lib/amd64/libnio.so
7f765117c000-7f7651192000 r-xp 00000000 00:395 14706                     /usr/lib/jvm/java-8-oracle/jre/lib/amd64/libnet.so
7f7651192000-7f7651392000 ---p 00016000 00:395 14706                     /usr/lib/jvm/java-8-oracle/jre/lib/amd64/libnet.so
7f7651392000-7f7651393000 rw-p 00016000 00:395 14706                     /usr/lib/jvm/java-8-oracle/jre/lib/amd64/libnet.so
7f7651393000-7f76513ae000 r--s 001d2000 00:395 14686                     /usr/lib/jvm/java-8-oracle/jre/lib/ext/nashorn.jar
7f76513ae000-7f76513b7000 r-xp 00000000 00:395 14703                     /usr/lib/jvm/java-8-oracle/jre/lib/amd64/libmanagement.so
7f76513b7000-7f76515b6000 ---p 00009000 00:395 14703                     /usr/lib/jvm/java-8-oracle/jre/lib/amd64/libmanagement.so
7f76515b6000-7f76515b7000 rw-p 00008000 00:395 14703                     /usr/lib/jvm/java-8-oracle/jre/lib/amd64/libmanagement.so
7f76515b7000-7f76515bd000 r--s 0003c000 00:395 726                       /home/ubuntu/workspace/online_dealership/elasticsearch-5.0.0/lib/snakeyaml-1.15.jar
7f76515bd000-7f76515c7000 r--s 00059000 00:395 724                       /home/ubuntu/workspace/online_dealership/elasticsearch-5.0.0/lib/lucene-queryparser-6.2.0.jar
7f76515c7000-7f76515cd000 r--s 00031000 00:395 723                       /home/ubuntu/workspace/online_dealership/elasticsearch-5.0.0/lib/lucene-queries-6.2.0.jar
7f76515cd000-7f76515f8000 r--s 0024c000 00:395 722                       /home/ubuntu/workspace/online_dealership/elasticsearch-5.0.0/lib/lucene-core-6.2.0.jar
7f76515f8000-7f76515fa000 r--s 0000c000 00:395 721                       /home/ubuntu/workspace/online_dealership/elasticsearch-5.0.0/lib/lucene-spatial-6.2.0.jar
7f76515fa000-7f76515fe000 r--s 0002a000 00:395 720                       /home/ubuntu/workspace/online_dealership/elasticsearch-5.0.0/lib/spatial4j-0.6.jar
7f76515fe000-7f7651601000 r--s 00011000 00:395 719                       /home/ubuntu/workspace/online_dealership/elasticsearch-5.0.0/lib/jopt-simple-5.0.2.jar
7f7651601000-7f7651603000 r--s 00009000 00:395 718                       /home/ubuntu/workspace/online_dealership/elasticsearch-5.0.0/lib/log4j-1.2-api-2.6.2.jar
7f7651603000-7f7651607000 r--s 00017000 00:395 717                       /home/ubuntu/workspace/online_dealership/elasticsearch-5.0.0/lib/lucene-grouping-6.2.0.jar
7f7651607000-7f7651618000 r--s 00156000 00:395 716                       /home/ubuntu/workspace/online_dealership/elasticsearch-5.0.0/lib/lucene-analyzers-common-6.2.0.jar
7f7651618000-7f7651629000 r--s 00089000 00:395 715                       /home/ubuntu/workspace/online_dealership/elasticsearch-5.0.0/lib/joda-time-2.9.4.jar
7f7651629000-7f765162d000 r--s 00021000 00:395 714                       /home/ubuntu/workspace/online_dealership/elasticsearch-5.0.0/lib/lucene-join-6.2.0.jar
7f765162d000-7f7651632000 r--s 00038000 00:395 713                       /home/ubuntu/workspace/online_dealership/elasticsearch-5.0.0/lib/lucene-suggest-6.2.0.jar
7f7651632000-7f7651634000 r--s 0000a000 00:395 712                       /home/ubuntu/workspace/online_dealership/elasticsearch-5.0.0/lib/lucene-memory-6.2.0.jar
7f7651634000-7f7651636000 r--s 00019000 00:395 711                       /home/ubuntu/workspace/online_dealership/elasticsearch-5.0.0/lib/HdrHistogram-2.1.6.jar
7f7651636000-7f7651639000 r--s 0002b000 00:395 710                       /home/ubuntu/workspace/online_dealership/elasticsearch-5.0.0/lib/lucene-sandbox-6.2.0.jar
7f7651639000-7f7651652000 r--s 0010b000 00:395 709                       /home/ubuntu/workspace/online_dealership/elasticsearch-5.0.0/lib/log4j-core-2.6.2.jar
7f7651652000-7f7651654000 r--s 00008000 00:395 707                       /home/ubuntu/workspace/online_dealership/elasticsearch-5.0.0/lib/joda-convert-1.2.jar
7f7651654000-7f7651658000 r--s 0002d000 00:395 706                       /home/ubuntu/workspace/online_dealership/elasticsearch-5.0.0/lib/log4j-api-2.6.2.jar
7f7651658000-7f765165a000 r--s 0000b000 00:395 705                       /home/ubuntu/workspace/online_dealership/elasticsearch-5.0.0/lib/t-digest-3.0.jar
7f765165a000-7f765166b000 r--s 000b2000 00:395 704                       /home/ubuntu/workspace/online_dealership/elasticsearch-5.0.0/lib/jts-1.13.jar
7f765166b000-7f765166e000 r--s 00020000 00:395 703                       /home/ubuntu/workspace/online_dealership/elasticsearch-5.0.0/lib/lucene-misc-6.2.0.jar
7f765166e000-7f7651672000 r--s 0002c000 00:395 702                       /home/ubuntu/workspace/online_dealership/elasticsearch-5.0.0/lib/lucene-spatial-extras-6.2.0.jar
7f7651672000-7f7651689000 r--s 00100000 00:395 698                       /home/ubuntu/workspace/online_dealership/elasticsearch-5.0.0/lib/hppc-0.7.1.jar
7f7651689000-7f765168a000 ---p 00000000 00:00 0 
7f765168a000-7f765178a000 rw-p 00000000 00:00 0                          [stack:14157]
7f765178a000-7f765178d000 ---p 00000000 00:00 0 
7f765178d000-7f765188b000 rw-p 00000000 00:00 0                          [stack:14156]
7f765188b000-7f765188e000 ---p 00000000 00:00 0 
7f765188e000-7f765198c000 rw-p 00000000 00:00 0                          [stack:14155]
7f765198c000-7f765198f000 ---p 00000000 00:00 0 
7f765198f000-7f7651a8d000 rw-p 00000000 00:00 0                          [stack:14154]
7f7651a8d000-7f7651a90000 ---p 00000000 00:00 0 
7f7651a90000-7f7651b8e000 rw-p 00000000 00:00 0                          [stack:14153]
7f7651b8e000-7f7651b91000 ---p 00000000 00:00 0 
7f7651b91000-7f7651c8f000 rw-p 00000000 00:00 0                          [stack:14152]
7f7651c8f000-7f7651c92000 ---p 00000000 00:00 0 
7f7651c92000-7f7651d90000 rw-p 00000000 00:00 0                          [stack:14151]
7f7651d90000-7f7651d93000 ---p 00000000 00:00 0 
7f7651d93000-7f7651e91000 rw-p 00000000 00:00 0                          [stack:14150]
7f7651e91000-7f7652000000 r--p 00000000 00:395 94                        /usr/lib/locale/C.UTF-8/LC_COLLATE
7f7652000000-7f7654000000 rw-p 00000000 00:00 0 
7f7654000000-7f7654025000 rw-p 00000000 00:00 0 
7f7654025000-7f7658000000 ---p 00000000 00:00 0 
7f7658000000-7f7658001000 r--s 00001000 00:395 727                       /home/ubuntu/workspace/online_dealership/elasticsearch-5.0.0/lib/securesm-1.1.jar
7f7658001000-7f7658004000 r--s 00013000 00:395 701                       /home/ubuntu/workspace/online_dealership/elasticsearch-5.0.0/lib/lucene-backward-codecs-6.2.0.jar
7f7658004000-7f7658008000 r--s 00020000 00:395 700                       /home/ubuntu/workspace/online_dealership/elasticsearch-5.0.0/lib/lucene-highlighter-6.2.0.jar
7f7658008000-7f765800a000 r--s 0000b000 00:395 699                       /home/ubuntu/workspace/online_dealership/elasticsearch-5.0.0/lib/jackson-dataformat-cbor-2.8.1.jar
7f765800a000-7f765800e000 r--s 00041000 00:395 697                       /home/ubuntu/workspace/online_dealership/elasticsearch-5.0.0/lib/jackson-core-2.8.1.jar
7f765800e000-7f76580af000 r--s 0085e000 00:395 725                       /home/ubuntu/workspace/online_dealership/elasticsearch-5.0.0/lib/elasticsearch-5.0.0.jar
7f76580af000-7f76580d5000 r--p 00000000 00:395 97                        /usr/lib/locale/C.UTF-8/LC_CTYPE
7f76580d5000-7f76580d8000 ---p 00000000 00:00 0 
7f76580d8000-7f76581d6000 rw-p 00000000 00:00 0                          [stack:14149]
7f76581d6000-7f76581d9000 ---p 00000000 00:00 0 
7f76581d9000-7f76582d7000 rw-p 00000000 00:00 0                          [stack:14148]
7f76582d7000-7f76582d8000 ---p 00000000 00:00 0 
7f76582d8000-7f7658427000 rw-p 00000000 00:00 0                          [stack:14147]
7f7658427000-7f76585ff000 r--s 03d2a000 00:395 14676                     /usr/lib/jvm/java-8-oracle/jre/lib/rt.jar
7f76585ff000-7f7658ed0000 rw-p 00000000 00:00 0 
7f7658ed0000-7f765909e000 rw-p 00000000 00:00 0 
7f765909e000-7f765909f000 ---p 00000000 00:00 0 
7f765909f000-7f76599a7000 rw-p 00000000 00:00 0                          [stack:14146]
7f76599a7000-7f76599a8000 ---p 00000000 00:00 0 
7f76599a8000-7f7659aa8000 rw-p 00000000 00:00 0                          [stack:14145]
7f7659aa8000-7f7659aa9000 ---p 00000000 00:00 0 
7f7659aa9000-7f765bfff000 rw-p 00000000 00:00 0                          [stack:14144]
7f765bfff000-7f765c000000 rw-p 00000000 00:00 0 
7f765c000000-7f765c021000 rw-p 00000000 00:00 0 
7f765c021000-7f7660000000 ---p 00000000 00:00 0 
7f7660000000-7f7660059000 rw-p 00000000 00:00 0 
7f7660059000-7f7664000000 ---p 00000000 00:00 0 
7f7664000000-7f7664021000 rw-p 00000000 00:00 0 
7f7664021000-7f7668000000 ---p 00000000 00:00 0 
7f7668000000-7f7668021000 rw-p 00000000 00:00 0 
7f7668021000-7f766c000000 ---p 00000000 00:00 0 
7f766c000000-7f766c03c000 rw-p 00000000 00:00 0 
7f766c03c000-7f7670000000 ---p 00000000 00:00 0 
7f7670000000-7f7670025000 rw-p 00000000 00:00 0 
7f7670025000-7f7674000000 ---p 00000000 00:00 0 
7f7674000000-7f7674029000 rw-p 00000000 00:00 0 
7f7674029000-7f7678000000 ---p 00000000 00:00 0 
7f7678000000-7f7678001000 r--s 00011000 00:395 708                       /home/ubuntu/workspace/online_dealership/elasticsearch-5.0.0/lib/jackson-dataformat-smile-2.8.1.jar
7f7678001000-7f7678002000 r--s 00009000 00:395 696                       /home/ubuntu/workspace/online_dealership/elasticsearch-5.0.0/lib/jackson-dataformat-yaml-2.8.1.jar
7f7678002000-7f7678006000 r--s 00112000 00:395 695                       /home/ubuntu/workspace/online_dealership/elasticsearch-5.0.0/lib/jna-4.2.2.jar
7f7678006000-7f767800a000 r--s 00036000 00:395 694                       /home/ubuntu/workspace/online_dealership/elasticsearch-5.0.0/lib/lucene-spatial3d-6.2.0.jar
7f767800a000-7f7678011000 r--s 00000000 00:395 85                        /usr/lib/x86_64-linux-gnu/gconv/gconv-modules.cache
7f7678011000-7f7678012000 ---p 00000000 00:00 0 
7f7678012000-7f7678112000 rw-p 00000000 00:00 0                          [stack:14143]
7f7678112000-7f7678113000 ---p 00000000 00:00 0 
7f7678113000-7f7678213000 rw-p 00000000 00:00 0                          [stack:14142]
7f7678213000-7f7678214000 ---p 00000000 00:00 0 
7f7678214000-7f7678314000 rw-p 00000000 00:00 0                          [stack:14141]
7f7678314000-7f7678315000 ---p 00000000 00:00 0 
7f7678315000-7f7678415000 rw-p 00000000 00:00 0                          [stack:14140]
7f7678415000-7f7678416000 ---p 00000000 00:00 0 
7f7678416000-7f7678516000 rw-p 00000000 00:00 0                          [stack:14139]
7f7678516000-7f7678517000 ---p 00000000 00:00 0 
7f7678517000-7f7678617000 rw-p 00000000 00:00 0                          [stack:14138]
7f7678617000-7f7678618000 ---p 00000000 00:00 0 
7f7678618000-7f7678718000 rw-p 00000000 00:00 0                          [stack:14137]
7f7678718000-7f7678719000 ---p 00000000 00:00 0 
7f7678719000-7f7678875000 rw-p 00000000 00:00 0                          [stack:14136]
7f7678875000-7f7678bd9000 ---p 00000000 00:00 0 
7f7678bd9000-7f767a2a9000 rwxp 00000000 00:00 0 
7f767a2a9000-7f7687bd9000 ---p 00000000 00:00 0 
7f7687bd9000-7f7687bf3000 r-xp 00000000 00:395 14674                     /usr/lib/jvm/java-8-oracle/jre/lib/amd64/libzip.so
7f7687bf3000-7f7687df3000 ---p 0001a000 00:395 14674                     /usr/lib/jvm/java-8-oracle/jre/lib/amd64/libzip.so
7f7687df3000-7f7687df4000 rw-p 0001a000 00:395 14674                     /usr/lib/jvm/java-8-oracle/jre/lib/amd64/libzip.so
7f7687df4000-7f7687dff000 r-xp 00000000 00:395 8939                      /lib/x86_64-linux-gnu/libnss_files-2.19.so
7f7687dff000-7f7687ffe000 ---p 0000b000 00:395 8939                      /lib/x86_64-linux-gnu/libnss_files-2.19.so
7f7687ffe000-7f7687fff000 r--p 0000a000 00:395 8939                      /lib/x86_64-linux-gnu/libnss_files-2.19.so
7f7687fff000-7f7688000000 rw-p 0000b000 00:395 8939                      /lib/x86_64-linux-gnu/libnss_files-2.19.so
7f7688000000-7f7689773000 rw-p 00000000 00:00 0 
7f7689773000-7f768c000000 ---p 00000000 00:00 0 
7f768c000000-7f768c0ac000 rw-p 00000000 00:00 0 
7f768c0ac000-7f768c0b7000 r-xp 00000000 00:395 8937                      /lib/x86_64-linux-gnu/libnss_nis-2.19.so
7f768c0b7000-7f768c2b6000 ---p 0000b000 00:395 8937                      /lib/x86_64-linux-gnu/libnss_nis-2.19.so
7f768c2b6000-7f768c2b7000 r--p 0000a000 00:395 8937                      /lib/x86_64-linux-gnu/libnss_nis-2.19.so
7f768c2b7000-7f768c2b8000 rw-p 0000b000 00:395 8937                      /lib/x86_64-linux-gnu/libnss_nis-2.19.so
7f768c2b8000-7f768c2cf000 r-xp 00000000 00:395 108                       /lib/x86_64-linux-gnu/libnsl-2.19.so
7f768c2cf000-7f768c4ce000 ---p 00017000 00:395 108                       /lib/x86_64-linux-gnu/libnsl-2.19.so
7f768c4ce000-7f768c4cf000 r--p 00016000 00:395 108                       /lib/x86_64-linux-gnu/libnsl-2.19.so
7f768c4cf000-7f768c4d0000 rw-p 00017000 00:395 108                       /lib/x86_64-linux-gnu/libnsl-2.19.so
7f768c4d0000-7f768c4d2000 rw-p 00000000 00:00 0 
7f768c4d2000-7f768c4db000 r-xp 00000000 00:395 8935                      /lib/x86_64-linux-gnu/libnss_compat-2.19.so
7f768c4db000-7f768c6da000 ---p 00009000 00:395 8935                      /lib/x86_64-linux-gnu/libnss_compat-2.19.so
7f768c6da000-7f768c6db000 r--p 00008000 00:395 8935                      /lib/x86_64-linux-gnu/libnss_compat-2.19.so
7f768c6db000-7f768c6dc000 rw-p 00009000 00:395 8935                      /lib/x86_64-linux-gnu/libnss_compat-2.19.so
7f768c6dc000-7f768c707000 r-xp 00000000 00:395 14666                     /usr/lib/jvm/java-8-oracle/jre/lib/amd64/libjava.so
7f768c707000-7f768c906000 ---p 0002b000 00:395 14666                     /usr/lib/jvm/java-8-oracle/jre/lib/amd64/libjava.so
7f768c906000-7f768c908000 rw-p 0002a000 00:395 14666                     /usr/lib/jvm/java-8-oracle/jre/lib/amd64/libjava.so
7f768c908000-7f768c915000 r-xp 00000000 00:395 14670                     /usr/lib/jvm/java-8-oracle/jre/lib/amd64/libverify.so
7f768c915000-7f768cb14000 ---p 0000d000 00:395 14670                     /usr/lib/jvm/java-8-oracle/jre/lib/amd64/libverify.so
7f768cb14000-7f768cb16000 rw-p 0000c000 00:395 14670                     /usr/lib/jvm/java-8-oracle/jre/lib/amd64/libverify.so
7f768cb16000-7f768cb1d000 r-xp 00000000 00:395 7874                      /lib/x86_64-linux-gnu/librt-2.19.so
7f768cb1d000-7f768cd1c000 ---p 00007000 00:395 7874                      /lib/x86_64-linux-gnu/librt-2.19.so
7f768cd1c000-7f768cd1d000 r--p 00006000 00:395 7874                      /lib/x86_64-linux-gnu/librt-2.19.so
7f768cd1d000-7f768cd1e000 rw-p 00007000 00:395 7874                      /lib/x86_64-linux-gnu/librt-2.19.so
7f768cd1e000-7f768ce23000 r-xp 00000000 00:395 174                       /lib/x86_64-linux-gnu/libm-2.19.so
7f768ce23000-7f768d022000 ---p 00105000 00:395 174                       /lib/x86_64-linux-gnu/libm-2.19.so
7f768d022000-7f768d023000 r--p 00104000 00:395 174                       /lib/x86_64-linux-gnu/libm-2.19.so
7f768d023000-7f768d024000 rw-p 00105000 00:395 174                       /lib/x86_64-linux-gnu/libm-2.19.so
7f768d024000-7f768dcf1000 r-xp 00000000 00:395 14669                     /usr/lib/jvm/java-8-oracle/jre/lib/amd64/server/libjvm.so
7f768dcf1000-7f768def0000 ---p 00ccd000 00:395 14669                     /usr/lib/jvm/java-8-oracle/jre/lib/amd64/server/libjvm.so
7f768def0000-7f768dfc9000 rw-p 00ccc000 00:395 14669                     /usr/lib/jvm/java-8-oracle/jre/lib/amd64/server/libjvm.so
7f768dfc9000-7f768e014000 rw-p 00000000 00:00 0 
7f768e014000-7f768e1cf000 r-xp 00000000 00:395 63                        /lib/x86_64-linux-gnu/libc-2.19.so
7f768e1cf000-7f768e3ce000 ---p 001bb000 00:395 63                        /lib/x86_64-linux-gnu/libc-2.19.so
7f768e3ce000-7f768e3d2000 r--p 001ba000 00:395 63                        /lib/x86_64-linux-gnu/libc-2.19.so
7f768e3d2000-7f768e3d4000 rw-p 001be000 00:395 63                        /lib/x86_64-linux-gnu/libc-2.19.so
7f768e3d4000-7f768e3d9000 rw-p 00000000 00:00 0 
7f768e3d9000-7f768e3dc000 r-xp 00000000 00:395 61                        /lib/x86_64-linux-gnu/libdl-2.19.so
7f768e3dc000-7f768e5db000 ---p 00003000 00:395 61                        /lib/x86_64-linux-gnu/libdl-2.19.so
7f768e5db000-7f768e5dc000 r--p 00002000 00:395 61                        /lib/x86_64-linux-gnu/libdl-2.19.so
7f768e5dc000-7f768e5dd000 rw-p 00003000 00:395 61                        /lib/x86_64-linux-gnu/libdl-2.19.so
7f768e5dd000-7f768e5f2000 r-xp 00000000 00:395 14663                     /usr/lib/jvm/java-8-oracle/lib/amd64/jli/libjli.so
7f768e5f2000-7f768e7f2000 ---p 00015000 00:395 14663                     /usr/lib/jvm/java-8-oracle/lib/amd64/jli/libjli.so
7f768e7f2000-7f768e7f3000 rw-p 00015000 00:395 14663                     /usr/lib/jvm/java-8-oracle/lib/amd64/jli/libjli.so
7f768e7f3000-7f768e80c000 r-xp 00000000 00:395 249                       /lib/x86_64-linux-gnu/libpthread-2.19.so
7f768e80c000-7f768ea0b000 ---p 00019000 00:395 249                       /lib/x86_64-linux-gnu/libpthread-2.19.so
7f768ea0b000-7f768ea0c000 r--p 00018000 00:395 249                       /lib/x86_64-linux-gnu/libpthread-2.19.so
7f768ea0c000-7f768ea0d000 rw-p 00019000 00:395 249                       /lib/x86_64-linux-gnu/libpthread-2.19.so
7f768ea0d000-7f768ea11000 rw-p 00000000 00:00 0 
7f768ea11000-7f768ea34000 r-xp 00000000 00:395 56                        /lib/x86_64-linux-gnu/ld-2.19.so
7f768ea34000-7f768ea35000 r--p 00000000 00:395 96                        /usr/lib/locale/C.UTF-8/LC_NUMERIC
7f768ea35000-7f768ea36000 r--p 00000000 00:395 95                        /usr/lib/locale/C.UTF-8/LC_TIME
7f768ea36000-7f768ea37000 r--p 00000000 00:395 93                        /usr/lib/locale/C.UTF-8/LC_MONETARY
7f768ea37000-7f768ea38000 r--p 00000000 00:395 92                        /usr/lib/locale/C.UTF-8/LC_MESSAGES/SYS_LC_MESSAGES
7f768ea38000-7f768ea39000 r--p 00000000 00:395 90                        /usr/lib/locale/C.UTF-8/LC_PAPER
7f768ea39000-7f768eb1d000 rw-p 00000000 00:00 0 
7f768eb1d000-7f768eb20000 ---p 00000000 00:00 0 
7f768eb20000-7f768ec22000 rw-p 00000000 00:00 0                          [stack:14135]
7f768ec22000-7f768ec23000 r--p 00000000 00:395 89                        /usr/lib/locale/C.UTF-8/LC_NAME
7f768ec23000-7f768ec24000 r--p 00000000 00:395 88                        /usr/lib/locale/C.UTF-8/LC_ADDRESS
7f768ec24000-7f768ec25000 r--p 00000000 00:395 87                        /usr/lib/locale/C.UTF-8/LC_TELEPHONE
7f768ec25000-7f768ec26000 r--p 00000000 00:395 86                        /usr/lib/locale/C.UTF-8/LC_MEASUREMENT
7f768ec26000-7f768ec27000 r--p 00000000 00:395 82                        /usr/lib/locale/C.UTF-8/LC_IDENTIFICATION
7f768ec27000-7f768ec2f000 rw-s 00000000 00:395 14673                     /tmp/hsperfdata_ubuntu/14119
7f768ec2f000-7f768ec30000 rw-p 00000000 00:00 0 
7f768ec30000-7f768ec31000 ---p 00000000 00:00 0 
7f768ec31000-7f768ec33000 rw-p 00000000 00:00 0 
7f768ec33000-7f768ec34000 r--p 00022000 00:395 56                        /lib/x86_64-linux-gnu/ld-2.19.so
7f768ec34000-7f768ec35000 rw-p 00023000 00:395 56                        /lib/x86_64-linux-gnu/ld-2.19.so
7f768ec35000-7f768ec36000 rw-p 00000000 00:00 0 
7ffcaaecd000-7ffcaaeee000 rw-p 00000000 00:00 0                          [stack]
7ffcaafbd000-7ffcaafbf000 r--p 00000000 00:00 0                          [vvar]
7ffcaafbf000-7ffcaafc1000 r-xp 00000000 00:00 0                          [vdso]
ffffffffff600000-ffffffffff601000 r-xp 00000000 00:00 0                  [vsyscall]

VM Arguments:
jvm_args: -Xms2g -Xmx2g -XX:+UseConcMarkSweepGC -XX:CMSInitiatingOccupancyFraction=75 -XX:+UseCMSInitiatingOccupancyOnly -XX:+DisableExplicitGC -XX:+AlwaysPreTouch -Djava.awt.headless=true -Dfile.encoding=UTF-8 -Djna.nosys=true -Dio.netty.noUnsafe=true -Dio.netty.noKeySetOptimization=true -Dlog4j.shutdownHookEnabled=false -Dlog4j2.disable.jmx=true -Dlog4j.skipJansi=true -XX:+HeapDumpOnOutOfMemoryError -Des.path.home=/home/ubuntu/workspace/online_dealership/elasticsearch-5.0.0 
java_command: org.elasticsearch.bootstrap.Elasticsearch
java_class_path (initial): /home/ubuntu/workspace/online_dealership/elasticsearch-5.0.0/lib/elasticsearch-5.0.0.jar:/home/ubuntu/workspace/online_dealership/elasticsearch-5.0.0/lib/lucene-spatial3d-6.2.0.jar:/home/ubuntu/workspace/online_dealership/elasticsearch-5.0.0/lib/jna-4.2.2.jar:/home/ubuntu/workspace/online_dealership/elasticsearch-5.0.0/lib/jackson-dataformat-yaml-2.8.1.jar:/home/ubuntu/workspace/online_dealership/elasticsearch-5.0.0/lib/jackson-core-2.8.1.jar:/home/ubuntu/workspace/online_dealership/elasticsearch-5.0.0/lib/hppc-0.7.1.jar:/home/ubuntu/workspace/online_dealership/elasticsearch-5.0.0/lib/jackson-dataformat-cbor-2.8.1.jar:/home/ubuntu/workspace/online_dealership/elasticsearch-5.0.0/lib/lucene-highlighter-6.2.0.jar:/home/ubuntu/workspace/online_dealership/elasticsearch-5.0.0/lib/lucene-backward-codecs-6.2.0.jar:/home/ubuntu/workspace/online_dealership/elasticsearch-5.0.0/lib/lucene-spatial-extras-6.2.0.jar:/home/ubuntu/workspace/online_dealership/elasticsearch-5.0.0/lib/lucene-misc-6.2.0.jar:/home/ubuntu/workspace/online_dealership/elasticsearch-5.0.0/lib/jts-1.13.jar:/home/ubuntu/workspace/online_dealership/elasticsearch-5.0.0/lib/t-digest-3.0.jar:/home/ubuntu/workspace/online_dealership/elasticsearch-5.0.0/lib/log4j-api-2.6.2.jar:/home/ubuntu/workspace/online_dealership/elasticsearch-5.0.0/lib/joda-convert-1.2.jar:/home/ubuntu/workspace/online_dealership/elasticsearch-5.0.0/lib/jackson-dataformat-smile-2.8.1.jar:/home/ubuntu/workspace/online_dealership/elasticsearch-5.0.0/lib/log4j-core-2.6.2.jar:/home/ubuntu/workspace/online_dealership/elasticsearch-5.0.0/lib/lucene-sandbox-6.2.0.jar:/home/ubuntu/workspace/online_dealership/elasticsearch-5.0.0/lib/HdrHistogram-2.1.6.jar:/home/ubuntu/workspace/online_dealership/elasticsearch-5.0.0/lib/lucene-memory-6.2.0.jar:/home/ubuntu/workspace/online_dealership/elasticsearch-5.0.0/lib/lucene-suggest-6.2.0.jar:/home/ubuntu/workspace/online_dealership/elasticsearch-5.0.0/lib/lucene-join-6.2.0.jar:/home/ub
Launcher Type: SUN_STANDARD

Environment Variables:
JAVA_HOME=/usr/lib/jvm/java-8-oracle
PATH=/home/ubuntu/.nvm/versions/node/v4.3.2/bin:/usr/local/rvm/gems/ruby-2.3.0/bin:/usr/local/rvm/gems/ruby-2.3.0@global/bin:/usr/local/rvm/rubies/ruby-2.3.0/bin:/mnt/shared/bin:/home/ubuntu/workspace/node_modules/.bin:/home/ubuntu/bin:/usr/local/sbin:/usr/local/bin:/usr/sbin:/usr/bin:/sbin:/bin:/mnt/shared/sbin:/opt/gitl:/opt/go/bin:/mnt/shared/c9/app.nw/bin:/usr/lib/jvm/java-8-oracle/bin:/usr/lib/jvm/java-8-oracle/db/bin:/usr/lib/jvm/java-8-oracle/jre/bin:/usr/lib/jvm/java-8-oracle/bin:/usr/lib/jvm/java-8-oracle/db/bin:/usr/lib/jvm/java-8-oracle/jre/bin:/usr/local/rvm/bin
LD_LIBRARY_PATH=~/.c9/local/lib
SHELL=/bin/bash

Signal Handlers:
SIGSEGV: [libjvm.so+0xac64b0], sa_mask[0]=11111111011111111101111111111110, sa_flags=SA_RESTART|SA_SIGINFO
SIGBUS: [libjvm.so+0xac64b0], sa_mask[0]=11111111011111111101111111111110, sa_flags=SA_RESTART|SA_SIGINFO
SIGFPE: [libjvm.so+0x91f950], sa_mask[0]=11111111011111111101111111111110, sa_flags=SA_RESTART|SA_SIGINFO
SIGPIPE: [libjvm.so+0x91f950], sa_mask[0]=11111111011111111101111111111110, sa_flags=SA_RESTART|SA_SIGINFO
SIGXFSZ: [libjvm.so+0x91f950], sa_mask[0]=11111111011111111101111111111110, sa_flags=SA_RESTART|SA_SIGINFO
SIGILL: [libjvm.so+0x91f950], sa_mask[0]=11111111011111111101111111111110, sa_flags=SA_RESTART|SA_SIGINFO
SIGUSR1: SIG_DFL, sa_mask[0]=00000000000000000000000000000000, sa_flags=none
SIGUSR2: [libjvm.so+0x920f80], sa_mask[0]=00000000000000000000000000000000, sa_flags=SA_RESTART|SA_SIGINFO
SIGHUP: [libjvm.so+0x922380], sa_mask[0]=11111111011111111101111111111110, sa_flags=SA_RESTART|SA_SIGINFO
SIGINT: [libjvm.so+0x922380], sa_mask[0]=11111111011111111101111111111110, sa_flags=SA_RESTART|SA_SIGINFO
SIGTERM: [libjvm.so+0x922380], sa_mask[0]=11111111011111111101111111111110, sa_flags=SA_RESTART|SA_SIGINFO
SIGQUIT: [libjvm.so+0x922380], sa_mask[0]=11111111011111111101111111111110, sa_flags=SA_RESTART|SA_SIGINFO


---------------  S Y S T E M  ---------------

OS:DISTRIB_ID=Ubuntu
DISTRIB_RELEASE=14.04
DISTRIB_CODENAME=trusty
DISTRIB_DESCRIPTION="Ubuntu 14.04.3 LTS"

uname:Linux 4.2.0-c9 #2 SMP Thu Oct 20 09:52:05 UTC 2016 x86_64
libc:glibc 2.19 NPTL 2.19 
rlimit: STACK 8192k, CORE 0k, NPROC 29856, NOFILE 8192, AS infinity
load average:3.56 4.00 4.47

/proc/meminfo:
MemTotal:       53595536 kB
MemFree:         4413968 kB
MemAvailable:   18890200 kB
Buffers:         4780028 kB
Cached:         15368584 kB
SwapCached:       181072 kB
Active:         18202696 kB
Inactive:       18752140 kB
Active(anon):    9454672 kB
Inactive(anon):  9209316 kB
Active(file):    8748024 kB
Inactive(file):  9542824 kB
Unevictable:       23976 kB
Mlocked:           23976 kB
SwapTotal:      52428796 kB
SwapFree:       50764772 kB
Dirty:               496 kB
Writeback:             0 kB
AnonPages:      16727324 kB
Mapped:           991436 kB
Shmem:           1854484 kB
Slab:            9627044 kB
SReclaimable:    5796768 kB
SUnreclaim:      3830276 kB
KernelStack:      332976 kB
PageTables:       341344 kB
NFS_Unstable:          0 kB
Bounce:                0 kB
WritebackTmp:          0 kB
CommitLimit:    79226564 kB
Committed_AS:   78241348 kB
VmallocTotal:   34359738367 kB
VmallocUsed:     1080712 kB
VmallocChunk:   34358523936 kB
HardwareCorrupted:     0 kB
AnonHugePages:     14336 kB
HugePages_Total:       0
HugePages_Free:        0
HugePages_Rsvd:        0
HugePages_Surp:        0
Hugepagesize:       2048 kB
DirectMap4k:      114676 kB
DirectMap2M:    14565376 kB
DirectMap1G:    41943040 kB


CPU:total 8 (12 cores per cpu, 2 threads per core) family 6 model 62 stepping 4, cmov, cx8, fxsr, mmx, sse, sse2, sse3, ssse3, sse4.1, sse4.2, popcnt, avx, aes, clmul, erms, ht, tsc, tscinvbit

/proc/cpuinfo:
processor	: 0
vendor_id	: GenuineIntel
cpu family	: 6
model		: 62
model name	: Intel(R) Xeon(R) CPU @ 2.50GHz
stepping	: 4
microcode	: 0x1
cpu MHz		: 2499.998
cache size	: 30720 KB
physical id	: 0
siblings	: 8
core id		: 0
cpu cores	: 4
apicid		: 0
initial apicid	: 0
fpu		: yes
fpu_exception	: yes
cpuid level	: 13
wp		: yes
flags		: fpu vme de pse tsc msr pae mce cx8 apic sep mtrr pge mca cmov pat pse36 clflush mmx fxsr sse sse2 ss ht syscall nx pdpe1gb rdtscp lm constant_tsc rep_good nopl xtopology nonstop_tsc eagerfpu pni pclmulqdq ssse3 cx16 sse4_1 sse4_2 x2apic popcnt aes xsave avx f16c rdrand hypervisor lahf_lm fsgsbase tsc_adjust smep erms xsaveopt
bugs		:
bogomips	: 4999.99
clflush size	: 64
cache_alignment	: 64
address sizes	: 46 bits physical, 48 bits virtual
power management:

processor	: 1
vendor_id	: GenuineIntel
cpu family	: 6
model		: 62
model name	: Intel(R) Xeon(R) CPU @ 2.50GHz
stepping	: 4
microcode	: 0x1
cpu MHz		: 2499.998
cache size	: 30720 KB
physical id	: 0
siblings	: 8
core id		: 0
cpu cores	: 4
apicid		: 1
initial apicid	: 1
fpu		: yes
fpu_exception	: yes
cpuid level	: 13
wp		: yes
flags		: fpu vme de pse tsc msr pae mce cx8 apic sep mtrr pge mca cmov pat pse36 clflush mmx fxsr sse sse2 ss ht syscall nx pdpe1gb rdtscp lm constant_tsc rep_good nopl xtopology nonstop_tsc eagerfpu pni pclmulqdq ssse3 cx16 sse4_1 sse4_2 x2apic popcnt aes xsave avx f16c rdrand hypervisor lahf_lm fsgsbase tsc_adjust smep erms xsaveopt
bugs		:
bogomips	: 4999.99
clflush size	: 64
cache_alignment	: 64
address sizes	: 46 bits physical, 48 bits virtual
power management:

processor	: 2
vendor_id	: GenuineIntel
cpu family	: 6
model		: 62
model name	: Intel(R) Xeon(R) CPU @ 2.50GHz
stepping	: 4
microcode	: 0x1
cpu MHz		: 2499.998
cache size	: 30720 KB
physical id	: 0
siblings	: 8
core id		: 1
cpu cores	: 4
apicid		: 2
initial apicid	: 2
fpu		: yes
fpu_exception	: yes
cpuid level	: 13
wp		: yes
flags		: fpu vme de pse tsc msr pae mce cx8 apic sep mtrr pge mca cmov pat pse36 clflush mmx fxsr sse sse2 ss ht syscall nx pdpe1gb rdtscp lm constant_tsc rep_good nopl xtopology nonstop_tsc eagerfpu pni pclmulqdq ssse3 cx16 sse4_1 sse4_2 x2apic popcnt aes xsave avx f16c rdrand hypervisor lahf_lm fsgsbase tsc_adjust smep erms xsaveopt
bugs		:
bogomips	: 4999.99
clflush size	: 64
cache_alignment	: 64
address sizes	: 46 bits physical, 48 bits virtual
power management:

processor	: 3
vendor_id	: GenuineIntel
cpu family	: 6
model		: 62
model name	: Intel(R) Xeon(R) CPU @ 2.50GHz
stepping	: 4
microcode	: 0x1
cpu MHz		: 2499.998
cache size	: 30720 KB
physical id	: 0
siblings	: 8
core id		: 1
cpu cores	: 4
apicid		: 3
initial apicid	: 3
fpu		: yes
fpu_exception	: yes
cpuid level	: 13
wp		: yes
flags		: fpu vme de pse tsc msr pae mce cx8 apic sep mtrr pge mca cmov pat pse36 clflush mmx fxsr sse sse2 ss ht syscall nx pdpe1gb rdtscp lm constant_tsc rep_good nopl xtopology nonstop_tsc eagerfpu pni pclmulqdq ssse3 cx16 sse4_1 sse4_2 x2apic popcnt aes xsave avx f16c rdrand hypervisor lahf_lm fsgsbase tsc_adjust smep erms xsaveopt
bugs		:
bogomips	: 4999.99
clflush size	: 64
cache_alignment	: 64
address sizes	: 46 bits physical, 48 bits virtual
power management:

processor	: 4
vendor_id	: GenuineIntel
cpu family	: 6
model		: 62
model name	: Intel(R) Xeon(R) CPU @ 2.50GHz
stepping	: 4
microcode	: 0x1
cpu MHz		: 2499.998
cache size	: 30720 KB
physical id	: 0
siblings	: 8
core id		: 2
cpu cores	: 4
apicid		: 4
initial apicid	: 4
fpu		: yes
fpu_exception	: yes
cpuid level	: 13
wp		: yes
flags		: fpu vme de pse tsc msr pae mce cx8 apic sep mtrr pge mca cmov pat pse36 clflush mmx fxsr sse sse2 ss ht syscall nx pdpe1gb rdtscp lm constant_tsc rep_good nopl xtopology nonstop_tsc eagerfpu pni pclmulqdq ssse3 cx16 sse4_1 sse4_2 x2apic popcnt aes xsave avx f16c rdrand hypervisor lahf_lm fsgsbase tsc_adjust smep erms xsaveopt
bugs		:
bogomips	: 4999.99
clflush size	: 64
cache_alignment	: 64
address sizes	: 46 bits physical, 48 bits virtual
power management:

processor	: 5
vendor_id	: GenuineIntel
cpu family	: 6
model		: 62
model name	: Intel(R) Xeon(R) CPU @ 2.50GHz
stepping	: 4
microcode	: 0x1
cpu MHz		: 2499.998
cache size	: 30720 KB
physical id	: 0
siblings	: 8
core id		: 2
cpu cores	: 4
apicid		: 5
initial apicid	: 5
fpu		: yes
fpu_exception	: yes
cpuid level	: 13
wp		: yes
flags		: fpu vme de pse tsc msr pae mce cx8 apic sep mtrr pge mca cmov pat pse36 clflush mmx fxsr sse sse2 ss ht syscall nx pdpe1gb rdtscp lm constant_tsc rep_good nopl xtopology nonstop_tsc eagerfpu pni pclmulqdq ssse3 cx16 sse4_1 sse4_2 x2apic popcnt aes xsave avx f16c rdrand hypervisor lahf_lm fsgsbase tsc_adjust smep erms xsaveopt
bugs		:
bogomips	: 4999.99
clflush size	: 64
cache_alignment	: 64
address sizes	: 46 bits physical, 48 bits virtual
power management:

processor	: 6
vendor_id	: GenuineIntel
cpu family	: 6
model		: 62
model name	: Intel(R) Xeon(R) CPU @ 2.50GHz
stepping	: 4
microcode	: 0x1
cpu MHz		: 2499.998
cache size	: 30720 KB
physical id	: 0
siblings	: 8
core id		: 3
cpu cores	: 4
apicid		: 6
initial apicid	: 6
fpu		: yes
fpu_exception	: yes
cpuid level	: 13
wp		: yes
flags		: fpu vme de pse tsc msr pae mce cx8 apic sep mtrr pge mca cmov pat pse36 clflush mmx fxsr sse sse2 ss ht syscall nx pdpe1gb rdtscp lm constant_tsc rep_good nopl xtopology nonstop_tsc eagerfpu pni pclmulqdq ssse3 cx16 sse4_1 sse4_2 x2apic popcnt aes xsave avx f16c rdrand hypervisor lahf_lm fsgsbase tsc_adjust smep erms xsaveopt
bugs		:
bogomips	: 4999.99
clflush size	: 64
cache_alignment	: 64
address sizes	: 46 bits physical, 48 bits virtual
power management:

processor	: 7
vendor_id	: GenuineIntel
cpu family	: 6
model		: 62
model name	: Intel(R) Xeon(R) CPU @ 2.50GHz
stepping	: 4
microcode	: 0x1
cpu MHz		: 2499.998
cache size	: 30720 KB
physical id	: 0
siblings	: 8
core id		: 3
cpu cores	: 4
apicid		: 7
initial apicid	: 7
fpu		: yes
fpu_exception	: yes
cpuid level	: 13
wp		: yes
flags		: fpu vme de pse tsc msr pae mce cx8 apic sep mtrr pge mca cmov pat pse36 clflush mmx fxsr sse sse2 ss ht syscall nx pdpe1gb rdtscp lm constant_tsc rep_good nopl xtopology nonstop_tsc eagerfpu pni pclmulqdq ssse3 cx16 sse4_1 sse4_2 x2apic popcnt aes xsave avx f16c rdrand hypervisor lahf_lm fsgsbase tsc_adjust smep erms xsaveopt
bugs		:
bogomips	: 4999.99
clflush size	: 64
cache_alignment	: 64
address sizes	: 46 bits physical, 48 bits virtual
power management:



Memory: 4k page, physical 53595536k(4413552k free), swap 52428796k(50764772k free)

vm_info: Java HotSpot(TM) 64-Bit Server VM (25.111-b14) for linux-amd64 JRE (1.8.0_111-b14), built on Sep 22 2016 16:14:03 by "java_re" with gcc 4.3.0 20080428 (Red Hat 4.3.0-8)

time: Fri Dec  2 01:27:49 2016
elapsed time: 1816 seconds (0d 0h 30m 16s)

