[2018-04-03T04:38:04,056][INFO ][o.e.n.Node               ] [] initializing ...
[2018-04-03T04:38:04,143][INFO ][o.e.e.NodeEnvironment    ] [modRrbD] using [1] data paths, mounts [[/ (none)]], net usable_space [5.8gb], net total_space [10.6gb], types [aufs]
[2018-04-03T04:38:04,143][INFO ][o.e.e.NodeEnvironment    ] [modRrbD] heap size [989.8mb], compressed ordinary object pointers [true]
[2018-04-03T04:38:04,145][INFO ][o.e.n.Node               ] node name [modRrbD] derived from node ID [modRrbDrTmqhzpKQ5fdDZw]; set [node.name] to override
[2018-04-03T04:38:04,146][INFO ][o.e.n.Node               ] version[6.2.3], pid[29555], build[c59ff00/2018-03-13T10:06:29.741383Z], OS[Linux/4.9.80-c9/amd64], JVM[Oracle Corporation/Java HotSpot(TM) 64-Bit Server VM/1.8.0_111/25.111-b14]
[2018-04-03T04:38:04,146][INFO ][o.e.n.Node               ] JVM arguments [-Xms1g, -Xmx1g, -XX:+UseConcMarkSweepGC, -XX:CMSInitiatingOccupancyFraction=75, -XX:+UseCMSInitiatingOccupancyOnly, -XX:+AlwaysPreTouch, -Xss1m, -Djava.awt.headless=true, -Dfile.encoding=UTF-8, -Djna.nosys=true, -XX:-OmitStackTraceInFastThrow, -Dio.netty.noUnsafe=true, -Dio.netty.noKeySetOptimization=true, -Dio.netty.recycler.maxCapacityPerThread=0, -Dlog4j.shutdownHookEnabled=false, -Dlog4j2.disable.jmx=true, -Djava.io.tmpdir=/tmp/elasticsearch.u9WphIoe, -XX:+HeapDumpOnOutOfMemoryError, -XX:+PrintGCDetails, -XX:+PrintGCDateStamps, -XX:+PrintTenuringDistribution, -XX:+PrintGCApplicationStoppedTime, -Xloggc:logs/gc.log, -XX:+UseGCLogFileRotation, -XX:NumberOfGCLogFiles=32, -XX:GCLogFileSize=64m, -Des.path.home=/home/ubuntu/workspace/motominion/elasticsearch-6.2.3, -Des.path.conf=/home/ubuntu/workspace/motominion/elasticsearch-6.2.3/config]
[2018-04-03T04:38:05,694][INFO ][o.e.p.PluginsService     ] [modRrbD] loaded module [aggs-matrix-stats]
[2018-04-03T04:38:05,694][INFO ][o.e.p.PluginsService     ] [modRrbD] loaded module [analysis-common]
[2018-04-03T04:38:05,694][INFO ][o.e.p.PluginsService     ] [modRrbD] loaded module [ingest-common]
[2018-04-03T04:38:05,695][INFO ][o.e.p.PluginsService     ] [modRrbD] loaded module [lang-expression]
[2018-04-03T04:38:05,695][INFO ][o.e.p.PluginsService     ] [modRrbD] loaded module [lang-mustache]
[2018-04-03T04:38:05,695][INFO ][o.e.p.PluginsService     ] [modRrbD] loaded module [lang-painless]
[2018-04-03T04:38:05,695][INFO ][o.e.p.PluginsService     ] [modRrbD] loaded module [mapper-extras]
[2018-04-03T04:38:05,695][INFO ][o.e.p.PluginsService     ] [modRrbD] loaded module [parent-join]
[2018-04-03T04:38:05,695][INFO ][o.e.p.PluginsService     ] [modRrbD] loaded module [percolator]
[2018-04-03T04:38:05,695][INFO ][o.e.p.PluginsService     ] [modRrbD] loaded module [rank-eval]
[2018-04-03T04:38:05,696][INFO ][o.e.p.PluginsService     ] [modRrbD] loaded module [reindex]
[2018-04-03T04:38:05,696][INFO ][o.e.p.PluginsService     ] [modRrbD] loaded module [repository-url]
[2018-04-03T04:38:05,696][INFO ][o.e.p.PluginsService     ] [modRrbD] loaded module [transport-netty4]
[2018-04-03T04:38:05,696][INFO ][o.e.p.PluginsService     ] [modRrbD] loaded module [tribe]
[2018-04-03T04:38:05,696][INFO ][o.e.p.PluginsService     ] [modRrbD] no plugins loaded
[2018-04-03T04:38:13,045][INFO ][o.e.d.DiscoveryModule    ] [modRrbD] using discovery type [zen]
[2018-04-03T04:38:14,512][INFO ][o.e.n.Node               ] initialized
[2018-04-03T04:38:14,512][INFO ][o.e.n.Node               ] [modRrbD] starting ...
[2018-04-03T04:38:14,873][INFO ][o.e.t.TransportService   ] [modRrbD] publish_address {127.0.0.1:9300}, bound_addresses {[::1]:9300}, {127.0.0.1:9300}
[2018-04-03T04:38:15,050][WARN ][o.e.b.BootstrapChecks    ] [modRrbD] max virtual memory areas vm.max_map_count [65530] is too low, increase to at least [262144]
[2018-04-03T04:38:18,110][INFO ][o.e.c.s.MasterService    ] [modRrbD] zen-disco-elected-as-master ([0] nodes joined), reason: new_master {modRrbD}{modRrbDrTmqhzpKQ5fdDZw}{R9tH4FPPRnS8-t4zREkf3w}{127.0.0.1}{127.0.0.1:9300}
[2018-04-03T04:38:18,116][INFO ][o.e.c.s.ClusterApplierService] [modRrbD] new_master {modRrbD}{modRrbDrTmqhzpKQ5fdDZw}{R9tH4FPPRnS8-t4zREkf3w}{127.0.0.1}{127.0.0.1:9300}, reason: apply cluster state (from master [master {modRrbD}{modRrbDrTmqhzpKQ5fdDZw}{R9tH4FPPRnS8-t4zREkf3w}{127.0.0.1}{127.0.0.1:9300} committed version [1] source [zen-disco-elected-as-master ([0] nodes joined)]])
[2018-04-03T04:38:18,140][INFO ][o.e.h.n.Netty4HttpServerTransport] [modRrbD] publish_address {127.0.0.1:9200}, bound_addresses {[::1]:9200}, {127.0.0.1:9200}
[2018-04-03T04:38:18,141][INFO ][o.e.n.Node               ] [modRrbD] started
[2018-04-03T04:38:18,158][INFO ][o.e.g.GatewayService     ] [modRrbD] recovered [0] indices into cluster_state
[2018-04-03T04:39:06,731][INFO ][o.e.c.m.MetaDataCreateIndexService] [modRrbD] [vehicles_development] creating index, cause [auto(bulk api)], templates [], shards [5]/[1], mappings []
[2018-04-03T04:39:07,299][INFO ][o.e.c.m.MetaDataMappingService] [modRrbD] [vehicles_development/rvoQnA3kTEG9UVSSKYFGAw] create_mapping [vehicle]
[2018-04-03T04:40:11,491][INFO ][o.e.c.m.MetaDataCreateIndexService] [modRrbD] [discussions_development] creating index, cause [auto(bulk api)], templates [], shards [5]/[1], mappings []
[2018-04-03T04:40:11,649][INFO ][o.e.c.m.MetaDataMappingService] [modRrbD] [discussions_development/hPViJXYSRquAzz3kOWsaQA] create_mapping [discussion]
[2018-04-03T04:40:12,560][INFO ][o.e.c.m.MetaDataCreateIndexService] [modRrbD] [clubs_development] creating index, cause [auto(bulk api)], templates [], shards [5]/[1], mappings []
[2018-04-03T04:40:12,750][INFO ][o.e.c.m.MetaDataMappingService] [modRrbD] [clubs_development/MGuonUFVSkmvMJsXsaZMdg] create_mapping [club]
[2018-04-03T17:46:24,574][DEBUG][o.e.a.s.TransportSearchAction] [modRrbD] [discussions_development][4], node[modRrbDrTmqhzpKQ5fdDZw], [P], s[STARTED], a[id=Oyv8WszWT4OnPhhmin7ocQ]: Failed to execute [SearchRequest{searchType=QUERY_THEN_FETCH, indices=[discussions_development], indicesOptions=IndicesOptions[id=38, ignore_unavailable=false, allow_no_indices=true, expand_wildcards_open=true, expand_wildcards_closed=false, allow_aliases_to_multiple_indices=true, forbid_closed_indices=true, ignore_aliases=false], types=[], routing='null', preference='null', requestCache=null, scroll=null, maxConcurrentShardRequests=5, batchedReduceSize=512, preFilterShardSize=128, source={"from":0,"size":10,"timeout":"11s","query":{"dis_max":{"tie_breaker":0.0,"queries":[{"multi_match":{"query":"brake disc","fields":["*.analyzed^1.0"],"type":"best_fields","operator":"AND","analyzer":"searchkick_search","slop":0,"prefix_length":0,"max_expansions":50,"zero_terms_query":"NONE","auto_generate_synonyms_phrase_query":true,"fuzzy_transpositions":true,"boost":10.0}},{"multi_match":{"query":"brake disc","fields":["*.analyzed^1.0"],"type":"best_fields","operator":"AND","analyzer":"searchkick_search2","slop":0,"prefix_length":0,"max_expansions":50,"zero_terms_query":"NONE","auto_generate_synonyms_phrase_query":true,"fuzzy_transpositions":true,"boost":10.0}},{"multi_match":{"query":"brake disc","fields":["*.analyzed^1.0"],"type":"best_fields","operator":"AND","analyzer":"searchkick_search","slop":0,"fuzziness":"1","prefix_length":0,"max_expansions":3,"zero_terms_query":"NONE","auto_generate_synonyms_phrase_query":true,"fuzzy_transpositions":true,"boost":1.0}},{"multi_match":{"query":"brake disc","fields":["*.analyzed^1.0"],"type":"best_fields","operator":"AND","analyzer":"searchkick_search2","slop":0,"fuzziness":"1","prefix_length":0,"max_expansions":3,"zero_terms_query":"NONE","auto_generate_synonyms_phrase_query":true,"fuzzy_transpositions":true,"boost":1.0}}],"boost":1.0}},"_source":false}}] lastShard [true]
org.elasticsearch.transport.RemoteTransportException: [modRrbD][127.0.0.1:9300][indices:data/read/search[phase/query]]
Caused by: org.elasticsearch.index.query.QueryShardException: [multi_match] analyzer [searchkick_search] not found
	at org.elasticsearch.index.query.MultiMatchQueryBuilder.doToQuery(MultiMatchQueryBuilder.java:772) ~[elasticsearch-6.2.3.jar:6.2.3]
	at org.elasticsearch.index.query.AbstractQueryBuilder.toQuery(AbstractQueryBuilder.java:97) ~[elasticsearch-6.2.3.jar:6.2.3]
	at org.elasticsearch.index.query.AbstractQueryBuilder.toQueries(AbstractQueryBuilder.java:232) ~[elasticsearch-6.2.3.jar:6.2.3]
	at org.elasticsearch.index.query.DisMaxQueryBuilder.doToQuery(DisMaxQueryBuilder.java:185) ~[elasticsearch-6.2.3.jar:6.2.3]
	at org.elasticsearch.index.query.AbstractQueryBuilder.toQuery(AbstractQueryBuilder.java:97) ~[elasticsearch-6.2.3.jar:6.2.3]
	at org.elasticsearch.index.query.QueryShardContext.lambda$toQuery$2(QueryShardContext.java:304) ~[elasticsearch-6.2.3.jar:6.2.3]
	at org.elasticsearch.index.query.QueryShardContext.toQuery(QueryShardContext.java:316) ~[elasticsearch-6.2.3.jar:6.2.3]
	at org.elasticsearch.index.query.QueryShardContext.toQuery(QueryShardContext.java:303) ~[elasticsearch-6.2.3.jar:6.2.3]
	at org.elasticsearch.search.SearchService.parseSource(SearchService.java:707) ~[elasticsearch-6.2.3.jar:6.2.3]
	at org.elasticsearch.search.SearchService.createContext(SearchService.java:558) ~[elasticsearch-6.2.3.jar:6.2.3]
	at org.elasticsearch.search.SearchService.createAndPutContext(SearchService.java:534) ~[elasticsearch-6.2.3.jar:6.2.3]
	at org.elasticsearch.search.SearchService.executeQueryPhase(SearchService.java:330) ~[elasticsearch-6.2.3.jar:6.2.3]
	at org.elasticsearch.search.SearchService$2.onResponse(SearchService.java:316) [elasticsearch-6.2.3.jar:6.2.3]
	at org.elasticsearch.search.SearchService$2.onResponse(SearchService.java:312) [elasticsearch-6.2.3.jar:6.2.3]
	at org.elasticsearch.search.SearchService$3.doRun(SearchService.java:1002) [elasticsearch-6.2.3.jar:6.2.3]
	at org.elasticsearch.common.util.concurrent.ThreadContext$ContextPreservingAbstractRunnable.doRun(ThreadContext.java:672) [elasticsearch-6.2.3.jar:6.2.3]
	at org.elasticsearch.common.util.concurrent.AbstractRunnable.run(AbstractRunnable.java:37) [elasticsearch-6.2.3.jar:6.2.3]
	at org.elasticsearch.common.util.concurrent.TimedRunnable.doRun(TimedRunnable.java:41) [elasticsearch-6.2.3.jar:6.2.3]
	at org.elasticsearch.common.util.concurrent.AbstractRunnable.run(AbstractRunnable.java:37) [elasticsearch-6.2.3.jar:6.2.3]
	at java.util.concurrent.ThreadPoolExecutor.runWorker(ThreadPoolExecutor.java:1142) [?:1.8.0_111]
	at java.util.concurrent.ThreadPoolExecutor$Worker.run(ThreadPoolExecutor.java:617) [?:1.8.0_111]
	at java.lang.Thread.run(Thread.java:745) [?:1.8.0_111]
[2018-04-03T17:46:24,564][DEBUG][o.e.a.s.TransportSearchAction] [modRrbD] [discussions_development][2], node[modRrbDrTmqhzpKQ5fdDZw], [P], s[STARTED], a[id=OQcTnh_kQFiUf6IfgIP4sQ]: Failed to execute [SearchRequest{searchType=QUERY_THEN_FETCH, indices=[discussions_development], indicesOptions=IndicesOptions[id=38, ignore_unavailable=false, allow_no_indices=true, expand_wildcards_open=true, expand_wildcards_closed=false, allow_aliases_to_multiple_indices=true, forbid_closed_indices=true, ignore_aliases=false], types=[], routing='null', preference='null', requestCache=null, scroll=null, maxConcurrentShardRequests=5, batchedReduceSize=512, preFilterShardSize=128, source={"from":0,"size":10,"timeout":"11s","query":{"dis_max":{"tie_breaker":0.0,"queries":[{"multi_match":{"query":"brake disc","fields":["*.analyzed^1.0"],"type":"best_fields","operator":"AND","analyzer":"searchkick_search","slop":0,"prefix_length":0,"max_expansions":50,"zero_terms_query":"NONE","auto_generate_synonyms_phrase_query":true,"fuzzy_transpositions":true,"boost":10.0}},{"multi_match":{"query":"brake disc","fields":["*.analyzed^1.0"],"type":"best_fields","operator":"AND","analyzer":"searchkick_search2","slop":0,"prefix_length":0,"max_expansions":50,"zero_terms_query":"NONE","auto_generate_synonyms_phrase_query":true,"fuzzy_transpositions":true,"boost":10.0}},{"multi_match":{"query":"brake disc","fields":["*.analyzed^1.0"],"type":"best_fields","operator":"AND","analyzer":"searchkick_search","slop":0,"fuzziness":"1","prefix_length":0,"max_expansions":3,"zero_terms_query":"NONE","auto_generate_synonyms_phrase_query":true,"fuzzy_transpositions":true,"boost":1.0}},{"multi_match":{"query":"brake disc","fields":["*.analyzed^1.0"],"type":"best_fields","operator":"AND","analyzer":"searchkick_search2","slop":0,"fuzziness":"1","prefix_length":0,"max_expansions":3,"zero_terms_query":"NONE","auto_generate_synonyms_phrase_query":true,"fuzzy_transpositions":true,"boost":1.0}}],"boost":1.0}},"_source":false}}] lastShard [true]
org.elasticsearch.transport.RemoteTransportException: [modRrbD][127.0.0.1:9300][indices:data/read/search[phase/query]]
Caused by: org.elasticsearch.index.query.QueryShardException: [multi_match] analyzer [searchkick_search] not found
	at org.elasticsearch.index.query.MultiMatchQueryBuilder.doToQuery(MultiMatchQueryBuilder.java:772) ~[elasticsearch-6.2.3.jar:6.2.3]
	at org.elasticsearch.index.query.AbstractQueryBuilder.toQuery(AbstractQueryBuilder.java:97) ~[elasticsearch-6.2.3.jar:6.2.3]
	at org.elasticsearch.index.query.AbstractQueryBuilder.toQueries(AbstractQueryBuilder.java:232) ~[elasticsearch-6.2.3.jar:6.2.3]
	at org.elasticsearch.index.query.DisMaxQueryBuilder.doToQuery(DisMaxQueryBuilder.java:185) ~[elasticsearch-6.2.3.jar:6.2.3]
	at org.elasticsearch.index.query.AbstractQueryBuilder.toQuery(AbstractQueryBuilder.java:97) ~[elasticsearch-6.2.3.jar:6.2.3]
	at org.elasticsearch.index.query.QueryShardContext.lambda$toQuery$2(QueryShardContext.java:304) ~[elasticsearch-6.2.3.jar:6.2.3]
	at org.elasticsearch.index.query.QueryShardContext.toQuery(QueryShardContext.java:316) ~[elasticsearch-6.2.3.jar:6.2.3]
	at org.elasticsearch.index.query.QueryShardContext.toQuery(QueryShardContext.java:303) ~[elasticsearch-6.2.3.jar:6.2.3]
	at org.elasticsearch.search.SearchService.parseSource(SearchService.java:707) ~[elasticsearch-6.2.3.jar:6.2.3]
	at org.elasticsearch.search.SearchService.createContext(SearchService.java:558) ~[elasticsearch-6.2.3.jar:6.2.3]
	at org.elasticsearch.search.SearchService.createAndPutContext(SearchService.java:534) ~[elasticsearch-6.2.3.jar:6.2.3]
	at org.elasticsearch.search.SearchService.executeQueryPhase(SearchService.java:330) ~[elasticsearch-6.2.3.jar:6.2.3]
	at org.elasticsearch.search.SearchService$2.onResponse(SearchService.java:316) [elasticsearch-6.2.3.jar:6.2.3]
	at org.elasticsearch.search.SearchService$2.onResponse(SearchService.java:312) [elasticsearch-6.2.3.jar:6.2.3]
	at org.elasticsearch.search.SearchService$3.doRun(SearchService.java:1002) [elasticsearch-6.2.3.jar:6.2.3]
	at org.elasticsearch.common.util.concurrent.ThreadContext$ContextPreservingAbstractRunnable.doRun(ThreadContext.java:672) [elasticsearch-6.2.3.jar:6.2.3]
	at org.elasticsearch.common.util.concurrent.AbstractRunnable.run(AbstractRunnable.java:37) [elasticsearch-6.2.3.jar:6.2.3]
	at org.elasticsearch.common.util.concurrent.TimedRunnable.doRun(TimedRunnable.java:41) [elasticsearch-6.2.3.jar:6.2.3]
	at org.elasticsearch.common.util.concurrent.AbstractRunnable.run(AbstractRunnable.java:37) [elasticsearch-6.2.3.jar:6.2.3]
	at java.util.concurrent.ThreadPoolExecutor.runWorker(ThreadPoolExecutor.java:1142) [?:1.8.0_111]
	at java.util.concurrent.ThreadPoolExecutor$Worker.run(ThreadPoolExecutor.java:617) [?:1.8.0_111]
	at java.lang.Thread.run(Thread.java:745) [?:1.8.0_111]
[2018-04-03T17:46:24,565][DEBUG][o.e.a.s.TransportSearchAction] [modRrbD] [discussions_development][3], node[modRrbDrTmqhzpKQ5fdDZw], [P], s[STARTED], a[id=cPzZI-nCTP2y6vKgHWl0Rg]: Failed to execute [SearchRequest{searchType=QUERY_THEN_FETCH, indices=[discussions_development], indicesOptions=IndicesOptions[id=38, ignore_unavailable=false, allow_no_indices=true, expand_wildcards_open=true, expand_wildcards_closed=false, allow_aliases_to_multiple_indices=true, forbid_closed_indices=true, ignore_aliases=false], types=[], routing='null', preference='null', requestCache=null, scroll=null, maxConcurrentShardRequests=5, batchedReduceSize=512, preFilterShardSize=128, source={"from":0,"size":10,"timeout":"11s","query":{"dis_max":{"tie_breaker":0.0,"queries":[{"multi_match":{"query":"brake disc","fields":["*.analyzed^1.0"],"type":"best_fields","operator":"AND","analyzer":"searchkick_search","slop":0,"prefix_length":0,"max_expansions":50,"zero_terms_query":"NONE","auto_generate_synonyms_phrase_query":true,"fuzzy_transpositions":true,"boost":10.0}},{"multi_match":{"query":"brake disc","fields":["*.analyzed^1.0"],"type":"best_fields","operator":"AND","analyzer":"searchkick_search2","slop":0,"prefix_length":0,"max_expansions":50,"zero_terms_query":"NONE","auto_generate_synonyms_phrase_query":true,"fuzzy_transpositions":true,"boost":10.0}},{"multi_match":{"query":"brake disc","fields":["*.analyzed^1.0"],"type":"best_fields","operator":"AND","analyzer":"searchkick_search","slop":0,"fuzziness":"1","prefix_length":0,"max_expansions":3,"zero_terms_query":"NONE","auto_generate_synonyms_phrase_query":true,"fuzzy_transpositions":true,"boost":1.0}},{"multi_match":{"query":"brake disc","fields":["*.analyzed^1.0"],"type":"best_fields","operator":"AND","analyzer":"searchkick_search2","slop":0,"fuzziness":"1","prefix_length":0,"max_expansions":3,"zero_terms_query":"NONE","auto_generate_synonyms_phrase_query":true,"fuzzy_transpositions":true,"boost":1.0}}],"boost":1.0}},"_source":false}}] lastShard [true]
org.elasticsearch.transport.RemoteTransportException: [modRrbD][127.0.0.1:9300][indices:data/read/search[phase/query]]
Caused by: org.elasticsearch.index.query.QueryShardException: [multi_match] analyzer [searchkick_search] not found
	at org.elasticsearch.index.query.MultiMatchQueryBuilder.doToQuery(MultiMatchQueryBuilder.java:772) ~[elasticsearch-6.2.3.jar:6.2.3]
	at org.elasticsearch.index.query.AbstractQueryBuilder.toQuery(AbstractQueryBuilder.java:97) ~[elasticsearch-6.2.3.jar:6.2.3]
	at org.elasticsearch.index.query.AbstractQueryBuilder.toQueries(AbstractQueryBuilder.java:232) ~[elasticsearch-6.2.3.jar:6.2.3]
	at org.elasticsearch.index.query.DisMaxQueryBuilder.doToQuery(DisMaxQueryBuilder.java:185) ~[elasticsearch-6.2.3.jar:6.2.3]
	at org.elasticsearch.index.query.AbstractQueryBuilder.toQuery(AbstractQueryBuilder.java:97) ~[elasticsearch-6.2.3.jar:6.2.3]
	at org.elasticsearch.index.query.QueryShardContext.lambda$toQuery$2(QueryShardContext.java:304) ~[elasticsearch-6.2.3.jar:6.2.3]
	at org.elasticsearch.index.query.QueryShardContext.toQuery(QueryShardContext.java:316) ~[elasticsearch-6.2.3.jar:6.2.3]
	at org.elasticsearch.index.query.QueryShardContext.toQuery(QueryShardContext.java:303) ~[elasticsearch-6.2.3.jar:6.2.3]
	at org.elasticsearch.search.SearchService.parseSource(SearchService.java:707) ~[elasticsearch-6.2.3.jar:6.2.3]
	at org.elasticsearch.search.SearchService.createContext(SearchService.java:558) ~[elasticsearch-6.2.3.jar:6.2.3]
	at org.elasticsearch.search.SearchService.createAndPutContext(SearchService.java:534) ~[elasticsearch-6.2.3.jar:6.2.3]
	at org.elasticsearch.search.SearchService.executeQueryPhase(SearchService.java:330) ~[elasticsearch-6.2.3.jar:6.2.3]
	at org.elasticsearch.search.SearchService$2.onResponse(SearchService.java:316) [elasticsearch-6.2.3.jar:6.2.3]
	at org.elasticsearch.search.SearchService$2.onResponse(SearchService.java:312) [elasticsearch-6.2.3.jar:6.2.3]
	at org.elasticsearch.search.SearchService$3.doRun(SearchService.java:1002) [elasticsearch-6.2.3.jar:6.2.3]
	at org.elasticsearch.common.util.concurrent.ThreadContext$ContextPreservingAbstractRunnable.doRun(ThreadContext.java:672) [elasticsearch-6.2.3.jar:6.2.3]
	at org.elasticsearch.common.util.concurrent.AbstractRunnable.run(AbstractRunnable.java:37) [elasticsearch-6.2.3.jar:6.2.3]
	at org.elasticsearch.common.util.concurrent.TimedRunnable.doRun(TimedRunnable.java:41) [elasticsearch-6.2.3.jar:6.2.3]
	at org.elasticsearch.common.util.concurrent.AbstractRunnable.run(AbstractRunnable.java:37) [elasticsearch-6.2.3.jar:6.2.3]
	at java.util.concurrent.ThreadPoolExecutor.runWorker(ThreadPoolExecutor.java:1142) [?:1.8.0_111]
	at java.util.concurrent.ThreadPoolExecutor$Worker.run(ThreadPoolExecutor.java:617) [?:1.8.0_111]
	at java.lang.Thread.run(Thread.java:745) [?:1.8.0_111]
[2018-04-03T17:46:24,566][DEBUG][o.e.a.s.TransportSearchAction] [modRrbD] [discussions_development][0], node[modRrbDrTmqhzpKQ5fdDZw], [P], s[STARTED], a[id=o1sdILu_Sj6YWNwO4tNlOQ]: Failed to execute [SearchRequest{searchType=QUERY_THEN_FETCH, indices=[discussions_development], indicesOptions=IndicesOptions[id=38, ignore_unavailable=false, allow_no_indices=true, expand_wildcards_open=true, expand_wildcards_closed=false, allow_aliases_to_multiple_indices=true, forbid_closed_indices=true, ignore_aliases=false], types=[], routing='null', preference='null', requestCache=null, scroll=null, maxConcurrentShardRequests=5, batchedReduceSize=512, preFilterShardSize=128, source={"from":0,"size":10,"timeout":"11s","query":{"dis_max":{"tie_breaker":0.0,"queries":[{"multi_match":{"query":"brake disc","fields":["*.analyzed^1.0"],"type":"best_fields","operator":"AND","analyzer":"searchkick_search","slop":0,"prefix_length":0,"max_expansions":50,"zero_terms_query":"NONE","auto_generate_synonyms_phrase_query":true,"fuzzy_transpositions":true,"boost":10.0}},{"multi_match":{"query":"brake disc","fields":["*.analyzed^1.0"],"type":"best_fields","operator":"AND","analyzer":"searchkick_search2","slop":0,"prefix_length":0,"max_expansions":50,"zero_terms_query":"NONE","auto_generate_synonyms_phrase_query":true,"fuzzy_transpositions":true,"boost":10.0}},{"multi_match":{"query":"brake disc","fields":["*.analyzed^1.0"],"type":"best_fields","operator":"AND","analyzer":"searchkick_search","slop":0,"fuzziness":"1","prefix_length":0,"max_expansions":3,"zero_terms_query":"NONE","auto_generate_synonyms_phrase_query":true,"fuzzy_transpositions":true,"boost":1.0}},{"multi_match":{"query":"brake disc","fields":["*.analyzed^1.0"],"type":"best_fields","operator":"AND","analyzer":"searchkick_search2","slop":0,"fuzziness":"1","prefix_length":0,"max_expansions":3,"zero_terms_query":"NONE","auto_generate_synonyms_phrase_query":true,"fuzzy_transpositions":true,"boost":1.0}}],"boost":1.0}},"_source":false}}]
org.elasticsearch.transport.RemoteTransportException: [modRrbD][127.0.0.1:9300][indices:data/read/search[phase/query]]
Caused by: org.elasticsearch.index.query.QueryShardException: [multi_match] analyzer [searchkick_search] not found
	at org.elasticsearch.index.query.MultiMatchQueryBuilder.doToQuery(MultiMatchQueryBuilder.java:772) ~[elasticsearch-6.2.3.jar:6.2.3]
	at org.elasticsearch.index.query.AbstractQueryBuilder.toQuery(AbstractQueryBuilder.java:97) ~[elasticsearch-6.2.3.jar:6.2.3]
	at org.elasticsearch.index.query.AbstractQueryBuilder.toQueries(AbstractQueryBuilder.java:232) ~[elasticsearch-6.2.3.jar:6.2.3]
	at org.elasticsearch.index.query.DisMaxQueryBuilder.doToQuery(DisMaxQueryBuilder.java:185) ~[elasticsearch-6.2.3.jar:6.2.3]
	at org.elasticsearch.index.query.AbstractQueryBuilder.toQuery(AbstractQueryBuilder.java:97) ~[elasticsearch-6.2.3.jar:6.2.3]
	at org.elasticsearch.index.query.QueryShardContext.lambda$toQuery$2(QueryShardContext.java:304) ~[elasticsearch-6.2.3.jar:6.2.3]
	at org.elasticsearch.index.query.QueryShardContext.toQuery(QueryShardContext.java:316) ~[elasticsearch-6.2.3.jar:6.2.3]
	at org.elasticsearch.index.query.QueryShardContext.toQuery(QueryShardContext.java:303) ~[elasticsearch-6.2.3.jar:6.2.3]
	at org.elasticsearch.search.SearchService.parseSource(SearchService.java:707) ~[elasticsearch-6.2.3.jar:6.2.3]
	at org.elasticsearch.search.SearchService.createContext(SearchService.java:558) ~[elasticsearch-6.2.3.jar:6.2.3]
	at org.elasticsearch.search.SearchService.createAndPutContext(SearchService.java:534) ~[elasticsearch-6.2.3.jar:6.2.3]
	at org.elasticsearch.search.SearchService.executeQueryPhase(SearchService.java:330) ~[elasticsearch-6.2.3.jar:6.2.3]
	at org.elasticsearch.search.SearchService$2.onResponse(SearchService.java:316) [elasticsearch-6.2.3.jar:6.2.3]
	at org.elasticsearch.search.SearchService$2.onResponse(SearchService.java:312) [elasticsearch-6.2.3.jar:6.2.3]
	at org.elasticsearch.search.SearchService$3.doRun(SearchService.java:1002) [elasticsearch-6.2.3.jar:6.2.3]
	at org.elasticsearch.common.util.concurrent.ThreadContext$ContextPreservingAbstractRunnable.doRun(ThreadContext.java:672) [elasticsearch-6.2.3.jar:6.2.3]
	at org.elasticsearch.common.util.concurrent.AbstractRunnable.run(AbstractRunnable.java:37) [elasticsearch-6.2.3.jar:6.2.3]
	at org.elasticsearch.common.util.concurrent.TimedRunnable.doRun(TimedRunnable.java:41) [elasticsearch-6.2.3.jar:6.2.3]
	at org.elasticsearch.common.util.concurrent.AbstractRunnable.run(AbstractRunnable.java:37) [elasticsearch-6.2.3.jar:6.2.3]
	at java.util.concurrent.ThreadPoolExecutor.runWorker(ThreadPoolExecutor.java:1142) [?:1.8.0_111]
	at java.util.concurrent.ThreadPoolExecutor$Worker.run(ThreadPoolExecutor.java:617) [?:1.8.0_111]
	at java.lang.Thread.run(Thread.java:745) [?:1.8.0_111]
[2018-04-03T17:46:24,564][DEBUG][o.e.a.s.TransportSearchAction] [modRrbD] [discussions_development][1], node[modRrbDrTmqhzpKQ5fdDZw], [P], s[STARTED], a[id=4czq3MFhSgeWHEfDKSudnQ]: Failed to execute [SearchRequest{searchType=QUERY_THEN_FETCH, indices=[discussions_development], indicesOptions=IndicesOptions[id=38, ignore_unavailable=false, allow_no_indices=true, expand_wildcards_open=true, expand_wildcards_closed=false, allow_aliases_to_multiple_indices=true, forbid_closed_indices=true, ignore_aliases=false], types=[], routing='null', preference='null', requestCache=null, scroll=null, maxConcurrentShardRequests=5, batchedReduceSize=512, preFilterShardSize=128, source={"from":0,"size":10,"timeout":"11s","query":{"dis_max":{"tie_breaker":0.0,"queries":[{"multi_match":{"query":"brake disc","fields":["*.analyzed^1.0"],"type":"best_fields","operator":"AND","analyzer":"searchkick_search","slop":0,"prefix_length":0,"max_expansions":50,"zero_terms_query":"NONE","auto_generate_synonyms_phrase_query":true,"fuzzy_transpositions":true,"boost":10.0}},{"multi_match":{"query":"brake disc","fields":["*.analyzed^1.0"],"type":"best_fields","operator":"AND","analyzer":"searchkick_search2","slop":0,"prefix_length":0,"max_expansions":50,"zero_terms_query":"NONE","auto_generate_synonyms_phrase_query":true,"fuzzy_transpositions":true,"boost":10.0}},{"multi_match":{"query":"brake disc","fields":["*.analyzed^1.0"],"type":"best_fields","operator":"AND","analyzer":"searchkick_search","slop":0,"fuzziness":"1","prefix_length":0,"max_expansions":3,"zero_terms_query":"NONE","auto_generate_synonyms_phrase_query":true,"fuzzy_transpositions":true,"boost":1.0}},{"multi_match":{"query":"brake disc","fields":["*.analyzed^1.0"],"type":"best_fields","operator":"AND","analyzer":"searchkick_search2","slop":0,"fuzziness":"1","prefix_length":0,"max_expansions":3,"zero_terms_query":"NONE","auto_generate_synonyms_phrase_query":true,"fuzzy_transpositions":true,"boost":1.0}}],"boost":1.0}},"_source":false}}] lastShard [true]
org.elasticsearch.transport.RemoteTransportException: [modRrbD][127.0.0.1:9300][indices:data/read/search[phase/query]]
Caused by: org.elasticsearch.index.query.QueryShardException: [multi_match] analyzer [searchkick_search] not found
	at org.elasticsearch.index.query.MultiMatchQueryBuilder.doToQuery(MultiMatchQueryBuilder.java:772) ~[elasticsearch-6.2.3.jar:6.2.3]
	at org.elasticsearch.index.query.AbstractQueryBuilder.toQuery(AbstractQueryBuilder.java:97) ~[elasticsearch-6.2.3.jar:6.2.3]
	at org.elasticsearch.index.query.AbstractQueryBuilder.toQueries(AbstractQueryBuilder.java:232) ~[elasticsearch-6.2.3.jar:6.2.3]
	at org.elasticsearch.index.query.DisMaxQueryBuilder.doToQuery(DisMaxQueryBuilder.java:185) ~[elasticsearch-6.2.3.jar:6.2.3]
	at org.elasticsearch.index.query.AbstractQueryBuilder.toQuery(AbstractQueryBuilder.java:97) ~[elasticsearch-6.2.3.jar:6.2.3]
	at org.elasticsearch.index.query.QueryShardContext.lambda$toQuery$2(QueryShardContext.java:304) ~[elasticsearch-6.2.3.jar:6.2.3]
	at org.elasticsearch.index.query.QueryShardContext.toQuery(QueryShardContext.java:316) ~[elasticsearch-6.2.3.jar:6.2.3]
	at org.elasticsearch.index.query.QueryShardContext.toQuery(QueryShardContext.java:303) ~[elasticsearch-6.2.3.jar:6.2.3]
	at org.elasticsearch.search.SearchService.parseSource(SearchService.java:707) ~[elasticsearch-6.2.3.jar:6.2.3]
	at org.elasticsearch.search.SearchService.createContext(SearchService.java:558) ~[elasticsearch-6.2.3.jar:6.2.3]
	at org.elasticsearch.search.SearchService.createAndPutContext(SearchService.java:534) ~[elasticsearch-6.2.3.jar:6.2.3]
	at org.elasticsearch.search.SearchService.executeQueryPhase(SearchService.java:330) ~[elasticsearch-6.2.3.jar:6.2.3]
	at org.elasticsearch.search.SearchService$2.onResponse(SearchService.java:316) [elasticsearch-6.2.3.jar:6.2.3]
	at org.elasticsearch.search.SearchService$2.onResponse(SearchService.java:312) [elasticsearch-6.2.3.jar:6.2.3]
	at org.elasticsearch.search.SearchService$3.doRun(SearchService.java:1002) [elasticsearch-6.2.3.jar:6.2.3]
	at org.elasticsearch.common.util.concurrent.ThreadContext$ContextPreservingAbstractRunnable.doRun(ThreadContext.java:672) [elasticsearch-6.2.3.jar:6.2.3]
	at org.elasticsearch.common.util.concurrent.AbstractRunnable.run(AbstractRunnable.java:37) [elasticsearch-6.2.3.jar:6.2.3]
	at org.elasticsearch.common.util.concurrent.TimedRunnable.doRun(TimedRunnable.java:41) [elasticsearch-6.2.3.jar:6.2.3]
	at org.elasticsearch.common.util.concurrent.AbstractRunnable.run(AbstractRunnable.java:37) [elasticsearch-6.2.3.jar:6.2.3]
	at java.util.concurrent.ThreadPoolExecutor.runWorker(ThreadPoolExecutor.java:1142) [?:1.8.0_111]
	at java.util.concurrent.ThreadPoolExecutor$Worker.run(ThreadPoolExecutor.java:617) [?:1.8.0_111]
	at java.lang.Thread.run(Thread.java:745) [?:1.8.0_111]
[2018-04-03T17:46:24,646][DEBUG][o.e.a.s.TransportSearchAction] [modRrbD] All shards failed for phase: [query]
org.elasticsearch.index.query.QueryShardException: [multi_match] analyzer [searchkick_search] not found
	at org.elasticsearch.index.query.MultiMatchQueryBuilder.doToQuery(MultiMatchQueryBuilder.java:772) ~[elasticsearch-6.2.3.jar:6.2.3]
	at org.elasticsearch.index.query.AbstractQueryBuilder.toQuery(AbstractQueryBuilder.java:97) ~[elasticsearch-6.2.3.jar:6.2.3]
	at org.elasticsearch.index.query.AbstractQueryBuilder.toQueries(AbstractQueryBuilder.java:232) ~[elasticsearch-6.2.3.jar:6.2.3]
	at org.elasticsearch.index.query.DisMaxQueryBuilder.doToQuery(DisMaxQueryBuilder.java:185) ~[elasticsearch-6.2.3.jar:6.2.3]
	at org.elasticsearch.index.query.AbstractQueryBuilder.toQuery(AbstractQueryBuilder.java:97) ~[elasticsearch-6.2.3.jar:6.2.3]
	at org.elasticsearch.index.query.QueryShardContext.lambda$toQuery$2(QueryShardContext.java:304) ~[elasticsearch-6.2.3.jar:6.2.3]
	at org.elasticsearch.index.query.QueryShardContext.toQuery(QueryShardContext.java:316) ~[elasticsearch-6.2.3.jar:6.2.3]
	at org.elasticsearch.index.query.QueryShardContext.toQuery(QueryShardContext.java:303) ~[elasticsearch-6.2.3.jar:6.2.3]
	at org.elasticsearch.search.SearchService.parseSource(SearchService.java:707) ~[elasticsearch-6.2.3.jar:6.2.3]
	at org.elasticsearch.search.SearchService.createContext(SearchService.java:558) ~[elasticsearch-6.2.3.jar:6.2.3]
	at org.elasticsearch.search.SearchService.createAndPutContext(SearchService.java:534) ~[elasticsearch-6.2.3.jar:6.2.3]
	at org.elasticsearch.search.SearchService.executeQueryPhase(SearchService.java:330) ~[elasticsearch-6.2.3.jar:6.2.3]
	at org.elasticsearch.search.SearchService$2.onResponse(SearchService.java:316) [elasticsearch-6.2.3.jar:6.2.3]
	at org.elasticsearch.search.SearchService$2.onResponse(SearchService.java:312) [elasticsearch-6.2.3.jar:6.2.3]
	at org.elasticsearch.search.SearchService$3.doRun(SearchService.java:1002) [elasticsearch-6.2.3.jar:6.2.3]
	at org.elasticsearch.common.util.concurrent.ThreadContext$ContextPreservingAbstractRunnable.doRun(ThreadContext.java:672) [elasticsearch-6.2.3.jar:6.2.3]
	at org.elasticsearch.common.util.concurrent.AbstractRunnable.run(AbstractRunnable.java:37) [elasticsearch-6.2.3.jar:6.2.3]
	at org.elasticsearch.common.util.concurrent.TimedRunnable.doRun(TimedRunnable.java:41) [elasticsearch-6.2.3.jar:6.2.3]
	at org.elasticsearch.common.util.concurrent.AbstractRunnable.run(AbstractRunnable.java:37) [elasticsearch-6.2.3.jar:6.2.3]
	at java.util.concurrent.ThreadPoolExecutor.runWorker(ThreadPoolExecutor.java:1142) [?:1.8.0_111]
	at java.util.concurrent.ThreadPoolExecutor$Worker.run(ThreadPoolExecutor.java:617) [?:1.8.0_111]
	at java.lang.Thread.run(Thread.java:745) [?:1.8.0_111]
