[2017-11-14T00:44:45,244][INFO ][o.e.n.Node               ] [] initializing ...
[2017-11-14T00:44:45,732][INFO ][o.e.e.NodeEnvironment    ] [ht0EVsn] using [1] data paths, mounts [[/ (none)]], net usable_space [6.4gb], net total_space [10.6gb], spins? [possibly], types [aufs]
[2017-11-14T00:44:45,733][INFO ][o.e.e.NodeEnvironment    ] [ht0EVsn] heap size [1.9gb], compressed ordinary object pointers [true]
[2017-11-14T00:44:46,226][INFO ][o.e.n.Node               ] [ht0EVsn] node name [ht0EVsn] derived from node ID; set [node.name] to override
[2017-11-14T00:44:46,234][INFO ][o.e.n.Node               ] [ht0EVsn] version[5.0.0], pid[9532], build[253032b/2016-10-26T04:37:51.531Z], OS[Linux/4.9.17-c9/amd64], JVM[Oracle Corporation/Java HotSpot(TM) 64-Bit Server VM/1.8.0_111/25.111-b14]
[2017-11-14T00:44:55,636][INFO ][o.e.p.PluginsService     ] [ht0EVsn] loaded module [aggs-matrix-stats]
[2017-11-14T00:44:55,636][INFO ][o.e.p.PluginsService     ] [ht0EVsn] loaded module [ingest-common]
[2017-11-14T00:44:55,636][INFO ][o.e.p.PluginsService     ] [ht0EVsn] loaded module [lang-expression]
[2017-11-14T00:44:55,637][INFO ][o.e.p.PluginsService     ] [ht0EVsn] loaded module [lang-groovy]
[2017-11-14T00:44:55,637][INFO ][o.e.p.PluginsService     ] [ht0EVsn] loaded module [lang-mustache]
[2017-11-14T00:44:55,637][INFO ][o.e.p.PluginsService     ] [ht0EVsn] loaded module [lang-painless]
[2017-11-14T00:44:55,637][INFO ][o.e.p.PluginsService     ] [ht0EVsn] loaded module [percolator]
[2017-11-14T00:44:55,637][INFO ][o.e.p.PluginsService     ] [ht0EVsn] loaded module [reindex]
[2017-11-14T00:44:55,637][INFO ][o.e.p.PluginsService     ] [ht0EVsn] loaded module [transport-netty3]
[2017-11-14T00:44:55,638][INFO ][o.e.p.PluginsService     ] [ht0EVsn] loaded module [transport-netty4]
[2017-11-14T00:44:55,638][INFO ][o.e.p.PluginsService     ] [ht0EVsn] no plugins loaded
[2017-11-14T00:45:15,848][INFO ][o.e.n.Node               ] [ht0EVsn] initialized
[2017-11-14T00:45:15,848][INFO ][o.e.n.Node               ] [ht0EVsn] starting ...
[2017-11-14T00:45:17,040][INFO ][o.e.t.TransportService   ] [ht0EVsn] publish_address {127.0.0.1:9300}, bound_addresses {[::1]:9300}, {127.0.0.1:9300}
[2017-11-14T00:45:17,049][WARN ][o.e.b.BootstrapCheck     ] [ht0EVsn] max file descriptors [8192] for elasticsearch process likely too low, increase to at least [65536]
[2017-11-14T00:45:17,224][WARN ][o.e.b.BootstrapCheck     ] [ht0EVsn] max virtual memory areas vm.max_map_count [65530] likely too low, increase to at least [262144]
[2017-11-14T00:45:18,035][INFO ][o.e.m.j.JvmGcMonitorService] [ht0EVsn] [gc][2] overhead, spent [410ms] collecting in the last [1s]
[2017-11-14T00:45:21,382][INFO ][o.e.c.s.ClusterService   ] [ht0EVsn] new_master {ht0EVsn}{ht0EVsnlRuyePr1G07P69g}{Wo3PdZN1RKWqlj22s4D3EQ}{127.0.0.1}{127.0.0.1:9300}, reason: zen-disco-elected-as-master ([0] nodes joined)
[2017-11-14T00:45:21,641][INFO ][o.e.h.HttpServer         ] [ht0EVsn] publish_address {127.0.0.1:9200}, bound_addresses {[::1]:9200}, {127.0.0.1:9200}
[2017-11-14T00:45:21,641][INFO ][o.e.n.Node               ] [ht0EVsn] started
[2017-11-14T00:45:25,091][INFO ][o.e.g.GatewayService     ] [ht0EVsn] recovered [5] indices into cluster_state
[2017-11-14T00:45:35,453][INFO ][o.e.c.r.a.AllocationService] [ht0EVsn] Cluster health status changed from [RED] to [YELLOW] (reason: [shards started [[vehicles][1]] ...]).
[2017-11-14T01:31:12,847][WARN ][o.e.m.j.JvmGcMonitorService] [ht0EVsn] [gc][young][2565][2] duration [1.6s], collections [1]/[2.5s], total [1.6s]/[2s], memory [579.1mb]->[103mb]/[1.9gb], all_pools {[young] [532.5mb]->[5.3mb]/[532.5mb]}{[survivor] [46.6mb]->[66.5mb]/[66.5mb]}{[old] [0b]->[34.7mb]/[1.3gb]}
[2017-11-14T01:31:12,849][WARN ][o.e.m.j.JvmGcMonitorService] [ht0EVsn] [gc][2565] overhead, spent [1.6s] collecting in the last [2.5s]
[2017-11-14T03:02:26,233][WARN ][o.e.m.j.JvmGcMonitorService] [ht0EVsn] [gc][young][8035][3] duration [2.1s], collections [1]/[2.3s], total [2.1s]/[4.1s], memory [633.3mb]->[66.9mb]/[1.9gb], all_pools {[young] [532mb]->[4.3mb]/[532.5mb]}{[survivor] [66.5mb]->[6.3mb]/[66.5mb]}{[old] [34.7mb]->[58.6mb]/[1.3gb]}
[2017-11-14T03:02:26,235][WARN ][o.e.m.j.JvmGcMonitorService] [ht0EVsn] [gc][8035] overhead, spent [2.1s] collecting in the last [2.3s]
