[2016-11-23T01:23:54,466][INFO ][o.e.n.Node               ] [] initializing ...
[2016-11-23T01:23:54,730][INFO ][o.e.e.NodeEnvironment    ] [ht0EVsn] using [1] data paths, mounts [[/ (none)]], net usable_space [2.5gb], net total_space [5.2gb], spins? [possibly], types [aufs]
[2016-11-23T01:23:54,731][INFO ][o.e.e.NodeEnvironment    ] [ht0EVsn] heap size [1.9gb], compressed ordinary object pointers [true]
[2016-11-23T01:23:54,836][INFO ][o.e.n.Node               ] [ht0EVsn] node name [ht0EVsn] derived from node ID; set [node.name] to override
[2016-11-23T01:23:54,840][INFO ][o.e.n.Node               ] [ht0EVsn] version[5.0.0], pid[18206], build[253032b/2016-10-26T04:37:51.531Z], OS[Linux/4.2.0-c9/amd64], JVM[Oracle Corporation/Java HotSpot(TM) 64-Bit Server VM/1.8.0_111/25.111-b14]
[2016-11-23T01:23:58,012][INFO ][o.e.p.PluginsService     ] [ht0EVsn] loaded module [aggs-matrix-stats]
[2016-11-23T01:23:58,013][INFO ][o.e.p.PluginsService     ] [ht0EVsn] loaded module [ingest-common]
[2016-11-23T01:23:58,014][INFO ][o.e.p.PluginsService     ] [ht0EVsn] loaded module [lang-expression]
[2016-11-23T01:23:58,015][INFO ][o.e.p.PluginsService     ] [ht0EVsn] loaded module [lang-groovy]
[2016-11-23T01:23:58,016][INFO ][o.e.p.PluginsService     ] [ht0EVsn] loaded module [lang-mustache]
[2016-11-23T01:23:58,017][INFO ][o.e.p.PluginsService     ] [ht0EVsn] loaded module [lang-painless]
[2016-11-23T01:23:58,019][INFO ][o.e.p.PluginsService     ] [ht0EVsn] loaded module [percolator]
[2016-11-23T01:23:58,022][INFO ][o.e.p.PluginsService     ] [ht0EVsn] loaded module [reindex]
[2016-11-23T01:23:58,023][INFO ][o.e.p.PluginsService     ] [ht0EVsn] loaded module [transport-netty3]
[2016-11-23T01:23:58,027][INFO ][o.e.p.PluginsService     ] [ht0EVsn] loaded module [transport-netty4]
[2016-11-23T01:23:58,029][INFO ][o.e.p.PluginsService     ] [ht0EVsn] no plugins loaded
[2016-11-23T01:24:05,286][INFO ][o.e.n.Node               ] [ht0EVsn] initialized
[2016-11-23T01:24:05,286][INFO ][o.e.n.Node               ] [ht0EVsn] starting ...
[2016-11-23T01:24:06,066][INFO ][o.e.t.TransportService   ] [ht0EVsn] publish_address {127.0.0.1:9300}, bound_addresses {[::1]:9300}, {127.0.0.1:9300}
[2016-11-23T01:24:06,082][WARN ][o.e.b.BootstrapCheck     ] [ht0EVsn] max file descriptors [8192] for elasticsearch process likely too low, increase to at least [65536]
[2016-11-23T01:24:06,082][WARN ][o.e.b.BootstrapCheck     ] [ht0EVsn] max virtual memory areas vm.max_map_count [65530] likely too low, increase to at least [262144]
[2016-11-23T01:24:10,077][INFO ][o.e.c.s.ClusterService   ] [ht0EVsn] new_master {ht0EVsn}{ht0EVsnlRuyePr1G07P69g}{QepW0H0oSQOzQAS_KyjE2w}{127.0.0.1}{127.0.0.1:9300}, reason: zen-disco-elected-as-master ([0] nodes joined)
[2016-11-23T01:24:10,146][INFO ][o.e.h.HttpServer         ] [ht0EVsn] publish_address {127.0.0.1:9200}, bound_addresses {[::1]:9200}, {127.0.0.1:9200}
[2016-11-23T01:24:10,146][INFO ][o.e.n.Node               ] [ht0EVsn] started
[2016-11-23T01:24:11,019][INFO ][o.e.g.GatewayService     ] [ht0EVsn] recovered [1] indices into cluster_state
[2016-11-23T01:24:13,650][INFO ][o.e.c.r.a.AllocationService] [ht0EVsn] Cluster health status changed from [RED] to [YELLOW] (reason: [shards started [[vehicles_development_20161105192812009][2]] ...]).
[2016-11-23T01:24:46,859][INFO ][o.e.n.Node               ] [ht0EVsn] stopping ...
[2016-11-23T01:24:47,116][INFO ][o.e.n.Node               ] [ht0EVsn] stopped
[2016-11-23T01:24:47,117][INFO ][o.e.n.Node               ] [ht0EVsn] closing ...
[2016-11-23T01:24:47,155][INFO ][o.e.n.Node               ] [ht0EVsn] closed
[2016-11-23T01:25:45,778][INFO ][o.e.n.Node               ] [] initializing ...
[2016-11-23T01:25:45,901][INFO ][o.e.e.NodeEnvironment    ] [ht0EVsn] using [1] data paths, mounts [[/ (none)]], net usable_space [2.5gb], net total_space [5.2gb], spins? [possibly], types [aufs]
[2016-11-23T01:25:45,902][INFO ][o.e.e.NodeEnvironment    ] [ht0EVsn] heap size [1.9gb], compressed ordinary object pointers [true]
[2016-11-23T01:25:45,935][INFO ][o.e.n.Node               ] [ht0EVsn] node name [ht0EVsn] derived from node ID; set [node.name] to override
[2016-11-23T01:25:45,946][INFO ][o.e.n.Node               ] [ht0EVsn] version[5.0.0], pid[18346], build[253032b/2016-10-26T04:37:51.531Z], OS[Linux/4.2.0-c9/amd64], JVM[Oracle Corporation/Java HotSpot(TM) 64-Bit Server VM/1.8.0_111/25.111-b14]
[2016-11-23T01:25:48,987][INFO ][o.e.p.PluginsService     ] [ht0EVsn] loaded module [aggs-matrix-stats]
[2016-11-23T01:25:48,988][INFO ][o.e.p.PluginsService     ] [ht0EVsn] loaded module [ingest-common]
[2016-11-23T01:25:48,988][INFO ][o.e.p.PluginsService     ] [ht0EVsn] loaded module [lang-expression]
[2016-11-23T01:25:48,988][INFO ][o.e.p.PluginsService     ] [ht0EVsn] loaded module [lang-groovy]
[2016-11-23T01:25:48,988][INFO ][o.e.p.PluginsService     ] [ht0EVsn] loaded module [lang-mustache]
[2016-11-23T01:25:48,989][INFO ][o.e.p.PluginsService     ] [ht0EVsn] loaded module [lang-painless]
[2016-11-23T01:25:48,989][INFO ][o.e.p.PluginsService     ] [ht0EVsn] loaded module [percolator]
[2016-11-23T01:25:48,989][INFO ][o.e.p.PluginsService     ] [ht0EVsn] loaded module [reindex]
[2016-11-23T01:25:48,989][INFO ][o.e.p.PluginsService     ] [ht0EVsn] loaded module [transport-netty3]
[2016-11-23T01:25:48,989][INFO ][o.e.p.PluginsService     ] [ht0EVsn] loaded module [transport-netty4]
[2016-11-23T01:25:48,992][INFO ][o.e.p.PluginsService     ] [ht0EVsn] no plugins loaded
[2016-11-23T01:25:59,268][INFO ][o.e.n.Node               ] [ht0EVsn] initialized
[2016-11-23T01:25:59,269][INFO ][o.e.n.Node               ] [ht0EVsn] starting ...
[2016-11-23T01:25:59,786][INFO ][o.e.t.TransportService   ] [ht0EVsn] publish_address {127.0.0.1:9300}, bound_addresses {[::1]:9300}, {127.0.0.1:9300}
[2016-11-23T01:25:59,798][WARN ][o.e.b.BootstrapCheck     ] [ht0EVsn] max file descriptors [8192] for elasticsearch process likely too low, increase to at least [65536]
[2016-11-23T01:25:59,799][WARN ][o.e.b.BootstrapCheck     ] [ht0EVsn] max virtual memory areas vm.max_map_count [65530] likely too low, increase to at least [262144]
[2016-11-23T01:26:03,695][INFO ][o.e.c.s.ClusterService   ] [ht0EVsn] new_master {ht0EVsn}{ht0EVsnlRuyePr1G07P69g}{ExwAMVZyRGqbbryipw7X8A}{127.0.0.1}{127.0.0.1:9300}, reason: zen-disco-elected-as-master ([0] nodes joined)
[2016-11-23T01:26:03,831][INFO ][o.e.h.HttpServer         ] [ht0EVsn] publish_address {127.0.0.1:9200}, bound_addresses {[::1]:9200}, {127.0.0.1:9200}
[2016-11-23T01:26:03,834][INFO ][o.e.n.Node               ] [ht0EVsn] started
[2016-11-23T01:26:04,615][INFO ][o.e.g.GatewayService     ] [ht0EVsn] recovered [1] indices into cluster_state
[2016-11-23T01:26:06,996][INFO ][o.e.m.j.JvmGcMonitorService] [ht0EVsn] [gc][7] overhead, spent [364ms] collecting in the last [1s]
[2016-11-23T01:26:07,254][INFO ][o.e.c.r.a.AllocationService] [ht0EVsn] Cluster health status changed from [RED] to [YELLOW] (reason: [shards started [[vehicles_development_20161105192812009][1]] ...]).
[2016-11-23T01:29:33,660][INFO ][o.e.n.Node               ] [ht0EVsn] stopping ...
[2016-11-23T01:29:33,770][INFO ][o.e.n.Node               ] [ht0EVsn] stopped
[2016-11-23T01:29:33,771][INFO ][o.e.n.Node               ] [ht0EVsn] closing ...
[2016-11-23T01:29:33,788][INFO ][o.e.n.Node               ] [ht0EVsn] closed
[2016-11-23T01:29:40,439][INFO ][o.e.n.Node               ] [] initializing ...
[2016-11-23T01:29:40,663][INFO ][o.e.e.NodeEnvironment    ] [ht0EVsn] using [1] data paths, mounts [[/ (none)]], net usable_space [2.5gb], net total_space [5.2gb], spins? [possibly], types [aufs]
[2016-11-23T01:29:40,663][INFO ][o.e.e.NodeEnvironment    ] [ht0EVsn] heap size [1.9gb], compressed ordinary object pointers [true]
[2016-11-23T01:29:40,685][INFO ][o.e.n.Node               ] [ht0EVsn] node name [ht0EVsn] derived from node ID; set [node.name] to override
[2016-11-23T01:29:40,688][INFO ][o.e.n.Node               ] [ht0EVsn] version[5.0.0], pid[18530], build[253032b/2016-10-26T04:37:51.531Z], OS[Linux/4.2.0-c9/amd64], JVM[Oracle Corporation/Java HotSpot(TM) 64-Bit Server VM/1.8.0_111/25.111-b14]
[2016-11-23T01:29:44,297][INFO ][o.e.p.PluginsService     ] [ht0EVsn] loaded module [aggs-matrix-stats]
[2016-11-23T01:29:44,301][INFO ][o.e.p.PluginsService     ] [ht0EVsn] loaded module [ingest-common]
[2016-11-23T01:29:44,301][INFO ][o.e.p.PluginsService     ] [ht0EVsn] loaded module [lang-expression]
[2016-11-23T01:29:44,301][INFO ][o.e.p.PluginsService     ] [ht0EVsn] loaded module [lang-groovy]
[2016-11-23T01:29:44,302][INFO ][o.e.p.PluginsService     ] [ht0EVsn] loaded module [lang-mustache]
[2016-11-23T01:29:44,302][INFO ][o.e.p.PluginsService     ] [ht0EVsn] loaded module [lang-painless]
[2016-11-23T01:29:44,306][INFO ][o.e.p.PluginsService     ] [ht0EVsn] loaded module [percolator]
[2016-11-23T01:29:44,307][INFO ][o.e.p.PluginsService     ] [ht0EVsn] loaded module [reindex]
[2016-11-23T01:29:44,308][INFO ][o.e.p.PluginsService     ] [ht0EVsn] loaded module [transport-netty3]
[2016-11-23T01:29:44,309][INFO ][o.e.p.PluginsService     ] [ht0EVsn] loaded module [transport-netty4]
[2016-11-23T01:29:44,310][INFO ][o.e.p.PluginsService     ] [ht0EVsn] no plugins loaded
[2016-11-23T01:29:51,662][INFO ][o.e.n.Node               ] [ht0EVsn] initialized
[2016-11-23T01:29:51,662][INFO ][o.e.n.Node               ] [ht0EVsn] starting ...
[2016-11-23T01:29:52,665][WARN ][o.e.m.j.JvmGcMonitorService] [ht0EVsn] [gc][1] overhead, spent [513ms] collecting in the last [1s]
[2016-11-23T01:29:52,796][INFO ][o.e.t.TransportService   ] [ht0EVsn] publish_address {127.0.0.1:9300}, bound_addresses {[::1]:9300}, {127.0.0.1:9300}
[2016-11-23T01:29:52,810][WARN ][o.e.b.BootstrapCheck     ] [ht0EVsn] max file descriptors [8192] for elasticsearch process likely too low, increase to at least [65536]
[2016-11-23T01:29:52,810][WARN ][o.e.b.BootstrapCheck     ] [ht0EVsn] max virtual memory areas vm.max_map_count [65530] likely too low, increase to at least [262144]
[2016-11-23T01:29:56,054][INFO ][o.e.c.s.ClusterService   ] [ht0EVsn] new_master {ht0EVsn}{ht0EVsnlRuyePr1G07P69g}{CTG4cA9kTx2G_2loOzNZSQ}{127.0.0.1}{127.0.0.1:9300}, reason: zen-disco-elected-as-master ([0] nodes joined)
[2016-11-23T01:29:56,110][INFO ][o.e.h.HttpServer         ] [ht0EVsn] publish_address {127.0.0.1:9200}, bound_addresses {[::1]:9200}, {127.0.0.1:9200}
[2016-11-23T01:29:56,111][INFO ][o.e.n.Node               ] [ht0EVsn] started
[2016-11-23T01:29:56,618][INFO ][o.e.g.GatewayService     ] [ht0EVsn] recovered [1] indices into cluster_state
[2016-11-23T01:29:57,465][INFO ][o.e.c.r.a.AllocationService] [ht0EVsn] Cluster health status changed from [RED] to [YELLOW] (reason: [shards started [[vehicles_development_20161105192812009][1]] ...]).
[2016-11-23T01:45:26,882][WARN ][o.e.m.j.JvmGcMonitorService] [ht0EVsn] [gc][young][931][2] duration [3.3s], collections [1]/[4.1s], total [3.3s]/[3.3s], memory [563.5mb]->[215.7mb]/[1.9gb], all_pools {[young] [517.2mb]->[20.5mb]/[532.5mb]}{[survivor] [46.3mb]->[66.5mb]/[66.5mb]}{[old] [0b]->[133.2mb]/[1.3gb]}
[2016-11-23T01:45:26,883][WARN ][o.e.m.j.JvmGcMonitorService] [ht0EVsn] [gc][931] overhead, spent [3.3s] collecting in the last [4.1s]
[2016-11-23T03:18:39,950][WARN ][o.e.m.j.JvmGcMonitorService] [ht0EVsn] [gc][young][6518][3] duration [5.3s], collections [1]/[5.4s], total [5.3s]/[8.7s], memory [732.2mb]->[247.8mb]/[1.9gb], all_pools {[young] [532.5mb]->[6mb]/[532.5mb]}{[survivor] [66.5mb]->[54.4mb]/[66.5mb]}{[old] [133.2mb]->[191.5mb]/[1.3gb]}
[2016-11-23T03:18:39,951][WARN ][o.e.m.j.JvmGcMonitorService] [ht0EVsn] [gc][6518] overhead, spent [5.3s] collecting in the last [5.4s]
[2016-11-23T05:08:24,587][WARN ][o.e.m.j.JvmGcMonitorService] [ht0EVsn] [gc][young][13095][4] duration [6.5s], collections [1]/[6.5s], total [6.5s]/[15.2s], memory [777mb]->[245.8mb]/[1.9gb], all_pools {[young] [531mb]->[4.4mb]/[532.5mb]}{[survivor] [54.4mb]->[1.7mb]/[66.5mb]}{[old] [191.5mb]->[240.1mb]/[1.3gb]}
[2016-11-23T05:08:24,587][WARN ][o.e.m.j.JvmGcMonitorService] [ht0EVsn] [gc][13095] overhead, spent [6.5s] collecting in the last [6.5s]
