[2017-05-08T23:07:11,277][INFO ][o.e.n.Node               ] [ht0EVsn] stopping ...
[2017-05-08T23:07:11,677][INFO ][o.e.n.Node               ] [ht0EVsn] stopped
[2017-05-08T23:07:11,678][INFO ][o.e.n.Node               ] [ht0EVsn] closing ...
[2017-05-08T23:07:11,698][INFO ][o.e.n.Node               ] [ht0EVsn] closed
[2017-05-08T23:07:21,081][INFO ][o.e.n.Node               ] [] initializing ...
[2017-05-08T23:07:21,311][INFO ][o.e.e.NodeEnvironment    ] [ht0EVsn] using [1] data paths, mounts [[/ (none)]], net usable_space [2.3gb], net total_space [5.2gb], spins? [possibly], types [aufs]
[2017-05-08T23:07:21,312][INFO ][o.e.e.NodeEnvironment    ] [ht0EVsn] heap size [1.9gb], compressed ordinary object pointers [true]
[2017-05-08T23:07:21,407][INFO ][o.e.n.Node               ] [ht0EVsn] node name [ht0EVsn] derived from node ID; set [node.name] to override
[2017-05-08T23:07:21,413][INFO ][o.e.n.Node               ] [ht0EVsn] version[5.0.0], pid[161257], build[253032b/2016-10-26T04:37:51.531Z], OS[Linux/4.9.17-c9/amd64], JVM[Oracle Corporation/Java HotSpot(TM) 64-Bit Server VM/1.8.0_111/25.111-b14]
[2017-05-08T23:07:26,880][INFO ][o.e.p.PluginsService     ] [ht0EVsn] loaded module [aggs-matrix-stats]
[2017-05-08T23:07:26,880][INFO ][o.e.p.PluginsService     ] [ht0EVsn] loaded module [ingest-common]
[2017-05-08T23:07:26,880][INFO ][o.e.p.PluginsService     ] [ht0EVsn] loaded module [lang-expression]
[2017-05-08T23:07:26,880][INFO ][o.e.p.PluginsService     ] [ht0EVsn] loaded module [lang-groovy]
[2017-05-08T23:07:26,881][INFO ][o.e.p.PluginsService     ] [ht0EVsn] loaded module [lang-mustache]
[2017-05-08T23:07:26,881][INFO ][o.e.p.PluginsService     ] [ht0EVsn] loaded module [lang-painless]
[2017-05-08T23:07:26,881][INFO ][o.e.p.PluginsService     ] [ht0EVsn] loaded module [percolator]
[2017-05-08T23:07:26,881][INFO ][o.e.p.PluginsService     ] [ht0EVsn] loaded module [reindex]
[2017-05-08T23:07:26,881][INFO ][o.e.p.PluginsService     ] [ht0EVsn] loaded module [transport-netty3]
[2017-05-08T23:07:26,882][INFO ][o.e.p.PluginsService     ] [ht0EVsn] loaded module [transport-netty4]
[2017-05-08T23:07:26,883][INFO ][o.e.p.PluginsService     ] [ht0EVsn] no plugins loaded
[2017-05-08T23:07:39,488][INFO ][o.e.n.Node               ] [ht0EVsn] initialized
[2017-05-08T23:07:39,488][INFO ][o.e.n.Node               ] [ht0EVsn] starting ...
[2017-05-08T23:07:40,493][WARN ][o.e.m.j.JvmGcMonitorService] [ht0EVsn] [gc][1] overhead, spent [521ms] collecting in the last [1s]
[2017-05-08T23:07:40,633][INFO ][o.e.t.TransportService   ] [ht0EVsn] publish_address {127.0.0.1:9300}, bound_addresses {[::1]:9300}, {127.0.0.1:9300}
[2017-05-08T23:07:40,643][WARN ][o.e.b.BootstrapCheck     ] [ht0EVsn] max file descriptors [8192] for elasticsearch process likely too low, increase to at least [65536]
[2017-05-08T23:07:40,643][WARN ][o.e.b.BootstrapCheck     ] [ht0EVsn] max virtual memory areas vm.max_map_count [65530] likely too low, increase to at least [262144]
[2017-05-08T23:07:43,728][INFO ][o.e.c.s.ClusterService   ] [ht0EVsn] new_master {ht0EVsn}{ht0EVsnlRuyePr1G07P69g}{MV5bbBWzRKeKxkMKHmENMQ}{127.0.0.1}{127.0.0.1:9300}, reason: zen-disco-elected-as-master ([0] nodes joined)
[2017-05-08T23:07:43,757][INFO ][o.e.h.HttpServer         ] [ht0EVsn] publish_address {127.0.0.1:9200}, bound_addresses {[::1]:9200}, {127.0.0.1:9200}
[2017-05-08T23:07:43,758][INFO ][o.e.n.Node               ] [ht0EVsn] started
[2017-05-08T23:07:44,540][INFO ][o.e.g.GatewayService     ] [ht0EVsn] recovered [3] indices into cluster_state
[2017-05-08T23:07:45,774][INFO ][o.e.c.r.a.AllocationService] [ht0EVsn] Cluster health status changed from [RED] to [YELLOW] (reason: [shards started [[vehicles][4], [vehicles][0]] ...]).
[2017-05-08T23:09:50,105][WARN ][o.e.m.j.JvmGcMonitorService] [ht0EVsn] [gc][young][125][2] duration [2.8s], collections [1]/[3.5s], total [2.8s]/[3s], memory [576.7mb]->[218.9mb]/[1.9gb], all_pools {[young] [530.4mb]->[6.4mb]/[532.5mb]}{[survivor] [46.3mb]->[66.5mb]/[66.5mb]}{[old] [0b]->[149.4mb]/[1.3gb]}
[2017-05-08T23:09:50,110][WARN ][o.e.m.j.JvmGcMonitorService] [ht0EVsn] [gc][125] overhead, spent [2.8s] collecting in the last [3.5s]
[2017-05-08T23:57:47,043][WARN ][o.e.m.j.JvmGcMonitorService] [ht0EVsn] [gc][young][2968][3] duration [7.3s], collections [1]/[7.4s], total [7.3s]/[10.3s], memory [747.7mb]->[294.1mb]/[1.9gb], all_pools {[young] [531.7mb]->[2.3mb]/[532.5mb]}{[survivor] [66.5mb]->[55.6mb]/[66.5mb]}{[old] [149.4mb]->[238.5mb]/[1.3gb]}
[2017-05-08T23:57:47,046][WARN ][o.e.m.j.JvmGcMonitorService] [ht0EVsn] [gc][2968] overhead, spent [7.3s] collecting in the last [7.4s]
