[2017-09-15T16:59:30,347][INFO ][o.e.n.Node               ] [] initializing ...
[2017-09-15T16:59:30,793][INFO ][o.e.e.NodeEnvironment    ] [ht0EVsn] using [1] data paths, mounts [[/ (none)]], net usable_space [6.7gb], net total_space [10.6gb], spins? [possibly], types [aufs]
[2017-09-15T16:59:30,794][INFO ][o.e.e.NodeEnvironment    ] [ht0EVsn] heap size [1.9gb], compressed ordinary object pointers [true]
[2017-09-15T16:59:31,048][INFO ][o.e.n.Node               ] [ht0EVsn] node name [ht0EVsn] derived from node ID; set [node.name] to override
[2017-09-15T16:59:31,055][INFO ][o.e.n.Node               ] [ht0EVsn] version[5.0.0], pid[41774], build[253032b/2016-10-26T04:37:51.531Z], OS[Linux/4.9.17-c9/amd64], JVM[Oracle Corporation/Java HotSpot(TM) 64-Bit Server VM/1.8.0_111/25.111-b14]
[2017-09-15T16:59:35,912][INFO ][o.e.p.PluginsService     ] [ht0EVsn] loaded module [aggs-matrix-stats]
[2017-09-15T16:59:35,912][INFO ][o.e.p.PluginsService     ] [ht0EVsn] loaded module [ingest-common]
[2017-09-15T16:59:35,912][INFO ][o.e.p.PluginsService     ] [ht0EVsn] loaded module [lang-expression]
[2017-09-15T16:59:35,918][INFO ][o.e.p.PluginsService     ] [ht0EVsn] loaded module [lang-groovy]
[2017-09-15T16:59:35,918][INFO ][o.e.p.PluginsService     ] [ht0EVsn] loaded module [lang-mustache]
[2017-09-15T16:59:35,918][INFO ][o.e.p.PluginsService     ] [ht0EVsn] loaded module [lang-painless]
[2017-09-15T16:59:35,919][INFO ][o.e.p.PluginsService     ] [ht0EVsn] loaded module [percolator]
[2017-09-15T16:59:35,920][INFO ][o.e.p.PluginsService     ] [ht0EVsn] loaded module [reindex]
[2017-09-15T16:59:35,920][INFO ][o.e.p.PluginsService     ] [ht0EVsn] loaded module [transport-netty3]
[2017-09-15T16:59:35,920][INFO ][o.e.p.PluginsService     ] [ht0EVsn] loaded module [transport-netty4]
[2017-09-15T16:59:35,921][INFO ][o.e.p.PluginsService     ] [ht0EVsn] no plugins loaded
[2017-09-15T16:59:48,561][INFO ][o.e.n.Node               ] [ht0EVsn] initialized
[2017-09-15T16:59:48,563][INFO ][o.e.n.Node               ] [ht0EVsn] starting ...
[2017-09-15T16:59:49,415][INFO ][o.e.t.TransportService   ] [ht0EVsn] publish_address {127.0.0.1:9300}, bound_addresses {[::1]:9300}, {127.0.0.1:9300}
[2017-09-15T16:59:49,428][WARN ][o.e.b.BootstrapCheck     ] [ht0EVsn] max file descriptors [8192] for elasticsearch process likely too low, increase to at least [65536]
[2017-09-15T16:59:49,428][WARN ][o.e.b.BootstrapCheck     ] [ht0EVsn] max virtual memory areas vm.max_map_count [65530] likely too low, increase to at least [262144]
[2017-09-15T16:59:49,600][INFO ][o.e.m.j.JvmGcMonitorService] [ht0EVsn] [gc][1] overhead, spent [273ms] collecting in the last [1s]
[2017-09-15T16:59:52,815][INFO ][o.e.c.s.ClusterService   ] [ht0EVsn] new_master {ht0EVsn}{ht0EVsnlRuyePr1G07P69g}{W_eFbB_uSsminymqPIc60Q}{127.0.0.1}{127.0.0.1:9300}, reason: zen-disco-elected-as-master ([0] nodes joined)
[2017-09-15T16:59:52,883][INFO ][o.e.h.HttpServer         ] [ht0EVsn] publish_address {127.0.0.1:9200}, bound_addresses {[::1]:9200}, {127.0.0.1:9200}
[2017-09-15T16:59:52,883][INFO ][o.e.n.Node               ] [ht0EVsn] started
[2017-09-15T16:59:54,649][INFO ][o.e.g.GatewayService     ] [ht0EVsn] recovered [5] indices into cluster_state
[2017-09-15T16:59:58,628][INFO ][o.e.c.r.a.AllocationService] [ht0EVsn] Cluster health status changed from [RED] to [YELLOW] (reason: [shards started [[vehicles][4]] ...]).
[2017-09-15T17:09:52,042][INFO ][o.e.n.Node               ] [] initializing ...
[2017-09-15T17:09:52,598][INFO ][o.e.e.NodeEnvironment    ] [ht0EVsn] using [1] data paths, mounts [[/ (none)]], net usable_space [6.7gb], net total_space [10.6gb], spins? [possibly], types [aufs]
[2017-09-15T17:09:52,599][INFO ][o.e.e.NodeEnvironment    ] [ht0EVsn] heap size [1.9gb], compressed ordinary object pointers [true]
[2017-09-15T17:09:53,013][INFO ][o.e.n.Node               ] [ht0EVsn] node name [ht0EVsn] derived from node ID; set [node.name] to override
[2017-09-15T17:09:53,017][INFO ][o.e.n.Node               ] [ht0EVsn] version[5.0.0], pid[2996], build[253032b/2016-10-26T04:37:51.531Z], OS[Linux/4.9.17-c9/amd64], JVM[Oracle Corporation/Java HotSpot(TM) 64-Bit Server VM/1.8.0_111/25.111-b14]
[2017-09-15T17:10:07,788][INFO ][o.e.p.PluginsService     ] [ht0EVsn] loaded module [aggs-matrix-stats]
[2017-09-15T17:10:07,802][INFO ][o.e.p.PluginsService     ] [ht0EVsn] loaded module [ingest-common]
[2017-09-15T17:10:07,802][INFO ][o.e.p.PluginsService     ] [ht0EVsn] loaded module [lang-expression]
[2017-09-15T17:10:07,803][INFO ][o.e.p.PluginsService     ] [ht0EVsn] loaded module [lang-groovy]
[2017-09-15T17:10:07,803][INFO ][o.e.p.PluginsService     ] [ht0EVsn] loaded module [lang-mustache]
[2017-09-15T17:10:07,804][INFO ][o.e.p.PluginsService     ] [ht0EVsn] loaded module [lang-painless]
[2017-09-15T17:10:07,804][INFO ][o.e.p.PluginsService     ] [ht0EVsn] loaded module [percolator]
[2017-09-15T17:10:07,805][INFO ][o.e.p.PluginsService     ] [ht0EVsn] loaded module [reindex]
[2017-09-15T17:10:07,805][INFO ][o.e.p.PluginsService     ] [ht0EVsn] loaded module [transport-netty3]
[2017-09-15T17:10:07,854][INFO ][o.e.p.PluginsService     ] [ht0EVsn] loaded module [transport-netty4]
[2017-09-15T17:10:07,856][INFO ][o.e.p.PluginsService     ] [ht0EVsn] no plugins loaded
[2017-09-15T17:10:38,064][INFO ][o.e.n.Node               ] [ht0EVsn] initialized
[2017-09-15T17:10:38,072][INFO ][o.e.n.Node               ] [ht0EVsn] starting ...
[2017-09-15T17:10:41,625][INFO ][o.e.m.j.JvmGcMonitorService] [ht0EVsn] [gc][young][3][1] duration [730ms], collections [1]/[1s], total [730ms]/[730ms], memory [521.9mb]->[73mb]/[1.9gb], all_pools {[young] [521.9mb]->[31.9mb]/[532.5mb]}{[survivor] [0b]->[46.3mb]/[66.5mb]}{[old] [0b]->[0b]/[1.3gb]}
[2017-09-15T17:10:41,630][WARN ][o.e.m.j.JvmGcMonitorService] [ht0EVsn] [gc][3] overhead, spent [730ms] collecting in the last [1s]
[2017-09-15T17:10:41,646][INFO ][o.e.t.TransportService   ] [ht0EVsn] publish_address {127.0.0.1:9300}, bound_addresses {[::1]:9300}, {127.0.0.1:9300}
[2017-09-15T17:10:41,673][WARN ][o.e.b.BootstrapCheck     ] [ht0EVsn] max file descriptors [8192] for elasticsearch process likely too low, increase to at least [65536]
[2017-09-15T17:10:41,789][WARN ][o.e.b.BootstrapCheck     ] [ht0EVsn] max virtual memory areas vm.max_map_count [65530] likely too low, increase to at least [262144]
[2017-09-15T17:10:45,449][INFO ][o.e.c.s.ClusterService   ] [ht0EVsn] new_master {ht0EVsn}{ht0EVsnlRuyePr1G07P69g}{iFWy3YrXSzicu6xZ1-VFAw}{127.0.0.1}{127.0.0.1:9300}, reason: zen-disco-elected-as-master ([0] nodes joined)
[2017-09-15T17:10:46,136][INFO ][o.e.h.HttpServer         ] [ht0EVsn] publish_address {127.0.0.1:9200}, bound_addresses {[::1]:9200}, {127.0.0.1:9200}
[2017-09-15T17:10:46,150][INFO ][o.e.n.Node               ] [ht0EVsn] started
[2017-09-15T17:10:51,799][INFO ][o.e.g.GatewayService     ] [ht0EVsn] recovered [5] indices into cluster_state
[2017-09-15T17:11:02,085][INFO ][o.e.c.r.a.AllocationService] [ht0EVsn] Cluster health status changed from [RED] to [YELLOW] (reason: [shards started [[vehicles][0]] ...]).
[2017-09-15T17:12:46,313][WARN ][o.e.m.j.JvmGcMonitorService] [ht0EVsn] [gc][young][120][2] duration [1.5s], collections [1]/[2.6s], total [1.5s]/[2.3s], memory [535.5mb]->[202.8mb]/[1.9gb], all_pools {[young] [489.1mb]->[19.4mb]/[532.5mb]}{[survivor] [46.3mb]->[66.5mb]/[66.5mb]}{[old] [0b]->[120.3mb]/[1.3gb]}
[2017-09-15T17:12:46,319][WARN ][o.e.m.j.JvmGcMonitorService] [ht0EVsn] [gc][120] overhead, spent [1.5s] collecting in the last [2.6s]
[2017-09-15T18:00:49,524][WARN ][o.e.m.j.JvmGcMonitorService] [ht0EVsn] [gc][young][2977][3] duration [10.7s], collections [1]/[11.5s], total [10.7s]/[13s], memory [718.7mb]->[308mb]/[1.9gb], all_pools {[young] [531.9mb]->[6.6mb]/[532.5mb]}{[survivor] [66.5mb]->[59.4mb]/[66.5mb]}{[old] [120.3mb]->[241.8mb]/[1.3gb]}
[2017-09-15T18:00:49,528][WARN ][o.e.m.j.JvmGcMonitorService] [ht0EVsn] [gc][2977] overhead, spent [10.7s] collecting in the last [11.5s]
[2017-09-15T19:23:37,087][WARN ][o.e.m.j.JvmGcMonitorService] [ht0EVsn] [gc][young][7936][4] duration [3.1s], collections [1]/[3.2s], total [3.1s]/[16.1s], memory [833.9mb]->[300.4mb]/[1.9gb], all_pools {[young] [532.5mb]->[4.4mb]/[532.5mb]}{[survivor] [59.4mb]->[3.7mb]/[66.5mb]}{[old] [241.8mb]->[292.9mb]/[1.3gb]}
[2017-09-15T19:23:37,099][WARN ][o.e.m.j.JvmGcMonitorService] [ht0EVsn] [gc][7936] overhead, spent [3.1s] collecting in the last [3.2s]
