[2017-04-26T14:36:59,345][INFO ][o.e.n.Node               ] [] initializing ...
[2017-04-26T14:36:59,578][INFO ][o.e.e.NodeEnvironment    ] [ht0EVsn] using [1] data paths, mounts [[/ (none)]], net usable_space [2.2gb], net total_space [5.2gb], spins? [possibly], types [aufs]
[2017-04-26T14:36:59,579][INFO ][o.e.e.NodeEnvironment    ] [ht0EVsn] heap size [1.9gb], compressed ordinary object pointers [true]
[2017-04-26T14:36:59,651][INFO ][o.e.n.Node               ] [ht0EVsn] node name [ht0EVsn] derived from node ID; set [node.name] to override
[2017-04-26T14:36:59,656][INFO ][o.e.n.Node               ] [ht0EVsn] version[5.0.0], pid[43809], build[253032b/2016-10-26T04:37:51.531Z], OS[Linux/4.9.17-c9/amd64], JVM[Oracle Corporation/Java HotSpot(TM) 64-Bit Server VM/1.8.0_111/25.111-b14]
[2017-04-26T14:37:03,250][INFO ][o.e.p.PluginsService     ] [ht0EVsn] loaded module [aggs-matrix-stats]
[2017-04-26T14:37:03,250][INFO ][o.e.p.PluginsService     ] [ht0EVsn] loaded module [ingest-common]
[2017-04-26T14:37:03,250][INFO ][o.e.p.PluginsService     ] [ht0EVsn] loaded module [lang-expression]
[2017-04-26T14:37:03,250][INFO ][o.e.p.PluginsService     ] [ht0EVsn] loaded module [lang-groovy]
[2017-04-26T14:37:03,251][INFO ][o.e.p.PluginsService     ] [ht0EVsn] loaded module [lang-mustache]
[2017-04-26T14:37:03,251][INFO ][o.e.p.PluginsService     ] [ht0EVsn] loaded module [lang-painless]
[2017-04-26T14:37:03,251][INFO ][o.e.p.PluginsService     ] [ht0EVsn] loaded module [percolator]
[2017-04-26T14:37:03,251][INFO ][o.e.p.PluginsService     ] [ht0EVsn] loaded module [reindex]
[2017-04-26T14:37:03,251][INFO ][o.e.p.PluginsService     ] [ht0EVsn] loaded module [transport-netty3]
[2017-04-26T14:37:03,252][INFO ][o.e.p.PluginsService     ] [ht0EVsn] loaded module [transport-netty4]
[2017-04-26T14:37:03,252][INFO ][o.e.p.PluginsService     ] [ht0EVsn] no plugins loaded
[2017-04-26T14:37:11,236][INFO ][o.e.n.Node               ] [ht0EVsn] initialized
[2017-04-26T14:37:11,236][INFO ][o.e.n.Node               ] [ht0EVsn] starting ...
[2017-04-26T14:37:11,669][INFO ][o.e.t.TransportService   ] [ht0EVsn] publish_address {127.0.0.1:9300}, bound_addresses {[::1]:9300}, {127.0.0.1:9300}
[2017-04-26T14:37:11,688][WARN ][o.e.b.BootstrapCheck     ] [ht0EVsn] max file descriptors [8192] for elasticsearch process likely too low, increase to at least [65536]
[2017-04-26T14:37:11,689][WARN ][o.e.b.BootstrapCheck     ] [ht0EVsn] max virtual memory areas vm.max_map_count [65530] likely too low, increase to at least [262144]
[2017-04-26T14:37:14,901][INFO ][o.e.c.s.ClusterService   ] [ht0EVsn] new_master {ht0EVsn}{ht0EVsnlRuyePr1G07P69g}{nb6IJcCORIqAJJ0UjhiZqg}{127.0.0.1}{127.0.0.1:9300}, reason: zen-disco-elected-as-master ([0] nodes joined)
[2017-04-26T14:37:14,933][INFO ][o.e.h.HttpServer         ] [ht0EVsn] publish_address {127.0.0.1:9200}, bound_addresses {[::1]:9200}, {127.0.0.1:9200}
[2017-04-26T14:37:14,934][INFO ][o.e.n.Node               ] [ht0EVsn] started
[2017-04-26T14:37:15,560][INFO ][o.e.g.GatewayService     ] [ht0EVsn] recovered [3] indices into cluster_state
[2017-04-26T14:37:16,868][INFO ][o.e.c.r.a.AllocationService] [ht0EVsn] Cluster health status changed from [RED] to [YELLOW] (reason: [shards started [[vehicles][0], [vehicles_development_20170328112843769][4]] ...]).
[2017-04-26T15:18:48,233][WARN ][o.e.m.j.JvmGcMonitorService] [ht0EVsn] [gc][young][2246][2] duration [9.3s], collections [1]/[9.4s], total [9.3s]/[9.4s], memory [579mb]->[108mb]/[1.9gb], all_pools {[young] [532.5mb]->[4.9mb]/[532.5mb]}{[survivor] [46.4mb]->[66.4mb]/[66.5mb]}{[old] [0b]->[36.5mb]/[1.3gb]}
[2017-04-26T15:18:48,236][WARN ][o.e.m.j.JvmGcMonitorService] [ht0EVsn] [gc][2246] overhead, spent [9.3s] collecting in the last [9.4s]
[2017-04-26T16:53:02,435][WARN ][o.e.m.j.JvmGcMonitorService] [ht0EVsn] [gc][young][7890][3] duration [8.5s], collections [1]/[8.7s], total [8.5s]/[18s], memory [634.7mb]->[83.5mb]/[1.9gb], all_pools {[young] [531.6mb]->[4.9mb]/[532.5mb]}{[survivor] [66.4mb]->[4.8mb]/[66.5mb]}{[old] [36.5mb]->[76.1mb]/[1.3gb]}
[2017-04-26T16:53:02,441][WARN ][o.e.m.j.JvmGcMonitorService] [ht0EVsn] [gc][7890] overhead, spent [8.5s] collecting in the last [8.7s]
[2017-04-26T18:11:04,473][INFO ][o.e.m.j.JvmGcMonitorService] [ht0EVsn] [gc][young][12567][4] duration [948ms], collections [1]/[1.3s], total [948ms]/[18.9s], memory [613.4mb]->[144.5mb]/[1.9gb], all_pools {[young] [532.5mb]->[2.7mb]/[532.5mb]}{[survivor] [4.8mb]->[66.3mb]/[66.5mb]}{[old] [76.1mb]->[76.1mb]/[1.3gb]}
[2017-04-26T18:11:04,475][WARN ][o.e.m.j.JvmGcMonitorService] [ht0EVsn] [gc][12567] overhead, spent [948ms] collecting in the last [1.3s]
[2017-04-26T19:48:30,843][WARN ][o.e.m.j.JvmGcMonitorService] [ht0EVsn] [gc][young][18393][5] duration [18.4s], collections [1]/[18.7s], total [18.4s]/[37.4s], memory [673.9mb]->[151.4mb]/[1.9gb], all_pools {[young] [531.4mb]->[8.3mb]/[532.5mb]}{[survivor] [66.3mb]->[1.5mb]/[66.5mb]}{[old] [76.1mb]->[141.5mb]/[1.3gb]}
[2017-04-26T19:48:30,849][WARN ][o.e.m.j.JvmGcMonitorService] [ht0EVsn] [gc][18393] overhead, spent [18.4s] collecting in the last [18.7s]
