[2017-03-20T15:54:59,521][INFO ][o.e.c.m.MetaDataCreateIndexService] [ht0EVsn] [vehicles_development_20170320155459494] creating index, cause [api], templates [], shards [5]/[1], mappings [_default_]
[2017-03-20T15:54:59,768][INFO ][o.e.c.m.MetaDataMappingService] [ht0EVsn] [vehicles_development_20170320155459494/lJND7plNQYqgIMuWmvS-Jw] create_mapping [vehicle]
[2017-03-20T16:02:41,970][INFO ][o.e.c.m.MetaDataCreateIndexService] [ht0EVsn] [vehicles_development_20170320160241943] creating index, cause [api], templates [], shards [5]/[1], mappings [_default_]
[2017-03-20T16:02:42,198][INFO ][o.e.c.m.MetaDataMappingService] [ht0EVsn] [vehicles_development_20170320160241943/gL74xgmTQkutFErAhywPaA] create_mapping [vehicle]
[2017-03-20T16:06:04,248][INFO ][o.e.c.m.MetaDataCreateIndexService] [ht0EVsn] [vehicles_development_20170320160604226] creating index, cause [api], templates [], shards [5]/[1], mappings [_default_]
[2017-03-20T16:06:04,512][INFO ][o.e.c.m.MetaDataMappingService] [ht0EVsn] [vehicles_development_20170320160604226/VRuV6GcRSgKD3uwYTssHVw] create_mapping [vehicle]
[2017-03-20T16:11:03,304][INFO ][o.e.n.Node               ] [ht0EVsn] stopping ...
[2017-03-20T16:11:03,426][INFO ][o.e.n.Node               ] [ht0EVsn] stopped
[2017-03-20T16:11:03,427][INFO ][o.e.n.Node               ] [ht0EVsn] closing ...
[2017-03-20T16:11:03,453][INFO ][o.e.n.Node               ] [ht0EVsn] closed
[2017-03-20T16:11:38,690][INFO ][o.e.n.Node               ] [] initializing ...
[2017-03-20T16:11:38,972][INFO ][o.e.e.NodeEnvironment    ] [ht0EVsn] using [1] data paths, mounts [[/ (none)]], net usable_space [2.3gb], net total_space [5.2gb], spins? [possibly], types [aufs]
[2017-03-20T16:11:38,973][INFO ][o.e.e.NodeEnvironment    ] [ht0EVsn] heap size [1.9gb], compressed ordinary object pointers [true]
[2017-03-20T16:11:39,036][INFO ][o.e.n.Node               ] [ht0EVsn] node name [ht0EVsn] derived from node ID; set [node.name] to override
[2017-03-20T16:11:39,043][INFO ][o.e.n.Node               ] [ht0EVsn] version[5.0.0], pid[23476], build[253032b/2016-10-26T04:37:51.531Z], OS[Linux/4.8.8-c9/amd64], JVM[Oracle Corporation/Java HotSpot(TM) 64-Bit Server VM/1.8.0_111/25.111-b14]
[2017-03-20T16:11:47,490][INFO ][o.e.p.PluginsService     ] [ht0EVsn] loaded module [aggs-matrix-stats]
[2017-03-20T16:11:47,491][INFO ][o.e.p.PluginsService     ] [ht0EVsn] loaded module [ingest-common]
[2017-03-20T16:11:47,491][INFO ][o.e.p.PluginsService     ] [ht0EVsn] loaded module [lang-expression]
[2017-03-20T16:11:47,491][INFO ][o.e.p.PluginsService     ] [ht0EVsn] loaded module [lang-groovy]
[2017-03-20T16:11:47,492][INFO ][o.e.p.PluginsService     ] [ht0EVsn] loaded module [lang-mustache]
[2017-03-20T16:11:47,492][INFO ][o.e.p.PluginsService     ] [ht0EVsn] loaded module [lang-painless]
[2017-03-20T16:11:47,492][INFO ][o.e.p.PluginsService     ] [ht0EVsn] loaded module [percolator]
[2017-03-20T16:11:47,493][INFO ][o.e.p.PluginsService     ] [ht0EVsn] loaded module [reindex]
[2017-03-20T16:11:47,493][INFO ][o.e.p.PluginsService     ] [ht0EVsn] loaded module [transport-netty3]
[2017-03-20T16:11:47,494][INFO ][o.e.p.PluginsService     ] [ht0EVsn] loaded module [transport-netty4]
[2017-03-20T16:11:47,495][INFO ][o.e.p.PluginsService     ] [ht0EVsn] no plugins loaded
[2017-03-20T16:12:52,112][INFO ][o.e.n.Node               ] [ht0EVsn] initialized
[2017-03-20T16:12:52,113][INFO ][o.e.n.Node               ] [ht0EVsn] starting ...
[2017-03-20T16:12:52,892][INFO ][o.e.t.TransportService   ] [ht0EVsn] publish_address {127.0.0.1:9300}, bound_addresses {[::1]:9300}, {127.0.0.1:9300}
[2017-03-20T16:12:52,905][WARN ][o.e.b.BootstrapCheck     ] [ht0EVsn] max file descriptors [8192] for elasticsearch process likely too low, increase to at least [65536]
[2017-03-20T16:12:52,905][WARN ][o.e.b.BootstrapCheck     ] [ht0EVsn] max virtual memory areas vm.max_map_count [65530] likely too low, increase to at least [262144]
[2017-03-20T16:12:56,198][INFO ][o.e.c.s.ClusterService   ] [ht0EVsn] new_master {ht0EVsn}{ht0EVsnlRuyePr1G07P69g}{ZsC2jgGUSfa8pfov9BJyFA}{127.0.0.1}{127.0.0.1:9300}, reason: zen-disco-elected-as-master ([0] nodes joined)
[2017-03-20T16:12:56,248][INFO ][o.e.h.HttpServer         ] [ht0EVsn] publish_address {127.0.0.1:9200}, bound_addresses {[::1]:9200}, {127.0.0.1:9200}
[2017-03-20T16:12:56,249][INFO ][o.e.n.Node               ] [ht0EVsn] started
[2017-03-20T16:12:57,058][INFO ][o.e.g.GatewayService     ] [ht0EVsn] recovered [2] indices into cluster_state
[2017-03-20T16:12:58,044][INFO ][o.e.c.r.a.AllocationService] [ht0EVsn] Cluster health status changed from [RED] to [YELLOW] (reason: [shards started [[vehicles][3], [vehicles][4], [vehicles][2]] ...]).
[2017-03-20T16:13:02,056][INFO ][o.e.c.m.MetaDataCreateIndexService] [ht0EVsn] [vehicles_development_20170320161301943] creating index, cause [api], templates [], shards [5]/[1], mappings [_default_]
[2017-03-20T16:13:03,390][INFO ][o.e.c.m.MetaDataMappingService] [ht0EVsn] [vehicles_development_20170320161301943/y4z0OpfyT9i6lhE8XsIsqw] create_mapping [vehicle]
[2017-03-20T16:23:31,002][WARN ][o.e.m.j.JvmGcMonitorService] [ht0EVsn] [gc][young][633][2] duration [2.5s], collections [1]/[3.2s], total [2.5s]/[2.7s], memory [578.4mb]->[230.8mb]/[1.9gb], all_pools {[young] [532.1mb]->[4.9mb]/[532.5mb]}{[survivor] [46.3mb]->[66.4mb]/[66.5mb]}{[old] [0b]->[162.8mb]/[1.3gb]}
[2017-03-20T16:23:31,005][WARN ][o.e.m.j.JvmGcMonitorService] [ht0EVsn] [gc][633] overhead, spent [2.5s] collecting in the last [3.2s]
[2017-03-20T17:09:43,499][INFO ][o.e.c.m.MetaDataCreateIndexService] [ht0EVsn] [vehicles_development_20170320170943443] creating index, cause [api], templates [], shards [5]/[1], mappings [_default_]
[2017-03-20T17:09:43,933][INFO ][o.e.c.m.MetaDataMappingService] [ht0EVsn] [vehicles_development_20170320170943443/btNHn1SYSkOSZiY7jrThoA] create_mapping [vehicle]
[2017-03-20T17:25:56,088][INFO ][o.e.c.m.MetaDataCreateIndexService] [ht0EVsn] [vehicles_development_20170320172556000] creating index, cause [api], templates [], shards [5]/[1], mappings [_default_]
[2017-03-20T17:25:56,348][INFO ][o.e.c.m.MetaDataMappingService] [ht0EVsn] [vehicles_development_20170320172556000/_5ftPOkwQRiNb_5575AR_Q] create_mapping [vehicle]
[2017-03-20T17:26:39,916][INFO ][o.e.c.m.MetaDataCreateIndexService] [ht0EVsn] [vehicles_development_20170320172639847] creating index, cause [api], templates [], shards [5]/[1], mappings [_default_]
[2017-03-20T17:26:40,257][INFO ][o.e.c.m.MetaDataMappingService] [ht0EVsn] [vehicles_development_20170320172639847/WDfGhzSjSzuU5oVWMzUTxg] create_mapping [vehicle]
[2017-03-20T17:31:22,372][INFO ][o.e.c.m.MetaDataCreateIndexService] [ht0EVsn] [vehicles_development_20170320173122316] creating index, cause [api], templates [], shards [5]/[1], mappings [_default_]
[2017-03-20T17:31:22,763][INFO ][o.e.c.m.MetaDataMappingService] [ht0EVsn] [vehicles_development_20170320173122316/OG86vfAXQ42FboE87e-nXw] create_mapping [vehicle]
[2017-03-20T17:32:09,750][WARN ][o.e.m.j.JvmGcMonitorService] [ht0EVsn] [gc][young][4745][3] duration [6.2s], collections [1]/[6.2s], total [6.2s]/[8.9s], memory [760mb]->[293mb]/[1.9gb], all_pools {[young] [530.7mb]->[4.3mb]/[532.5mb]}{[survivor] [66.4mb]->[56.6mb]/[66.5mb]}{[old] [162.8mb]->[234mb]/[1.3gb]}
[2017-03-20T17:32:09,844][WARN ][o.e.m.j.JvmGcMonitorService] [ht0EVsn] [gc][4745] overhead, spent [6.2s] collecting in the last [6.2s]
[2017-03-20T17:34:31,145][INFO ][o.e.c.m.MetaDataCreateIndexService] [ht0EVsn] [vehicles_development_20170320173429971] creating index, cause [api], templates [], shards [5]/[1], mappings [_default_]
[2017-03-20T17:34:38,512][INFO ][o.e.c.m.MetaDataMappingService] [ht0EVsn] [vehicles_development_20170320173429971/Y2Q96ta0Qxuahucx8RUnvg] create_mapping [vehicle]
[2017-03-20T17:50:41,413][INFO ][o.e.c.m.MetaDataCreateIndexService] [ht0EVsn] [vehicles_development_20170320175041392] creating index, cause [api], templates [], shards [5]/[1], mappings [_default_]
[2017-03-20T17:50:41,771][INFO ][o.e.c.m.MetaDataMappingService] [ht0EVsn] [vehicles_development_20170320175041392/T0MnDFVFSDeD8DbwsAReTw] create_mapping [vehicle]
[2017-03-20T19:05:05,064][WARN ][o.e.m.j.JvmGcMonitorService] [ht0EVsn] [gc][young][10287][4] duration [4.6s], collections [1]/[5.4s], total [4.6s]/[13.5s], memory [822.6mb]->[292.2mb]/[1.9gb], all_pools {[young] [531.8mb]->[5.9mb]/[532.5mb]}{[survivor] [56.6mb]->[3.1mb]/[66.5mb]}{[old] [234mb]->[284.7mb]/[1.3gb]}
[2017-03-20T19:05:05,066][WARN ][o.e.m.j.JvmGcMonitorService] [ht0EVsn] [gc][10287] overhead, spent [4.6s] collecting in the last [5.4s]
[2017-03-20T23:35:37,066][INFO ][o.e.c.m.MetaDataCreateIndexService] [ht0EVsn] [vehicles_development_20170320233537046] creating index, cause [api], templates [], shards [5]/[1], mappings [_default_]
[2017-03-20T23:35:37,318][INFO ][o.e.c.m.MetaDataMappingService] [ht0EVsn] [vehicles_development_20170320233537046/Pc7RTREmQbCGd4JftRsalg] create_mapping [vehicle]
[2017-03-20T23:44:07,928][INFO ][o.e.c.m.MetaDataCreateIndexService] [ht0EVsn] [vehicles_development_20170320234407011] creating index, cause [api], templates [], shards [5]/[1], mappings [_default_]
[2017-03-20T23:44:09,453][INFO ][o.e.c.m.MetaDataMappingService] [ht0EVsn] [vehicles_development_20170320234407011/TtaXlhFnTUKvHHYIu-Cc3w] create_mapping [vehicle]
