[2017-05-18T11:12:22,381][INFO ][o.e.n.Node               ] [] initializing ...
[2017-05-18T11:12:22,766][INFO ][o.e.e.NodeEnvironment    ] [ht0EVsn] using [1] data paths, mounts [[/ (none)]], net usable_space [3gb], net total_space [6.3gb], spins? [possibly], types [aufs]
[2017-05-18T11:12:22,767][INFO ][o.e.e.NodeEnvironment    ] [ht0EVsn] heap size [1.9gb], compressed ordinary object pointers [true]
[2017-05-18T11:12:22,922][INFO ][o.e.n.Node               ] [ht0EVsn] node name [ht0EVsn] derived from node ID; set [node.name] to override
[2017-05-18T11:12:22,928][INFO ][o.e.n.Node               ] [ht0EVsn] version[5.0.0], pid[2518], build[253032b/2016-10-26T04:37:51.531Z], OS[Linux/4.9.17-c9/amd64], JVM[Oracle Corporation/Java HotSpot(TM) 64-Bit Server VM/1.8.0_111/25.111-b14]
[2017-05-18T11:12:27,503][INFO ][o.e.p.PluginsService     ] [ht0EVsn] loaded module [aggs-matrix-stats]
[2017-05-18T11:12:27,503][INFO ][o.e.p.PluginsService     ] [ht0EVsn] loaded module [ingest-common]
[2017-05-18T11:12:27,503][INFO ][o.e.p.PluginsService     ] [ht0EVsn] loaded module [lang-expression]
[2017-05-18T11:12:27,504][INFO ][o.e.p.PluginsService     ] [ht0EVsn] loaded module [lang-groovy]
[2017-05-18T11:12:27,504][INFO ][o.e.p.PluginsService     ] [ht0EVsn] loaded module [lang-mustache]
[2017-05-18T11:12:27,504][INFO ][o.e.p.PluginsService     ] [ht0EVsn] loaded module [lang-painless]
[2017-05-18T11:12:27,504][INFO ][o.e.p.PluginsService     ] [ht0EVsn] loaded module [percolator]
[2017-05-18T11:12:27,505][INFO ][o.e.p.PluginsService     ] [ht0EVsn] loaded module [reindex]
[2017-05-18T11:12:27,505][INFO ][o.e.p.PluginsService     ] [ht0EVsn] loaded module [transport-netty3]
[2017-05-18T11:12:27,505][INFO ][o.e.p.PluginsService     ] [ht0EVsn] loaded module [transport-netty4]
[2017-05-18T11:12:27,506][INFO ][o.e.p.PluginsService     ] [ht0EVsn] no plugins loaded
[2017-05-18T11:12:34,743][INFO ][o.e.n.Node               ] [ht0EVsn] initialized
[2017-05-18T11:12:34,744][INFO ][o.e.n.Node               ] [ht0EVsn] starting ...
[2017-05-18T11:12:35,163][INFO ][o.e.t.TransportService   ] [ht0EVsn] publish_address {127.0.0.1:9300}, bound_addresses {[::1]:9300}, {127.0.0.1:9300}
[2017-05-18T11:12:35,186][WARN ][o.e.b.BootstrapCheck     ] [ht0EVsn] max file descriptors [8192] for elasticsearch process likely too low, increase to at least [65536]
[2017-05-18T11:12:35,187][WARN ][o.e.b.BootstrapCheck     ] [ht0EVsn] max virtual memory areas vm.max_map_count [65530] likely too low, increase to at least [262144]
[2017-05-18T11:12:38,533][INFO ][o.e.c.s.ClusterService   ] [ht0EVsn] new_master {ht0EVsn}{ht0EVsnlRuyePr1G07P69g}{69EbVHU6TMuHnnyDc4-nEA}{127.0.0.1}{127.0.0.1:9300}, reason: zen-disco-elected-as-master ([0] nodes joined)
[2017-05-18T11:12:38,575][INFO ][o.e.h.HttpServer         ] [ht0EVsn] publish_address {127.0.0.1:9200}, bound_addresses {[::1]:9200}, {127.0.0.1:9200}
[2017-05-18T11:12:38,576][INFO ][o.e.n.Node               ] [ht0EVsn] started
[2017-05-18T11:12:39,409][INFO ][o.e.g.GatewayService     ] [ht0EVsn] recovered [3] indices into cluster_state
[2017-05-18T11:12:40,787][INFO ][o.e.c.r.a.AllocationService] [ht0EVsn] Cluster health status changed from [RED] to [YELLOW] (reason: [shards started [[vehicles][2]] ...]).
[2017-05-18T12:47:25,422][WARN ][o.e.m.j.JvmGcMonitorService] [ht0EVsn] [gc][young][5683][2] duration [2.3s], collections [1]/[2.8s], total [2.3s]/[2.4s], memory [578.3mb]->[133.3mb]/[1.9gb], all_pools {[young] [531.9mb]->[19.5mb]/[532.5mb]}{[survivor] [46.4mb]->[66.5mb]/[66.5mb]}{[old] [0b]->[50.8mb]/[1.3gb]}
[2017-05-18T12:47:25,424][WARN ][o.e.m.j.JvmGcMonitorService] [ht0EVsn] [gc][5683] overhead, spent [2.3s] collecting in the last [2.8s]
[2017-05-18T16:14:58,700][WARN ][o.e.m.j.JvmGcMonitorService] [ht0EVsn] [gc][young][18110][3] duration [18.9s], collections [1]/[19.5s], total [18.9s]/[21.4s], memory [649.5mb]->[131mb]/[1.9gb], all_pools {[young] [532.2mb]->[5.2mb]/[532.5mb]}{[survivor] [66.5mb]->[37.6mb]/[66.5mb]}{[old] [50.8mb]->[90.7mb]/[1.3gb]}
[2017-05-18T16:14:58,703][WARN ][o.e.m.j.JvmGcMonitorService] [ht0EVsn] [gc][18110] overhead, spent [18.9s] collecting in the last [19.5s]
[2017-05-18T19:32:50,505][WARN ][o.e.m.j.JvmGcMonitorService] [ht0EVsn] [gc][young][29975][4] duration [1.3s], collections [1]/[2.1s], total [1.3s]/[22.7s], memory [659.5mb]->[130.4mb]/[1.9gb], all_pools {[young] [531.1mb]->[6.2mb]/[532.5mb]}{[survivor] [37.6mb]->[33.9mb]/[66.5mb]}{[old] [90.7mb]->[90.7mb]/[1.3gb]}
[2017-05-18T19:32:50,508][WARN ][o.e.m.j.JvmGcMonitorService] [ht0EVsn] [gc][29975] overhead, spent [1.3s] collecting in the last [2.1s]
[2017-05-18T22:34:37,907][INFO ][o.e.m.j.JvmGcMonitorService] [ht0EVsn] [gc][40876] overhead, spent [581ms] collecting in the last [1.2s]
