[2017-09-28T11:01:02,535][INFO ][o.e.n.Node               ] [] initializing ...
[2017-09-28T11:01:03,052][INFO ][o.e.e.NodeEnvironment    ] [ht0EVsn] using [1] data paths, mounts [[/ (none)]], net usable_space [6.6gb], net total_space [10.6gb], spins? [possibly], types [aufs]
[2017-09-28T11:01:03,057][INFO ][o.e.e.NodeEnvironment    ] [ht0EVsn] heap size [1.9gb], compressed ordinary object pointers [true]
[2017-09-28T11:01:03,207][INFO ][o.e.n.Node               ] [ht0EVsn] node name [ht0EVsn] derived from node ID; set [node.name] to override
[2017-09-28T11:01:03,219][INFO ][o.e.n.Node               ] [ht0EVsn] version[5.0.0], pid[69846], build[253032b/2016-10-26T04:37:51.531Z], OS[Linux/4.9.17-c9/amd64], JVM[Oracle Corporation/Java HotSpot(TM) 64-Bit Server VM/1.8.0_111/25.111-b14]
[2017-09-28T11:02:57,851][INFO ][o.e.p.PluginsService     ] [ht0EVsn] loaded module [aggs-matrix-stats]
[2017-09-28T11:02:57,852][INFO ][o.e.p.PluginsService     ] [ht0EVsn] loaded module [ingest-common]
[2017-09-28T11:02:57,853][INFO ][o.e.p.PluginsService     ] [ht0EVsn] loaded module [lang-expression]
[2017-09-28T11:02:57,853][INFO ][o.e.p.PluginsService     ] [ht0EVsn] loaded module [lang-groovy]
[2017-09-28T11:02:57,853][INFO ][o.e.p.PluginsService     ] [ht0EVsn] loaded module [lang-mustache]
[2017-09-28T11:02:57,853][INFO ][o.e.p.PluginsService     ] [ht0EVsn] loaded module [lang-painless]
[2017-09-28T11:02:57,854][INFO ][o.e.p.PluginsService     ] [ht0EVsn] loaded module [percolator]
[2017-09-28T11:02:57,854][INFO ][o.e.p.PluginsService     ] [ht0EVsn] loaded module [reindex]
[2017-09-28T11:02:57,854][INFO ][o.e.p.PluginsService     ] [ht0EVsn] loaded module [transport-netty3]
[2017-09-28T11:02:57,854][INFO ][o.e.p.PluginsService     ] [ht0EVsn] loaded module [transport-netty4]
[2017-09-28T11:02:57,855][INFO ][o.e.p.PluginsService     ] [ht0EVsn] no plugins loaded
[2017-09-28T11:03:12,219][INFO ][o.e.n.Node               ] [ht0EVsn] initialized
[2017-09-28T11:03:12,220][INFO ][o.e.n.Node               ] [ht0EVsn] starting ...
[2017-09-28T11:03:13,671][INFO ][o.e.t.TransportService   ] [ht0EVsn] publish_address {127.0.0.1:9300}, bound_addresses {[::1]:9300}, {127.0.0.1:9300}
[2017-09-28T11:03:13,674][INFO ][o.e.m.j.JvmGcMonitorService] [ht0EVsn] [gc][young][1][1] duration [894ms], collections [1]/[1.4s], total [894ms]/[894ms], memory [511.3mb]->[62.3mb]/[1.9gb], all_pools {[young] [511.3mb]->[21.3mb]/[532.5mb]}{[survivor] [0b]->[46.3mb]/[66.5mb]}{[old] [0b]->[0b]/[1.3gb]}
[2017-09-28T11:03:13,678][WARN ][o.e.m.j.JvmGcMonitorService] [ht0EVsn] [gc][1] overhead, spent [894ms] collecting in the last [1.4s]
[2017-09-28T11:03:13,693][WARN ][o.e.b.BootstrapCheck     ] [ht0EVsn] max file descriptors [8192] for elasticsearch process likely too low, increase to at least [65536]
[2017-09-28T11:03:13,694][WARN ][o.e.b.BootstrapCheck     ] [ht0EVsn] max virtual memory areas vm.max_map_count [65530] likely too low, increase to at least [262144]
[2017-09-28T11:03:16,779][INFO ][o.e.c.s.ClusterService   ] [ht0EVsn] new_master {ht0EVsn}{ht0EVsnlRuyePr1G07P69g}{E4-E1369SxKxQgi_r4QNcA}{127.0.0.1}{127.0.0.1:9300}, reason: zen-disco-elected-as-master ([0] nodes joined)
[2017-09-28T11:03:16,810][INFO ][o.e.h.HttpServer         ] [ht0EVsn] publish_address {127.0.0.1:9200}, bound_addresses {[::1]:9200}, {127.0.0.1:9200}
[2017-09-28T11:03:16,811][INFO ][o.e.n.Node               ] [ht0EVsn] started
[2017-09-28T11:03:17,699][INFO ][o.e.g.GatewayService     ] [ht0EVsn] recovered [5] indices into cluster_state
[2017-09-28T11:03:19,510][INFO ][o.e.c.r.a.AllocationService] [ht0EVsn] Cluster health status changed from [RED] to [YELLOW] (reason: [shards started [[vehicles][0]] ...]).
[2017-09-28T11:42:07,866][WARN ][o.e.m.j.JvmGcMonitorService] [ht0EVsn] [gc][young][2284][2] duration [3.1s], collections [1]/[3.2s], total [3.1s]/[4s], memory [578.9mb]->[110mb]/[1.9gb], all_pools {[young] [532.5mb]->[6.7mb]/[532.5mb]}{[survivor] [46.3mb]->[66.5mb]/[66.5mb]}{[old] [0b]->[38.1mb]/[1.3gb]}
[2017-09-28T11:42:07,871][WARN ][o.e.m.j.JvmGcMonitorService] [ht0EVsn] [gc][2284] overhead, spent [3.1s] collecting in the last [3.2s]
[2017-09-28T13:07:52,676][WARN ][o.e.m.j.JvmGcMonitorService] [ht0EVsn] [gc][young][7419][3] duration [8.4s], collections [1]/[9s], total [8.4s]/[12.5s], memory [634.4mb]->[184.8mb]/[1.9gb], all_pools {[young] [529.7mb]->[3.5mb]/[532.5mb]}{[survivor] [66.5mb]->[55.2mb]/[66.5mb]}{[old] [38.1mb]->[126mb]/[1.3gb]}
[2017-09-28T13:07:52,678][WARN ][o.e.m.j.JvmGcMonitorService] [ht0EVsn] [gc][7419] overhead, spent [8.4s] collecting in the last [9s]
[2017-09-28T18:49:53,982][INFO ][o.e.n.Node               ] [] initializing ...
[2017-09-28T18:49:54,186][INFO ][o.e.e.NodeEnvironment    ] [ht0EVsn] using [1] data paths, mounts [[/ (none)]], net usable_space [6.6gb], net total_space [10.6gb], spins? [possibly], types [aufs]
[2017-09-28T18:49:54,186][INFO ][o.e.e.NodeEnvironment    ] [ht0EVsn] heap size [1.9gb], compressed ordinary object pointers [true]
[2017-09-28T18:49:54,293][INFO ][o.e.n.Node               ] [ht0EVsn] node name [ht0EVsn] derived from node ID; set [node.name] to override
[2017-09-28T18:49:54,298][INFO ][o.e.n.Node               ] [ht0EVsn] version[5.0.0], pid[73710], build[253032b/2016-10-26T04:37:51.531Z], OS[Linux/4.9.17-c9/amd64], JVM[Oracle Corporation/Java HotSpot(TM) 64-Bit Server VM/1.8.0_111/25.111-b14]
[2017-09-28T18:50:30,575][INFO ][o.e.p.PluginsService     ] [ht0EVsn] loaded module [aggs-matrix-stats]
[2017-09-28T18:50:30,576][INFO ][o.e.p.PluginsService     ] [ht0EVsn] loaded module [ingest-common]
[2017-09-28T18:50:30,576][INFO ][o.e.p.PluginsService     ] [ht0EVsn] loaded module [lang-expression]
[2017-09-28T18:50:30,576][INFO ][o.e.p.PluginsService     ] [ht0EVsn] loaded module [lang-groovy]
[2017-09-28T18:50:30,576][INFO ][o.e.p.PluginsService     ] [ht0EVsn] loaded module [lang-mustache]
[2017-09-28T18:50:30,576][INFO ][o.e.p.PluginsService     ] [ht0EVsn] loaded module [lang-painless]
[2017-09-28T18:50:30,577][INFO ][o.e.p.PluginsService     ] [ht0EVsn] loaded module [percolator]
[2017-09-28T18:50:30,577][INFO ][o.e.p.PluginsService     ] [ht0EVsn] loaded module [reindex]
[2017-09-28T18:50:30,577][INFO ][o.e.p.PluginsService     ] [ht0EVsn] loaded module [transport-netty3]
[2017-09-28T18:50:30,577][INFO ][o.e.p.PluginsService     ] [ht0EVsn] loaded module [transport-netty4]
[2017-09-28T18:50:30,578][INFO ][o.e.p.PluginsService     ] [ht0EVsn] no plugins loaded
[2017-09-28T18:51:44,663][INFO ][o.e.n.Node               ] [ht0EVsn] initialized
[2017-09-28T18:51:44,664][INFO ][o.e.n.Node               ] [ht0EVsn] starting ...
[2017-09-28T18:51:45,950][INFO ][o.e.m.j.JvmGcMonitorService] [ht0EVsn] [gc][young][1][1] duration [754ms], collections [1]/[1.2s], total [754ms]/[754ms], memory [522.1mb]->[56.9mb]/[1.9gb], all_pools {[young] [522.1mb]->[15.9mb]/[532.5mb]}{[survivor] [0b]->[46.3mb]/[66.5mb]}{[old] [0b]->[0b]/[1.3gb]}
[2017-09-28T18:51:45,960][WARN ][o.e.m.j.JvmGcMonitorService] [ht0EVsn] [gc][1] overhead, spent [754ms] collecting in the last [1.2s]
[2017-09-28T18:51:45,974][INFO ][o.e.t.TransportService   ] [ht0EVsn] publish_address {127.0.0.1:9300}, bound_addresses {[::1]:9300}, {127.0.0.1:9300}
[2017-09-28T18:51:45,999][WARN ][o.e.b.BootstrapCheck     ] [ht0EVsn] max file descriptors [8192] for elasticsearch process likely too low, increase to at least [65536]
[2017-09-28T18:51:45,999][WARN ][o.e.b.BootstrapCheck     ] [ht0EVsn] max virtual memory areas vm.max_map_count [65530] likely too low, increase to at least [262144]
[2017-09-28T18:52:22,688][WARN ][o.e.n.Node               ] [ht0EVsn] timed out while waiting for initial discovery state - timeout: 30s
[2017-09-28T18:54:27,274][INFO ][o.e.h.HttpServer         ] [ht0EVsn] publish_address {127.0.0.1:9200}, bound_addresses {[::1]:9200}, {127.0.0.1:9200}
[2017-09-28T18:54:27,488][INFO ][o.e.n.Node               ] [ht0EVsn] started
[2017-09-28T18:54:36,064][INFO ][o.e.c.s.ClusterService   ] [ht0EVsn] new_master {ht0EVsn}{ht0EVsnlRuyePr1G07P69g}{qpv3XofbTPSSeRk4zjM3gw}{127.0.0.1}{127.0.0.1:9300}, reason: zen-disco-elected-as-master ([0] nodes joined)
[2017-09-28T18:54:42,845][WARN ][o.e.c.s.ClusterService   ] [ht0EVsn] cluster state update task [zen-disco-elected-as-master ([0] nodes joined)] took [1.4m] above the warn threshold of 30s
[2017-09-28T18:55:26,459][INFO ][o.e.n.Node               ] [ht0EVsn] stopping ...
[2017-09-28T18:56:39,858][WARN ][o.e.t.TransportService   ] [ht0EVsn] Received response for a request that has timed out, sent [52640ms] ago, timed out [26810ms] ago, action [cluster:monitor/nodes/stats[n]], node [{ht0EVsn}{ht0EVsnlRuyePr1G07P69g}{qpv3XofbTPSSeRk4zjM3gw}{127.0.0.1}{127.0.0.1:9300}], id [11]
[2017-09-28T18:58:17,023][INFO ][o.e.n.Node               ] [ht0EVsn] stopped
[2017-09-28T18:58:18,873][INFO ][o.e.n.Node               ] [ht0EVsn] closing ...
[2017-09-28T18:56:49,832][DEBUG][o.e.a.a.c.n.s.TransportNodesStatsAction] [ht0EVsn] failed to execute on node [ht0EVsnlRuyePr1G07P69g]
org.elasticsearch.transport.ReceiveTimeoutTransportException: [ht0EVsn][127.0.0.1:9300][cluster:monitor/nodes/stats[n]] request_id [11] timed out after [25830ms]
	at org.elasticsearch.transport.TransportService$TimeoutHandler.run(TransportService.java:840) [elasticsearch-5.0.0.jar:5.0.0]
	at org.elasticsearch.common.util.concurrent.ThreadContext$ContextPreservingRunnable.run(ThreadContext.java:444) [elasticsearch-5.0.0.jar:5.0.0]
	at java.util.concurrent.ThreadPoolExecutor.runWorker(ThreadPoolExecutor.java:1142) [?:1.8.0_111]
	at java.util.concurrent.ThreadPoolExecutor$Worker.run(ThreadPoolExecutor.java:617) [?:1.8.0_111]
	at java.lang.Thread.run(Thread.java:745) [?:1.8.0_111]
[2017-09-28T18:58:24,855][WARN ][o.e.a.a.c.n.s.TransportNodesStatsAction] [ht0EVsn] ignoring unexpected response [null] of type [null], expected [NodeStats] or [FailedNodeException]
[2017-09-28T18:57:59,070][DEBUG][o.e.a.a.c.n.s.TransportNodesStatsAction] [ht0EVsn] failed to execute on node [ht0EVsnlRuyePr1G07P69g]
org.elasticsearch.transport.SendRequestTransportException: [ht0EVsn][127.0.0.1:9300][cluster:monitor/nodes/stats[n]]
	at org.elasticsearch.transport.TransportService.sendRequestInternal(TransportService.java:504) ~[elasticsearch-5.0.0.jar:5.0.0]
	at org.elasticsearch.transport.TransportService.sendRequest(TransportService.java:459) ~[elasticsearch-5.0.0.jar:5.0.0]
	at org.elasticsearch.action.support.nodes.TransportNodesAction$AsyncAction.start(TransportNodesAction.java:204) ~[elasticsearch-5.0.0.jar:5.0.0]
	at org.elasticsearch.action.support.nodes.TransportNodesAction.doExecute(TransportNodesAction.java:89) ~[elasticsearch-5.0.0.jar:5.0.0]
	at org.elasticsearch.action.support.nodes.TransportNodesAction.doExecute(TransportNodesAction.java:52) ~[elasticsearch-5.0.0.jar:5.0.0]
	at org.elasticsearch.action.support.TransportAction$RequestFilterChain.proceed(TransportAction.java:182) ~[elasticsearch-5.0.0.jar:5.0.0]
	at org.elasticsearch.action.ingest.IngestActionFilter.apply(IngestActionFilter.java:82) ~[elasticsearch-5.0.0.jar:5.0.0]
	at org.elasticsearch.action.support.TransportAction$RequestFilterChain.proceed(TransportAction.java:180) ~[elasticsearch-5.0.0.jar:5.0.0]
	at org.elasticsearch.action.support.TransportAction.execute(TransportAction.java:153) ~[elasticsearch-5.0.0.jar:5.0.0]
	at org.elasticsearch.action.support.TransportAction.execute(TransportAction.java:87) ~[elasticsearch-5.0.0.jar:5.0.0]
	at org.elasticsearch.cluster.InternalClusterInfoService.updateNodeStats(InternalClusterInfoService.java:263) ~[elasticsearch-5.0.0.jar:5.0.0]
	at org.elasticsearch.cluster.InternalClusterInfoService.refresh(InternalClusterInfoService.java:299) ~[elasticsearch-5.0.0.jar:5.0.0]
	at org.elasticsearch.cluster.InternalClusterInfoService.maybeRefresh(InternalClusterInfoService.java:284) ~[elasticsearch-5.0.0.jar:5.0.0]
	at org.elasticsearch.cluster.InternalClusterInfoService.access$500(InternalClusterInfoService.java:69) ~[elasticsearch-5.0.0.jar:5.0.0]
	at org.elasticsearch.cluster.InternalClusterInfoService$SubmitReschedulingClusterInfoUpdatedJob.lambda$run$0(InternalClusterInfoService.java:230) ~[elasticsearch-5.0.0.jar:5.0.0]
	at org.elasticsearch.common.util.concurrent.ThreadContext$ContextPreservingRunnable.run(ThreadContext.java:444) ~[elasticsearch-5.0.0.jar:5.0.0]
	at java.util.concurrent.ThreadPoolExecutor.runWorker(ThreadPoolExecutor.java:1142) [?:1.8.0_111]
	at java.util.concurrent.ThreadPoolExecutor$Worker.run(ThreadPoolExecutor.java:617) [?:1.8.0_111]
	at java.lang.Thread.run(Thread.java:745) [?:1.8.0_111]
Caused by: org.elasticsearch.transport.TransportException: TransportService is closed stopped can't send request
	at org.elasticsearch.transport.TransportService.sendRequestInternal(TransportService.java:484) ~[elasticsearch-5.0.0.jar:5.0.0]
	... 18 more
[2017-09-28T18:58:31,838][WARN ][o.e.a.a.c.n.s.TransportNodesStatsAction] [ht0EVsn] ignoring unexpected response [null] of type [null], expected [NodeStats] or [FailedNodeException]
[2017-09-28T18:58:44,458][DEBUG][o.e.a.a.c.n.s.TransportNodesStatsAction] [ht0EVsn] failed to execute on node [ht0EVsnlRuyePr1G07P69g]
org.elasticsearch.transport.SendRequestTransportException: [ht0EVsn][127.0.0.1:9300][cluster:monitor/nodes/stats[n]]
	at org.elasticsearch.transport.TransportService.sendRequestInternal(TransportService.java:504) ~[elasticsearch-5.0.0.jar:5.0.0]
	at org.elasticsearch.transport.TransportService.sendRequest(TransportService.java:459) ~[elasticsearch-5.0.0.jar:5.0.0]
	at org.elasticsearch.action.support.nodes.TransportNodesAction$AsyncAction.start(TransportNodesAction.java:204) ~[elasticsearch-5.0.0.jar:5.0.0]
	at org.elasticsearch.action.support.nodes.TransportNodesAction.doExecute(TransportNodesAction.java:89) ~[elasticsearch-5.0.0.jar:5.0.0]
	at org.elasticsearch.action.support.nodes.TransportNodesAction.doExecute(TransportNodesAction.java:52) ~[elasticsearch-5.0.0.jar:5.0.0]
	at org.elasticsearch.action.support.TransportAction$RequestFilterChain.proceed(TransportAction.java:182) ~[elasticsearch-5.0.0.jar:5.0.0]
	at org.elasticsearch.action.ingest.IngestActionFilter.apply(IngestActionFilter.java:82) ~[elasticsearch-5.0.0.jar:5.0.0]
	at org.elasticsearch.action.support.TransportAction$RequestFilterChain.proceed(TransportAction.java:180) ~[elasticsearch-5.0.0.jar:5.0.0]
	at org.elasticsearch.action.support.TransportAction.execute(TransportAction.java:153) ~[elasticsearch-5.0.0.jar:5.0.0]
	at org.elasticsearch.action.support.TransportAction.execute(TransportAction.java:87) ~[elasticsearch-5.0.0.jar:5.0.0]
	at org.elasticsearch.cluster.InternalClusterInfoService.updateNodeStats(InternalClusterInfoService.java:263) ~[elasticsearch-5.0.0.jar:5.0.0]
	at org.elasticsearch.cluster.InternalClusterInfoService.refresh(InternalClusterInfoService.java:299) ~[elasticsearch-5.0.0.jar:5.0.0]
	at org.elasticsearch.cluster.InternalClusterInfoService.maybeRefresh(InternalClusterInfoService.java:284) ~[elasticsearch-5.0.0.jar:5.0.0]
	at org.elasticsearch.cluster.InternalClusterInfoService.access$500(InternalClusterInfoService.java:69) ~[elasticsearch-5.0.0.jar:5.0.0]
	at org.elasticsearch.cluster.InternalClusterInfoService$SubmitReschedulingClusterInfoUpdatedJob.lambda$run$0(InternalClusterInfoService.java:230) ~[elasticsearch-5.0.0.jar:5.0.0]
	at org.elasticsearch.common.util.concurrent.ThreadContext$ContextPreservingRunnable.run(ThreadContext.java:444) ~[elasticsearch-5.0.0.jar:5.0.0]
	at java.util.concurrent.ThreadPoolExecutor.runWorker(ThreadPoolExecutor.java:1142) [?:1.8.0_111]
	at java.util.concurrent.ThreadPoolExecutor$Worker.run(ThreadPoolExecutor.java:617) [?:1.8.0_111]
	at java.lang.Thread.run(Thread.java:745) [?:1.8.0_111]
Caused by: org.elasticsearch.transport.TransportException: TransportService is closed stopped can't send request
	at org.elasticsearch.transport.TransportService.sendRequestInternal(TransportService.java:484) ~[elasticsearch-5.0.0.jar:5.0.0]
	... 18 more
[2017-09-28T18:58:51,867][WARN ][o.e.a.a.c.n.s.TransportNodesStatsAction] [ht0EVsn] ignoring unexpected response [null] of type [null], expected [NodeStats] or [FailedNodeException]
[2017-09-28T18:58:59,014][WARN ][o.e.g.Gateway            ] [ht0EVsn] recovering index [posts_development_20170406113034845/nOPYxCilRPKvkiwnGVQWUg] failed - recovering as closed
org.elasticsearch.common.util.concurrent.EsRejectedExecutionException: rejected execution of java.util.concurrent.ScheduledThreadPoolExecutor$ScheduledFutureTask@1c9225a9 on java.util.concurrent.ScheduledThreadPoolExecutor@5b438dd8[Terminated, pool size = 0, active threads = 0, queued tasks = 0, completed tasks = 266]
	at org.elasticsearch.common.util.concurrent.EsAbortPolicy.rejectedExecution(EsAbortPolicy.java:50) ~[elasticsearch-5.0.0.jar:5.0.0]
	at java.util.concurrent.ThreadPoolExecutor.reject(ThreadPoolExecutor.java:823) ~[?:1.8.0_111]
	at java.util.concurrent.ScheduledThreadPoolExecutor.delayedExecute(ScheduledThreadPoolExecutor.java:326) ~[?:1.8.0_111]
	at java.util.concurrent.ScheduledThreadPoolExecutor.schedule(ScheduledThreadPoolExecutor.java:533) ~[?:1.8.0_111]
	at org.elasticsearch.threadpool.ThreadPool.schedule(ThreadPool.java:338) ~[elasticsearch-5.0.0.jar:5.0.0]
	at org.elasticsearch.index.IndexService$BaseAsyncTask.onTaskCompletion(IndexService.java:772) ~[elasticsearch-5.0.0.jar:5.0.0]
	at org.elasticsearch.index.IndexService$BaseAsyncTask.<init>(IndexService.java:758) ~[elasticsearch-5.0.0.jar:5.0.0]
	at org.elasticsearch.index.IndexService$AsyncRefreshTask.<init>(IndexService.java:870) ~[elasticsearch-5.0.0.jar:5.0.0]
	at org.elasticsearch.index.IndexService.<init>(IndexService.java:165) ~[elasticsearch-5.0.0.jar:5.0.0]
	at org.elasticsearch.index.IndexModule.newIndexService(IndexModule.java:348) ~[elasticsearch-5.0.0.jar:5.0.0]
	at org.elasticsearch.indices.IndicesService.createIndexService(IndicesService.java:410) ~[elasticsearch-5.0.0.jar:5.0.0]
	at org.elasticsearch.indices.IndicesService.verifyIndexMetadata(IndicesService.java:427) ~[elasticsearch-5.0.0.jar:5.0.0]
	at org.elasticsearch.gateway.Gateway.performStateRecovery(Gateway.java:137) [elasticsearch-5.0.0.jar:5.0.0]
	at org.elasticsearch.gateway.GatewayService$1.doRun(GatewayService.java:229) [elasticsearch-5.0.0.jar:5.0.0]
	at org.elasticsearch.common.util.concurrent.ThreadContext$ContextPreservingAbstractRunnable.doRun(ThreadContext.java:504) [elasticsearch-5.0.0.jar:5.0.0]
	at org.elasticsearch.common.util.concurrent.AbstractRunnable.run(AbstractRunnable.java:37) [elasticsearch-5.0.0.jar:5.0.0]
	at java.util.concurrent.ThreadPoolExecutor.runWorker(ThreadPoolExecutor.java:1142) [?:1.8.0_111]
	at java.util.concurrent.ThreadPoolExecutor$Worker.run(ThreadPoolExecutor.java:617) [?:1.8.0_111]
	at java.lang.Thread.run(Thread.java:745) [?:1.8.0_111]
[2017-09-28T18:58:59,040][WARN ][o.e.g.Gateway            ] [ht0EVsn] recovering index [discussions_development_20170925232326418/yllOs_WsQp2O46C9x29OOA] failed - recovering as closed
org.elasticsearch.common.util.concurrent.EsRejectedExecutionException: rejected execution of java.util.concurrent.ScheduledThreadPoolExecutor$ScheduledFutureTask@7eaea76a on java.util.concurrent.ScheduledThreadPoolExecutor@5b438dd8[Terminated, pool size = 0, active threads = 0, queued tasks = 0, completed tasks = 266]
	at org.elasticsearch.common.util.concurrent.EsAbortPolicy.rejectedExecution(EsAbortPolicy.java:50) ~[elasticsearch-5.0.0.jar:5.0.0]
	at java.util.concurrent.ThreadPoolExecutor.reject(ThreadPoolExecutor.java:823) ~[?:1.8.0_111]
	at java.util.concurrent.ScheduledThreadPoolExecutor.delayedExecute(ScheduledThreadPoolExecutor.java:326) ~[?:1.8.0_111]
	at java.util.concurrent.ScheduledThreadPoolExecutor.schedule(ScheduledThreadPoolExecutor.java:533) ~[?:1.8.0_111]
	at org.elasticsearch.threadpool.ThreadPool.schedule(ThreadPool.java:338) ~[elasticsearch-5.0.0.jar:5.0.0]
	at org.elasticsearch.index.IndexService$BaseAsyncTask.onTaskCompletion(IndexService.java:772) ~[elasticsearch-5.0.0.jar:5.0.0]
	at org.elasticsearch.index.IndexService$BaseAsyncTask.<init>(IndexService.java:758) ~[elasticsearch-5.0.0.jar:5.0.0]
	at org.elasticsearch.index.IndexService$AsyncRefreshTask.<init>(IndexService.java:870) ~[elasticsearch-5.0.0.jar:5.0.0]
	at org.elasticsearch.index.IndexService.<init>(IndexService.java:165) ~[elasticsearch-5.0.0.jar:5.0.0]
	at org.elasticsearch.index.IndexModule.newIndexService(IndexModule.java:348) ~[elasticsearch-5.0.0.jar:5.0.0]
	at org.elasticsearch.indices.IndicesService.createIndexService(IndicesService.java:410) ~[elasticsearch-5.0.0.jar:5.0.0]
	at org.elasticsearch.indices.IndicesService.verifyIndexMetadata(IndicesService.java:427) ~[elasticsearch-5.0.0.jar:5.0.0]
	at org.elasticsearch.gateway.Gateway.performStateRecovery(Gateway.java:137) [elasticsearch-5.0.0.jar:5.0.0]
	at org.elasticsearch.gateway.GatewayService$1.doRun(GatewayService.java:229) [elasticsearch-5.0.0.jar:5.0.0]
	at org.elasticsearch.common.util.concurrent.ThreadContext$ContextPreservingAbstractRunnable.doRun(ThreadContext.java:504) [elasticsearch-5.0.0.jar:5.0.0]
	at org.elasticsearch.common.util.concurrent.AbstractRunnable.run(AbstractRunnable.java:37) [elasticsearch-5.0.0.jar:5.0.0]
	at java.util.concurrent.ThreadPoolExecutor.runWorker(ThreadPoolExecutor.java:1142) [?:1.8.0_111]
	at java.util.concurrent.ThreadPoolExecutor$Worker.run(ThreadPoolExecutor.java:617) [?:1.8.0_111]
	at java.lang.Thread.run(Thread.java:745) [?:1.8.0_111]
[2017-09-28T18:58:59,049][WARN ][o.e.g.Gateway            ] [ht0EVsn] recovering index [vehicles/WAiVSC2ITNi0QX4cKC523g] failed - recovering as closed
org.elasticsearch.common.util.concurrent.EsRejectedExecutionException: rejected execution of java.util.concurrent.ScheduledThreadPoolExecutor$ScheduledFutureTask@33d690bc on java.util.concurrent.ScheduledThreadPoolExecutor@5b438dd8[Terminated, pool size = 0, active threads = 0, queued tasks = 0, completed tasks = 266]
	at org.elasticsearch.common.util.concurrent.EsAbortPolicy.rejectedExecution(EsAbortPolicy.java:50) ~[elasticsearch-5.0.0.jar:5.0.0]
	at java.util.concurrent.ThreadPoolExecutor.reject(ThreadPoolExecutor.java:823) ~[?:1.8.0_111]
	at java.util.concurrent.ScheduledThreadPoolExecutor.delayedExecute(ScheduledThreadPoolExecutor.java:326) ~[?:1.8.0_111]
	at java.util.concurrent.ScheduledThreadPoolExecutor.schedule(ScheduledThreadPoolExecutor.java:533) ~[?:1.8.0_111]
	at org.elasticsearch.threadpool.ThreadPool.schedule(ThreadPool.java:338) ~[elasticsearch-5.0.0.jar:5.0.0]
	at org.elasticsearch.index.IndexService$BaseAsyncTask.onTaskCompletion(IndexService.java:772) ~[elasticsearch-5.0.0.jar:5.0.0]
	at org.elasticsearch.index.IndexService$BaseAsyncTask.<init>(IndexService.java:758) ~[elasticsearch-5.0.0.jar:5.0.0]
	at org.elasticsearch.index.IndexService$AsyncRefreshTask.<init>(IndexService.java:870) ~[elasticsearch-5.0.0.jar:5.0.0]
	at org.elasticsearch.index.IndexService.<init>(IndexService.java:165) ~[elasticsearch-5.0.0.jar:5.0.0]
	at org.elasticsearch.index.IndexModule.newIndexService(IndexModule.java:348) ~[elasticsearch-5.0.0.jar:5.0.0]
	at org.elasticsearch.indices.IndicesService.createIndexService(IndicesService.java:410) ~[elasticsearch-5.0.0.jar:5.0.0]
	at org.elasticsearch.indices.IndicesService.verifyIndexMetadata(IndicesService.java:427) ~[elasticsearch-5.0.0.jar:5.0.0]
	at org.elasticsearch.gateway.Gateway.performStateRecovery(Gateway.java:137) [elasticsearch-5.0.0.jar:5.0.0]
	at org.elasticsearch.gateway.GatewayService$1.doRun(GatewayService.java:229) [elasticsearch-5.0.0.jar:5.0.0]
	at org.elasticsearch.common.util.concurrent.ThreadContext$ContextPreservingAbstractRunnable.doRun(ThreadContext.java:504) [elasticsearch-5.0.0.jar:5.0.0]
	at org.elasticsearch.common.util.concurrent.AbstractRunnable.run(AbstractRunnable.java:37) [elasticsearch-5.0.0.jar:5.0.0]
	at java.util.concurrent.ThreadPoolExecutor.runWorker(ThreadPoolExecutor.java:1142) [?:1.8.0_111]
	at java.util.concurrent.ThreadPoolExecutor$Worker.run(ThreadPoolExecutor.java:617) [?:1.8.0_111]
	at java.lang.Thread.run(Thread.java:745) [?:1.8.0_111]
[2017-09-28T18:58:59,065][WARN ][o.e.g.Gateway            ] [ht0EVsn] recovering index [clubs_development_20170911130003099/YVkEj_mkRT-xEmSbmy6_QA] failed - recovering as closed
org.elasticsearch.common.util.concurrent.EsRejectedExecutionException: rejected execution of java.util.concurrent.ScheduledThreadPoolExecutor$ScheduledFutureTask@7a64ce09 on java.util.concurrent.ScheduledThreadPoolExecutor@5b438dd8[Terminated, pool size = 0, active threads = 0, queued tasks = 0, completed tasks = 266]
	at org.elasticsearch.common.util.concurrent.EsAbortPolicy.rejectedExecution(EsAbortPolicy.java:50) ~[elasticsearch-5.0.0.jar:5.0.0]
	at java.util.concurrent.ThreadPoolExecutor.reject(ThreadPoolExecutor.java:823) ~[?:1.8.0_111]
	at java.util.concurrent.ScheduledThreadPoolExecutor.delayedExecute(ScheduledThreadPoolExecutor.java:326) ~[?:1.8.0_111]
	at java.util.concurrent.ScheduledThreadPoolExecutor.schedule(ScheduledThreadPoolExecutor.java:533) ~[?:1.8.0_111]
	at org.elasticsearch.threadpool.ThreadPool.schedule(ThreadPool.java:338) ~[elasticsearch-5.0.0.jar:5.0.0]
	at org.elasticsearch.index.IndexService$BaseAsyncTask.onTaskCompletion(IndexService.java:772) ~[elasticsearch-5.0.0.jar:5.0.0]
	at org.elasticsearch.index.IndexService$BaseAsyncTask.<init>(IndexService.java:758) ~[elasticsearch-5.0.0.jar:5.0.0]
	at org.elasticsearch.index.IndexService$AsyncRefreshTask.<init>(IndexService.java:870) ~[elasticsearch-5.0.0.jar:5.0.0]
	at org.elasticsearch.index.IndexService.<init>(IndexService.java:165) ~[elasticsearch-5.0.0.jar:5.0.0]
	at org.elasticsearch.index.IndexModule.newIndexService(IndexModule.java:348) ~[elasticsearch-5.0.0.jar:5.0.0]
	at org.elasticsearch.indices.IndicesService.createIndexService(IndicesService.java:410) ~[elasticsearch-5.0.0.jar:5.0.0]
	at org.elasticsearch.indices.IndicesService.verifyIndexMetadata(IndicesService.java:427) ~[elasticsearch-5.0.0.jar:5.0.0]
	at org.elasticsearch.gateway.Gateway.performStateRecovery(Gateway.java:137) [elasticsearch-5.0.0.jar:5.0.0]
	at org.elasticsearch.gateway.GatewayService$1.doRun(GatewayService.java:229) [elasticsearch-5.0.0.jar:5.0.0]
	at org.elasticsearch.common.util.concurrent.ThreadContext$ContextPreservingAbstractRunnable.doRun(ThreadContext.java:504) [elasticsearch-5.0.0.jar:5.0.0]
	at org.elasticsearch.common.util.concurrent.AbstractRunnable.run(AbstractRunnable.java:37) [elasticsearch-5.0.0.jar:5.0.0]
	at java.util.concurrent.ThreadPoolExecutor.runWorker(ThreadPoolExecutor.java:1142) [?:1.8.0_111]
	at java.util.concurrent.ThreadPoolExecutor$Worker.run(ThreadPoolExecutor.java:617) [?:1.8.0_111]
	at java.lang.Thread.run(Thread.java:745) [?:1.8.0_111]
[2017-09-28T18:58:59,081][WARN ][o.e.g.Gateway            ] [ht0EVsn] recovering index [vehicles_development_20170328112843769/7RvIp9gSRDOCTngpUIpSdQ] failed - recovering as closed
org.elasticsearch.common.util.concurrent.EsRejectedExecutionException: rejected execution of java.util.concurrent.ScheduledThreadPoolExecutor$ScheduledFutureTask@2af51077 on java.util.concurrent.ScheduledThreadPoolExecutor@5b438dd8[Terminated, pool size = 0, active threads = 0, queued tasks = 0, completed tasks = 266]
	at org.elasticsearch.common.util.concurrent.EsAbortPolicy.rejectedExecution(EsAbortPolicy.java:50) ~[elasticsearch-5.0.0.jar:5.0.0]
	at java.util.concurrent.ThreadPoolExecutor.reject(ThreadPoolExecutor.java:823) ~[?:1.8.0_111]
	at java.util.concurrent.ScheduledThreadPoolExecutor.delayedExecute(ScheduledThreadPoolExecutor.java:326) ~[?:1.8.0_111]
	at java.util.concurrent.ScheduledThreadPoolExecutor.schedule(ScheduledThreadPoolExecutor.java:533) ~[?:1.8.0_111]
	at org.elasticsearch.threadpool.ThreadPool.schedule(ThreadPool.java:338) ~[elasticsearch-5.0.0.jar:5.0.0]
	at org.elasticsearch.index.IndexService$BaseAsyncTask.onTaskCompletion(IndexService.java:772) ~[elasticsearch-5.0.0.jar:5.0.0]
	at org.elasticsearch.index.IndexService$BaseAsyncTask.<init>(IndexService.java:758) ~[elasticsearch-5.0.0.jar:5.0.0]
	at org.elasticsearch.index.IndexService$AsyncRefreshTask.<init>(IndexService.java:870) ~[elasticsearch-5.0.0.jar:5.0.0]
	at org.elasticsearch.index.IndexService.<init>(IndexService.java:165) ~[elasticsearch-5.0.0.jar:5.0.0]
	at org.elasticsearch.index.IndexModule.newIndexService(IndexModule.java:348) ~[elasticsearch-5.0.0.jar:5.0.0]
	at org.elasticsearch.indices.IndicesService.createIndexService(IndicesService.java:410) ~[elasticsearch-5.0.0.jar:5.0.0]
	at org.elasticsearch.indices.IndicesService.verifyIndexMetadata(IndicesService.java:427) ~[elasticsearch-5.0.0.jar:5.0.0]
	at org.elasticsearch.gateway.Gateway.performStateRecovery(Gateway.java:137) [elasticsearch-5.0.0.jar:5.0.0]
	at org.elasticsearch.gateway.GatewayService$1.doRun(GatewayService.java:229) [elasticsearch-5.0.0.jar:5.0.0]
	at org.elasticsearch.common.util.concurrent.ThreadContext$ContextPreservingAbstractRunnable.doRun(ThreadContext.java:504) [elasticsearch-5.0.0.jar:5.0.0]
	at org.elasticsearch.common.util.concurrent.AbstractRunnable.run(AbstractRunnable.java:37) [elasticsearch-5.0.0.jar:5.0.0]
	at java.util.concurrent.ThreadPoolExecutor.runWorker(ThreadPoolExecutor.java:1142) [?:1.8.0_111]
	at java.util.concurrent.ThreadPoolExecutor$Worker.run(ThreadPoolExecutor.java:617) [?:1.8.0_111]
	at java.lang.Thread.run(Thread.java:745) [?:1.8.0_111]
[2017-09-28T18:58:59,088][INFO ][o.e.n.Node               ] [ht0EVsn] closed
