[2017-12-18T12:13:08,100][INFO ][o.e.n.Node               ] [] initializing ...
[2017-12-18T12:13:08,603][INFO ][o.e.e.NodeEnvironment    ] [ht0EVsn] using [1] data paths, mounts [[/ (none)]], net usable_space [6.4gb], net total_space [10.6gb], spins? [possibly], types [aufs]
[2017-12-18T12:13:08,604][INFO ][o.e.e.NodeEnvironment    ] [ht0EVsn] heap size [1.9gb], compressed ordinary object pointers [true]
[2017-12-18T12:13:08,732][INFO ][o.e.n.Node               ] [ht0EVsn] node name [ht0EVsn] derived from node ID; set [node.name] to override
[2017-12-18T12:13:08,740][INFO ][o.e.n.Node               ] [ht0EVsn] version[5.0.0], pid[81048], build[253032b/2016-10-26T04:37:51.531Z], OS[Linux/4.9.17-c9/amd64], JVM[Oracle Corporation/Java HotSpot(TM) 64-Bit Server VM/1.8.0_111/25.111-b14]
[2017-12-18T12:16:09,841][INFO ][o.e.p.PluginsService     ] [ht0EVsn] loaded module [aggs-matrix-stats]
[2017-12-18T12:16:09,841][INFO ][o.e.p.PluginsService     ] [ht0EVsn] loaded module [ingest-common]
[2017-12-18T12:16:09,841][INFO ][o.e.p.PluginsService     ] [ht0EVsn] loaded module [lang-expression]
[2017-12-18T12:16:09,841][INFO ][o.e.p.PluginsService     ] [ht0EVsn] loaded module [lang-groovy]
[2017-12-18T12:16:09,841][INFO ][o.e.p.PluginsService     ] [ht0EVsn] loaded module [lang-mustache]
[2017-12-18T12:16:09,841][INFO ][o.e.p.PluginsService     ] [ht0EVsn] loaded module [lang-painless]
[2017-12-18T12:16:09,842][INFO ][o.e.p.PluginsService     ] [ht0EVsn] loaded module [percolator]
[2017-12-18T12:16:09,842][INFO ][o.e.p.PluginsService     ] [ht0EVsn] loaded module [reindex]
[2017-12-18T12:16:09,842][INFO ][o.e.p.PluginsService     ] [ht0EVsn] loaded module [transport-netty3]
[2017-12-18T12:16:09,842][INFO ][o.e.p.PluginsService     ] [ht0EVsn] loaded module [transport-netty4]
[2017-12-18T12:16:09,843][INFO ][o.e.p.PluginsService     ] [ht0EVsn] no plugins loaded
[2017-12-18T12:16:18,882][INFO ][o.e.n.Node               ] [ht0EVsn] initialized
[2017-12-18T12:16:18,883][INFO ][o.e.n.Node               ] [ht0EVsn] starting ...
[2017-12-18T12:16:21,533][INFO ][o.e.t.TransportService   ] [ht0EVsn] publish_address {127.0.0.1:9300}, bound_addresses {[::1]:9300}, {127.0.0.1:9300}
[2017-12-18T12:16:21,569][WARN ][o.e.m.j.JvmGcMonitorService] [ht0EVsn] [gc][young][1][1] duration [1.9s], collections [1]/[2.6s], total [1.9s]/[1.9s], memory [511.3mb]->[62.3mb]/[1.9gb], all_pools {[young] [511.3mb]->[21.3mb]/[532.5mb]}{[survivor] [0b]->[46.3mb]/[66.5mb]}{[old] [0b]->[0b]/[1.3gb]}
[2017-12-18T12:16:21,573][WARN ][o.e.m.j.JvmGcMonitorService] [ht0EVsn] [gc][1] overhead, spent [1.9s] collecting in the last [2.6s]
[2017-12-18T12:16:21,575][WARN ][o.e.b.BootstrapCheck     ] [ht0EVsn] max file descriptors [8192] for elasticsearch process likely too low, increase to at least [65536]
[2017-12-18T12:16:21,575][WARN ][o.e.b.BootstrapCheck     ] [ht0EVsn] max virtual memory areas vm.max_map_count [65530] likely too low, increase to at least [262144]
[2017-12-18T12:22:20,967][INFO ][o.e.n.Node               ] [] initializing ...
[2017-12-18T12:22:21,072][INFO ][o.e.e.NodeEnvironment    ] [ht0EVsn] using [1] data paths, mounts [[/ (none)]], net usable_space [6.4gb], net total_space [10.6gb], spins? [possibly], types [aufs]
[2017-12-18T12:22:21,073][INFO ][o.e.e.NodeEnvironment    ] [ht0EVsn] heap size [1.9gb], compressed ordinary object pointers [true]
[2017-12-18T12:22:21,198][INFO ][o.e.n.Node               ] [ht0EVsn] node name [ht0EVsn] derived from node ID; set [node.name] to override
[2017-12-18T12:22:21,202][INFO ][o.e.n.Node               ] [ht0EVsn] version[5.0.0], pid[1950], build[253032b/2016-10-26T04:37:51.531Z], OS[Linux/4.9.17-c9/amd64], JVM[Oracle Corporation/Java HotSpot(TM) 64-Bit Server VM/1.8.0_111/25.111-b14]
[2017-12-18T12:22:23,544][INFO ][o.e.p.PluginsService     ] [ht0EVsn] loaded module [aggs-matrix-stats]
[2017-12-18T12:22:23,545][INFO ][o.e.p.PluginsService     ] [ht0EVsn] loaded module [ingest-common]
[2017-12-18T12:22:23,545][INFO ][o.e.p.PluginsService     ] [ht0EVsn] loaded module [lang-expression]
[2017-12-18T12:22:23,545][INFO ][o.e.p.PluginsService     ] [ht0EVsn] loaded module [lang-groovy]
[2017-12-18T12:22:23,545][INFO ][o.e.p.PluginsService     ] [ht0EVsn] loaded module [lang-mustache]
[2017-12-18T12:22:23,545][INFO ][o.e.p.PluginsService     ] [ht0EVsn] loaded module [lang-painless]
[2017-12-18T12:22:23,545][INFO ][o.e.p.PluginsService     ] [ht0EVsn] loaded module [percolator]
[2017-12-18T12:22:23,546][INFO ][o.e.p.PluginsService     ] [ht0EVsn] loaded module [reindex]
[2017-12-18T12:22:23,546][INFO ][o.e.p.PluginsService     ] [ht0EVsn] loaded module [transport-netty3]
[2017-12-18T12:22:23,546][INFO ][o.e.p.PluginsService     ] [ht0EVsn] loaded module [transport-netty4]
[2017-12-18T12:22:23,547][INFO ][o.e.p.PluginsService     ] [ht0EVsn] no plugins loaded
[2017-12-18T12:22:27,977][INFO ][o.e.n.Node               ] [ht0EVsn] initialized
[2017-12-18T12:22:27,977][INFO ][o.e.n.Node               ] [ht0EVsn] starting ...
[2017-12-18T12:22:28,342][INFO ][o.e.t.TransportService   ] [ht0EVsn] publish_address {127.0.0.1:9300}, bound_addresses {[::1]:9300}, {127.0.0.1:9300}
[2017-12-18T12:22:28,352][WARN ][o.e.b.BootstrapCheck     ] [ht0EVsn] max file descriptors [8192] for elasticsearch process likely too low, increase to at least [65536]
[2017-12-18T12:22:28,353][WARN ][o.e.b.BootstrapCheck     ] [ht0EVsn] max virtual memory areas vm.max_map_count [65530] likely too low, increase to at least [262144]
[2017-12-18T12:22:31,569][INFO ][o.e.c.s.ClusterService   ] [ht0EVsn] new_master {ht0EVsn}{ht0EVsnlRuyePr1G07P69g}{isQMlmTqS9mb3W3tj_vUWQ}{127.0.0.1}{127.0.0.1:9300}, reason: zen-disco-elected-as-master ([0] nodes joined)
[2017-12-18T12:22:31,594][INFO ][o.e.h.HttpServer         ] [ht0EVsn] publish_address {127.0.0.1:9200}, bound_addresses {[::1]:9200}, {127.0.0.1:9200}
[2017-12-18T12:22:31,595][INFO ][o.e.n.Node               ] [ht0EVsn] started
[2017-12-18T12:22:32,593][INFO ][o.e.g.GatewayService     ] [ht0EVsn] recovered [5] indices into cluster_state
[2017-12-18T12:22:34,860][INFO ][o.e.c.r.a.AllocationService] [ht0EVsn] Cluster health status changed from [RED] to [YELLOW] (reason: [shards started [[vehicles][1]] ...]).
[2017-12-18T12:41:04,460][WARN ][o.e.m.j.JvmGcMonitorService] [ht0EVsn] [gc][young][1114][2] duration [1s], collections [1]/[1.1s], total [1s]/[1s], memory [577.3mb]->[110.9mb]/[1.9gb], all_pools {[young] [530.9mb]->[8.1mb]/[532.5mb]}{[survivor] [46.4mb]->[66.5mb]/[66.5mb]}{[old] [0b]->[37.6mb]/[1.3gb]}
[2017-12-18T12:41:04,464][WARN ][o.e.m.j.JvmGcMonitorService] [ht0EVsn] [gc][1114] overhead, spent [1s] collecting in the last [1.1s]
[2017-12-18T13:59:09,359][WARN ][o.e.m.j.JvmGcMonitorService] [ht0EVsn] [gc][young][5780][3] duration [1.5s], collections [1]/[2.1s], total [1.5s]/[2.6s], memory [636.7mb]->[89mb]/[1.9gb], all_pools {[young] [532.5mb]->[4.5mb]/[532.5mb]}{[survivor] [66.5mb]->[6.6mb]/[66.5mb]}{[old] [37.6mb]->[80.2mb]/[1.3gb]}
[2017-12-18T13:59:09,360][WARN ][o.e.m.j.JvmGcMonitorService] [ht0EVsn] [gc][5780] overhead, spent [1.5s] collecting in the last [2.1s]
[2017-12-18T14:33:37,994][WARN ][o.e.m.j.JvmGcMonitorService] [ht0EVsn] [gc][young][7781][4] duration [7s], collections [1]/[7.3s], total [7s]/[9.7s], memory [613mb]->[298.1mb]/[1.9gb], all_pools {[young] [526.1mb]->[3.1mb]/[532.5mb]}{[survivor] [6.6mb]->[54.8mb]/[66.5mb]}{[old] [80.2mb]->[240.2mb]/[1.3gb]}
[2017-12-18T14:33:37,999][WARN ][o.e.m.j.JvmGcMonitorService] [ht0EVsn] [gc][7781] overhead, spent [7s] collecting in the last [7.3s]
[2017-12-18T15:43:09,601][WARN ][o.e.m.j.JvmGcMonitorService] [ht0EVsn] [gc][young][11948][5] duration [2.2s], collections [1]/[3.1s], total [2.2s]/[11.9s], memory [827.6mb]->[300.1mb]/[1.9gb], all_pools {[young] [532.5mb]->[3.3mb]/[532.5mb]}{[survivor] [54.8mb]->[5.4mb]/[66.5mb]}{[old] [240.2mb]->[292.4mb]/[1.3gb]}
[2017-12-18T15:43:09,602][WARN ][o.e.m.j.JvmGcMonitorService] [ht0EVsn] [gc][11948] overhead, spent [2.2s] collecting in the last [3.1s]
