[2017-08-02T12:19:43,942][INFO ][o.e.c.m.MetaDataMappingService] [ht0EVsn] [vehicles_development_20170328112843769/7RvIp9gSRDOCTngpUIpSdQ] update_mapping [vehicle]
[2017-08-02T12:38:54,553][INFO ][o.e.n.Node               ] [] initializing ...
[2017-08-02T12:38:55,018][INFO ][o.e.e.NodeEnvironment    ] [ht0EVsn] using [1] data paths, mounts [[/ (none)]], net usable_space [6.9gb], net total_space [10.6gb], spins? [possibly], types [aufs]
[2017-08-02T12:38:55,018][INFO ][o.e.e.NodeEnvironment    ] [ht0EVsn] heap size [1.9gb], compressed ordinary object pointers [true]
[2017-08-02T12:38:55,090][INFO ][o.e.n.Node               ] [ht0EVsn] node name [ht0EVsn] derived from node ID; set [node.name] to override
[2017-08-02T12:38:55,095][INFO ][o.e.n.Node               ] [ht0EVsn] version[5.0.0], pid[77260], build[253032b/2016-10-26T04:37:51.531Z], OS[Linux/4.9.17-c9/amd64], JVM[Oracle Corporation/Java HotSpot(TM) 64-Bit Server VM/1.8.0_111/25.111-b14]
[2017-08-02T12:39:07,709][INFO ][o.e.p.PluginsService     ] [ht0EVsn] loaded module [aggs-matrix-stats]
[2017-08-02T12:39:07,714][INFO ][o.e.p.PluginsService     ] [ht0EVsn] loaded module [ingest-common]
[2017-08-02T12:39:07,714][INFO ][o.e.p.PluginsService     ] [ht0EVsn] loaded module [lang-expression]
[2017-08-02T12:39:07,714][INFO ][o.e.p.PluginsService     ] [ht0EVsn] loaded module [lang-groovy]
[2017-08-02T12:39:07,715][INFO ][o.e.p.PluginsService     ] [ht0EVsn] loaded module [lang-mustache]
[2017-08-02T12:39:07,715][INFO ][o.e.p.PluginsService     ] [ht0EVsn] loaded module [lang-painless]
[2017-08-02T12:39:07,715][INFO ][o.e.p.PluginsService     ] [ht0EVsn] loaded module [percolator]
[2017-08-02T12:39:07,716][INFO ][o.e.p.PluginsService     ] [ht0EVsn] loaded module [reindex]
[2017-08-02T12:39:07,717][INFO ][o.e.p.PluginsService     ] [ht0EVsn] loaded module [transport-netty3]
[2017-08-02T12:39:07,717][INFO ][o.e.p.PluginsService     ] [ht0EVsn] loaded module [transport-netty4]
[2017-08-02T12:39:07,719][INFO ][o.e.p.PluginsService     ] [ht0EVsn] no plugins loaded
[2017-08-02T12:39:18,951][INFO ][o.e.n.Node               ] [ht0EVsn] initialized
[2017-08-02T12:39:18,951][INFO ][o.e.n.Node               ] [ht0EVsn] starting ...
[2017-08-02T12:39:20,078][INFO ][o.e.t.TransportService   ] [ht0EVsn] publish_address {127.0.0.1:9300}, bound_addresses {[::1]:9300}, {127.0.0.1:9300}
[2017-08-02T12:39:20,115][WARN ][o.e.b.BootstrapCheck     ] [ht0EVsn] max file descriptors [8192] for elasticsearch process likely too low, increase to at least [65536]
[2017-08-02T12:39:20,115][WARN ][o.e.b.BootstrapCheck     ] [ht0EVsn] max virtual memory areas vm.max_map_count [65530] likely too low, increase to at least [262144]
[2017-08-02T12:39:24,218][INFO ][o.e.c.s.ClusterService   ] [ht0EVsn] new_master {ht0EVsn}{ht0EVsnlRuyePr1G07P69g}{1kZCqyG1TkW6psnt0cNC-Q}{127.0.0.1}{127.0.0.1:9300}, reason: zen-disco-elected-as-master ([0] nodes joined)
[2017-08-02T12:39:24,382][INFO ][o.e.h.HttpServer         ] [ht0EVsn] publish_address {127.0.0.1:9200}, bound_addresses {[::1]:9200}, {127.0.0.1:9200}
[2017-08-02T12:39:24,385][INFO ][o.e.n.Node               ] [ht0EVsn] started
[2017-08-02T12:39:25,525][INFO ][o.e.g.GatewayService     ] [ht0EVsn] recovered [3] indices into cluster_state
[2017-08-02T12:39:29,643][INFO ][o.e.c.r.a.AllocationService] [ht0EVsn] Cluster health status changed from [RED] to [YELLOW] (reason: [shards started [[vehicles_development_20170328112843769][3]] ...]).
[2017-08-02T12:54:29,432][WARN ][o.e.m.j.JvmGcMonitorService] [ht0EVsn] [gc][young][906][2] duration [2.4s], collections [1]/[3.1s], total [2.4s]/[2.6s], memory [578.9mb]->[168.5mb]/[1.9gb], all_pools {[young] [532.5mb]->[4.8mb]/[532.5mb]}{[survivor] [46.3mb]->[66.4mb]/[66.5mb]}{[old] [0b]->[100.6mb]/[1.3gb]}
[2017-08-02T12:54:29,434][WARN ][o.e.m.j.JvmGcMonitorService] [ht0EVsn] [gc][906] overhead, spent [2.4s] collecting in the last [3.1s]
[2017-08-02T14:19:45,262][WARN ][o.e.m.j.JvmGcMonitorService] [ht0EVsn] [gc][young][6011][3] duration [9.7s], collections [1]/[9.9s], total [9.7s]/[12.3s], memory [699.6mb]->[149.3mb]/[1.9gb], all_pools {[young] [532.5mb]->[4.4mb]/[532.5mb]}{[survivor] [66.4mb]->[5.9mb]/[66.5mb]}{[old] [100.6mb]->[141.3mb]/[1.3gb]}
[2017-08-02T14:19:45,263][WARN ][o.e.m.j.JvmGcMonitorService] [ht0EVsn] [gc][6011] overhead, spent [9.7s] collecting in the last [9.9s]
