[2017-04-11T08:54:03,500][INFO ][o.e.m.j.JvmGcMonitorService] [ht0EVsn] [gc][498092] overhead, spent [406ms] collecting in the last [1s]
[2017-04-18T15:28:54,932][INFO ][o.e.n.Node               ] [] initializing ...
[2017-04-18T15:28:55,136][INFO ][o.e.e.NodeEnvironment    ] [ht0EVsn] using [1] data paths, mounts [[/ (none)]], net usable_space [2.3gb], net total_space [5.2gb], spins? [possibly], types [aufs]
[2017-04-18T15:28:55,137][INFO ][o.e.e.NodeEnvironment    ] [ht0EVsn] heap size [1.9gb], compressed ordinary object pointers [true]
[2017-04-18T15:28:55,238][INFO ][o.e.n.Node               ] [ht0EVsn] node name [ht0EVsn] derived from node ID; set [node.name] to override
[2017-04-18T15:28:55,243][INFO ][o.e.n.Node               ] [ht0EVsn] version[5.0.0], pid[5655], build[253032b/2016-10-26T04:37:51.531Z], OS[Linux/4.9.17-c9/amd64], JVM[Oracle Corporation/Java HotSpot(TM) 64-Bit Server VM/1.8.0_111/25.111-b14]
[2017-04-18T15:28:58,834][INFO ][o.e.p.PluginsService     ] [ht0EVsn] loaded module [aggs-matrix-stats]
[2017-04-18T15:28:58,834][INFO ][o.e.p.PluginsService     ] [ht0EVsn] loaded module [ingest-common]
[2017-04-18T15:28:58,835][INFO ][o.e.p.PluginsService     ] [ht0EVsn] loaded module [lang-expression]
[2017-04-18T15:28:58,835][INFO ][o.e.p.PluginsService     ] [ht0EVsn] loaded module [lang-groovy]
[2017-04-18T15:28:58,835][INFO ][o.e.p.PluginsService     ] [ht0EVsn] loaded module [lang-mustache]
[2017-04-18T15:28:58,835][INFO ][o.e.p.PluginsService     ] [ht0EVsn] loaded module [lang-painless]
[2017-04-18T15:28:58,836][INFO ][o.e.p.PluginsService     ] [ht0EVsn] loaded module [percolator]
[2017-04-18T15:28:58,836][INFO ][o.e.p.PluginsService     ] [ht0EVsn] loaded module [reindex]
[2017-04-18T15:28:58,836][INFO ][o.e.p.PluginsService     ] [ht0EVsn] loaded module [transport-netty3]
[2017-04-18T15:28:58,836][INFO ][o.e.p.PluginsService     ] [ht0EVsn] loaded module [transport-netty4]
[2017-04-18T15:28:58,837][INFO ][o.e.p.PluginsService     ] [ht0EVsn] no plugins loaded
[2017-04-18T15:29:06,854][INFO ][o.e.n.Node               ] [ht0EVsn] initialized
[2017-04-18T15:29:06,856][INFO ][o.e.n.Node               ] [ht0EVsn] starting ...
[2017-04-18T15:29:07,467][INFO ][o.e.t.TransportService   ] [ht0EVsn] publish_address {127.0.0.1:9300}, bound_addresses {[::1]:9300}, {127.0.0.1:9300}
[2017-04-18T15:29:07,476][WARN ][o.e.b.BootstrapCheck     ] [ht0EVsn] max file descriptors [8192] for elasticsearch process likely too low, increase to at least [65536]
[2017-04-18T15:29:07,477][WARN ][o.e.b.BootstrapCheck     ] [ht0EVsn] max virtual memory areas vm.max_map_count [65530] likely too low, increase to at least [262144]
[2017-04-18T15:29:11,439][INFO ][o.e.c.s.ClusterService   ] [ht0EVsn] new_master {ht0EVsn}{ht0EVsnlRuyePr1G07P69g}{cRmHxSe0SUaSvncxYnS9DA}{127.0.0.1}{127.0.0.1:9300}, reason: zen-disco-elected-as-master ([0] nodes joined)
[2017-04-18T15:29:11,623][INFO ][o.e.h.HttpServer         ] [ht0EVsn] publish_address {127.0.0.1:9200}, bound_addresses {[::1]:9200}, {127.0.0.1:9200}
[2017-04-18T15:29:11,625][INFO ][o.e.n.Node               ] [ht0EVsn] started
[2017-04-18T15:29:12,676][INFO ][o.e.g.GatewayService     ] [ht0EVsn] recovered [3] indices into cluster_state
[2017-04-18T15:29:13,699][INFO ][o.e.c.r.a.AllocationService] [ht0EVsn] Cluster health status changed from [RED] to [YELLOW] (reason: [shards started [[vehicles_development_20170328112843769][0], [vehicles][4], [vehicles][3], [vehicles][0]] ...]).
[2017-04-18T15:36:20,960][WARN ][o.e.m.j.JvmGcMonitorService] [ht0EVsn] [gc][young][409][2] duration [6.8s], collections [1]/[7.7s], total [6.8s]/[7s], memory [561.5mb]->[263mb]/[1.9gb], all_pools {[young] [515mb]->[19.4mb]/[532.5mb]}{[survivor] [46.5mb]->[66.4mb]/[66.5mb]}{[old] [0b]->[180.5mb]/[1.3gb]}
[2017-04-18T15:36:20,962][WARN ][o.e.m.j.JvmGcMonitorService] [ht0EVsn] [gc][409] overhead, spent [6.8s] collecting in the last [7.7s]
[2017-04-18T18:08:35,402][WARN ][o.e.m.j.JvmGcMonitorService] [ht0EVsn] [gc][young][9535][3] duration [4.8s], collections [1]/[4.9s], total [4.8s]/[11.8s], memory [779.1mb]->[297.5mb]/[1.9gb], all_pools {[young] [532mb]->[5.5mb]/[532.5mb]}{[survivor] [66.4mb]->[55.1mb]/[66.5mb]}{[old] [180.5mb]->[238.4mb]/[1.3gb]}
[2017-04-18T18:08:35,403][WARN ][o.e.m.j.JvmGcMonitorService] [ht0EVsn] [gc][9535] overhead, spent [4.8s] collecting in the last [4.9s]
[2017-04-18T21:14:32,045][WARN ][o.e.m.j.JvmGcMonitorService] [ht0EVsn] [gc][young][20668][4] duration [19.4s], collections [1]/[20.2s], total [19.4s]/[31.3s], memory [826.1mb]->[292.4mb]/[1.9gb], all_pools {[young] [532.5mb]->[4.3mb]/[532.5mb]}{[survivor] [55.1mb]->[1.9mb]/[66.5mb]}{[old] [238.4mb]->[287.8mb]/[1.3gb]}
[2017-04-18T21:14:32,047][WARN ][o.e.m.j.JvmGcMonitorService] [ht0EVsn] [gc][20668] overhead, spent [19.4s] collecting in the last [20.2s]
