[2016-12-02T00:58:12,137][INFO ][o.e.n.Node               ] [] initializing ...
[2016-12-02T00:58:14,052][INFO ][o.e.e.NodeEnvironment    ] [ht0EVsn] using [1] data paths, mounts [[/ (none)]], net usable_space [2.5gb], net total_space [5.2gb], spins? [possibly], types [aufs]
[2016-12-02T00:58:14,054][INFO ][o.e.e.NodeEnvironment    ] [ht0EVsn] heap size [1.9gb], compressed ordinary object pointers [true]
[2016-12-02T00:58:14,803][INFO ][o.e.n.Node               ] [ht0EVsn] node name [ht0EVsn] derived from node ID; set [node.name] to override
[2016-12-02T00:58:15,065][INFO ][o.e.n.Node               ] [ht0EVsn] version[5.0.0], pid[14119], build[253032b/2016-10-26T04:37:51.531Z], OS[Linux/4.2.0-c9/amd64], JVM[Oracle Corporation/Java HotSpot(TM) 64-Bit Server VM/1.8.0_111/25.111-b14]
[2016-12-02T00:58:54,426][INFO ][o.e.p.PluginsService     ] [ht0EVsn] loaded module [aggs-matrix-stats]
[2016-12-02T00:58:54,571][INFO ][o.e.p.PluginsService     ] [ht0EVsn] loaded module [ingest-common]
[2016-12-02T00:58:54,571][INFO ][o.e.p.PluginsService     ] [ht0EVsn] loaded module [lang-expression]
[2016-12-02T00:58:54,572][INFO ][o.e.p.PluginsService     ] [ht0EVsn] loaded module [lang-groovy]
[2016-12-02T00:58:54,572][INFO ][o.e.p.PluginsService     ] [ht0EVsn] loaded module [lang-mustache]
[2016-12-02T00:58:54,573][INFO ][o.e.p.PluginsService     ] [ht0EVsn] loaded module [lang-painless]
[2016-12-02T00:58:54,573][INFO ][o.e.p.PluginsService     ] [ht0EVsn] loaded module [percolator]
[2016-12-02T00:58:54,573][INFO ][o.e.p.PluginsService     ] [ht0EVsn] loaded module [reindex]
[2016-12-02T00:58:54,574][INFO ][o.e.p.PluginsService     ] [ht0EVsn] loaded module [transport-netty3]
[2016-12-02T00:58:54,584][INFO ][o.e.p.PluginsService     ] [ht0EVsn] loaded module [transport-netty4]
[2016-12-02T00:58:54,585][INFO ][o.e.p.PluginsService     ] [ht0EVsn] no plugins loaded
[2016-12-02T00:59:31,480][INFO ][o.e.n.Node               ] [ht0EVsn] initialized
[2016-12-02T00:59:31,481][INFO ][o.e.n.Node               ] [ht0EVsn] starting ...
[2016-12-02T00:59:36,370][INFO ][o.e.m.j.JvmGcMonitorService] [ht0EVsn] [gc][3] overhead, spent [329ms] collecting in the last [1s]
[2016-12-02T00:59:36,437][INFO ][o.e.t.TransportService   ] [ht0EVsn] publish_address {127.0.0.1:9300}, bound_addresses {[::1]:9300}, {127.0.0.1:9300}
[2016-12-02T00:59:36,466][WARN ][o.e.b.BootstrapCheck     ] [ht0EVsn] max file descriptors [8192] for elasticsearch process likely too low, increase to at least [65536]
[2016-12-02T00:59:36,467][WARN ][o.e.b.BootstrapCheck     ] [ht0EVsn] max virtual memory areas vm.max_map_count [65530] likely too low, increase to at least [262144]
[2016-12-02T00:59:40,353][INFO ][o.e.c.s.ClusterService   ] [ht0EVsn] new_master {ht0EVsn}{ht0EVsnlRuyePr1G07P69g}{X6LN41KIR5mzJbhLKEVUJQ}{127.0.0.1}{127.0.0.1:9300}, reason: zen-disco-elected-as-master ([0] nodes joined)
[2016-12-02T00:59:40,441][INFO ][o.e.h.HttpServer         ] [ht0EVsn] publish_address {127.0.0.1:9200}, bound_addresses {[::1]:9200}, {127.0.0.1:9200}
[2016-12-02T00:59:40,442][INFO ][o.e.n.Node               ] [ht0EVsn] started
[2016-12-02T00:59:41,215][INFO ][o.e.g.GatewayService     ] [ht0EVsn] recovered [1] indices into cluster_state
[2016-12-02T00:59:43,964][INFO ][o.e.m.j.JvmGcMonitorService] [ht0EVsn] [gc][10] overhead, spent [368ms] collecting in the last [1.1s]
[2016-12-02T00:59:43,992][INFO ][o.e.c.r.a.AllocationService] [ht0EVsn] Cluster health status changed from [RED] to [YELLOW] (reason: [shards started [[vehicles_development_20161105192812009][0]] ...]).
[2016-12-02T01:03:22,803][WARN ][o.e.m.j.JvmGcMonitorService] [ht0EVsn] [gc][young][173][2] duration [2.2s], collections [1]/[2.4s], total [2.2s]/[2.5s], memory [562mb]->[220.3mb]/[1.9gb], all_pools {[young] [515.7mb]->[19.4mb]/[532.5mb]}{[survivor] [46.3mb]->[66.5mb]/[66.5mb]}{[old] [0b]->[137.8mb]/[1.3gb]}
[2016-12-02T01:03:22,804][WARN ][o.e.m.j.JvmGcMonitorService] [ht0EVsn] [gc][173] overhead, spent [2.2s] collecting in the last [2.4s]
[2016-12-02T01:03:56,649][WARN ][o.e.m.j.JvmGcMonitorService] [ht0EVsn] [gc][young][189][3] duration [13.6s], collections [1]/[13.8s], total [13.6s]/[16.2s], memory [729.9mb]->[310.9mb]/[1.9gb], all_pools {[young] [525.6mb]->[5.6mb]/[532.5mb]}{[survivor] [66.5mb]->[66.5mb]/[66.5mb]}{[old] [137.8mb]->[241.9mb]/[1.3gb]}
[2016-12-02T01:03:56,652][WARN ][o.e.m.j.JvmGcMonitorService] [ht0EVsn] [gc][189] overhead, spent [13.6s] collecting in the last [13.8s]
[2016-12-02T01:06:58,637][WARN ][o.e.m.j.JvmGcMonitorService] [ht0EVsn] [gc][young][344][4] duration [7.9s], collections [1]/[8.2s], total [7.9s]/[24.2s], memory [809.3mb]->[311.7mb]/[1.9gb], all_pools {[young] [500.8mb]->[6.4mb]/[532.5mb]}{[survivor] [66.5mb]->[16.9mb]/[66.5mb]}{[old] [241.9mb]->[293.6mb]/[1.3gb]}
[2016-12-02T01:06:58,638][WARN ][o.e.m.j.JvmGcMonitorService] [ht0EVsn] [gc][344] overhead, spent [7.9s] collecting in the last [8.2s]
[2016-12-02T01:37:28,854][INFO ][o.e.n.Node               ] [] initializing ...
[2016-12-02T01:37:29,053][INFO ][o.e.e.NodeEnvironment    ] [ht0EVsn] using [1] data paths, mounts [[/ (none)]], net usable_space [2.5gb], net total_space [5.2gb], spins? [possibly], types [aufs]
[2016-12-02T01:37:29,053][INFO ][o.e.e.NodeEnvironment    ] [ht0EVsn] heap size [1.9gb], compressed ordinary object pointers [true]
[2016-12-02T01:37:29,075][INFO ][o.e.n.Node               ] [ht0EVsn] node name [ht0EVsn] derived from node ID; set [node.name] to override
[2016-12-02T01:37:29,079][INFO ][o.e.n.Node               ] [ht0EVsn] version[5.0.0], pid[15117], build[253032b/2016-10-26T04:37:51.531Z], OS[Linux/4.2.0-c9/amd64], JVM[Oracle Corporation/Java HotSpot(TM) 64-Bit Server VM/1.8.0_111/25.111-b14]
[2016-12-02T01:37:32,987][INFO ][o.e.p.PluginsService     ] [ht0EVsn] loaded module [aggs-matrix-stats]
[2016-12-02T01:37:32,988][INFO ][o.e.p.PluginsService     ] [ht0EVsn] loaded module [ingest-common]
[2016-12-02T01:37:32,988][INFO ][o.e.p.PluginsService     ] [ht0EVsn] loaded module [lang-expression]
[2016-12-02T01:37:32,988][INFO ][o.e.p.PluginsService     ] [ht0EVsn] loaded module [lang-groovy]
[2016-12-02T01:37:32,988][INFO ][o.e.p.PluginsService     ] [ht0EVsn] loaded module [lang-mustache]
[2016-12-02T01:37:32,989][INFO ][o.e.p.PluginsService     ] [ht0EVsn] loaded module [lang-painless]
[2016-12-02T01:37:32,989][INFO ][o.e.p.PluginsService     ] [ht0EVsn] loaded module [percolator]
[2016-12-02T01:37:32,990][INFO ][o.e.p.PluginsService     ] [ht0EVsn] loaded module [reindex]
[2016-12-02T01:37:32,990][INFO ][o.e.p.PluginsService     ] [ht0EVsn] loaded module [transport-netty3]
[2016-12-02T01:37:32,991][INFO ][o.e.p.PluginsService     ] [ht0EVsn] loaded module [transport-netty4]
[2016-12-02T01:37:32,993][INFO ][o.e.p.PluginsService     ] [ht0EVsn] no plugins loaded
[2016-12-02T01:37:48,989][INFO ][o.e.n.Node               ] [ht0EVsn] initialized
[2016-12-02T01:37:48,990][INFO ][o.e.n.Node               ] [ht0EVsn] starting ...
[2016-12-02T01:37:49,255][INFO ][o.e.t.TransportService   ] [ht0EVsn] publish_address {127.0.0.1:9300}, bound_addresses {[::1]:9300}, {127.0.0.1:9300}
[2016-12-02T01:37:49,287][WARN ][o.e.b.BootstrapCheck     ] [ht0EVsn] max file descriptors [8192] for elasticsearch process likely too low, increase to at least [65536]
[2016-12-02T01:37:49,296][WARN ][o.e.b.BootstrapCheck     ] [ht0EVsn] max virtual memory areas vm.max_map_count [65530] likely too low, increase to at least [262144]
[2016-12-02T01:38:19,490][WARN ][o.e.n.Node               ] [ht0EVsn] timed out while waiting for initial discovery state - timeout: 30s
[2016-12-02T01:38:25,379][WARN ][o.e.d.z.p.u.UnicastZenPing] [ht0EVsn] [1] failed send ping to {#zen_unicast_6#}{2oKyzcG2RMyyFH7BJDSN1Q}{::1}{[::1]:9300}
java.lang.IllegalStateException: handshake failed with {#zen_unicast_6#}{2oKyzcG2RMyyFH7BJDSN1Q}{::1}{[::1]:9300}
	at org.elasticsearch.transport.TransportService.handshake(TransportService.java:364) ~[elasticsearch-5.0.0.jar:5.0.0]
	at org.elasticsearch.transport.TransportService.connectToNodeLightAndHandshake(TransportService.java:339) ~[elasticsearch-5.0.0.jar:5.0.0]
	at org.elasticsearch.transport.TransportService.connectToNodeLightAndHandshake(TransportService.java:313) ~[elasticsearch-5.0.0.jar:5.0.0]
	at org.elasticsearch.discovery.zen.ping.unicast.UnicastZenPing$2.run(UnicastZenPing.java:419) [elasticsearch-5.0.0.jar:5.0.0]
	at org.elasticsearch.common.util.concurrent.ThreadContext$ContextPreservingRunnable.run(ThreadContext.java:444) [elasticsearch-5.0.0.jar:5.0.0]
	at java.util.concurrent.ThreadPoolExecutor.runWorker(ThreadPoolExecutor.java:1142) [?:1.8.0_111]
	at java.util.concurrent.ThreadPoolExecutor$Worker.run(ThreadPoolExecutor.java:617) [?:1.8.0_111]
	at java.lang.Thread.run(Thread.java:745) [?:1.8.0_111]
Caused by: org.elasticsearch.transport.ReceiveTimeoutTransportException: [][[::1]:9300][internal:transport/handshake] request_id [2] timed out after [29228ms]
	at org.elasticsearch.transport.TransportService$TimeoutHandler.run(TransportService.java:840) ~[elasticsearch-5.0.0.jar:5.0.0]
	... 4 more
[2016-12-02T01:38:24,239][WARN ][o.e.d.z.p.u.UnicastZenPing] [ht0EVsn] failed to send ping to [{#zen_unicast_6#}{2oKyzcG2RMyyFH7BJDSN1Q}{::1}{[::1]:9300}]
org.elasticsearch.transport.ReceiveTimeoutTransportException: [][[::1]:9300][internal:discovery/zen/unicast] request_id [4] timed out after [17883ms]
	at org.elasticsearch.transport.TransportService$TimeoutHandler.run(TransportService.java:840) [elasticsearch-5.0.0.jar:5.0.0]
	at org.elasticsearch.common.util.concurrent.ThreadContext$ContextPreservingRunnable.run(ThreadContext.java:444) [elasticsearch-5.0.0.jar:5.0.0]
	at java.util.concurrent.ThreadPoolExecutor.runWorker(ThreadPoolExecutor.java:1142) [?:1.8.0_111]
	at java.util.concurrent.ThreadPoolExecutor$Worker.run(ThreadPoolExecutor.java:617) [?:1.8.0_111]
	at java.lang.Thread.run(Thread.java:745) [?:1.8.0_111]
[2016-12-02T01:38:27,820][INFO ][o.e.h.HttpServer         ] [ht0EVsn] publish_address {127.0.0.1:9200}, bound_addresses {[::1]:9200}, {127.0.0.1:9200}
[2016-12-02T01:38:27,821][INFO ][o.e.n.Node               ] [ht0EVsn] started
[2016-12-02T01:38:27,831][INFO ][o.e.c.s.ClusterService   ] [ht0EVsn] new_master {ht0EVsn}{ht0EVsnlRuyePr1G07P69g}{MXb-FCRLTA2Im31ZZBcOHA}{127.0.0.1}{127.0.0.1:9300}, reason: zen-disco-elected-as-master ([0] nodes joined)
[2016-12-02T01:38:28,616][INFO ][o.e.g.GatewayService     ] [ht0EVsn] recovered [1] indices into cluster_state
[2016-12-02T01:38:29,822][INFO ][o.e.c.r.a.AllocationService] [ht0EVsn] Cluster health status changed from [RED] to [YELLOW] (reason: [shards started [[vehicles_development_20161105192812009][3]] ...]).
[2016-12-02T01:55:06,728][WARN ][o.e.m.j.JvmGcMonitorService] [ht0EVsn] [gc][young][997][2] duration [1.9s], collections [1]/[2.2s], total [1.9s]/[1.9s], memory [570.2mb]->[69.9mb]/[1.9gb], all_pools {[young] [523.9mb]->[6mb]/[532.5mb]}{[survivor] [46.3mb]->[51.1mb]/[66.5mb]}{[old] [0b]->[16.2mb]/[1.3gb]}
[2016-12-02T01:55:06,729][WARN ][o.e.m.j.JvmGcMonitorService] [ht0EVsn] [gc][997] overhead, spent [1.9s] collecting in the last [2.2s]
[2016-12-02T02:24:47,836][WARN ][o.e.m.j.JvmGcMonitorService] [ht0EVsn] [gc][young][2771][3] duration [2s], collections [1]/[2s], total [2s]/[4s], memory [593.6mb]->[44.1mb]/[1.9gb], all_pools {[young] [526.2mb]->[5.2mb]/[532.5mb]}{[survivor] [51.1mb]->[5.1mb]/[66.5mb]}{[old] [16.2mb]->[36.1mb]/[1.3gb]}
[2016-12-02T02:24:47,838][WARN ][o.e.m.j.JvmGcMonitorService] [ht0EVsn] [gc][2771] overhead, spent [2s] collecting in the last [2s]
[2016-12-02T02:54:24,186][INFO ][o.e.m.j.JvmGcMonitorService] [ht0EVsn] [gc][young][4546][4] duration [969ms], collections [1]/[1.5s], total [969ms]/[4.9s], memory [572.9mb]->[40mb]/[1.9gb], all_pools {[young] [531.6mb]->[4mb]/[532.5mb]}{[survivor] [5.1mb]->[1.4mb]/[66.5mb]}{[old] [36.1mb]->[36.1mb]/[1.3gb]}
[2016-12-02T02:54:24,186][WARN ][o.e.m.j.JvmGcMonitorService] [ht0EVsn] [gc][4546] overhead, spent [969ms] collecting in the last [1.5s]
[2016-12-02T03:23:59,538][INFO ][o.e.m.j.JvmGcMonitorService] [ht0EVsn] [gc][6320] overhead, spent [306ms] collecting in the last [1s]
[2016-12-02T03:54:06,367][INFO ][o.e.m.j.JvmGcMonitorService] [ht0EVsn] [gc][young][8125][6] duration [985ms], collections [1]/[1.8s], total [985ms]/[6.2s], memory [568.6mb]->[41.8mb]/[1.9gb], all_pools {[young] [531.1mb]->[5mb]/[532.5mb]}{[survivor] [1.3mb]->[1.4mb]/[66.5mb]}{[old] [36.1mb]->[36.1mb]/[1.3gb]}
[2016-12-02T03:54:06,368][WARN ][o.e.m.j.JvmGcMonitorService] [ht0EVsn] [gc][8125] overhead, spent [985ms] collecting in the last [1.8s]
[2016-12-02T20:35:30,906][INFO ][o.e.m.j.JvmGcMonitorService] [ht0EVsn] [gc][68185] overhead, spent [365ms] collecting in the last [1s]
