[2017-09-19T14:04:21,535][INFO ][o.e.n.Node               ] [] initializing ...
[2017-09-19T14:04:21,992][INFO ][o.e.e.NodeEnvironment    ] [ht0EVsn] using [1] data paths, mounts [[/ (none)]], net usable_space [6.6gb], net total_space [10.6gb], spins? [possibly], types [aufs]
[2017-09-19T14:04:21,993][INFO ][o.e.e.NodeEnvironment    ] [ht0EVsn] heap size [1.9gb], compressed ordinary object pointers [true]
[2017-09-19T14:04:22,141][INFO ][o.e.n.Node               ] [ht0EVsn] node name [ht0EVsn] derived from node ID; set [node.name] to override
[2017-09-19T14:04:22,151][INFO ][o.e.n.Node               ] [ht0EVsn] version[5.0.0], pid[31680], build[253032b/2016-10-26T04:37:51.531Z], OS[Linux/4.9.17-c9/amd64], JVM[Oracle Corporation/Java HotSpot(TM) 64-Bit Server VM/1.8.0_111/25.111-b14]
[2017-09-19T14:05:35,678][INFO ][o.e.p.PluginsService     ] [ht0EVsn] loaded module [aggs-matrix-stats]
[2017-09-19T14:05:35,678][INFO ][o.e.p.PluginsService     ] [ht0EVsn] loaded module [ingest-common]
[2017-09-19T14:05:35,679][INFO ][o.e.p.PluginsService     ] [ht0EVsn] loaded module [lang-expression]
[2017-09-19T14:05:35,679][INFO ][o.e.p.PluginsService     ] [ht0EVsn] loaded module [lang-groovy]
[2017-09-19T14:05:35,679][INFO ][o.e.p.PluginsService     ] [ht0EVsn] loaded module [lang-mustache]
[2017-09-19T14:05:35,679][INFO ][o.e.p.PluginsService     ] [ht0EVsn] loaded module [lang-painless]
[2017-09-19T14:05:35,680][INFO ][o.e.p.PluginsService     ] [ht0EVsn] loaded module [percolator]
[2017-09-19T14:05:35,680][INFO ][o.e.p.PluginsService     ] [ht0EVsn] loaded module [reindex]
[2017-09-19T14:05:35,680][INFO ][o.e.p.PluginsService     ] [ht0EVsn] loaded module [transport-netty3]
[2017-09-19T14:05:35,680][INFO ][o.e.p.PluginsService     ] [ht0EVsn] loaded module [transport-netty4]
[2017-09-19T14:05:35,682][INFO ][o.e.p.PluginsService     ] [ht0EVsn] no plugins loaded
[2017-09-19T14:08:24,728][INFO ][o.e.n.Node               ] [ht0EVsn] initialized
[2017-09-19T14:08:24,745][INFO ][o.e.n.Node               ] [ht0EVsn] starting ...
[2017-09-19T14:08:25,403][INFO ][o.e.t.TransportService   ] [ht0EVsn] publish_address {127.0.0.1:9300}, bound_addresses {[::1]:9300}, {127.0.0.1:9300}
[2017-09-19T14:08:25,424][WARN ][o.e.b.BootstrapCheck     ] [ht0EVsn] max file descriptors [8192] for elasticsearch process likely too low, increase to at least [65536]
[2017-09-19T14:08:25,424][WARN ][o.e.b.BootstrapCheck     ] [ht0EVsn] max virtual memory areas vm.max_map_count [65530] likely too low, increase to at least [262144]
[2017-09-19T14:08:26,493][WARN ][o.e.m.j.JvmGcMonitorService] [ht0EVsn] [gc][young][1][1] duration [1s], collections [1]/[1.7s], total [1s]/[1s], memory [500.6mb]->[67.8mb]/[1.9gb], all_pools {[young] [500.6mb]->[26.6mb]/[532.5mb]}{[survivor] [0b]->[46.5mb]/[66.5mb]}{[old] [0b]->[0b]/[1.3gb]}
[2017-09-19T14:08:26,494][WARN ][o.e.m.j.JvmGcMonitorService] [ht0EVsn] [gc][1] overhead, spent [1s] collecting in the last [1.7s]
[2017-09-19T14:08:29,637][INFO ][o.e.c.s.ClusterService   ] [ht0EVsn] new_master {ht0EVsn}{ht0EVsnlRuyePr1G07P69g}{q7uhLe7GRjeD7lR9Y6n1QQ}{127.0.0.1}{127.0.0.1:9300}, reason: zen-disco-elected-as-master ([0] nodes joined)
[2017-09-19T14:08:29,786][INFO ][o.e.h.HttpServer         ] [ht0EVsn] publish_address {127.0.0.1:9200}, bound_addresses {[::1]:9200}, {127.0.0.1:9200}
[2017-09-19T14:08:29,787][INFO ][o.e.n.Node               ] [ht0EVsn] started
[2017-09-19T14:08:31,225][INFO ][o.e.g.GatewayService     ] [ht0EVsn] recovered [5] indices into cluster_state
[2017-09-19T14:08:33,787][INFO ][o.e.c.r.a.AllocationService] [ht0EVsn] Cluster health status changed from [RED] to [YELLOW] (reason: [shards started [[vehicles][3], [vehicles][0]] ...]).
[2017-09-19T14:36:08,640][WARN ][o.e.m.j.JvmGcMonitorService] [ht0EVsn] [gc][young][1657][2] duration [5.4s], collections [1]/[6.2s], total [5.4s]/[6.4s], memory [579mb]->[108.3mb]/[1.9gb], all_pools {[young] [532.5mb]->[7.2mb]/[532.5mb]}{[survivor] [46.5mb]->[66.5mb]/[66.5mb]}{[old] [0b]->[38.1mb]/[1.3gb]}
[2017-09-19T14:36:08,640][WARN ][o.e.m.j.JvmGcMonitorService] [ht0EVsn] [gc][1657] overhead, spent [5.4s] collecting in the last [6.2s]
[2017-09-19T15:56:32,187][WARN ][o.e.m.j.JvmGcMonitorService] [ht0EVsn] [gc][young][6464][3] duration [15s], collections [1]/[15.8s], total [15s]/[21.4s], memory [636mb]->[87mb]/[1.9gb], all_pools {[young] [531.4mb]->[4.6mb]/[532.5mb]}{[survivor] [66.5mb]->[6.4mb]/[66.5mb]}{[old] [38.1mb]->[78.3mb]/[1.3gb]}
[2017-09-19T15:56:32,191][WARN ][o.e.m.j.JvmGcMonitorService] [ht0EVsn] [gc][6464] overhead, spent [15s] collecting in the last [15.8s]
[2017-09-19T17:10:07,882][WARN ][o.e.m.j.JvmGcMonitorService] [ht0EVsn] [gc][10873] overhead, spent [530ms] collecting in the last [1s]
[2017-09-19T17:31:39,481][INFO ][o.e.n.Node               ] [] initializing ...
[2017-09-19T17:31:39,894][INFO ][o.e.e.NodeEnvironment    ] [ht0EVsn] using [1] data paths, mounts [[/ (none)]], net usable_space [6.6gb], net total_space [10.6gb], spins? [possibly], types [aufs]
[2017-09-19T17:31:39,894][INFO ][o.e.e.NodeEnvironment    ] [ht0EVsn] heap size [1.9gb], compressed ordinary object pointers [true]
[2017-09-19T17:31:40,221][INFO ][o.e.n.Node               ] [ht0EVsn] node name [ht0EVsn] derived from node ID; set [node.name] to override
[2017-09-19T17:31:40,229][INFO ][o.e.n.Node               ] [ht0EVsn] version[5.0.0], pid[33689], build[253032b/2016-10-26T04:37:51.531Z], OS[Linux/4.9.17-c9/amd64], JVM[Oracle Corporation/Java HotSpot(TM) 64-Bit Server VM/1.8.0_111/25.111-b14]
[2017-09-19T17:31:55,466][INFO ][o.e.p.PluginsService     ] [ht0EVsn] loaded module [aggs-matrix-stats]
[2017-09-19T17:31:55,474][INFO ][o.e.p.PluginsService     ] [ht0EVsn] loaded module [ingest-common]
[2017-09-19T17:31:55,474][INFO ][o.e.p.PluginsService     ] [ht0EVsn] loaded module [lang-expression]
[2017-09-19T17:31:55,478][INFO ][o.e.p.PluginsService     ] [ht0EVsn] loaded module [lang-groovy]
[2017-09-19T17:31:55,479][INFO ][o.e.p.PluginsService     ] [ht0EVsn] loaded module [lang-mustache]
[2017-09-19T17:31:55,479][INFO ][o.e.p.PluginsService     ] [ht0EVsn] loaded module [lang-painless]
[2017-09-19T17:31:55,479][INFO ][o.e.p.PluginsService     ] [ht0EVsn] loaded module [percolator]
[2017-09-19T17:31:55,479][INFO ][o.e.p.PluginsService     ] [ht0EVsn] loaded module [reindex]
[2017-09-19T17:31:55,480][INFO ][o.e.p.PluginsService     ] [ht0EVsn] loaded module [transport-netty3]
[2017-09-19T17:31:55,480][INFO ][o.e.p.PluginsService     ] [ht0EVsn] loaded module [transport-netty4]
[2017-09-19T17:31:55,658][INFO ][o.e.p.PluginsService     ] [ht0EVsn] no plugins loaded
[2017-09-19T17:33:37,873][INFO ][o.e.n.Node               ] [ht0EVsn] initialized
[2017-09-19T17:33:37,873][INFO ][o.e.n.Node               ] [ht0EVsn] starting ...
[2017-09-19T17:33:42,567][INFO ][o.e.t.TransportService   ] [ht0EVsn] publish_address {127.0.0.1:9300}, bound_addresses {[::1]:9300}, {127.0.0.1:9300}
[2017-09-19T17:33:42,562][WARN ][o.e.m.j.JvmGcMonitorService] [ht0EVsn] [gc][young][2][1] duration [2.9s], collections [1]/[3.6s], total [2.9s]/[2.9s], memory [521.9mb]->[57mb]/[1.9gb], all_pools {[young] [521.9mb]->[15.9mb]/[532.5mb]}{[survivor] [0b]->[46.3mb]/[66.5mb]}{[old] [0b]->[0b]/[1.3gb]}
[2017-09-19T17:33:42,573][WARN ][o.e.m.j.JvmGcMonitorService] [ht0EVsn] [gc][2] overhead, spent [2.9s] collecting in the last [3.6s]
[2017-09-19T17:33:42,588][WARN ][o.e.b.BootstrapCheck     ] [ht0EVsn] max file descriptors [8192] for elasticsearch process likely too low, increase to at least [65536]
[2017-09-19T17:33:42,589][WARN ][o.e.b.BootstrapCheck     ] [ht0EVsn] max virtual memory areas vm.max_map_count [65530] likely too low, increase to at least [262144]
[2017-09-19T17:33:45,715][INFO ][o.e.c.s.ClusterService   ] [ht0EVsn] new_master {ht0EVsn}{ht0EVsnlRuyePr1G07P69g}{LejSP6dzT5yjkrQ5bQpJIg}{127.0.0.1}{127.0.0.1:9300}, reason: zen-disco-elected-as-master ([0] nodes joined)
[2017-09-19T17:33:45,757][INFO ][o.e.h.HttpServer         ] [ht0EVsn] publish_address {127.0.0.1:9200}, bound_addresses {[::1]:9200}, {127.0.0.1:9200}
[2017-09-19T17:33:45,757][INFO ][o.e.n.Node               ] [ht0EVsn] started
[2017-09-19T17:33:46,868][INFO ][o.e.g.GatewayService     ] [ht0EVsn] recovered [5] indices into cluster_state
[2017-09-19T17:33:49,908][INFO ][o.e.c.r.a.AllocationService] [ht0EVsn] Cluster health status changed from [RED] to [YELLOW] (reason: [shards started [[vehicles][1]] ...]).
[2017-09-19T17:36:06,703][WARN ][o.e.m.j.JvmGcMonitorService] [ht0EVsn] [gc][young][126][2] duration [4.5s], collections [1]/[6.1s], total [4.5s]/[7.4s], memory [578.9mb]->[190.3mb]/[1.9gb], all_pools {[young] [532.5mb]->[6.2mb]/[532.5mb]}{[survivor] [46.3mb]->[66.5mb]/[66.5mb]}{[old] [0b]->[121mb]/[1.3gb]}
[2017-09-19T17:36:06,703][WARN ][o.e.m.j.JvmGcMonitorService] [ht0EVsn] [gc][126] overhead, spent [4.5s] collecting in the last [6.1s]
[2017-09-19T17:39:00,964][INFO ][o.e.n.Node               ] [ht0EVsn] stopping ...
[2017-09-19T17:39:01,204][INFO ][o.e.n.Node               ] [ht0EVsn] stopped
[2017-09-19T17:39:01,205][INFO ][o.e.n.Node               ] [ht0EVsn] closing ...
[2017-09-19T17:39:01,218][INFO ][o.e.n.Node               ] [ht0EVsn] closed
[2017-09-19T18:16:16,486][INFO ][o.e.n.Node               ] [] initializing ...
[2017-09-19T18:16:16,648][INFO ][o.e.e.NodeEnvironment    ] [ht0EVsn] using [1] data paths, mounts [[/ (none)]], net usable_space [6.6gb], net total_space [10.6gb], spins? [possibly], types [aufs]
[2017-09-19T18:16:16,649][INFO ][o.e.e.NodeEnvironment    ] [ht0EVsn] heap size [1.9gb], compressed ordinary object pointers [true]
[2017-09-19T18:16:16,721][INFO ][o.e.n.Node               ] [ht0EVsn] node name [ht0EVsn] derived from node ID; set [node.name] to override
[2017-09-19T18:16:16,725][INFO ][o.e.n.Node               ] [ht0EVsn] version[5.0.0], pid[3948], build[253032b/2016-10-26T04:37:51.531Z], OS[Linux/4.9.17-c9/amd64], JVM[Oracle Corporation/Java HotSpot(TM) 64-Bit Server VM/1.8.0_111/25.111-b14]
[2017-09-19T18:16:20,072][INFO ][o.e.p.PluginsService     ] [ht0EVsn] loaded module [aggs-matrix-stats]
[2017-09-19T18:16:20,072][INFO ][o.e.p.PluginsService     ] [ht0EVsn] loaded module [ingest-common]
[2017-09-19T18:16:20,073][INFO ][o.e.p.PluginsService     ] [ht0EVsn] loaded module [lang-expression]
[2017-09-19T18:16:20,073][INFO ][o.e.p.PluginsService     ] [ht0EVsn] loaded module [lang-groovy]
[2017-09-19T18:16:20,074][INFO ][o.e.p.PluginsService     ] [ht0EVsn] loaded module [lang-mustache]
[2017-09-19T18:16:20,075][INFO ][o.e.p.PluginsService     ] [ht0EVsn] loaded module [lang-painless]
[2017-09-19T18:16:20,076][INFO ][o.e.p.PluginsService     ] [ht0EVsn] loaded module [percolator]
[2017-09-19T18:16:20,076][INFO ][o.e.p.PluginsService     ] [ht0EVsn] loaded module [reindex]
[2017-09-19T18:16:20,076][INFO ][o.e.p.PluginsService     ] [ht0EVsn] loaded module [transport-netty3]
[2017-09-19T18:16:20,076][INFO ][o.e.p.PluginsService     ] [ht0EVsn] loaded module [transport-netty4]
[2017-09-19T18:16:20,077][INFO ][o.e.p.PluginsService     ] [ht0EVsn] no plugins loaded
[2017-09-19T18:16:26,093][INFO ][o.e.n.Node               ] [ht0EVsn] initialized
[2017-09-19T18:16:26,093][INFO ][o.e.n.Node               ] [ht0EVsn] starting ...
[2017-09-19T18:16:26,902][INFO ][o.e.t.TransportService   ] [ht0EVsn] publish_address {127.0.0.1:9300}, bound_addresses {[::1]:9300}, {127.0.0.1:9300}
[2017-09-19T18:16:27,044][WARN ][o.e.b.BootstrapCheck     ] [ht0EVsn] max file descriptors [8192] for elasticsearch process likely too low, increase to at least [65536]
[2017-09-19T18:16:27,045][WARN ][o.e.b.BootstrapCheck     ] [ht0EVsn] max virtual memory areas vm.max_map_count [65530] likely too low, increase to at least [262144]
[2017-09-19T18:16:27,098][INFO ][o.e.m.j.JvmGcMonitorService] [ht0EVsn] [gc][1] overhead, spent [272ms] collecting in the last [1s]
[2017-09-19T18:16:30,271][INFO ][o.e.c.s.ClusterService   ] [ht0EVsn] new_master {ht0EVsn}{ht0EVsnlRuyePr1G07P69g}{tGyeIQz2SG61_NMdq18fqg}{127.0.0.1}{127.0.0.1:9300}, reason: zen-disco-elected-as-master ([0] nodes joined)
[2017-09-19T18:16:30,301][INFO ][o.e.h.HttpServer         ] [ht0EVsn] publish_address {127.0.0.1:9200}, bound_addresses {[::1]:9200}, {127.0.0.1:9200}
[2017-09-19T18:16:30,301][INFO ][o.e.n.Node               ] [ht0EVsn] started
[2017-09-19T18:16:31,314][INFO ][o.e.g.GatewayService     ] [ht0EVsn] recovered [5] indices into cluster_state
[2017-09-19T18:16:32,991][INFO ][o.e.c.r.a.AllocationService] [ht0EVsn] Cluster health status changed from [RED] to [YELLOW] (reason: [shards started [[vehicles][4]] ...]).
[2017-09-19T18:18:51,952][WARN ][o.e.m.j.JvmGcMonitorService] [ht0EVsn] [gc][young][142][2] duration [1.1s], collections [1]/[2.1s], total [1.1s]/[1.1s], memory [564.7mb]->[224mb]/[1.9gb], all_pools {[young] [518.3mb]->[21.5mb]/[532.5mb]}{[survivor] [46.3mb]->[66.5mb]/[66.5mb]}{[old] [0b]->[135.9mb]/[1.3gb]}
[2017-09-19T18:18:51,953][WARN ][o.e.m.j.JvmGcMonitorService] [ht0EVsn] [gc][142] overhead, spent [1.1s] collecting in the last [2.1s]
[2017-09-19T20:20:20,258][WARN ][o.e.m.j.JvmGcMonitorService] [ht0EVsn] [gc][young][7393][3] duration [31.5s], collections [1]/[32.5s], total [31.5s]/[32.7s], memory [734.7mb]->[302.3mb]/[1.9gb], all_pools {[young] [532.3mb]->[3.7mb]/[532.5mb]}{[survivor] [66.5mb]->[58.8mb]/[66.5mb]}{[old] [135.9mb]->[242mb]/[1.3gb]}
[2017-09-19T20:20:20,261][WARN ][o.e.m.j.JvmGcMonitorService] [ht0EVsn] [gc][7393] overhead, spent [31.5s] collecting in the last [32.5s]
[2017-09-19T22:59:13,870][WARN ][o.e.m.j.JvmGcMonitorService] [ht0EVsn] [gc][young][16912][4] duration [6.7s], collections [1]/[7.3s], total [6.7s]/[39.4s], memory [833.4mb]->[300.1mb]/[1.9gb], all_pools {[young] [532.5mb]->[5.6mb]/[532.5mb]}{[survivor] [58.8mb]->[3.4mb]/[66.5mb]}{[old] [242mb]->[292.7mb]/[1.3gb]}
[2017-09-19T22:59:13,875][WARN ][o.e.m.j.JvmGcMonitorService] [ht0EVsn] [gc][16912] overhead, spent [6.7s] collecting in the last [7.3s]
