[2017-03-16T12:12:52,050][INFO ][o.e.n.Node               ] [] initializing ...
[2017-03-16T12:12:52,226][INFO ][o.e.e.NodeEnvironment    ] [ht0EVsn] using [1] data paths, mounts [[/ (none)]], net usable_space [2.3gb], net total_space [5.2gb], spins? [possibly], types [aufs]
[2017-03-16T12:12:52,226][INFO ][o.e.e.NodeEnvironment    ] [ht0EVsn] heap size [1.9gb], compressed ordinary object pointers [true]
[2017-03-16T12:12:52,273][INFO ][o.e.n.Node               ] [ht0EVsn] node name [ht0EVsn] derived from node ID; set [node.name] to override
[2017-03-16T12:12:52,277][INFO ][o.e.n.Node               ] [ht0EVsn] version[5.0.0], pid[3990], build[253032b/2016-10-26T04:37:51.531Z], OS[Linux/4.8.8-c9/amd64], JVM[Oracle Corporation/Java HotSpot(TM) 64-Bit Server VM/1.8.0_111/25.111-b14]
[2017-03-16T12:12:55,492][INFO ][o.e.p.PluginsService     ] [ht0EVsn] loaded module [aggs-matrix-stats]
[2017-03-16T12:12:55,493][INFO ][o.e.p.PluginsService     ] [ht0EVsn] loaded module [ingest-common]
[2017-03-16T12:12:55,493][INFO ][o.e.p.PluginsService     ] [ht0EVsn] loaded module [lang-expression]
[2017-03-16T12:12:55,493][INFO ][o.e.p.PluginsService     ] [ht0EVsn] loaded module [lang-groovy]
[2017-03-16T12:12:55,493][INFO ][o.e.p.PluginsService     ] [ht0EVsn] loaded module [lang-mustache]
[2017-03-16T12:12:55,493][INFO ][o.e.p.PluginsService     ] [ht0EVsn] loaded module [lang-painless]
[2017-03-16T12:12:55,494][INFO ][o.e.p.PluginsService     ] [ht0EVsn] loaded module [percolator]
[2017-03-16T12:12:55,494][INFO ][o.e.p.PluginsService     ] [ht0EVsn] loaded module [reindex]
[2017-03-16T12:12:55,494][INFO ][o.e.p.PluginsService     ] [ht0EVsn] loaded module [transport-netty3]
[2017-03-16T12:12:55,494][INFO ][o.e.p.PluginsService     ] [ht0EVsn] loaded module [transport-netty4]
[2017-03-16T12:12:55,495][INFO ][o.e.p.PluginsService     ] [ht0EVsn] no plugins loaded
[2017-03-16T12:13:03,651][INFO ][o.e.n.Node               ] [ht0EVsn] initialized
[2017-03-16T12:13:03,652][INFO ][o.e.n.Node               ] [ht0EVsn] starting ...
[2017-03-16T12:13:04,668][INFO ][o.e.t.TransportService   ] [ht0EVsn] publish_address {127.0.0.1:9300}, bound_addresses {[::1]:9300}, {127.0.0.1:9300}
[2017-03-16T12:13:04,704][WARN ][o.e.b.BootstrapCheck     ] [ht0EVsn] max file descriptors [8192] for elasticsearch process likely too low, increase to at least [65536]
[2017-03-16T12:13:04,705][WARN ][o.e.b.BootstrapCheck     ] [ht0EVsn] max virtual memory areas vm.max_map_count [65530] likely too low, increase to at least [262144]
[2017-03-16T12:13:07,990][INFO ][o.e.c.s.ClusterService   ] [ht0EVsn] new_master {ht0EVsn}{ht0EVsnlRuyePr1G07P69g}{0VdQW8RRT2SkdTmYgwlVwA}{127.0.0.1}{127.0.0.1:9300}, reason: zen-disco-elected-as-master ([0] nodes joined)
[2017-03-16T12:13:08,056][INFO ][o.e.h.HttpServer         ] [ht0EVsn] publish_address {127.0.0.1:9200}, bound_addresses {[::1]:9200}, {127.0.0.1:9200}
[2017-03-16T12:13:08,056][INFO ][o.e.n.Node               ] [ht0EVsn] started
[2017-03-16T12:13:08,955][INFO ][o.e.g.GatewayService     ] [ht0EVsn] recovered [2] indices into cluster_state
[2017-03-16T12:13:10,503][INFO ][o.e.c.r.a.AllocationService] [ht0EVsn] Cluster health status changed from [RED] to [YELLOW] (reason: [shards started [[vehicles][0]] ...]).
[2017-03-16T12:41:42,865][WARN ][o.e.m.j.JvmGcMonitorService] [ht0EVsn] [gc][young][1714][2] duration [2s], collections [1]/[2.9s], total [2s]/[2.2s], memory [578.9mb]->[183.1mb]/[1.9gb], all_pools {[young] [532.5mb]->[4.8mb]/[532.5mb]}{[survivor] [46.4mb]->[66.4mb]/[66.5mb]}{[old] [0b]->[115.3mb]/[1.3gb]}
[2017-03-16T12:41:42,869][WARN ][o.e.m.j.JvmGcMonitorService] [ht0EVsn] [gc][1714] overhead, spent [2s] collecting in the last [2.9s]
[2017-03-16T14:13:55,873][WARN ][o.e.m.j.JvmGcMonitorService] [ht0EVsn] [gc][young][7168][3] duration [5s], collections [1]/[5.6s], total [5s]/[7.3s], memory [713.6mb]->[292mb]/[1.9gb], all_pools {[young] [531.8mb]->[4.1mb]/[532.5mb]}{[survivor] [66.4mb]->[55.1mb]/[66.5mb]}{[old] [115.3mb]->[235.1mb]/[1.3gb]}
[2017-03-16T14:13:55,875][WARN ][o.e.m.j.JvmGcMonitorService] [ht0EVsn] [gc][7168] overhead, spent [5s] collecting in the last [5.6s]
[2017-03-16T16:23:34,241][WARN ][o.e.m.j.JvmGcMonitorService] [ht0EVsn] [gc][young][14931][4] duration [2.2s], collections [1]/[2.8s], total [2.2s]/[9.5s], memory [822.7mb]->[288.6mb]/[1.9gb], all_pools {[young] [532.5mb]->[5.2mb]/[532.5mb]}{[survivor] [55.1mb]->[2mb]/[66.5mb]}{[old] [235.1mb]->[285.3mb]/[1.3gb]}
[2017-03-16T16:23:34,242][WARN ][o.e.m.j.JvmGcMonitorService] [ht0EVsn] [gc][14931] overhead, spent [2.2s] collecting in the last [2.8s]
