[2017-09-25T23:21:19,183][INFO ][o.e.n.Node               ] [ht0EVsn] stopping ...
[2017-09-25T23:21:19,352][INFO ][o.e.n.Node               ] [ht0EVsn] stopped
[2017-09-25T23:21:19,354][INFO ][o.e.n.Node               ] [ht0EVsn] closing ...
[2017-09-25T23:21:19,371][INFO ][o.e.n.Node               ] [ht0EVsn] closed
[2017-09-25T23:22:48,260][INFO ][o.e.n.Node               ] [] initializing ...
[2017-09-25T23:22:48,439][INFO ][o.e.e.NodeEnvironment    ] [ht0EVsn] using [1] data paths, mounts [[/ (none)]], net usable_space [6.5gb], net total_space [10.6gb], spins? [possibly], types [aufs]
[2017-09-25T23:22:48,440][INFO ][o.e.e.NodeEnvironment    ] [ht0EVsn] heap size [1.9gb], compressed ordinary object pointers [true]
[2017-09-25T23:22:48,530][INFO ][o.e.n.Node               ] [ht0EVsn] node name [ht0EVsn] derived from node ID; set [node.name] to override
[2017-09-25T23:22:48,534][INFO ][o.e.n.Node               ] [ht0EVsn] version[5.0.0], pid[42207], build[253032b/2016-10-26T04:37:51.531Z], OS[Linux/4.9.17-c9/amd64], JVM[Oracle Corporation/Java HotSpot(TM) 64-Bit Server VM/1.8.0_111/25.111-b14]
[2017-09-25T23:22:52,266][INFO ][o.e.p.PluginsService     ] [ht0EVsn] loaded module [aggs-matrix-stats]
[2017-09-25T23:22:52,266][INFO ][o.e.p.PluginsService     ] [ht0EVsn] loaded module [ingest-common]
[2017-09-25T23:22:52,267][INFO ][o.e.p.PluginsService     ] [ht0EVsn] loaded module [lang-expression]
[2017-09-25T23:22:52,268][INFO ][o.e.p.PluginsService     ] [ht0EVsn] loaded module [lang-groovy]
[2017-09-25T23:22:52,269][INFO ][o.e.p.PluginsService     ] [ht0EVsn] loaded module [lang-mustache]
[2017-09-25T23:22:52,272][INFO ][o.e.p.PluginsService     ] [ht0EVsn] loaded module [lang-painless]
[2017-09-25T23:22:52,272][INFO ][o.e.p.PluginsService     ] [ht0EVsn] loaded module [percolator]
[2017-09-25T23:22:52,273][INFO ][o.e.p.PluginsService     ] [ht0EVsn] loaded module [reindex]
[2017-09-25T23:22:52,276][INFO ][o.e.p.PluginsService     ] [ht0EVsn] loaded module [transport-netty3]
[2017-09-25T23:22:52,277][INFO ][o.e.p.PluginsService     ] [ht0EVsn] loaded module [transport-netty4]
[2017-09-25T23:22:52,279][INFO ][o.e.p.PluginsService     ] [ht0EVsn] no plugins loaded
[2017-09-25T23:22:59,531][INFO ][o.e.n.Node               ] [ht0EVsn] initialized
[2017-09-25T23:22:59,532][INFO ][o.e.n.Node               ] [ht0EVsn] starting ...
[2017-09-25T23:23:00,024][INFO ][o.e.t.TransportService   ] [ht0EVsn] publish_address {127.0.0.1:9300}, bound_addresses {[::1]:9300}, {127.0.0.1:9300}
[2017-09-25T23:23:00,044][WARN ][o.e.b.BootstrapCheck     ] [ht0EVsn] max file descriptors [8192] for elasticsearch process likely too low, increase to at least [65536]
[2017-09-25T23:23:00,044][WARN ][o.e.b.BootstrapCheck     ] [ht0EVsn] max virtual memory areas vm.max_map_count [65530] likely too low, increase to at least [262144]
[2017-09-25T23:23:03,254][INFO ][o.e.c.s.ClusterService   ] [ht0EVsn] new_master {ht0EVsn}{ht0EVsnlRuyePr1G07P69g}{71_iUz2-STmX8pm91_hLfg}{127.0.0.1}{127.0.0.1:9300}, reason: zen-disco-elected-as-master ([0] nodes joined)
[2017-09-25T23:23:03,467][INFO ][o.e.h.HttpServer         ] [ht0EVsn] publish_address {127.0.0.1:9200}, bound_addresses {[::1]:9200}, {127.0.0.1:9200}
[2017-09-25T23:23:03,469][INFO ][o.e.n.Node               ] [ht0EVsn] started
[2017-09-25T23:23:05,161][INFO ][o.e.g.GatewayService     ] [ht0EVsn] recovered [5] indices into cluster_state
[2017-09-25T23:23:08,764][INFO ][o.e.c.r.a.AllocationService] [ht0EVsn] Cluster health status changed from [RED] to [YELLOW] (reason: [shards started [[vehicles][0], [vehicles][3]] ...]).
[2017-09-25T23:23:26,673][INFO ][o.e.c.m.MetaDataCreateIndexService] [ht0EVsn] [discussions_development_20170925232326418] creating index, cause [api], templates [], shards [5]/[1], mappings [_default_]
[2017-09-25T23:24:38,715][INFO ][o.e.c.m.MetaDataMappingService] [ht0EVsn] [discussions_development_20170925232326418/yllOs_WsQp2O46C9x29OOA] create_mapping [discussion]
[2017-09-25T23:24:39,055][INFO ][o.e.c.m.MetaDataMappingService] [ht0EVsn] [discussions_development_20170925232326418/yllOs_WsQp2O46C9x29OOA] update_mapping [discussion]
[2017-09-25T23:27:20,927][INFO ][o.e.n.Node               ] [] initializing ...
[2017-09-25T23:27:21,127][INFO ][o.e.e.NodeEnvironment    ] [ht0EVsn] using [1] data paths, mounts [[/ (none)]], net usable_space [6.5gb], net total_space [10.6gb], spins? [possibly], types [aufs]
[2017-09-25T23:27:21,127][INFO ][o.e.e.NodeEnvironment    ] [ht0EVsn] heap size [1.9gb], compressed ordinary object pointers [true]
[2017-09-25T23:27:21,197][INFO ][o.e.n.Node               ] [ht0EVsn] node name [ht0EVsn] derived from node ID; set [node.name] to override
[2017-09-25T23:27:21,200][INFO ][o.e.n.Node               ] [ht0EVsn] version[5.0.0], pid[42354], build[253032b/2016-10-26T04:37:51.531Z], OS[Linux/4.9.17-c9/amd64], JVM[Oracle Corporation/Java HotSpot(TM) 64-Bit Server VM/1.8.0_111/25.111-b14]
[2017-09-25T23:27:24,852][INFO ][o.e.p.PluginsService     ] [ht0EVsn] loaded module [aggs-matrix-stats]
[2017-09-25T23:27:24,852][INFO ][o.e.p.PluginsService     ] [ht0EVsn] loaded module [ingest-common]
[2017-09-25T23:27:24,853][INFO ][o.e.p.PluginsService     ] [ht0EVsn] loaded module [lang-expression]
[2017-09-25T23:27:24,853][INFO ][o.e.p.PluginsService     ] [ht0EVsn] loaded module [lang-groovy]
[2017-09-25T23:27:24,854][INFO ][o.e.p.PluginsService     ] [ht0EVsn] loaded module [lang-mustache]
[2017-09-25T23:27:24,854][INFO ][o.e.p.PluginsService     ] [ht0EVsn] loaded module [lang-painless]
[2017-09-25T23:27:24,854][INFO ][o.e.p.PluginsService     ] [ht0EVsn] loaded module [percolator]
[2017-09-25T23:27:24,854][INFO ][o.e.p.PluginsService     ] [ht0EVsn] loaded module [reindex]
[2017-09-25T23:27:24,855][INFO ][o.e.p.PluginsService     ] [ht0EVsn] loaded module [transport-netty3]
[2017-09-25T23:27:24,857][INFO ][o.e.p.PluginsService     ] [ht0EVsn] loaded module [transport-netty4]
[2017-09-25T23:27:24,860][INFO ][o.e.p.PluginsService     ] [ht0EVsn] no plugins loaded
[2017-09-25T23:27:34,452][INFO ][o.e.n.Node               ] [ht0EVsn] initialized
[2017-09-25T23:27:34,456][INFO ][o.e.n.Node               ] [ht0EVsn] starting ...
[2017-09-25T23:27:35,025][INFO ][o.e.t.TransportService   ] [ht0EVsn] publish_address {127.0.0.1:9300}, bound_addresses {[::1]:9300}, {127.0.0.1:9300}
[2017-09-25T23:27:35,049][WARN ][o.e.b.BootstrapCheck     ] [ht0EVsn] max file descriptors [8192] for elasticsearch process likely too low, increase to at least [65536]
[2017-09-25T23:27:35,054][WARN ][o.e.b.BootstrapCheck     ] [ht0EVsn] max virtual memory areas vm.max_map_count [65530] likely too low, increase to at least [262144]
[2017-09-25T23:27:38,311][INFO ][o.e.c.s.ClusterService   ] [ht0EVsn] new_master {ht0EVsn}{ht0EVsnlRuyePr1G07P69g}{pItj-htoR8CrrjvJkdQiew}{127.0.0.1}{127.0.0.1:9300}, reason: zen-disco-elected-as-master ([0] nodes joined)
[2017-09-25T23:27:38,355][INFO ][o.e.h.HttpServer         ] [ht0EVsn] publish_address {127.0.0.1:9200}, bound_addresses {[::1]:9200}, {127.0.0.1:9200}
[2017-09-25T23:27:38,355][INFO ][o.e.n.Node               ] [ht0EVsn] started
[2017-09-25T23:27:39,384][INFO ][o.e.g.GatewayService     ] [ht0EVsn] recovered [5] indices into cluster_state
[2017-09-25T23:27:43,334][INFO ][o.e.c.r.a.AllocationService] [ht0EVsn] Cluster health status changed from [RED] to [YELLOW] (reason: [shards started [[vehicles][0]] ...]).
[2017-09-25T23:39:12,928][INFO ][o.e.c.m.MetaDataMappingService] [ht0EVsn] [discussions_development_20170925232326418/yllOs_WsQp2O46C9x29OOA] update_mapping [discussion]
[2017-09-25T23:45:04,927][WARN ][o.e.m.j.JvmGcMonitorService] [ht0EVsn] [gc][young][1045][2] duration [1.9s], collections [1]/[2.8s], total [1.9s]/[2s], memory [575.1mb]->[169.3mb]/[1.9gb], all_pools {[young] [528.7mb]->[19.4mb]/[532.5mb]}{[survivor] [46.3mb]->[66.5mb]/[66.5mb]}{[old] [0b]->[86.8mb]/[1.3gb]}
[2017-09-25T23:45:04,928][WARN ][o.e.m.j.JvmGcMonitorService] [ht0EVsn] [gc][1045] overhead, spent [1.9s] collecting in the last [2.8s]
