[2017-01-06T01:22:30,851][INFO ][o.e.c.m.MetaDataCreateIndexService] [ht0EVsn] [vehicles] creating index, cause [auto(index api)], templates [], shards [5]/[1], mappings []
[2017-01-06T02:16:48,448][INFO ][o.e.n.Node               ] [] initializing ...
[2017-01-06T02:16:48,909][INFO ][o.e.e.NodeEnvironment    ] [ht0EVsn] using [1] data paths, mounts [[/ (none)]], net usable_space [2.6gb], net total_space [5.2gb], spins? [possibly], types [aufs]
[2017-01-06T02:16:48,910][INFO ][o.e.e.NodeEnvironment    ] [ht0EVsn] heap size [1.9gb], compressed ordinary object pointers [true]
[2017-01-06T02:16:48,989][INFO ][o.e.n.Node               ] [ht0EVsn] node name [ht0EVsn] derived from node ID; set [node.name] to override
[2017-01-06T02:16:48,999][INFO ][o.e.n.Node               ] [ht0EVsn] version[5.0.0], pid[22597], build[253032b/2016-10-26T04:37:51.531Z], OS[Linux/4.2.0-c9/amd64], JVM[Oracle Corporation/Java HotSpot(TM) 64-Bit Server VM/1.8.0_111/25.111-b14]
[2017-01-06T02:17:04,098][INFO ][o.e.p.PluginsService     ] [ht0EVsn] loaded module [aggs-matrix-stats]
[2017-01-06T02:17:04,099][INFO ][o.e.p.PluginsService     ] [ht0EVsn] loaded module [ingest-common]
[2017-01-06T02:17:04,099][INFO ][o.e.p.PluginsService     ] [ht0EVsn] loaded module [lang-expression]
[2017-01-06T02:17:04,099][INFO ][o.e.p.PluginsService     ] [ht0EVsn] loaded module [lang-groovy]
[2017-01-06T02:17:04,216][INFO ][o.e.p.PluginsService     ] [ht0EVsn] loaded module [lang-mustache]
[2017-01-06T02:17:04,217][INFO ][o.e.p.PluginsService     ] [ht0EVsn] loaded module [lang-painless]
[2017-01-06T02:17:04,217][INFO ][o.e.p.PluginsService     ] [ht0EVsn] loaded module [percolator]
[2017-01-06T02:17:04,217][INFO ][o.e.p.PluginsService     ] [ht0EVsn] loaded module [reindex]
[2017-01-06T02:17:04,217][INFO ][o.e.p.PluginsService     ] [ht0EVsn] loaded module [transport-netty3]
[2017-01-06T02:17:04,218][INFO ][o.e.p.PluginsService     ] [ht0EVsn] loaded module [transport-netty4]
[2017-01-06T02:17:04,219][INFO ][o.e.p.PluginsService     ] [ht0EVsn] no plugins loaded
[2017-01-06T02:17:24,305][INFO ][o.e.n.Node               ] [ht0EVsn] initialized
[2017-01-06T02:17:24,306][INFO ][o.e.n.Node               ] [ht0EVsn] starting ...
[2017-01-06T02:17:25,331][INFO ][o.e.m.j.JvmGcMonitorService] [ht0EVsn] [gc][1] overhead, spent [263ms] collecting in the last [1s]
[2017-01-06T02:17:25,777][INFO ][o.e.t.TransportService   ] [ht0EVsn] publish_address {127.0.0.1:9300}, bound_addresses {[::1]:9300}, {127.0.0.1:9300}
[2017-01-06T02:17:25,800][WARN ][o.e.b.BootstrapCheck     ] [ht0EVsn] max file descriptors [8192] for elasticsearch process likely too low, increase to at least [65536]
[2017-01-06T02:17:25,801][WARN ][o.e.b.BootstrapCheck     ] [ht0EVsn] max virtual memory areas vm.max_map_count [65530] likely too low, increase to at least [262144]
[2017-01-06T02:17:29,791][INFO ][o.e.c.s.ClusterService   ] [ht0EVsn] new_master {ht0EVsn}{ht0EVsnlRuyePr1G07P69g}{nP3C4ja2QuaOpr0ImMS96g}{127.0.0.1}{127.0.0.1:9300}, reason: zen-disco-elected-as-master ([0] nodes joined)
[2017-01-06T02:17:29,826][INFO ][o.e.h.HttpServer         ] [ht0EVsn] publish_address {127.0.0.1:9200}, bound_addresses {[::1]:9200}, {127.0.0.1:9200}
[2017-01-06T02:17:29,826][INFO ][o.e.n.Node               ] [ht0EVsn] started
[2017-01-06T02:17:32,054][INFO ][o.e.g.GatewayService     ] [ht0EVsn] recovered [2] indices into cluster_state
[2017-01-06T02:17:49,215][INFO ][o.e.m.j.JvmGcMonitorService] [ht0EVsn] [gc][old][10][2] duration [5.5s], collections [1]/[15.6s], total [5.5s]/[6.1s], memory [232.8mb]->[232.8mb]/[1.9gb], all_pools {[young] [187.8mb]->[187.8mb]/[532.5mb]}{[survivor] [44.9mb]->[44.9mb]/[66.5mb]}{[old] [0b]->[0b]/[1.3gb]}
[2017-01-06T02:17:49,216][INFO ][o.e.m.j.JvmGcMonitorService] [ht0EVsn] [gc][10] overhead, spent [5.5s] collecting in the last [15.6s]
[2017-01-06T02:17:50,148][INFO ][o.e.c.r.a.AllocationService] [ht0EVsn] Cluster health status changed from [RED] to [YELLOW] (reason: [shards started [[vehicles_development_20161105192812009][0]] ...]).
[2017-01-06T03:46:09,039][INFO ][o.e.m.j.JvmGcMonitorService] [ht0EVsn] [gc][young][5305][2] duration [994ms], collections [1]/[1.3s], total [994ms]/[1.2s], memory [577.5mb]->[85.2mb]/[1.9gb], all_pools {[young] [532.5mb]->[5.5mb]/[532.5mb]}{[survivor] [44.9mb]->[66.4mb]/[66.5mb]}{[old] [0b]->[16.7mb]/[1.3gb]}
[2017-01-06T03:46:09,040][WARN ][o.e.m.j.JvmGcMonitorService] [ht0EVsn] [gc][5305] overhead, spent [994ms] collecting in the last [1.3s]
[2017-01-06T06:18:56,239][WARN ][o.e.m.j.JvmGcMonitorService] [ht0EVsn] [gc][young][14460][3] duration [2.6s], collections [1]/[2.7s], total [2.6s]/[3.8s], memory [614.9mb]->[57.9mb]/[1.9gb], all_pools {[young] [531.7mb]->[2.4mb]/[532.5mb]}{[survivor] [66.4mb]->[4mb]/[66.5mb]}{[old] [16.7mb]->[53.8mb]/[1.3gb]}
[2017-01-06T06:18:56,414][WARN ][o.e.m.j.JvmGcMonitorService] [ht0EVsn] [gc][14460] overhead, spent [2.6s] collecting in the last [2.7s]
[2017-01-06T12:40:56,995][INFO ][o.e.n.Node               ] [ht0EVsn] stopping ...
[2017-01-06T12:40:57,167][INFO ][o.e.n.Node               ] [ht0EVsn] stopped
[2017-01-06T12:40:57,168][INFO ][o.e.n.Node               ] [ht0EVsn] closing ...
[2017-01-06T12:40:57,191][INFO ][o.e.n.Node               ] [ht0EVsn] closed
[2017-01-06T12:41:18,337][INFO ][o.e.n.Node               ] [] initializing ...
[2017-01-06T12:41:18,563][INFO ][o.e.e.NodeEnvironment    ] [ht0EVsn] using [1] data paths, mounts [[/ (none)]], net usable_space [2.6gb], net total_space [5.2gb], spins? [possibly], types [aufs]
[2017-01-06T12:41:18,564][INFO ][o.e.e.NodeEnvironment    ] [ht0EVsn] heap size [1.9gb], compressed ordinary object pointers [true]
[2017-01-06T12:41:18,605][INFO ][o.e.n.Node               ] [ht0EVsn] node name [ht0EVsn] derived from node ID; set [node.name] to override
[2017-01-06T12:41:18,609][INFO ][o.e.n.Node               ] [ht0EVsn] version[5.0.0], pid[23907], build[253032b/2016-10-26T04:37:51.531Z], OS[Linux/4.2.0-c9/amd64], JVM[Oracle Corporation/Java HotSpot(TM) 64-Bit Server VM/1.8.0_111/25.111-b14]
[2017-01-06T12:41:22,276][INFO ][o.e.p.PluginsService     ] [ht0EVsn] loaded module [aggs-matrix-stats]
[2017-01-06T12:41:22,276][INFO ][o.e.p.PluginsService     ] [ht0EVsn] loaded module [ingest-common]
[2017-01-06T12:41:22,277][INFO ][o.e.p.PluginsService     ] [ht0EVsn] loaded module [lang-expression]
[2017-01-06T12:41:22,413][INFO ][o.e.p.PluginsService     ] [ht0EVsn] loaded module [lang-groovy]
[2017-01-06T12:41:22,414][INFO ][o.e.p.PluginsService     ] [ht0EVsn] loaded module [lang-mustache]
[2017-01-06T12:41:22,414][INFO ][o.e.p.PluginsService     ] [ht0EVsn] loaded module [lang-painless]
[2017-01-06T12:41:22,414][INFO ][o.e.p.PluginsService     ] [ht0EVsn] loaded module [percolator]
[2017-01-06T12:41:22,414][INFO ][o.e.p.PluginsService     ] [ht0EVsn] loaded module [reindex]
[2017-01-06T12:41:22,414][INFO ][o.e.p.PluginsService     ] [ht0EVsn] loaded module [transport-netty3]
[2017-01-06T12:41:22,415][INFO ][o.e.p.PluginsService     ] [ht0EVsn] loaded module [transport-netty4]
[2017-01-06T12:41:22,418][INFO ][o.e.p.PluginsService     ] [ht0EVsn] no plugins loaded
[2017-01-06T12:41:57,661][INFO ][o.e.n.Node               ] [ht0EVsn] initialized
[2017-01-06T12:41:57,662][INFO ][o.e.n.Node               ] [ht0EVsn] starting ...
[2017-01-06T12:41:58,288][INFO ][o.e.t.TransportService   ] [ht0EVsn] publish_address {127.0.0.1:9300}, bound_addresses {[::1]:9300}, {127.0.0.1:9300}
[2017-01-06T12:41:58,304][WARN ][o.e.b.BootstrapCheck     ] [ht0EVsn] max file descriptors [8192] for elasticsearch process likely too low, increase to at least [65536]
[2017-01-06T12:41:58,305][WARN ][o.e.b.BootstrapCheck     ] [ht0EVsn] max virtual memory areas vm.max_map_count [65530] likely too low, increase to at least [262144]
[2017-01-06T12:42:01,558][INFO ][o.e.c.s.ClusterService   ] [ht0EVsn] new_master {ht0EVsn}{ht0EVsnlRuyePr1G07P69g}{4a5vIuq5S5OdBCJpRjf0OA}{127.0.0.1}{127.0.0.1:9300}, reason: zen-disco-elected-as-master ([0] nodes joined)
[2017-01-06T12:42:01,588][INFO ][o.e.h.HttpServer         ] [ht0EVsn] publish_address {127.0.0.1:9200}, bound_addresses {[::1]:9200}, {127.0.0.1:9200}
[2017-01-06T12:42:01,589][INFO ][o.e.n.Node               ] [ht0EVsn] started
[2017-01-06T12:42:02,663][INFO ][o.e.g.GatewayService     ] [ht0EVsn] recovered [2] indices into cluster_state
[2017-01-06T12:42:05,833][INFO ][o.e.c.r.a.AllocationService] [ht0EVsn] Cluster health status changed from [RED] to [YELLOW] (reason: [shards started [[vehicles_development_20161105192812009][4]] ...]).
[2017-01-06T12:46:59,423][INFO ][o.e.n.Node               ] [ht0EVsn] stopping ...
[2017-01-06T12:46:59,528][INFO ][o.e.n.Node               ] [ht0EVsn] stopped
[2017-01-06T12:46:59,529][INFO ][o.e.n.Node               ] [ht0EVsn] closing ...
[2017-01-06T12:46:59,542][INFO ][o.e.n.Node               ] [ht0EVsn] closed
[2017-01-06T12:47:06,251][INFO ][o.e.n.Node               ] [] initializing ...
[2017-01-06T12:47:06,474][INFO ][o.e.e.NodeEnvironment    ] [ht0EVsn] using [1] data paths, mounts [[/ (none)]], net usable_space [2.6gb], net total_space [5.2gb], spins? [possibly], types [aufs]
[2017-01-06T12:47:06,475][INFO ][o.e.e.NodeEnvironment    ] [ht0EVsn] heap size [1.9gb], compressed ordinary object pointers [true]
[2017-01-06T12:47:06,522][INFO ][o.e.n.Node               ] [ht0EVsn] node name [ht0EVsn] derived from node ID; set [node.name] to override
[2017-01-06T12:47:06,525][INFO ][o.e.n.Node               ] [ht0EVsn] version[5.0.0], pid[24541], build[253032b/2016-10-26T04:37:51.531Z], OS[Linux/4.2.0-c9/amd64], JVM[Oracle Corporation/Java HotSpot(TM) 64-Bit Server VM/1.8.0_111/25.111-b14]
[2017-01-06T12:47:10,061][INFO ][o.e.p.PluginsService     ] [ht0EVsn] loaded module [aggs-matrix-stats]
[2017-01-06T12:47:10,062][INFO ][o.e.p.PluginsService     ] [ht0EVsn] loaded module [ingest-common]
[2017-01-06T12:47:10,062][INFO ][o.e.p.PluginsService     ] [ht0EVsn] loaded module [lang-expression]
[2017-01-06T12:47:10,062][INFO ][o.e.p.PluginsService     ] [ht0EVsn] loaded module [lang-groovy]
[2017-01-06T12:47:10,063][INFO ][o.e.p.PluginsService     ] [ht0EVsn] loaded module [lang-mustache]
[2017-01-06T12:47:10,063][INFO ][o.e.p.PluginsService     ] [ht0EVsn] loaded module [lang-painless]
[2017-01-06T12:47:10,063][INFO ][o.e.p.PluginsService     ] [ht0EVsn] loaded module [percolator]
[2017-01-06T12:47:10,063][INFO ][o.e.p.PluginsService     ] [ht0EVsn] loaded module [reindex]
[2017-01-06T12:47:10,064][INFO ][o.e.p.PluginsService     ] [ht0EVsn] loaded module [transport-netty3]
[2017-01-06T12:47:10,064][INFO ][o.e.p.PluginsService     ] [ht0EVsn] loaded module [transport-netty4]
[2017-01-06T12:47:10,065][INFO ][o.e.p.PluginsService     ] [ht0EVsn] no plugins loaded
[2017-01-06T12:47:20,889][INFO ][o.e.n.Node               ] [ht0EVsn] initialized
[2017-01-06T12:47:20,890][INFO ][o.e.n.Node               ] [ht0EVsn] starting ...
[2017-01-06T12:47:21,707][INFO ][o.e.t.TransportService   ] [ht0EVsn] publish_address {127.0.0.1:9300}, bound_addresses {[::1]:9300}, {127.0.0.1:9300}
[2017-01-06T12:47:21,725][WARN ][o.e.b.BootstrapCheck     ] [ht0EVsn] max file descriptors [8192] for elasticsearch process likely too low, increase to at least [65536]
[2017-01-06T12:47:21,726][WARN ][o.e.b.BootstrapCheck     ] [ht0EVsn] max virtual memory areas vm.max_map_count [65530] likely too low, increase to at least [262144]
[2017-01-06T12:47:24,898][INFO ][o.e.c.s.ClusterService   ] [ht0EVsn] new_master {ht0EVsn}{ht0EVsnlRuyePr1G07P69g}{eq1d-_47QIWyT7eADCVvmA}{127.0.0.1}{127.0.0.1:9300}, reason: zen-disco-elected-as-master ([0] nodes joined)
[2017-01-06T12:47:24,925][INFO ][o.e.h.HttpServer         ] [ht0EVsn] publish_address {127.0.0.1:9200}, bound_addresses {[::1]:9200}, {127.0.0.1:9200}
[2017-01-06T12:47:24,925][INFO ][o.e.n.Node               ] [ht0EVsn] started
[2017-01-06T12:47:25,480][INFO ][o.e.g.GatewayService     ] [ht0EVsn] recovered [2] indices into cluster_state
[2017-01-06T12:47:26,476][INFO ][o.e.c.r.a.AllocationService] [ht0EVsn] Cluster health status changed from [RED] to [YELLOW] (reason: [shards started [[vehicles_development_20161105192812009][4]] ...]).
[2017-01-06T13:00:09,774][WARN ][o.e.m.j.JvmGcMonitorService] [ht0EVsn] [gc][young][751][2] duration [6.5s], collections [1]/[7.2s], total [6.5s]/[6.6s], memory [572mb]->[247.6mb]/[1.9gb], all_pools {[young] [525.7mb]->[20.5mb]/[532.5mb]}{[survivor] [46.3mb]->[66.4mb]/[66.5mb]}{[old] [0b]->[165.1mb]/[1.3gb]}
[2017-01-06T13:00:09,802][WARN ][o.e.m.j.JvmGcMonitorService] [ht0EVsn] [gc][751] overhead, spent [6.5s] collecting in the last [7.2s]
