[2017-04-05T14:28:42,314][INFO ][o.e.n.Node               ] [] initializing ...
[2017-04-05T14:28:42,552][INFO ][o.e.e.NodeEnvironment    ] [ht0EVsn] using [1] data paths, mounts [[/ (none)]], net usable_space [2.3gb], net total_space [5.2gb], spins? [possibly], types [aufs]
[2017-04-05T14:28:42,552][INFO ][o.e.e.NodeEnvironment    ] [ht0EVsn] heap size [1.9gb], compressed ordinary object pointers [true]
[2017-04-05T14:28:42,594][INFO ][o.e.n.Node               ] [ht0EVsn] node name [ht0EVsn] derived from node ID; set [node.name] to override
[2017-04-05T14:28:42,598][INFO ][o.e.n.Node               ] [ht0EVsn] version[5.0.0], pid[13651], build[253032b/2016-10-26T04:37:51.531Z], OS[Linux/4.9.17-c9/amd64], JVM[Oracle Corporation/Java HotSpot(TM) 64-Bit Server VM/1.8.0_111/25.111-b14]
[2017-04-05T14:28:47,223][INFO ][o.e.p.PluginsService     ] [ht0EVsn] loaded module [aggs-matrix-stats]
[2017-04-05T14:28:47,223][INFO ][o.e.p.PluginsService     ] [ht0EVsn] loaded module [ingest-common]
[2017-04-05T14:28:47,224][INFO ][o.e.p.PluginsService     ] [ht0EVsn] loaded module [lang-expression]
[2017-04-05T14:28:47,224][INFO ][o.e.p.PluginsService     ] [ht0EVsn] loaded module [lang-groovy]
[2017-04-05T14:28:47,224][INFO ][o.e.p.PluginsService     ] [ht0EVsn] loaded module [lang-mustache]
[2017-04-05T14:28:47,224][INFO ][o.e.p.PluginsService     ] [ht0EVsn] loaded module [lang-painless]
[2017-04-05T14:28:47,225][INFO ][o.e.p.PluginsService     ] [ht0EVsn] loaded module [percolator]
[2017-04-05T14:28:47,225][INFO ][o.e.p.PluginsService     ] [ht0EVsn] loaded module [reindex]
[2017-04-05T14:28:47,225][INFO ][o.e.p.PluginsService     ] [ht0EVsn] loaded module [transport-netty3]
[2017-04-05T14:28:47,225][INFO ][o.e.p.PluginsService     ] [ht0EVsn] loaded module [transport-netty4]
[2017-04-05T14:28:47,226][INFO ][o.e.p.PluginsService     ] [ht0EVsn] no plugins loaded
[2017-04-05T14:29:17,466][INFO ][o.e.n.Node               ] [ht0EVsn] initialized
[2017-04-05T14:29:17,467][INFO ][o.e.n.Node               ] [ht0EVsn] starting ...
[2017-04-05T14:29:18,168][INFO ][o.e.t.TransportService   ] [ht0EVsn] publish_address {127.0.0.1:9300}, bound_addresses {[::1]:9300}, {127.0.0.1:9300}
[2017-04-05T14:29:18,225][WARN ][o.e.b.BootstrapCheck     ] [ht0EVsn] max file descriptors [8192] for elasticsearch process likely too low, increase to at least [65536]
[2017-04-05T14:29:18,225][WARN ][o.e.b.BootstrapCheck     ] [ht0EVsn] max virtual memory areas vm.max_map_count [65530] likely too low, increase to at least [262144]
[2017-04-05T14:29:21,872][INFO ][o.e.c.s.ClusterService   ] [ht0EVsn] new_master {ht0EVsn}{ht0EVsnlRuyePr1G07P69g}{N8uEx7b5QyifSW4_eTcE_Q}{127.0.0.1}{127.0.0.1:9300}, reason: zen-disco-elected-as-master ([0] nodes joined)
[2017-04-05T14:29:21,936][INFO ][o.e.h.HttpServer         ] [ht0EVsn] publish_address {127.0.0.1:9200}, bound_addresses {[::1]:9200}, {127.0.0.1:9200}
[2017-04-05T14:29:21,936][INFO ][o.e.n.Node               ] [ht0EVsn] started
[2017-04-05T14:29:22,829][INFO ][o.e.g.GatewayService     ] [ht0EVsn] recovered [2] indices into cluster_state
[2017-04-05T14:29:24,052][INFO ][o.e.c.r.a.AllocationService] [ht0EVsn] Cluster health status changed from [RED] to [YELLOW] (reason: [shards started [[vehicles][3]] ...]).
[2017-04-05T14:30:56,363][WARN ][o.e.m.j.JvmGcMonitorService] [ht0EVsn] [gc][young][87][2] duration [10.6s], collections [1]/[11.6s], total [10.6s]/[10.7s], memory [570.2mb]->[286.3mb]/[1.9gb], all_pools {[young] [523.7mb]->[22.6mb]/[532.5mb]}{[survivor] [46.5mb]->[66.4mb]/[66.5mb]}{[old] [0b]->[197.1mb]/[1.3gb]}
[2017-04-05T14:30:56,365][WARN ][o.e.m.j.JvmGcMonitorService] [ht0EVsn] [gc][87] overhead, spent [10.6s] collecting in the last [11.6s]
[2017-04-05T16:38:34,226][WARN ][o.e.m.j.JvmGcMonitorService] [ht0EVsn] [gc][young][7739][3] duration [2.9s], collections [1]/[3.7s], total [2.9s]/[13.7s], memory [795.8mb]->[308.6mb]/[1.9gb], all_pools {[young] [532.1mb]->[2.3mb]/[532.5mb]}{[survivor] [66.4mb]->[54.3mb]/[66.5mb]}{[old] [197.1mb]->[254.2mb]/[1.3gb]}
[2017-04-05T16:38:34,229][WARN ][o.e.m.j.JvmGcMonitorService] [ht0EVsn] [gc][7739] overhead, spent [2.9s] collecting in the last [3.7s]
[2017-04-05T18:53:17,620][WARN ][o.e.m.j.JvmGcMonitorService] [ht0EVsn] [gc][young][15811][4] duration [8.6s], collections [1]/[9s], total [8.6s]/[22.3s], memory [840.7mb]->[294.1mb]/[1.9gb], all_pools {[young] [532.1mb]->[5.1mb]/[532.5mb]}{[survivor] [54.3mb]->[2mb]/[66.5mb]}{[old] [254.2mb]->[287.3mb]/[1.3gb]}
[2017-04-05T18:53:17,790][WARN ][o.e.m.j.JvmGcMonitorService] [ht0EVsn] [gc][15811] overhead, spent [8.6s] collecting in the last [9s]
