[2017-09-01T02:10:37,669][INFO ][o.e.m.j.JvmGcMonitorService] [ht0EVsn] [gc][90179] overhead, spent [295ms] collecting in the last [1s]
[2017-09-01T05:36:50,606][WARN ][o.e.m.j.JvmGcMonitorService] [ht0EVsn] [gc][young][102540][19] duration [7.7s], collections [1]/[8.1s], total [7.7s]/[48.6s], memory [834.7mb]->[290.4mb]/[1.9gb], all_pools {[young] [531.8mb]->[3.6mb]/[532.5mb]}{[survivor] [33.4mb]->[1.2mb]/[66.5mb]}{[old] [269.4mb]->[285.8mb]/[1.3gb]}
[2017-09-01T05:36:50,614][WARN ][o.e.m.j.JvmGcMonitorService] [ht0EVsn] [gc][102540] overhead, spent [7.7s] collecting in the last [8.1s]
[2017-09-03T17:07:26,088][INFO ][o.e.n.Node               ] [] initializing ...
[2017-09-03T17:07:26,291][INFO ][o.e.e.NodeEnvironment    ] [ht0EVsn] using [1] data paths, mounts [[/ (none)]], net usable_space [6.9gb], net total_space [10.6gb], spins? [possibly], types [aufs]
[2017-09-03T17:07:26,292][INFO ][o.e.e.NodeEnvironment    ] [ht0EVsn] heap size [1.9gb], compressed ordinary object pointers [true]
[2017-09-03T17:07:26,361][INFO ][o.e.n.Node               ] [ht0EVsn] node name [ht0EVsn] derived from node ID; set [node.name] to override
[2017-09-03T17:07:26,365][INFO ][o.e.n.Node               ] [ht0EVsn] version[5.0.0], pid[37656], build[253032b/2016-10-26T04:37:51.531Z], OS[Linux/4.9.17-c9/amd64], JVM[Oracle Corporation/Java HotSpot(TM) 64-Bit Server VM/1.8.0_111/25.111-b14]
[2017-09-03T17:07:29,041][INFO ][o.e.p.PluginsService     ] [ht0EVsn] loaded module [aggs-matrix-stats]
[2017-09-03T17:07:29,042][INFO ][o.e.p.PluginsService     ] [ht0EVsn] loaded module [ingest-common]
[2017-09-03T17:07:29,042][INFO ][o.e.p.PluginsService     ] [ht0EVsn] loaded module [lang-expression]
[2017-09-03T17:07:29,042][INFO ][o.e.p.PluginsService     ] [ht0EVsn] loaded module [lang-groovy]
[2017-09-03T17:07:29,042][INFO ][o.e.p.PluginsService     ] [ht0EVsn] loaded module [lang-mustache]
[2017-09-03T17:07:29,042][INFO ][o.e.p.PluginsService     ] [ht0EVsn] loaded module [lang-painless]
[2017-09-03T17:07:29,043][INFO ][o.e.p.PluginsService     ] [ht0EVsn] loaded module [percolator]
[2017-09-03T17:07:29,043][INFO ][o.e.p.PluginsService     ] [ht0EVsn] loaded module [reindex]
[2017-09-03T17:07:29,043][INFO ][o.e.p.PluginsService     ] [ht0EVsn] loaded module [transport-netty3]
[2017-09-03T17:07:29,043][INFO ][o.e.p.PluginsService     ] [ht0EVsn] loaded module [transport-netty4]
[2017-09-03T17:07:29,044][INFO ][o.e.p.PluginsService     ] [ht0EVsn] no plugins loaded
[2017-09-03T17:07:35,635][INFO ][o.e.n.Node               ] [ht0EVsn] initialized
[2017-09-03T17:07:35,636][INFO ][o.e.n.Node               ] [ht0EVsn] starting ...
[2017-09-03T17:07:36,438][INFO ][o.e.t.TransportService   ] [ht0EVsn] publish_address {127.0.0.1:9300}, bound_addresses {[::1]:9300}, {127.0.0.1:9300}
[2017-09-03T17:07:36,587][WARN ][o.e.b.BootstrapCheck     ] [ht0EVsn] max file descriptors [8192] for elasticsearch process likely too low, increase to at least [65536]
[2017-09-03T17:07:36,587][WARN ][o.e.b.BootstrapCheck     ] [ht0EVsn] max virtual memory areas vm.max_map_count [65530] likely too low, increase to at least [262144]
[2017-09-03T17:07:40,626][INFO ][o.e.c.s.ClusterService   ] [ht0EVsn] new_master {ht0EVsn}{ht0EVsnlRuyePr1G07P69g}{JfFcqszdRsGtRdzyMnD5JQ}{127.0.0.1}{127.0.0.1:9300}, reason: zen-disco-elected-as-master ([0] nodes joined)
[2017-09-03T17:07:40,667][INFO ][o.e.h.HttpServer         ] [ht0EVsn] publish_address {127.0.0.1:9200}, bound_addresses {[::1]:9200}, {127.0.0.1:9200}
[2017-09-03T17:07:40,667][INFO ][o.e.n.Node               ] [ht0EVsn] started
[2017-09-03T17:07:41,852][INFO ][o.e.g.GatewayService     ] [ht0EVsn] recovered [4] indices into cluster_state
[2017-09-03T17:07:44,622][INFO ][o.e.c.r.a.AllocationService] [ht0EVsn] Cluster health status changed from [RED] to [YELLOW] (reason: [shards started [[vehicles][1]] ...]).
[2017-09-03T18:41:26,210][WARN ][o.e.m.j.JvmGcMonitorService] [ht0EVsn] [gc][young][5600][3] duration [9.6s], collections [1]/[9.7s], total [9.6s]/[9.9s], memory [604.7mb]->[233.7mb]/[1.9gb], all_pools {[young] [519.4mb]->[18.3mb]/[532.5mb]}{[survivor] [66.4mb]->[61.5mb]/[66.5mb]}{[old] [18.8mb]->[153.8mb]/[1.3gb]}
[2017-09-03T18:41:26,214][WARN ][o.e.m.j.JvmGcMonitorService] [ht0EVsn] [gc][5600] overhead, spent [9.6s] collecting in the last [9.7s]
[2017-09-03T18:43:26,784][INFO ][o.e.c.m.MetaDataCreateIndexService] [ht0EVsn] [discussions_development] creating index, cause [auto(bulk api)], templates [], shards [5]/[1], mappings []
[2017-09-03T18:43:27,079][INFO ][o.e.c.m.MetaDataMappingService] [ht0EVsn] [discussions_development/LIGTsCJxStS0_wp8S33Xsg] create_mapping [discussion]
[2017-09-03T18:58:55,711][DEBUG][o.e.a.s.TransportSearchAction] [ht0EVsn] [discussions_development][1], node[ht0EVsnlRuyePr1G07P69g], [P], s[STARTED], a[id=XoQ8rHIaTg-M748FxUEycA]: Failed to execute [SearchRequest{searchType=QUERY_THEN_FETCH, indices=[discussions_development], indicesOptions=IndicesOptions[id=38, ignore_unavailable=false, allow_no_indices=true, expand_wildcards_open=true, expand_wildcards_closed=false, allow_alisases_to_multiple_indices=true, forbid_closed_indices=true], types=[], routing='null', preference='null', requestCache=null, scroll=null, source={
  "from" : 0,
  "size" : 10,
  "timeout" : "11s",
  "query" : {
    "dis_max" : {
      "tie_breaker" : 0.0,
      "queries" : [
        {
          "match" : {
            "_all" : {
              "query" : "sdfasd",
              "operator" : "AND",
              "analyzer" : "searchkick_search",
              "prefix_length" : 0,
              "max_expansions" : 50,
              "fuzzy_transpositions" : true,
              "lenient" : false,
              "zero_terms_query" : "NONE",
              "boost" : 10.0
            }
          }
        },
        {
          "match" : {
            "_all" : {
              "query" : "sdfasd",
              "operator" : "AND",
              "analyzer" : "searchkick_search2",
              "prefix_length" : 0,
              "max_expansions" : 50,
              "fuzzy_transpositions" : true,
              "lenient" : false,
              "zero_terms_query" : "NONE",
              "boost" : 10.0
            }
          }
        },
        {
          "match" : {
            "_all" : {
              "query" : "sdfasd",
              "operator" : "AND",
              "analyzer" : "searchkick_search",
              "fuzziness" : "1",
              "prefix_length" : 0,
              "max_expansions" : 3,
              "fuzzy_transpositions" : true,
              "lenient" : false,
              "zero_terms_query" : "NONE",
              "boost" : 1.0
            }
          }
        },
        {
          "match" : {
            "_all" : {
              "query" : "sdfasd",
              "operator" : "AND",
              "analyzer" : "searchkick_search2",
              "fuzziness" : "1",
              "prefix_length" : 0,
              "max_expansions" : 3,
              "fuzzy_transpositions" : true,
              "lenient" : false,
              "zero_terms_query" : "NONE",
              "boost" : 1.0
            }
          }
        }
      ],
      "boost" : 1.0
    }
  },
  "_source" : false,
  "ext" : { }
}}] lastShard [true]
org.elasticsearch.transport.RemoteTransportException: [ht0EVsn][127.0.0.1:9300][indices:data/read/search[phase/query]]
Caused by: org.elasticsearch.index.query.QueryShardException: [match] analyzer [searchkick_search] not found
	at org.elasticsearch.index.query.MatchQueryBuilder.doToQuery(MatchQueryBuilder.java:448) ~[elasticsearch-5.0.0.jar:5.0.0]
	at org.elasticsearch.index.query.AbstractQueryBuilder.toQuery(AbstractQueryBuilder.java:95) ~[elasticsearch-5.0.0.jar:5.0.0]
	at org.elasticsearch.index.query.AbstractQueryBuilder.toQueries(AbstractQueryBuilder.java:230) ~[elasticsearch-5.0.0.jar:5.0.0]
	at org.elasticsearch.index.query.DisMaxQueryBuilder.doToQuery(DisMaxQueryBuilder.java:187) ~[elasticsearch-5.0.0.jar:5.0.0]
	at org.elasticsearch.index.query.AbstractQueryBuilder.toQuery(AbstractQueryBuilder.java:95) ~[elasticsearch-5.0.0.jar:5.0.0]
	at org.elasticsearch.index.query.QueryShardContext.lambda$toQuery$1(QueryShardContext.java:311) ~[elasticsearch-5.0.0.jar:5.0.0]
	at org.elasticsearch.index.query.QueryShardContext.toQuery(QueryShardContext.java:328) ~[elasticsearch-5.0.0.jar:5.0.0]
	at org.elasticsearch.index.query.QueryShardContext.toQuery(QueryShardContext.java:310) ~[elasticsearch-5.0.0.jar:5.0.0]
	at org.elasticsearch.search.SearchService.parseSource(SearchService.java:661) ~[elasticsearch-5.0.0.jar:5.0.0]
	at org.elasticsearch.search.SearchService.createContext(SearchService.java:536) ~[elasticsearch-5.0.0.jar:5.0.0]
	at org.elasticsearch.search.SearchService.createAndPutContext(SearchService.java:502) ~[elasticsearch-5.0.0.jar:5.0.0]
	at org.elasticsearch.search.SearchService.executeQueryPhase(SearchService.java:243) ~[elasticsearch-5.0.0.jar:5.0.0]
	at org.elasticsearch.action.search.SearchTransportService.lambda$registerRequestHandler$6(SearchTransportService.java:276) ~[elasticsearch-5.0.0.jar:5.0.0]
	at org.elasticsearch.transport.TransportRequestHandler.messageReceived(TransportRequestHandler.java:33) ~[elasticsearch-5.0.0.jar:5.0.0]
	at org.elasticsearch.transport.RequestHandlerRegistry.processMessageReceived(RequestHandlerRegistry.java:69) ~[elasticsearch-5.0.0.jar:5.0.0]
	at org.elasticsearch.transport.TransportService$6.doRun(TransportService.java:548) [elasticsearch-5.0.0.jar:5.0.0]
	at org.elasticsearch.common.util.concurrent.ThreadContext$ContextPreservingAbstractRunnable.doRun(ThreadContext.java:504) [elasticsearch-5.0.0.jar:5.0.0]
	at org.elasticsearch.common.util.concurrent.AbstractRunnable.run(AbstractRunnable.java:37) [elasticsearch-5.0.0.jar:5.0.0]
	at java.util.concurrent.ThreadPoolExecutor.runWorker(ThreadPoolExecutor.java:1142) [?:1.8.0_111]
	at java.util.concurrent.ThreadPoolExecutor$Worker.run(ThreadPoolExecutor.java:617) [?:1.8.0_111]
	at java.lang.Thread.run(Thread.java:745) [?:1.8.0_111]
[2017-09-03T18:58:55,710][DEBUG][o.e.a.s.TransportSearchAction] [ht0EVsn] [discussions_development][3], node[ht0EVsnlRuyePr1G07P69g], [P], s[STARTED], a[id=wTMw9oMZTAqHOZartA-oZQ]: Failed to execute [SearchRequest{searchType=QUERY_THEN_FETCH, indices=[discussions_development], indicesOptions=IndicesOptions[id=38, ignore_unavailable=false, allow_no_indices=true, expand_wildcards_open=true, expand_wildcards_closed=false, allow_alisases_to_multiple_indices=true, forbid_closed_indices=true], types=[], routing='null', preference='null', requestCache=null, scroll=null, source={
  "from" : 0,
  "size" : 10,
  "timeout" : "11s",
  "query" : {
    "dis_max" : {
      "tie_breaker" : 0.0,
      "queries" : [
        {
          "match" : {
            "_all" : {
              "query" : "sdfasd",
              "operator" : "AND",
              "analyzer" : "searchkick_search",
              "prefix_length" : 0,
              "max_expansions" : 50,
              "fuzzy_transpositions" : true,
              "lenient" : false,
              "zero_terms_query" : "NONE",
              "boost" : 10.0
            }
          }
        },
        {
          "match" : {
            "_all" : {
              "query" : "sdfasd",
              "operator" : "AND",
              "analyzer" : "searchkick_search2",
              "prefix_length" : 0,
              "max_expansions" : 50,
              "fuzzy_transpositions" : true,
              "lenient" : false,
              "zero_terms_query" : "NONE",
              "boost" : 10.0
            }
          }
        },
        {
          "match" : {
            "_all" : {
              "query" : "sdfasd",
              "operator" : "AND",
              "analyzer" : "searchkick_search",
              "fuzziness" : "1",
              "prefix_length" : 0,
              "max_expansions" : 3,
              "fuzzy_transpositions" : true,
              "lenient" : false,
              "zero_terms_query" : "NONE",
              "boost" : 1.0
            }
          }
        },
        {
          "match" : {
            "_all" : {
              "query" : "sdfasd",
              "operator" : "AND",
              "analyzer" : "searchkick_search2",
              "fuzziness" : "1",
              "prefix_length" : 0,
              "max_expansions" : 3,
              "fuzzy_transpositions" : true,
              "lenient" : false,
              "zero_terms_query" : "NONE",
              "boost" : 1.0
            }
          }
        }
      ],
      "boost" : 1.0
    }
  },
  "_source" : false,
  "ext" : { }
}}] lastShard [true]
org.elasticsearch.transport.RemoteTransportException: [ht0EVsn][127.0.0.1:9300][indices:data/read/search[phase/query]]
Caused by: org.elasticsearch.index.query.QueryShardException: [match] analyzer [searchkick_search] not found
	at org.elasticsearch.index.query.MatchQueryBuilder.doToQuery(MatchQueryBuilder.java:448) ~[elasticsearch-5.0.0.jar:5.0.0]
	at org.elasticsearch.index.query.AbstractQueryBuilder.toQuery(AbstractQueryBuilder.java:95) ~[elasticsearch-5.0.0.jar:5.0.0]
	at org.elasticsearch.index.query.AbstractQueryBuilder.toQueries(AbstractQueryBuilder.java:230) ~[elasticsearch-5.0.0.jar:5.0.0]
	at org.elasticsearch.index.query.DisMaxQueryBuilder.doToQuery(DisMaxQueryBuilder.java:187) ~[elasticsearch-5.0.0.jar:5.0.0]
	at org.elasticsearch.index.query.AbstractQueryBuilder.toQuery(AbstractQueryBuilder.java:95) ~[elasticsearch-5.0.0.jar:5.0.0]
	at org.elasticsearch.index.query.QueryShardContext.lambda$toQuery$1(QueryShardContext.java:311) ~[elasticsearch-5.0.0.jar:5.0.0]
	at org.elasticsearch.index.query.QueryShardContext.toQuery(QueryShardContext.java:328) ~[elasticsearch-5.0.0.jar:5.0.0]
	at org.elasticsearch.index.query.QueryShardContext.toQuery(QueryShardContext.java:310) ~[elasticsearch-5.0.0.jar:5.0.0]
	at org.elasticsearch.search.SearchService.parseSource(SearchService.java:661) ~[elasticsearch-5.0.0.jar:5.0.0]
	at org.elasticsearch.search.SearchService.createContext(SearchService.java:536) ~[elasticsearch-5.0.0.jar:5.0.0]
	at org.elasticsearch.search.SearchService.createAndPutContext(SearchService.java:502) ~[elasticsearch-5.0.0.jar:5.0.0]
	at org.elasticsearch.search.SearchService.executeQueryPhase(SearchService.java:243) ~[elasticsearch-5.0.0.jar:5.0.0]
	at org.elasticsearch.action.search.SearchTransportService.lambda$registerRequestHandler$6(SearchTransportService.java:276) ~[elasticsearch-5.0.0.jar:5.0.0]
	at org.elasticsearch.transport.TransportRequestHandler.messageReceived(TransportRequestHandler.java:33) ~[elasticsearch-5.0.0.jar:5.0.0]
	at org.elasticsearch.transport.RequestHandlerRegistry.processMessageReceived(RequestHandlerRegistry.java:69) ~[elasticsearch-5.0.0.jar:5.0.0]
	at org.elasticsearch.transport.TransportService$6.doRun(TransportService.java:548) [elasticsearch-5.0.0.jar:5.0.0]
	at org.elasticsearch.common.util.concurrent.ThreadContext$ContextPreservingAbstractRunnable.doRun(ThreadContext.java:504) [elasticsearch-5.0.0.jar:5.0.0]
	at org.elasticsearch.common.util.concurrent.AbstractRunnable.run(AbstractRunnable.java:37) [elasticsearch-5.0.0.jar:5.0.0]
	at java.util.concurrent.ThreadPoolExecutor.runWorker(ThreadPoolExecutor.java:1142) [?:1.8.0_111]
	at java.util.concurrent.ThreadPoolExecutor$Worker.run(ThreadPoolExecutor.java:617) [?:1.8.0_111]
	at java.lang.Thread.run(Thread.java:745) [?:1.8.0_111]
[2017-09-03T18:58:55,710][DEBUG][o.e.a.s.TransportSearchAction] [ht0EVsn] [discussions_development][4], node[ht0EVsnlRuyePr1G07P69g], [P], s[STARTED], a[id=OdznT-mpSUKS2Xr5m8JnuA]: Failed to execute [SearchRequest{searchType=QUERY_THEN_FETCH, indices=[discussions_development], indicesOptions=IndicesOptions[id=38, ignore_unavailable=false, allow_no_indices=true, expand_wildcards_open=true, expand_wildcards_closed=false, allow_alisases_to_multiple_indices=true, forbid_closed_indices=true], types=[], routing='null', preference='null', requestCache=null, scroll=null, source={
  "from" : 0,
  "size" : 10,
  "timeout" : "11s",
  "query" : {
    "dis_max" : {
      "tie_breaker" : 0.0,
      "queries" : [
        {
          "match" : {
            "_all" : {
              "query" : "sdfasd",
              "operator" : "AND",
              "analyzer" : "searchkick_search",
              "prefix_length" : 0,
              "max_expansions" : 50,
              "fuzzy_transpositions" : true,
              "lenient" : false,
              "zero_terms_query" : "NONE",
              "boost" : 10.0
            }
          }
        },
        {
          "match" : {
            "_all" : {
              "query" : "sdfasd",
              "operator" : "AND",
              "analyzer" : "searchkick_search2",
              "prefix_length" : 0,
              "max_expansions" : 50,
              "fuzzy_transpositions" : true,
              "lenient" : false,
              "zero_terms_query" : "NONE",
              "boost" : 10.0
            }
          }
        },
        {
          "match" : {
            "_all" : {
              "query" : "sdfasd",
              "operator" : "AND",
              "analyzer" : "searchkick_search",
              "fuzziness" : "1",
              "prefix_length" : 0,
              "max_expansions" : 3,
              "fuzzy_transpositions" : true,
              "lenient" : false,
              "zero_terms_query" : "NONE",
              "boost" : 1.0
            }
          }
        },
        {
          "match" : {
            "_all" : {
              "query" : "sdfasd",
              "operator" : "AND",
              "analyzer" : "searchkick_search2",
              "fuzziness" : "1",
              "prefix_length" : 0,
              "max_expansions" : 3,
              "fuzzy_transpositions" : true,
              "lenient" : false,
              "zero_terms_query" : "NONE",
              "boost" : 1.0
            }
          }
        }
      ],
      "boost" : 1.0
    }
  },
  "_source" : false,
  "ext" : { }
}}] lastShard [true]
org.elasticsearch.transport.RemoteTransportException: [ht0EVsn][127.0.0.1:9300][indices:data/read/search[phase/query]]
Caused by: org.elasticsearch.index.query.QueryShardException: [match] analyzer [searchkick_search] not found
	at org.elasticsearch.index.query.MatchQueryBuilder.doToQuery(MatchQueryBuilder.java:448) ~[elasticsearch-5.0.0.jar:5.0.0]
	at org.elasticsearch.index.query.AbstractQueryBuilder.toQuery(AbstractQueryBuilder.java:95) ~[elasticsearch-5.0.0.jar:5.0.0]
	at org.elasticsearch.index.query.AbstractQueryBuilder.toQueries(AbstractQueryBuilder.java:230) ~[elasticsearch-5.0.0.jar:5.0.0]
	at org.elasticsearch.index.query.DisMaxQueryBuilder.doToQuery(DisMaxQueryBuilder.java:187) ~[elasticsearch-5.0.0.jar:5.0.0]
	at org.elasticsearch.index.query.AbstractQueryBuilder.toQuery(AbstractQueryBuilder.java:95) ~[elasticsearch-5.0.0.jar:5.0.0]
	at org.elasticsearch.index.query.QueryShardContext.lambda$toQuery$1(QueryShardContext.java:311) ~[elasticsearch-5.0.0.jar:5.0.0]
	at org.elasticsearch.index.query.QueryShardContext.toQuery(QueryShardContext.java:328) ~[elasticsearch-5.0.0.jar:5.0.0]
	at org.elasticsearch.index.query.QueryShardContext.toQuery(QueryShardContext.java:310) ~[elasticsearch-5.0.0.jar:5.0.0]
	at org.elasticsearch.search.SearchService.parseSource(SearchService.java:661) ~[elasticsearch-5.0.0.jar:5.0.0]
	at org.elasticsearch.search.SearchService.createContext(SearchService.java:536) ~[elasticsearch-5.0.0.jar:5.0.0]
	at org.elasticsearch.search.SearchService.createAndPutContext(SearchService.java:502) ~[elasticsearch-5.0.0.jar:5.0.0]
	at org.elasticsearch.search.SearchService.executeQueryPhase(SearchService.java:243) ~[elasticsearch-5.0.0.jar:5.0.0]
	at org.elasticsearch.action.search.SearchTransportService.lambda$registerRequestHandler$6(SearchTransportService.java:276) ~[elasticsearch-5.0.0.jar:5.0.0]
	at org.elasticsearch.transport.TransportRequestHandler.messageReceived(TransportRequestHandler.java:33) ~[elasticsearch-5.0.0.jar:5.0.0]
	at org.elasticsearch.transport.RequestHandlerRegistry.processMessageReceived(RequestHandlerRegistry.java:69) ~[elasticsearch-5.0.0.jar:5.0.0]
	at org.elasticsearch.transport.TransportService$6.doRun(TransportService.java:548) [elasticsearch-5.0.0.jar:5.0.0]
	at org.elasticsearch.common.util.concurrent.ThreadContext$ContextPreservingAbstractRunnable.doRun(ThreadContext.java:504) [elasticsearch-5.0.0.jar:5.0.0]
	at org.elasticsearch.common.util.concurrent.AbstractRunnable.run(AbstractRunnable.java:37) [elasticsearch-5.0.0.jar:5.0.0]
	at java.util.concurrent.ThreadPoolExecutor.runWorker(ThreadPoolExecutor.java:1142) [?:1.8.0_111]
	at java.util.concurrent.ThreadPoolExecutor$Worker.run(ThreadPoolExecutor.java:617) [?:1.8.0_111]
	at java.lang.Thread.run(Thread.java:745) [?:1.8.0_111]
[2017-09-03T18:58:55,712][DEBUG][o.e.a.s.TransportSearchAction] [ht0EVsn] [discussions_development][2], node[ht0EVsnlRuyePr1G07P69g], [P], s[STARTED], a[id=hNJvKl3ARh27-S4fTbF-2A]: Failed to execute [SearchRequest{searchType=QUERY_THEN_FETCH, indices=[discussions_development], indicesOptions=IndicesOptions[id=38, ignore_unavailable=false, allow_no_indices=true, expand_wildcards_open=true, expand_wildcards_closed=false, allow_alisases_to_multiple_indices=true, forbid_closed_indices=true], types=[], routing='null', preference='null', requestCache=null, scroll=null, source={
  "from" : 0,
  "size" : 10,
  "timeout" : "11s",
  "query" : {
    "dis_max" : {
      "tie_breaker" : 0.0,
      "queries" : [
        {
          "match" : {
            "_all" : {
              "query" : "sdfasd",
              "operator" : "AND",
              "analyzer" : "searchkick_search",
              "prefix_length" : 0,
              "max_expansions" : 50,
              "fuzzy_transpositions" : true,
              "lenient" : false,
              "zero_terms_query" : "NONE",
              "boost" : 10.0
            }
          }
        },
        {
          "match" : {
            "_all" : {
              "query" : "sdfasd",
              "operator" : "AND",
              "analyzer" : "searchkick_search2",
              "prefix_length" : 0,
              "max_expansions" : 50,
              "fuzzy_transpositions" : true,
              "lenient" : false,
              "zero_terms_query" : "NONE",
              "boost" : 10.0
            }
          }
        },
        {
          "match" : {
            "_all" : {
              "query" : "sdfasd",
              "operator" : "AND",
              "analyzer" : "searchkick_search",
              "fuzziness" : "1",
              "prefix_length" : 0,
              "max_expansions" : 3,
              "fuzzy_transpositions" : true,
              "lenient" : false,
              "zero_terms_query" : "NONE",
              "boost" : 1.0
            }
          }
        },
        {
          "match" : {
            "_all" : {
              "query" : "sdfasd",
              "operator" : "AND",
              "analyzer" : "searchkick_search2",
              "fuzziness" : "1",
              "prefix_length" : 0,
              "max_expansions" : 3,
              "fuzzy_transpositions" : true,
              "lenient" : false,
              "zero_terms_query" : "NONE",
              "boost" : 1.0
            }
          }
        }
      ],
      "boost" : 1.0
    }
  },
  "_source" : false,
  "ext" : { }
}}]
org.elasticsearch.transport.RemoteTransportException: [ht0EVsn][127.0.0.1:9300][indices:data/read/search[phase/query]]
Caused by: org.elasticsearch.index.query.QueryShardException: [match] analyzer [searchkick_search] not found
	at org.elasticsearch.index.query.MatchQueryBuilder.doToQuery(MatchQueryBuilder.java:448) ~[elasticsearch-5.0.0.jar:5.0.0]
	at org.elasticsearch.index.query.AbstractQueryBuilder.toQuery(AbstractQueryBuilder.java:95) ~[elasticsearch-5.0.0.jar:5.0.0]
	at org.elasticsearch.index.query.AbstractQueryBuilder.toQueries(AbstractQueryBuilder.java:230) ~[elasticsearch-5.0.0.jar:5.0.0]
	at org.elasticsearch.index.query.DisMaxQueryBuilder.doToQuery(DisMaxQueryBuilder.java:187) ~[elasticsearch-5.0.0.jar:5.0.0]
	at org.elasticsearch.index.query.AbstractQueryBuilder.toQuery(AbstractQueryBuilder.java:95) ~[elasticsearch-5.0.0.jar:5.0.0]
	at org.elasticsearch.index.query.QueryShardContext.lambda$toQuery$1(QueryShardContext.java:311) ~[elasticsearch-5.0.0.jar:5.0.0]
	at org.elasticsearch.index.query.QueryShardContext.toQuery(QueryShardContext.java:328) ~[elasticsearch-5.0.0.jar:5.0.0]
	at org.elasticsearch.index.query.QueryShardContext.toQuery(QueryShardContext.java:310) ~[elasticsearch-5.0.0.jar:5.0.0]
	at org.elasticsearch.search.SearchService.parseSource(SearchService.java:661) ~[elasticsearch-5.0.0.jar:5.0.0]
	at org.elasticsearch.search.SearchService.createContext(SearchService.java:536) ~[elasticsearch-5.0.0.jar:5.0.0]
	at org.elasticsearch.search.SearchService.createAndPutContext(SearchService.java:502) ~[elasticsearch-5.0.0.jar:5.0.0]
	at org.elasticsearch.search.SearchService.executeQueryPhase(SearchService.java:243) ~[elasticsearch-5.0.0.jar:5.0.0]
	at org.elasticsearch.action.search.SearchTransportService.lambda$registerRequestHandler$6(SearchTransportService.java:276) ~[elasticsearch-5.0.0.jar:5.0.0]
	at org.elasticsearch.transport.TransportRequestHandler.messageReceived(TransportRequestHandler.java:33) ~[elasticsearch-5.0.0.jar:5.0.0]
	at org.elasticsearch.transport.RequestHandlerRegistry.processMessageReceived(RequestHandlerRegistry.java:69) ~[elasticsearch-5.0.0.jar:5.0.0]
	at org.elasticsearch.transport.TransportService$6.doRun(TransportService.java:548) [elasticsearch-5.0.0.jar:5.0.0]
	at org.elasticsearch.common.util.concurrent.ThreadContext$ContextPreservingAbstractRunnable.doRun(ThreadContext.java:504) [elasticsearch-5.0.0.jar:5.0.0]
	at org.elasticsearch.common.util.concurrent.AbstractRunnable.run(AbstractRunnable.java:37) [elasticsearch-5.0.0.jar:5.0.0]
	at java.util.concurrent.ThreadPoolExecutor.runWorker(ThreadPoolExecutor.java:1142) [?:1.8.0_111]
	at java.util.concurrent.ThreadPoolExecutor$Worker.run(ThreadPoolExecutor.java:617) [?:1.8.0_111]
	at java.lang.Thread.run(Thread.java:745) [?:1.8.0_111]
[2017-09-03T18:58:55,730][DEBUG][o.e.a.s.TransportSearchAction] [ht0EVsn] All shards failed for phase: [query]
org.elasticsearch.transport.RemoteTransportException: [ht0EVsn][127.0.0.1:9300][indices:data/read/search[phase/query]]
Caused by: org.elasticsearch.index.query.QueryShardException: [match] analyzer [searchkick_search] not found
	at org.elasticsearch.index.query.MatchQueryBuilder.doToQuery(MatchQueryBuilder.java:448) ~[elasticsearch-5.0.0.jar:5.0.0]
	at org.elasticsearch.index.query.AbstractQueryBuilder.toQuery(AbstractQueryBuilder.java:95) ~[elasticsearch-5.0.0.jar:5.0.0]
	at org.elasticsearch.index.query.AbstractQueryBuilder.toQueries(AbstractQueryBuilder.java:230) ~[elasticsearch-5.0.0.jar:5.0.0]
	at org.elasticsearch.index.query.DisMaxQueryBuilder.doToQuery(DisMaxQueryBuilder.java:187) ~[elasticsearch-5.0.0.jar:5.0.0]
	at org.elasticsearch.index.query.AbstractQueryBuilder.toQuery(AbstractQueryBuilder.java:95) ~[elasticsearch-5.0.0.jar:5.0.0]
	at org.elasticsearch.index.query.QueryShardContext.lambda$toQuery$1(QueryShardContext.java:311) ~[elasticsearch-5.0.0.jar:5.0.0]
	at org.elasticsearch.index.query.QueryShardContext.toQuery(QueryShardContext.java:328) ~[elasticsearch-5.0.0.jar:5.0.0]
	at org.elasticsearch.index.query.QueryShardContext.toQuery(QueryShardContext.java:310) ~[elasticsearch-5.0.0.jar:5.0.0]
	at org.elasticsearch.search.SearchService.parseSource(SearchService.java:661) ~[elasticsearch-5.0.0.jar:5.0.0]
	at org.elasticsearch.search.SearchService.createContext(SearchService.java:536) ~[elasticsearch-5.0.0.jar:5.0.0]
	at org.elasticsearch.search.SearchService.createAndPutContext(SearchService.java:502) ~[elasticsearch-5.0.0.jar:5.0.0]
	at org.elasticsearch.search.SearchService.executeQueryPhase(SearchService.java:243) ~[elasticsearch-5.0.0.jar:5.0.0]
	at org.elasticsearch.action.search.SearchTransportService.lambda$registerRequestHandler$6(SearchTransportService.java:276) ~[elasticsearch-5.0.0.jar:5.0.0]
	at org.elasticsearch.transport.TransportRequestHandler.messageReceived(TransportRequestHandler.java:33) ~[elasticsearch-5.0.0.jar:5.0.0]
	at org.elasticsearch.transport.RequestHandlerRegistry.processMessageReceived(RequestHandlerRegistry.java:69) ~[elasticsearch-5.0.0.jar:5.0.0]
	at org.elasticsearch.transport.TransportService$6.doRun(TransportService.java:548) [elasticsearch-5.0.0.jar:5.0.0]
	at org.elasticsearch.common.util.concurrent.ThreadContext$ContextPreservingAbstractRunnable.doRun(ThreadContext.java:504) [elasticsearch-5.0.0.jar:5.0.0]
	at org.elasticsearch.common.util.concurrent.AbstractRunnable.run(AbstractRunnable.java:37) [elasticsearch-5.0.0.jar:5.0.0]
	at java.util.concurrent.ThreadPoolExecutor.runWorker(ThreadPoolExecutor.java:1142) [?:1.8.0_111]
	at java.util.concurrent.ThreadPoolExecutor$Worker.run(ThreadPoolExecutor.java:617) [?:1.8.0_111]
	at java.lang.Thread.run(Thread.java:745) [?:1.8.0_111]
[2017-09-03T18:58:55,710][DEBUG][o.e.a.s.TransportSearchAction] [ht0EVsn] [discussions_development][0], node[ht0EVsnlRuyePr1G07P69g], [P], s[STARTED], a[id=8dRsQgqkRe2uPfajb9yvHA]: Failed to execute [SearchRequest{searchType=QUERY_THEN_FETCH, indices=[discussions_development], indicesOptions=IndicesOptions[id=38, ignore_unavailable=false, allow_no_indices=true, expand_wildcards_open=true, expand_wildcards_closed=false, allow_alisases_to_multiple_indices=true, forbid_closed_indices=true], types=[], routing='null', preference='null', requestCache=null, scroll=null, source={
  "from" : 0,
  "size" : 10,
  "timeout" : "11s",
  "query" : {
    "dis_max" : {
      "tie_breaker" : 0.0,
      "queries" : [
        {
          "match" : {
            "_all" : {
              "query" : "sdfasd",
              "operator" : "AND",
              "analyzer" : "searchkick_search",
              "prefix_length" : 0,
              "max_expansions" : 50,
              "fuzzy_transpositions" : true,
              "lenient" : false,
              "zero_terms_query" : "NONE",
              "boost" : 10.0
            }
          }
        },
        {
          "match" : {
            "_all" : {
              "query" : "sdfasd",
              "operator" : "AND",
              "analyzer" : "searchkick_search2",
              "prefix_length" : 0,
              "max_expansions" : 50,
              "fuzzy_transpositions" : true,
              "lenient" : false,
              "zero_terms_query" : "NONE",
              "boost" : 10.0
            }
          }
        },
        {
          "match" : {
            "_all" : {
              "query" : "sdfasd",
              "operator" : "AND",
              "analyzer" : "searchkick_search",
              "fuzziness" : "1",
              "prefix_length" : 0,
              "max_expansions" : 3,
              "fuzzy_transpositions" : true,
              "lenient" : false,
              "zero_terms_query" : "NONE",
              "boost" : 1.0
            }
          }
        },
        {
          "match" : {
            "_all" : {
              "query" : "sdfasd",
              "operator" : "AND",
              "analyzer" : "searchkick_search2",
              "fuzziness" : "1",
              "prefix_length" : 0,
              "max_expansions" : 3,
              "fuzzy_transpositions" : true,
              "lenient" : false,
              "zero_terms_query" : "NONE",
              "boost" : 1.0
            }
          }
        }
      ],
      "boost" : 1.0
    }
  },
  "_source" : false,
  "ext" : { }
}}] lastShard [true]
org.elasticsearch.transport.RemoteTransportException: [ht0EVsn][127.0.0.1:9300][indices:data/read/search[phase/query]]
Caused by: org.elasticsearch.index.query.QueryShardException: [match] analyzer [searchkick_search] not found
	at org.elasticsearch.index.query.MatchQueryBuilder.doToQuery(MatchQueryBuilder.java:448) ~[elasticsearch-5.0.0.jar:5.0.0]
	at org.elasticsearch.index.query.AbstractQueryBuilder.toQuery(AbstractQueryBuilder.java:95) ~[elasticsearch-5.0.0.jar:5.0.0]
	at org.elasticsearch.index.query.AbstractQueryBuilder.toQueries(AbstractQueryBuilder.java:230) ~[elasticsearch-5.0.0.jar:5.0.0]
	at org.elasticsearch.index.query.DisMaxQueryBuilder.doToQuery(DisMaxQueryBuilder.java:187) ~[elasticsearch-5.0.0.jar:5.0.0]
	at org.elasticsearch.index.query.AbstractQueryBuilder.toQuery(AbstractQueryBuilder.java:95) ~[elasticsearch-5.0.0.jar:5.0.0]
	at org.elasticsearch.index.query.QueryShardContext.lambda$toQuery$1(QueryShardContext.java:311) ~[elasticsearch-5.0.0.jar:5.0.0]
	at org.elasticsearch.index.query.QueryShardContext.toQuery(QueryShardContext.java:328) ~[elasticsearch-5.0.0.jar:5.0.0]
	at org.elasticsearch.index.query.QueryShardContext.toQuery(QueryShardContext.java:310) ~[elasticsearch-5.0.0.jar:5.0.0]
	at org.elasticsearch.search.SearchService.parseSource(SearchService.java:661) ~[elasticsearch-5.0.0.jar:5.0.0]
	at org.elasticsearch.search.SearchService.createContext(SearchService.java:536) ~[elasticsearch-5.0.0.jar:5.0.0]
	at org.elasticsearch.search.SearchService.createAndPutContext(SearchService.java:502) ~[elasticsearch-5.0.0.jar:5.0.0]
	at org.elasticsearch.search.SearchService.executeQueryPhase(SearchService.java:243) ~[elasticsearch-5.0.0.jar:5.0.0]
	at org.elasticsearch.action.search.SearchTransportService.lambda$registerRequestHandler$6(SearchTransportService.java:276) ~[elasticsearch-5.0.0.jar:5.0.0]
	at org.elasticsearch.transport.TransportRequestHandler.messageReceived(TransportRequestHandler.java:33) ~[elasticsearch-5.0.0.jar:5.0.0]
	at org.elasticsearch.transport.RequestHandlerRegistry.processMessageReceived(RequestHandlerRegistry.java:69) ~[elasticsearch-5.0.0.jar:5.0.0]
	at org.elasticsearch.transport.TransportService$6.doRun(TransportService.java:548) [elasticsearch-5.0.0.jar:5.0.0]
	at org.elasticsearch.common.util.concurrent.ThreadContext$ContextPreservingAbstractRunnable.doRun(ThreadContext.java:504) [elasticsearch-5.0.0.jar:5.0.0]
	at org.elasticsearch.common.util.concurrent.AbstractRunnable.run(AbstractRunnable.java:37) [elasticsearch-5.0.0.jar:5.0.0]
	at java.util.concurrent.ThreadPoolExecutor.runWorker(ThreadPoolExecutor.java:1142) [?:1.8.0_111]
	at java.util.concurrent.ThreadPoolExecutor$Worker.run(ThreadPoolExecutor.java:617) [?:1.8.0_111]
	at java.lang.Thread.run(Thread.java:745) [?:1.8.0_111]
[2017-09-03T19:27:45,011][WARN ][o.e.m.j.JvmGcMonitorService] [ht0EVsn] [gc][young][8372][4] duration [4.5s], collections [1]/[4.5s], total [4.5s]/[14.4s], memory [747.9mb]->[297.5mb]/[1.9gb], all_pools {[young] [532.5mb]->[4.5mb]/[532.5mb]}{[survivor] [61.5mb]->[53.7mb]/[66.5mb]}{[old] [153.8mb]->[239.2mb]/[1.3gb]}
[2017-09-03T19:27:45,014][WARN ][o.e.m.j.JvmGcMonitorService] [ht0EVsn] [gc][8372] overhead, spent [4.5s] collecting in the last [4.5s]
[2017-09-03T20:59:09,217][INFO ][o.e.n.Node               ] [] initializing ...
[2017-09-03T20:59:09,352][INFO ][o.e.e.NodeEnvironment    ] [ht0EVsn] using [1] data paths, mounts [[/ (none)]], net usable_space [6.8gb], net total_space [10.6gb], spins? [possibly], types [aufs]
[2017-09-03T20:59:09,353][INFO ][o.e.e.NodeEnvironment    ] [ht0EVsn] heap size [1.9gb], compressed ordinary object pointers [true]
[2017-09-03T20:59:09,472][INFO ][o.e.n.Node               ] [ht0EVsn] node name [ht0EVsn] derived from node ID; set [node.name] to override
[2017-09-03T20:59:09,475][INFO ][o.e.n.Node               ] [ht0EVsn] version[5.0.0], pid[50830], build[253032b/2016-10-26T04:37:51.531Z], OS[Linux/4.9.17-c9/amd64], JVM[Oracle Corporation/Java HotSpot(TM) 64-Bit Server VM/1.8.0_111/25.111-b14]
[2017-09-03T20:59:13,013][INFO ][o.e.p.PluginsService     ] [ht0EVsn] loaded module [aggs-matrix-stats]
[2017-09-03T20:59:13,013][INFO ][o.e.p.PluginsService     ] [ht0EVsn] loaded module [ingest-common]
[2017-09-03T20:59:13,013][INFO ][o.e.p.PluginsService     ] [ht0EVsn] loaded module [lang-expression]
[2017-09-03T20:59:13,014][INFO ][o.e.p.PluginsService     ] [ht0EVsn] loaded module [lang-groovy]
[2017-09-03T20:59:13,014][INFO ][o.e.p.PluginsService     ] [ht0EVsn] loaded module [lang-mustache]
[2017-09-03T20:59:13,015][INFO ][o.e.p.PluginsService     ] [ht0EVsn] loaded module [lang-painless]
[2017-09-03T20:59:13,015][INFO ][o.e.p.PluginsService     ] [ht0EVsn] loaded module [percolator]
[2017-09-03T20:59:13,016][INFO ][o.e.p.PluginsService     ] [ht0EVsn] loaded module [reindex]
[2017-09-03T20:59:13,016][INFO ][o.e.p.PluginsService     ] [ht0EVsn] loaded module [transport-netty3]
[2017-09-03T20:59:13,017][INFO ][o.e.p.PluginsService     ] [ht0EVsn] loaded module [transport-netty4]
[2017-09-03T20:59:13,018][INFO ][o.e.p.PluginsService     ] [ht0EVsn] no plugins loaded
[2017-09-03T20:59:19,269][INFO ][o.e.n.Node               ] [ht0EVsn] initialized
[2017-09-03T20:59:19,269][INFO ][o.e.n.Node               ] [ht0EVsn] starting ...
[2017-09-03T20:59:20,202][INFO ][o.e.t.TransportService   ] [ht0EVsn] publish_address {127.0.0.1:9300}, bound_addresses {[::1]:9300}, {127.0.0.1:9300}
[2017-09-03T20:59:20,219][WARN ][o.e.b.BootstrapCheck     ] [ht0EVsn] max file descriptors [8192] for elasticsearch process likely too low, increase to at least [65536]
[2017-09-03T20:59:20,219][WARN ][o.e.b.BootstrapCheck     ] [ht0EVsn] max virtual memory areas vm.max_map_count [65530] likely too low, increase to at least [262144]
[2017-09-03T20:59:20,282][INFO ][o.e.m.j.JvmGcMonitorService] [ht0EVsn] [gc][1] overhead, spent [344ms] collecting in the last [1s]
[2017-09-03T20:59:23,812][INFO ][o.e.c.s.ClusterService   ] [ht0EVsn] new_master {ht0EVsn}{ht0EVsnlRuyePr1G07P69g}{BGvwY3T0SJKGdL9Svkiglw}{127.0.0.1}{127.0.0.1:9300}, reason: zen-disco-elected-as-master ([0] nodes joined)
[2017-09-03T20:59:23,861][INFO ][o.e.h.HttpServer         ] [ht0EVsn] publish_address {127.0.0.1:9200}, bound_addresses {[::1]:9200}, {127.0.0.1:9200}
[2017-09-03T20:59:23,861][INFO ][o.e.n.Node               ] [ht0EVsn] started
[2017-09-03T20:59:24,657][INFO ][o.e.g.GatewayService     ] [ht0EVsn] recovered [5] indices into cluster_state
[2017-09-03T20:59:26,505][INFO ][o.e.c.r.a.AllocationService] [ht0EVsn] Cluster health status changed from [RED] to [YELLOW] (reason: [shards started [[vehicles][0]] ...]).
[2017-09-03T21:34:32,941][WARN ][o.e.m.j.JvmGcMonitorService] [ht0EVsn] [gc][young][2034][2] duration [3.2s], collections [1]/[4s], total [3.2s]/[3.4s], memory [578.9mb]->[122.3mb]/[1.9gb], all_pools {[young] [532.5mb]->[5.1mb]/[532.5mb]}{[survivor] [46.4mb]->[66.4mb]/[66.5mb]}{[old] [0b]->[54.1mb]/[1.3gb]}
[2017-09-03T21:34:32,943][WARN ][o.e.m.j.JvmGcMonitorService] [ht0EVsn] [gc][2034] overhead, spent [3.2s] collecting in the last [4s]
[2017-09-03T23:05:33,039][WARN ][o.e.m.j.JvmGcMonitorService] [ht0EVsn] [gc][young][7475][3] duration [5.2s], collections [1]/[5.4s], total [5.2s]/[8.6s], memory [653.2mb]->[92.5mb]/[1.9gb], all_pools {[young] [532.5mb]->[11.2mb]/[532.5mb]}{[survivor] [66.4mb]->[5.5mb]/[66.5mb]}{[old] [54.1mb]->[77.9mb]/[1.3gb]}
[2017-09-03T23:05:33,169][WARN ][o.e.m.j.JvmGcMonitorService] [ht0EVsn] [gc][7475] overhead, spent [5.2s] collecting in the last [5.4s]
