[2018-01-16T21:03:02,333][INFO ][o.e.n.Node               ] [] initializing ...
[2018-01-16T21:03:02,981][INFO ][o.e.e.NodeEnvironment    ] [ht0EVsn] using [1] data paths, mounts [[/ (none)]], net usable_space [6.5gb], net total_space [10.6gb], spins? [possibly], types [aufs]
[2018-01-16T21:03:02,981][INFO ][o.e.e.NodeEnvironment    ] [ht0EVsn] heap size [1.9gb], compressed ordinary object pointers [true]
[2018-01-16T21:03:03,539][INFO ][o.e.n.Node               ] [ht0EVsn] node name [ht0EVsn] derived from node ID; set [node.name] to override
[2018-01-16T21:03:03,545][INFO ][o.e.n.Node               ] [ht0EVsn] version[5.0.0], pid[2954], build[253032b/2016-10-26T04:37:51.531Z], OS[Linux/4.9.74-c9/amd64], JVM[Oracle Corporation/Java HotSpot(TM) 64-Bit Server VM/1.8.0_111/25.111-b14]
[2018-01-16T21:03:19,938][INFO ][o.e.p.PluginsService     ] [ht0EVsn] loaded module [aggs-matrix-stats]
[2018-01-16T21:03:19,939][INFO ][o.e.p.PluginsService     ] [ht0EVsn] loaded module [ingest-common]
[2018-01-16T21:03:19,939][INFO ][o.e.p.PluginsService     ] [ht0EVsn] loaded module [lang-expression]
[2018-01-16T21:03:19,940][INFO ][o.e.p.PluginsService     ] [ht0EVsn] loaded module [lang-groovy]
[2018-01-16T21:03:19,940][INFO ][o.e.p.PluginsService     ] [ht0EVsn] loaded module [lang-mustache]
[2018-01-16T21:03:19,941][INFO ][o.e.p.PluginsService     ] [ht0EVsn] loaded module [lang-painless]
[2018-01-16T21:03:19,941][INFO ][o.e.p.PluginsService     ] [ht0EVsn] loaded module [percolator]
[2018-01-16T21:03:19,942][INFO ][o.e.p.PluginsService     ] [ht0EVsn] loaded module [reindex]
[2018-01-16T21:03:19,942][INFO ][o.e.p.PluginsService     ] [ht0EVsn] loaded module [transport-netty3]
[2018-01-16T21:03:19,942][INFO ][o.e.p.PluginsService     ] [ht0EVsn] loaded module [transport-netty4]
[2018-01-16T21:03:19,943][INFO ][o.e.p.PluginsService     ] [ht0EVsn] no plugins loaded
[2018-01-16T21:04:02,747][INFO ][o.e.n.Node               ] [ht0EVsn] initialized
[2018-01-16T21:04:02,747][INFO ][o.e.n.Node               ] [ht0EVsn] starting ...
[2018-01-16T21:04:06,546][INFO ][o.e.t.TransportService   ] [ht0EVsn] publish_address {127.0.0.1:9300}, bound_addresses {[::1]:9300}, {127.0.0.1:9300}
[2018-01-16T21:04:06,550][INFO ][o.e.m.j.JvmGcMonitorService] [ht0EVsn] [gc][3] overhead, spent [624ms] collecting in the last [1.4s]
[2018-01-16T21:04:06,752][WARN ][o.e.b.BootstrapCheck     ] [ht0EVsn] max file descriptors [8192] for elasticsearch process likely too low, increase to at least [65536]
[2018-01-16T21:04:06,752][WARN ][o.e.b.BootstrapCheck     ] [ht0EVsn] max virtual memory areas vm.max_map_count [65530] likely too low, increase to at least [262144]
[2018-01-16T21:04:12,737][WARN ][o.e.t.TransportService   ] [ht0EVsn] Received response for a request that has timed out, sent [3999ms] ago, timed out [999ms] ago, action [internal:transport/handshake], node [{#zen_unicast_6#}{0MuAXpKySKi74n2MLPBBpw}{::1}{[::1]:9300}], id [2]
[2018-01-16T21:04:12,932][WARN ][o.e.d.z.p.u.UnicastZenPing] [ht0EVsn] [1] failed send ping to {#zen_unicast_6#}{0MuAXpKySKi74n2MLPBBpw}{::1}{[::1]:9300}
java.lang.IllegalStateException: handshake failed with {#zen_unicast_6#}{0MuAXpKySKi74n2MLPBBpw}{::1}{[::1]:9300}
	at org.elasticsearch.transport.TransportService.handshake(TransportService.java:364) ~[elasticsearch-5.0.0.jar:5.0.0]
	at org.elasticsearch.transport.TransportService.connectToNodeLightAndHandshake(TransportService.java:339) ~[elasticsearch-5.0.0.jar:5.0.0]
	at org.elasticsearch.transport.TransportService.connectToNodeLightAndHandshake(TransportService.java:313) ~[elasticsearch-5.0.0.jar:5.0.0]
	at org.elasticsearch.discovery.zen.ping.unicast.UnicastZenPing$2.run(UnicastZenPing.java:419) [elasticsearch-5.0.0.jar:5.0.0]
	at org.elasticsearch.common.util.concurrent.ThreadContext$ContextPreservingRunnable.run(ThreadContext.java:444) [elasticsearch-5.0.0.jar:5.0.0]
	at java.util.concurrent.ThreadPoolExecutor.runWorker(ThreadPoolExecutor.java:1142) [?:1.8.0_111]
	at java.util.concurrent.ThreadPoolExecutor$Worker.run(ThreadPoolExecutor.java:617) [?:1.8.0_111]
	at java.lang.Thread.run(Thread.java:745) [?:1.8.0_111]
Caused by: org.elasticsearch.transport.ReceiveTimeoutTransportException: [][[::1]:9300][internal:transport/handshake] request_id [2] timed out after [3000ms]
	at org.elasticsearch.transport.TransportService$TimeoutHandler.run(TransportService.java:840) ~[elasticsearch-5.0.0.jar:5.0.0]
	... 4 more
[2018-01-16T21:04:13,554][INFO ][o.e.c.s.ClusterService   ] [ht0EVsn] new_master {ht0EVsn}{ht0EVsnlRuyePr1G07P69g}{A7mw44HZSk2PCkq82UZ9cA}{127.0.0.1}{127.0.0.1:9300}, reason: zen-disco-elected-as-master ([0] nodes joined)
[2018-01-16T21:04:13,945][INFO ][o.e.h.HttpServer         ] [ht0EVsn] publish_address {127.0.0.1:9200}, bound_addresses {[::1]:9200}, {127.0.0.1:9200}
[2018-01-16T21:04:14,130][INFO ][o.e.n.Node               ] [ht0EVsn] started
[2018-01-16T21:04:21,169][INFO ][o.e.g.GatewayService     ] [ht0EVsn] recovered [5] indices into cluster_state
[2018-01-16T21:04:36,144][INFO ][o.e.c.r.a.AllocationService] [ht0EVsn] Cluster health status changed from [RED] to [YELLOW] (reason: [shards started [[vehicles][1]] ...]).
[2018-01-16T22:00:23,365][INFO ][o.e.m.j.JvmGcMonitorService] [ht0EVsn] [gc][3279] overhead, spent [313ms] collecting in the last [1s]
