[2017-10-30T17:37:27,861][INFO ][o.e.n.Node               ] [] initializing ...
[2017-10-30T17:37:28,200][INFO ][o.e.e.NodeEnvironment    ] [ht0EVsn] using [1] data paths, mounts [[/ (none)]], net usable_space [6.5gb], net total_space [10.6gb], spins? [possibly], types [aufs]
[2017-10-30T17:37:28,201][INFO ][o.e.e.NodeEnvironment    ] [ht0EVsn] heap size [1.9gb], compressed ordinary object pointers [true]
[2017-10-30T17:37:28,302][INFO ][o.e.n.Node               ] [ht0EVsn] node name [ht0EVsn] derived from node ID; set [node.name] to override
[2017-10-30T17:37:28,324][INFO ][o.e.n.Node               ] [ht0EVsn] version[5.0.0], pid[40731], build[253032b/2016-10-26T04:37:51.531Z], OS[Linux/4.9.17-c9/amd64], JVM[Oracle Corporation/Java HotSpot(TM) 64-Bit Server VM/1.8.0_111/25.111-b14]
[2017-10-30T17:38:20,551][INFO ][o.e.p.PluginsService     ] [ht0EVsn] loaded module [aggs-matrix-stats]
[2017-10-30T17:38:20,552][INFO ][o.e.p.PluginsService     ] [ht0EVsn] loaded module [ingest-common]
[2017-10-30T17:38:20,552][INFO ][o.e.p.PluginsService     ] [ht0EVsn] loaded module [lang-expression]
[2017-10-30T17:38:20,552][INFO ][o.e.p.PluginsService     ] [ht0EVsn] loaded module [lang-groovy]
[2017-10-30T17:38:20,552][INFO ][o.e.p.PluginsService     ] [ht0EVsn] loaded module [lang-mustache]
[2017-10-30T17:38:20,552][INFO ][o.e.p.PluginsService     ] [ht0EVsn] loaded module [lang-painless]
[2017-10-30T17:38:20,552][INFO ][o.e.p.PluginsService     ] [ht0EVsn] loaded module [percolator]
[2017-10-30T17:38:20,553][INFO ][o.e.p.PluginsService     ] [ht0EVsn] loaded module [reindex]
[2017-10-30T17:38:20,553][INFO ][o.e.p.PluginsService     ] [ht0EVsn] loaded module [transport-netty3]
[2017-10-30T17:38:20,553][INFO ][o.e.p.PluginsService     ] [ht0EVsn] loaded module [transport-netty4]
[2017-10-30T17:38:20,554][INFO ][o.e.p.PluginsService     ] [ht0EVsn] no plugins loaded
[2017-10-30T17:39:39,285][INFO ][o.e.n.Node               ] [ht0EVsn] initialized
[2017-10-30T17:39:39,285][INFO ][o.e.n.Node               ] [ht0EVsn] starting ...
[2017-10-30T17:39:41,476][INFO ][o.e.t.TransportService   ] [ht0EVsn] publish_address {127.0.0.1:9300}, bound_addresses {[::1]:9300}, {127.0.0.1:9300}
[2017-10-30T17:39:41,498][WARN ][o.e.m.j.JvmGcMonitorService] [ht0EVsn] [gc][young][1][1] duration [1.3s], collections [1]/[2.1s], total [1.3s]/[1.3s], memory [511.3mb]->[88.1mb]/[1.9gb], all_pools {[young] [511.3mb]->[41.7mb]/[532.5mb]}{[survivor] [0b]->[46.3mb]/[66.5mb]}{[old] [0b]->[0b]/[1.3gb]}
[2017-10-30T17:39:41,500][WARN ][o.e.m.j.JvmGcMonitorService] [ht0EVsn] [gc][1] overhead, spent [1.3s] collecting in the last [2.1s]
[2017-10-30T17:39:41,502][WARN ][o.e.b.BootstrapCheck     ] [ht0EVsn] max file descriptors [8192] for elasticsearch process likely too low, increase to at least [65536]
[2017-10-30T17:39:41,502][WARN ][o.e.b.BootstrapCheck     ] [ht0EVsn] max virtual memory areas vm.max_map_count [65530] likely too low, increase to at least [262144]
[2017-10-30T17:39:44,974][INFO ][o.e.c.s.ClusterService   ] [ht0EVsn] new_master {ht0EVsn}{ht0EVsnlRuyePr1G07P69g}{kStZ06ESS3-uonOhhD-ABg}{127.0.0.1}{127.0.0.1:9300}, reason: zen-disco-elected-as-master ([0] nodes joined)
[2017-10-30T17:39:46,622][INFO ][o.e.h.HttpServer         ] [ht0EVsn] publish_address {127.0.0.1:9200}, bound_addresses {[::1]:9200}, {127.0.0.1:9200}
[2017-10-30T17:39:46,625][INFO ][o.e.n.Node               ] [ht0EVsn] started
[2017-10-30T17:39:48,651][INFO ][o.e.g.GatewayService     ] [ht0EVsn] recovered [5] indices into cluster_state
[2017-10-30T17:39:52,022][INFO ][o.e.c.r.a.AllocationService] [ht0EVsn] Cluster health status changed from [RED] to [YELLOW] (reason: [shards started [[vehicles][0], [vehicles][2], [vehicles][3]] ...]).
[2017-10-30T18:20:05,584][WARN ][o.e.m.j.JvmGcMonitorService] [ht0EVsn] [gc][young][2344][2] duration [3.1s], collections [1]/[3.2s], total [3.1s]/[4.5s], memory [578.9mb]->[103mb]/[1.9gb], all_pools {[young] [532.5mb]->[5.3mb]/[532.5mb]}{[survivor] [46.3mb]->[66.4mb]/[66.5mb]}{[old] [0b]->[34.6mb]/[1.3gb]}
[2017-10-30T18:20:05,592][WARN ][o.e.m.j.JvmGcMonitorService] [ht0EVsn] [gc][2344] overhead, spent [3.1s] collecting in the last [3.2s]
[2017-10-30T19:59:52,124][WARN ][o.e.m.j.JvmGcMonitorService] [ht0EVsn] [gc][young][8322][3] duration [7s], collections [1]/[7.3s], total [7s]/[11.5s], memory [633.1mb]->[66.6mb]/[1.9gb], all_pools {[young] [531.9mb]->[4.7mb]/[532.5mb]}{[survivor] [66.4mb]->[6.2mb]/[66.5mb]}{[old] [34.6mb]->[58mb]/[1.3gb]}
[2017-10-30T19:59:52,129][WARN ][o.e.m.j.JvmGcMonitorService] [ht0EVsn] [gc][8322] overhead, spent [7s] collecting in the last [7.3s]
[2017-10-30T21:45:04,333][INFO ][o.e.m.j.JvmGcMonitorService] [ht0EVsn] [gc][14632] overhead, spent [295ms] collecting in the last [1.1s]
