[2017-03-26T12:04:42,030][WARN ][o.e.m.j.JvmGcMonitorService] [ht0EVsn] [gc][young][173360][18] duration [2.9s], collections [1]/[3.7s], total [2.9s]/[10.2s], memory [818.1mb]->[293mb]/[1.9gb], all_pools {[young] [531.8mb]->[7mb]/[532.5mb]}{[survivor] [18.2mb]->[1.3mb]/[66.5mb]}{[old] [268mb]->[285mb]/[1.3gb]}
[2017-03-26T12:04:42,035][WARN ][o.e.m.j.JvmGcMonitorService] [ht0EVsn] [gc][173360] overhead, spent [2.9s] collecting in the last [3.7s]
[2017-03-26T16:57:47,637][INFO ][o.e.c.m.MetaDataCreateIndexService] [ht0EVsn] [vehicles_development_20170326165747525] creating index, cause [api], templates [], shards [5]/[1], mappings [_default_]
[2017-03-26T16:57:48,030][INFO ][o.e.c.m.MetaDataMappingService] [ht0EVsn] [vehicles_development_20170326165747525/8CgjCiFrSn6qinR4MsiX8g] create_mapping [vehicle]
[2017-03-26T16:58:17,797][INFO ][o.e.n.Node               ] [ht0EVsn] stopping ...
[2017-03-26T16:58:17,965][INFO ][o.e.n.Node               ] [ht0EVsn] stopped
[2017-03-26T16:58:17,966][INFO ][o.e.n.Node               ] [ht0EVsn] closing ...
[2017-03-26T16:58:18,001][INFO ][o.e.n.Node               ] [ht0EVsn] closed
[2017-03-26T16:58:28,455][INFO ][o.e.n.Node               ] [] initializing ...
[2017-03-26T16:58:28,646][INFO ][o.e.e.NodeEnvironment    ] [ht0EVsn] using [1] data paths, mounts [[/ (none)]], net usable_space [2.3gb], net total_space [5.2gb], spins? [possibly], types [aufs]
[2017-03-26T16:58:28,647][INFO ][o.e.e.NodeEnvironment    ] [ht0EVsn] heap size [1.9gb], compressed ordinary object pointers [true]
[2017-03-26T16:58:28,732][INFO ][o.e.n.Node               ] [ht0EVsn] node name [ht0EVsn] derived from node ID; set [node.name] to override
[2017-03-26T16:58:28,738][INFO ][o.e.n.Node               ] [ht0EVsn] version[5.0.0], pid[8102], build[253032b/2016-10-26T04:37:51.531Z], OS[Linux/4.8.8-c9/amd64], JVM[Oracle Corporation/Java HotSpot(TM) 64-Bit Server VM/1.8.0_111/25.111-b14]
[2017-03-26T16:58:32,076][INFO ][o.e.p.PluginsService     ] [ht0EVsn] loaded module [aggs-matrix-stats]
[2017-03-26T16:58:32,076][INFO ][o.e.p.PluginsService     ] [ht0EVsn] loaded module [ingest-common]
[2017-03-26T16:58:32,076][INFO ][o.e.p.PluginsService     ] [ht0EVsn] loaded module [lang-expression]
[2017-03-26T16:58:32,076][INFO ][o.e.p.PluginsService     ] [ht0EVsn] loaded module [lang-groovy]
[2017-03-26T16:58:32,079][INFO ][o.e.p.PluginsService     ] [ht0EVsn] loaded module [lang-mustache]
[2017-03-26T16:58:32,080][INFO ][o.e.p.PluginsService     ] [ht0EVsn] loaded module [lang-painless]
[2017-03-26T16:58:32,080][INFO ][o.e.p.PluginsService     ] [ht0EVsn] loaded module [percolator]
[2017-03-26T16:58:32,081][INFO ][o.e.p.PluginsService     ] [ht0EVsn] loaded module [reindex]
[2017-03-26T16:58:32,081][INFO ][o.e.p.PluginsService     ] [ht0EVsn] loaded module [transport-netty3]
[2017-03-26T16:58:32,082][INFO ][o.e.p.PluginsService     ] [ht0EVsn] loaded module [transport-netty4]
[2017-03-26T16:58:32,083][INFO ][o.e.p.PluginsService     ] [ht0EVsn] no plugins loaded
[2017-03-26T16:58:40,430][INFO ][o.e.n.Node               ] [ht0EVsn] initialized
[2017-03-26T16:58:40,431][INFO ][o.e.n.Node               ] [ht0EVsn] starting ...
[2017-03-26T16:58:41,092][INFO ][o.e.t.TransportService   ] [ht0EVsn] publish_address {127.0.0.1:9300}, bound_addresses {[::1]:9300}, {127.0.0.1:9300}
[2017-03-26T16:58:41,237][WARN ][o.e.b.BootstrapCheck     ] [ht0EVsn] max file descriptors [8192] for elasticsearch process likely too low, increase to at least [65536]
[2017-03-26T16:58:41,237][WARN ][o.e.b.BootstrapCheck     ] [ht0EVsn] max virtual memory areas vm.max_map_count [65530] likely too low, increase to at least [262144]
[2017-03-26T16:58:44,527][INFO ][o.e.c.s.ClusterService   ] [ht0EVsn] new_master {ht0EVsn}{ht0EVsnlRuyePr1G07P69g}{0PqzWdH3SNi5v3BdaQFW_g}{127.0.0.1}{127.0.0.1:9300}, reason: zen-disco-elected-as-master ([0] nodes joined)
[2017-03-26T16:58:44,556][INFO ][o.e.h.HttpServer         ] [ht0EVsn] publish_address {127.0.0.1:9200}, bound_addresses {[::1]:9200}, {127.0.0.1:9200}
[2017-03-26T16:58:44,556][INFO ][o.e.n.Node               ] [ht0EVsn] started
[2017-03-26T16:58:45,064][INFO ][o.e.g.GatewayService     ] [ht0EVsn] recovered [2] indices into cluster_state
[2017-03-26T16:58:45,730][INFO ][o.e.c.r.a.AllocationService] [ht0EVsn] Cluster health status changed from [RED] to [YELLOW] (reason: [shards started [[vehicles][2], [vehicles][1]] ...]).
[2017-03-26T17:01:58,644][WARN ][o.e.m.j.JvmGcMonitorService] [ht0EVsn] [gc][young][191][2] duration [4.6s], collections [1]/[5.3s], total [4.6s]/[4.8s], memory [578.9mb]->[311.7mb]/[1.9gb], all_pools {[young] [532.5mb]->[5.6mb]/[532.5mb]}{[survivor] [46.3mb]->[66.5mb]/[66.5mb]}{[old] [0b]->[245.2mb]/[1.3gb]}
[2017-03-26T17:01:58,645][WARN ][o.e.m.j.JvmGcMonitorService] [ht0EVsn] [gc][191] overhead, spent [4.6s] collecting in the last [5.3s]
[2017-03-26T19:09:54,445][WARN ][o.e.m.j.JvmGcMonitorService] [ht0EVsn] [gc][young][7858][3] duration [5.5s], collections [1]/[6.4s], total [5.5s]/[10.3s], memory [844.2mb]->[296.9mb]/[1.9gb], all_pools {[young] [532.5mb]->[5.5mb]/[532.5mb]}{[survivor] [66.5mb]->[7.2mb]/[66.5mb]}{[old] [245.2mb]->[286.4mb]/[1.3gb]}
[2017-03-26T19:09:54,450][WARN ][o.e.m.j.JvmGcMonitorService] [ht0EVsn] [gc][7858] overhead, spent [5.5s] collecting in the last [6.4s]
[2017-03-26T20:30:48,824][INFO ][o.e.n.Node               ] [] initializing ...
[2017-03-26T20:30:48,961][INFO ][o.e.e.NodeEnvironment    ] [ht0EVsn] using [1] data paths, mounts [[/ (none)]], net usable_space [2.3gb], net total_space [5.2gb], spins? [possibly], types [aufs]
[2017-03-26T20:30:48,961][INFO ][o.e.e.NodeEnvironment    ] [ht0EVsn] heap size [1.9gb], compressed ordinary object pointers [true]
[2017-03-26T20:30:49,026][INFO ][o.e.n.Node               ] [ht0EVsn] node name [ht0EVsn] derived from node ID; set [node.name] to override
[2017-03-26T20:30:49,029][INFO ][o.e.n.Node               ] [ht0EVsn] version[5.0.0], pid[10137], build[253032b/2016-10-26T04:37:51.531Z], OS[Linux/4.8.8-c9/amd64], JVM[Oracle Corporation/Java HotSpot(TM) 64-Bit Server VM/1.8.0_111/25.111-b14]
[2017-03-26T20:30:53,442][INFO ][o.e.p.PluginsService     ] [ht0EVsn] loaded module [aggs-matrix-stats]
[2017-03-26T20:30:53,454][INFO ][o.e.p.PluginsService     ] [ht0EVsn] loaded module [ingest-common]
[2017-03-26T20:30:53,454][INFO ][o.e.p.PluginsService     ] [ht0EVsn] loaded module [lang-expression]
[2017-03-26T20:30:53,455][INFO ][o.e.p.PluginsService     ] [ht0EVsn] loaded module [lang-groovy]
[2017-03-26T20:30:53,465][INFO ][o.e.p.PluginsService     ] [ht0EVsn] loaded module [lang-mustache]
[2017-03-26T20:30:53,466][INFO ][o.e.p.PluginsService     ] [ht0EVsn] loaded module [lang-painless]
[2017-03-26T20:30:53,466][INFO ][o.e.p.PluginsService     ] [ht0EVsn] loaded module [percolator]
[2017-03-26T20:30:53,466][INFO ][o.e.p.PluginsService     ] [ht0EVsn] loaded module [reindex]
[2017-03-26T20:30:53,466][INFO ][o.e.p.PluginsService     ] [ht0EVsn] loaded module [transport-netty3]
[2017-03-26T20:30:53,466][INFO ][o.e.p.PluginsService     ] [ht0EVsn] loaded module [transport-netty4]
[2017-03-26T20:30:53,647][INFO ][o.e.p.PluginsService     ] [ht0EVsn] no plugins loaded
[2017-03-26T20:31:07,834][INFO ][o.e.n.Node               ] [ht0EVsn] initialized
[2017-03-26T20:31:07,839][INFO ][o.e.n.Node               ] [ht0EVsn] starting ...
[2017-03-26T20:31:08,428][INFO ][o.e.t.TransportService   ] [ht0EVsn] publish_address {127.0.0.1:9300}, bound_addresses {[::1]:9300}, {127.0.0.1:9300}
[2017-03-26T20:31:08,449][WARN ][o.e.b.BootstrapCheck     ] [ht0EVsn] max file descriptors [8192] for elasticsearch process likely too low, increase to at least [65536]
[2017-03-26T20:31:08,450][WARN ][o.e.b.BootstrapCheck     ] [ht0EVsn] max virtual memory areas vm.max_map_count [65530] likely too low, increase to at least [262144]
[2017-03-26T20:31:11,646][INFO ][o.e.c.s.ClusterService   ] [ht0EVsn] new_master {ht0EVsn}{ht0EVsnlRuyePr1G07P69g}{y_OAdW3mRu2igK04E6jIEw}{127.0.0.1}{127.0.0.1:9300}, reason: zen-disco-elected-as-master ([0] nodes joined)
[2017-03-26T20:31:11,712][INFO ][o.e.h.HttpServer         ] [ht0EVsn] publish_address {127.0.0.1:9200}, bound_addresses {[::1]:9200}, {127.0.0.1:9200}
[2017-03-26T20:31:11,713][INFO ][o.e.n.Node               ] [ht0EVsn] started
[2017-03-26T20:31:19,459][INFO ][o.e.g.GatewayService     ] [ht0EVsn] recovered [2] indices into cluster_state
[2017-03-26T20:31:21,451][INFO ][o.e.c.r.a.AllocationService] [ht0EVsn] Cluster health status changed from [RED] to [YELLOW] (reason: [shards started [[vehicles][0]] ...]).
[2017-03-26T21:11:30,019][WARN ][o.e.m.j.JvmGcMonitorService] [ht0EVsn] [gc][young][2303][2] duration [2.4s], collections [1]/[2.8s], total [2.4s]/[2.5s], memory [578.4mb]->[152.8mb]/[1.9gb], all_pools {[young] [532mb]->[3.4mb]/[532.5mb]}{[survivor] [46.3mb]->[66.5mb]/[66.5mb]}{[old] [0b]->[82.8mb]/[1.3gb]}
[2017-03-26T21:11:30,022][WARN ][o.e.m.j.JvmGcMonitorService] [ht0EVsn] [gc][2303] overhead, spent [2.4s] collecting in the last [2.8s]
[2017-03-26T22:57:12,062][WARN ][o.e.m.j.JvmGcMonitorService] [ht0EVsn] [gc][young][8632][3] duration [5.1s], collections [1]/[5.5s], total [5.1s]/[7.6s], memory [681.8mb]->[293.6mb]/[1.9gb], all_pools {[young] [532.5mb]->[6.4mb]/[532.5mb]}{[survivor] [66.5mb]->[55.3mb]/[66.5mb]}{[old] [82.8mb]->[234.2mb]/[1.3gb]}
[2017-03-26T22:57:12,063][WARN ][o.e.m.j.JvmGcMonitorService] [ht0EVsn] [gc][8632] overhead, spent [5.1s] collecting in the last [5.5s]
