[2017-08-20T15:58:16,534][DEBUG][o.e.a.s.TransportSearchAction] [ht0EVsn] [clubs_development][3], node[ht0EVsnlRuyePr1G07P69g], [P], s[STARTED], a[id=jpQ941HoRICO0m1v7ZNWXA]: Failed to execute [SearchRequest{searchType=QUERY_THEN_FETCH, indices=[clubs_development], indicesOptions=IndicesOptions[id=38, ignore_unavailable=false, allow_no_indices=true, expand_wildcards_open=true, expand_wildcards_closed=false, allow_alisases_to_multiple_indices=true, forbid_closed_indices=true], types=[], routing='null', preference='null', requestCache=null, scroll=null, source={
  "from" : 0,
  "size" : 10,
  "timeout" : "11s",
  "query" : {
    "dis_max" : {
      "tie_breaker" : 0.0,
      "queries" : [
        {
          "match" : {
            "_all" : {
              "query" : "dfgsd",
              "operator" : "AND",
              "analyzer" : "searchkick_search",
              "prefix_length" : 0,
              "max_expansions" : 50,
              "fuzzy_transpositions" : true,
              "lenient" : false,
              "zero_terms_query" : "NONE",
              "boost" : 10.0
            }
          }
        },
        {
          "match" : {
            "_all" : {
              "query" : "dfgsd",
              "operator" : "AND",
              "analyzer" : "searchkick_search2",
              "prefix_length" : 0,
              "max_expansions" : 50,
              "fuzzy_transpositions" : true,
              "lenient" : false,
              "zero_terms_query" : "NONE",
              "boost" : 10.0
            }
          }
        },
        {
          "match" : {
            "_all" : {
              "query" : "dfgsd",
              "operator" : "AND",
              "analyzer" : "searchkick_search",
              "fuzziness" : "1",
              "prefix_length" : 0,
              "max_expansions" : 3,
              "fuzzy_transpositions" : true,
              "lenient" : false,
              "zero_terms_query" : "NONE",
              "boost" : 1.0
            }
          }
        },
        {
          "match" : {
            "_all" : {
              "query" : "dfgsd",
              "operator" : "AND",
              "analyzer" : "searchkick_search2",
              "fuzziness" : "1",
              "prefix_length" : 0,
              "max_expansions" : 3,
              "fuzzy_transpositions" : true,
              "lenient" : false,
              "zero_terms_query" : "NONE",
              "boost" : 1.0
            }
          }
        }
      ],
      "boost" : 1.0
    }
  },
  "_source" : false,
  "ext" : { }
}}] lastShard [true]
org.elasticsearch.transport.RemoteTransportException: [ht0EVsn][127.0.0.1:9300][indices:data/read/search[phase/query]]
Caused by: org.elasticsearch.index.query.QueryShardException: [match] analyzer [searchkick_search] not found
	at org.elasticsearch.index.query.MatchQueryBuilder.doToQuery(MatchQueryBuilder.java:448) ~[elasticsearch-5.0.0.jar:5.0.0]
	at org.elasticsearch.index.query.AbstractQueryBuilder.toQuery(AbstractQueryBuilder.java:95) ~[elasticsearch-5.0.0.jar:5.0.0]
	at org.elasticsearch.index.query.AbstractQueryBuilder.toQueries(AbstractQueryBuilder.java:230) ~[elasticsearch-5.0.0.jar:5.0.0]
	at org.elasticsearch.index.query.DisMaxQueryBuilder.doToQuery(DisMaxQueryBuilder.java:187) ~[elasticsearch-5.0.0.jar:5.0.0]
	at org.elasticsearch.index.query.AbstractQueryBuilder.toQuery(AbstractQueryBuilder.java:95) ~[elasticsearch-5.0.0.jar:5.0.0]
	at org.elasticsearch.index.query.QueryShardContext.lambda$toQuery$1(QueryShardContext.java:311) ~[elasticsearch-5.0.0.jar:5.0.0]
	at org.elasticsearch.index.query.QueryShardContext.toQuery(QueryShardContext.java:328) ~[elasticsearch-5.0.0.jar:5.0.0]
	at org.elasticsearch.index.query.QueryShardContext.toQuery(QueryShardContext.java:310) ~[elasticsearch-5.0.0.jar:5.0.0]
	at org.elasticsearch.search.SearchService.parseSource(SearchService.java:661) ~[elasticsearch-5.0.0.jar:5.0.0]
	at org.elasticsearch.search.SearchService.createContext(SearchService.java:536) ~[elasticsearch-5.0.0.jar:5.0.0]
	at org.elasticsearch.search.SearchService.createAndPutContext(SearchService.java:502) ~[elasticsearch-5.0.0.jar:5.0.0]
	at org.elasticsearch.search.SearchService.executeQueryPhase(SearchService.java:243) ~[elasticsearch-5.0.0.jar:5.0.0]
	at org.elasticsearch.action.search.SearchTransportService.lambda$registerRequestHandler$6(SearchTransportService.java:276) ~[elasticsearch-5.0.0.jar:5.0.0]
	at org.elasticsearch.transport.TransportRequestHandler.messageReceived(TransportRequestHandler.java:33) ~[elasticsearch-5.0.0.jar:5.0.0]
	at org.elasticsearch.transport.RequestHandlerRegistry.processMessageReceived(RequestHandlerRegistry.java:69) ~[elasticsearch-5.0.0.jar:5.0.0]
	at org.elasticsearch.transport.TransportService$6.doRun(TransportService.java:548) [elasticsearch-5.0.0.jar:5.0.0]
	at org.elasticsearch.common.util.concurrent.ThreadContext$ContextPreservingAbstractRunnable.doRun(ThreadContext.java:504) [elasticsearch-5.0.0.jar:5.0.0]
	at org.elasticsearch.common.util.concurrent.AbstractRunnable.run(AbstractRunnable.java:37) [elasticsearch-5.0.0.jar:5.0.0]
	at java.util.concurrent.ThreadPoolExecutor.runWorker(ThreadPoolExecutor.java:1142) [?:1.8.0_111]
	at java.util.concurrent.ThreadPoolExecutor$Worker.run(ThreadPoolExecutor.java:617) [?:1.8.0_111]
	at java.lang.Thread.run(Thread.java:745) [?:1.8.0_111]
[2017-08-20T15:58:16,533][DEBUG][o.e.a.s.TransportSearchAction] [ht0EVsn] [clubs_development][0], node[ht0EVsnlRuyePr1G07P69g], [P], s[STARTED], a[id=vqZDx4TxQZWIiYCbXLsFIg]: Failed to execute [SearchRequest{searchType=QUERY_THEN_FETCH, indices=[clubs_development], indicesOptions=IndicesOptions[id=38, ignore_unavailable=false, allow_no_indices=true, expand_wildcards_open=true, expand_wildcards_closed=false, allow_alisases_to_multiple_indices=true, forbid_closed_indices=true], types=[], routing='null', preference='null', requestCache=null, scroll=null, source={
  "from" : 0,
  "size" : 10,
  "timeout" : "11s",
  "query" : {
    "dis_max" : {
      "tie_breaker" : 0.0,
      "queries" : [
        {
          "match" : {
            "_all" : {
              "query" : "dfgsd",
              "operator" : "AND",
              "analyzer" : "searchkick_search",
              "prefix_length" : 0,
              "max_expansions" : 50,
              "fuzzy_transpositions" : true,
              "lenient" : false,
              "zero_terms_query" : "NONE",
              "boost" : 10.0
            }
          }
        },
        {
          "match" : {
            "_all" : {
              "query" : "dfgsd",
              "operator" : "AND",
              "analyzer" : "searchkick_search2",
              "prefix_length" : 0,
              "max_expansions" : 50,
              "fuzzy_transpositions" : true,
              "lenient" : false,
              "zero_terms_query" : "NONE",
              "boost" : 10.0
            }
          }
        },
        {
          "match" : {
            "_all" : {
              "query" : "dfgsd",
              "operator" : "AND",
              "analyzer" : "searchkick_search",
              "fuzziness" : "1",
              "prefix_length" : 0,
              "max_expansions" : 3,
              "fuzzy_transpositions" : true,
              "lenient" : false,
              "zero_terms_query" : "NONE",
              "boost" : 1.0
            }
          }
        },
        {
          "match" : {
            "_all" : {
              "query" : "dfgsd",
              "operator" : "AND",
              "analyzer" : "searchkick_search2",
              "fuzziness" : "1",
              "prefix_length" : 0,
              "max_expansions" : 3,
              "fuzzy_transpositions" : true,
              "lenient" : false,
              "zero_terms_query" : "NONE",
              "boost" : 1.0
            }
          }
        }
      ],
      "boost" : 1.0
    }
  },
  "_source" : false,
  "ext" : { }
}}]
org.elasticsearch.transport.RemoteTransportException: [ht0EVsn][127.0.0.1:9300][indices:data/read/search[phase/query]]
Caused by: org.elasticsearch.index.query.QueryShardException: [match] analyzer [searchkick_search] not found
	at org.elasticsearch.index.query.MatchQueryBuilder.doToQuery(MatchQueryBuilder.java:448) ~[elasticsearch-5.0.0.jar:5.0.0]
	at org.elasticsearch.index.query.AbstractQueryBuilder.toQuery(AbstractQueryBuilder.java:95) ~[elasticsearch-5.0.0.jar:5.0.0]
	at org.elasticsearch.index.query.AbstractQueryBuilder.toQueries(AbstractQueryBuilder.java:230) ~[elasticsearch-5.0.0.jar:5.0.0]
	at org.elasticsearch.index.query.DisMaxQueryBuilder.doToQuery(DisMaxQueryBuilder.java:187) ~[elasticsearch-5.0.0.jar:5.0.0]
	at org.elasticsearch.index.query.AbstractQueryBuilder.toQuery(AbstractQueryBuilder.java:95) ~[elasticsearch-5.0.0.jar:5.0.0]
	at org.elasticsearch.index.query.QueryShardContext.lambda$toQuery$1(QueryShardContext.java:311) ~[elasticsearch-5.0.0.jar:5.0.0]
	at org.elasticsearch.index.query.QueryShardContext.toQuery(QueryShardContext.java:328) ~[elasticsearch-5.0.0.jar:5.0.0]
	at org.elasticsearch.index.query.QueryShardContext.toQuery(QueryShardContext.java:310) ~[elasticsearch-5.0.0.jar:5.0.0]
	at org.elasticsearch.search.SearchService.parseSource(SearchService.java:661) ~[elasticsearch-5.0.0.jar:5.0.0]
	at org.elasticsearch.search.SearchService.createContext(SearchService.java:536) ~[elasticsearch-5.0.0.jar:5.0.0]
	at org.elasticsearch.search.SearchService.createAndPutContext(SearchService.java:502) ~[elasticsearch-5.0.0.jar:5.0.0]
	at org.elasticsearch.search.SearchService.executeQueryPhase(SearchService.java:243) ~[elasticsearch-5.0.0.jar:5.0.0]
	at org.elasticsearch.action.search.SearchTransportService.lambda$registerRequestHandler$6(SearchTransportService.java:276) ~[elasticsearch-5.0.0.jar:5.0.0]
	at org.elasticsearch.transport.TransportRequestHandler.messageReceived(TransportRequestHandler.java:33) ~[elasticsearch-5.0.0.jar:5.0.0]
	at org.elasticsearch.transport.RequestHandlerRegistry.processMessageReceived(RequestHandlerRegistry.java:69) ~[elasticsearch-5.0.0.jar:5.0.0]
	at org.elasticsearch.transport.TransportService$6.doRun(TransportService.java:548) [elasticsearch-5.0.0.jar:5.0.0]
	at org.elasticsearch.common.util.concurrent.ThreadContext$ContextPreservingAbstractRunnable.doRun(ThreadContext.java:504) [elasticsearch-5.0.0.jar:5.0.0]
	at org.elasticsearch.common.util.concurrent.AbstractRunnable.run(AbstractRunnable.java:37) [elasticsearch-5.0.0.jar:5.0.0]
	at java.util.concurrent.ThreadPoolExecutor.runWorker(ThreadPoolExecutor.java:1142) [?:1.8.0_111]
	at java.util.concurrent.ThreadPoolExecutor$Worker.run(ThreadPoolExecutor.java:617) [?:1.8.0_111]
	at java.lang.Thread.run(Thread.java:745) [?:1.8.0_111]
[2017-08-20T15:58:16,533][DEBUG][o.e.a.s.TransportSearchAction] [ht0EVsn] [clubs_development][2], node[ht0EVsnlRuyePr1G07P69g], [P], s[STARTED], a[id=dP4C2RmYSkq_4Lz-4xd5Sw]: Failed to execute [SearchRequest{searchType=QUERY_THEN_FETCH, indices=[clubs_development], indicesOptions=IndicesOptions[id=38, ignore_unavailable=false, allow_no_indices=true, expand_wildcards_open=true, expand_wildcards_closed=false, allow_alisases_to_multiple_indices=true, forbid_closed_indices=true], types=[], routing='null', preference='null', requestCache=null, scroll=null, source={
  "from" : 0,
  "size" : 10,
  "timeout" : "11s",
  "query" : {
    "dis_max" : {
      "tie_breaker" : 0.0,
      "queries" : [
        {
          "match" : {
            "_all" : {
              "query" : "dfgsd",
              "operator" : "AND",
              "analyzer" : "searchkick_search",
              "prefix_length" : 0,
              "max_expansions" : 50,
              "fuzzy_transpositions" : true,
              "lenient" : false,
              "zero_terms_query" : "NONE",
              "boost" : 10.0
            }
          }
        },
        {
          "match" : {
            "_all" : {
              "query" : "dfgsd",
              "operator" : "AND",
              "analyzer" : "searchkick_search2",
              "prefix_length" : 0,
              "max_expansions" : 50,
              "fuzzy_transpositions" : true,
              "lenient" : false,
              "zero_terms_query" : "NONE",
              "boost" : 10.0
            }
          }
        },
        {
          "match" : {
            "_all" : {
              "query" : "dfgsd",
              "operator" : "AND",
              "analyzer" : "searchkick_search",
              "fuzziness" : "1",
              "prefix_length" : 0,
              "max_expansions" : 3,
              "fuzzy_transpositions" : true,
              "lenient" : false,
              "zero_terms_query" : "NONE",
              "boost" : 1.0
            }
          }
        },
        {
          "match" : {
            "_all" : {
              "query" : "dfgsd",
              "operator" : "AND",
              "analyzer" : "searchkick_search2",
              "fuzziness" : "1",
              "prefix_length" : 0,
              "max_expansions" : 3,
              "fuzzy_transpositions" : true,
              "lenient" : false,
              "zero_terms_query" : "NONE",
              "boost" : 1.0
            }
          }
        }
      ],
      "boost" : 1.0
    }
  },
  "_source" : false,
  "ext" : { }
}}] lastShard [true]
org.elasticsearch.transport.RemoteTransportException: [ht0EVsn][127.0.0.1:9300][indices:data/read/search[phase/query]]
Caused by: org.elasticsearch.index.query.QueryShardException: [match] analyzer [searchkick_search] not found
	at org.elasticsearch.index.query.MatchQueryBuilder.doToQuery(MatchQueryBuilder.java:448) ~[elasticsearch-5.0.0.jar:5.0.0]
	at org.elasticsearch.index.query.AbstractQueryBuilder.toQuery(AbstractQueryBuilder.java:95) ~[elasticsearch-5.0.0.jar:5.0.0]
	at org.elasticsearch.index.query.AbstractQueryBuilder.toQueries(AbstractQueryBuilder.java:230) ~[elasticsearch-5.0.0.jar:5.0.0]
	at org.elasticsearch.index.query.DisMaxQueryBuilder.doToQuery(DisMaxQueryBuilder.java:187) ~[elasticsearch-5.0.0.jar:5.0.0]
	at org.elasticsearch.index.query.AbstractQueryBuilder.toQuery(AbstractQueryBuilder.java:95) ~[elasticsearch-5.0.0.jar:5.0.0]
	at org.elasticsearch.index.query.QueryShardContext.lambda$toQuery$1(QueryShardContext.java:311) ~[elasticsearch-5.0.0.jar:5.0.0]
	at org.elasticsearch.index.query.QueryShardContext.toQuery(QueryShardContext.java:328) ~[elasticsearch-5.0.0.jar:5.0.0]
	at org.elasticsearch.index.query.QueryShardContext.toQuery(QueryShardContext.java:310) ~[elasticsearch-5.0.0.jar:5.0.0]
	at org.elasticsearch.search.SearchService.parseSource(SearchService.java:661) ~[elasticsearch-5.0.0.jar:5.0.0]
	at org.elasticsearch.search.SearchService.createContext(SearchService.java:536) ~[elasticsearch-5.0.0.jar:5.0.0]
	at org.elasticsearch.search.SearchService.createAndPutContext(SearchService.java:502) ~[elasticsearch-5.0.0.jar:5.0.0]
	at org.elasticsearch.search.SearchService.executeQueryPhase(SearchService.java:243) ~[elasticsearch-5.0.0.jar:5.0.0]
	at org.elasticsearch.action.search.SearchTransportService.lambda$registerRequestHandler$6(SearchTransportService.java:276) ~[elasticsearch-5.0.0.jar:5.0.0]
	at org.elasticsearch.transport.TransportRequestHandler.messageReceived(TransportRequestHandler.java:33) ~[elasticsearch-5.0.0.jar:5.0.0]
	at org.elasticsearch.transport.RequestHandlerRegistry.processMessageReceived(RequestHandlerRegistry.java:69) ~[elasticsearch-5.0.0.jar:5.0.0]
	at org.elasticsearch.transport.TransportService$6.doRun(TransportService.java:548) [elasticsearch-5.0.0.jar:5.0.0]
	at org.elasticsearch.common.util.concurrent.ThreadContext$ContextPreservingAbstractRunnable.doRun(ThreadContext.java:504) [elasticsearch-5.0.0.jar:5.0.0]
	at org.elasticsearch.common.util.concurrent.AbstractRunnable.run(AbstractRunnable.java:37) [elasticsearch-5.0.0.jar:5.0.0]
	at java.util.concurrent.ThreadPoolExecutor.runWorker(ThreadPoolExecutor.java:1142) [?:1.8.0_111]
	at java.util.concurrent.ThreadPoolExecutor$Worker.run(ThreadPoolExecutor.java:617) [?:1.8.0_111]
	at java.lang.Thread.run(Thread.java:745) [?:1.8.0_111]
[2017-08-20T15:58:16,533][DEBUG][o.e.a.s.TransportSearchAction] [ht0EVsn] [clubs_development][1], node[ht0EVsnlRuyePr1G07P69g], [P], s[STARTED], a[id=wmIOYYR8S5mtyZBw9PGSeQ]: Failed to execute [SearchRequest{searchType=QUERY_THEN_FETCH, indices=[clubs_development], indicesOptions=IndicesOptions[id=38, ignore_unavailable=false, allow_no_indices=true, expand_wildcards_open=true, expand_wildcards_closed=false, allow_alisases_to_multiple_indices=true, forbid_closed_indices=true], types=[], routing='null', preference='null', requestCache=null, scroll=null, source={
  "from" : 0,
  "size" : 10,
  "timeout" : "11s",
  "query" : {
    "dis_max" : {
      "tie_breaker" : 0.0,
      "queries" : [
        {
          "match" : {
            "_all" : {
              "query" : "dfgsd",
              "operator" : "AND",
              "analyzer" : "searchkick_search",
              "prefix_length" : 0,
              "max_expansions" : 50,
              "fuzzy_transpositions" : true,
              "lenient" : false,
              "zero_terms_query" : "NONE",
              "boost" : 10.0
            }
          }
        },
        {
          "match" : {
            "_all" : {
              "query" : "dfgsd",
              "operator" : "AND",
              "analyzer" : "searchkick_search2",
              "prefix_length" : 0,
              "max_expansions" : 50,
              "fuzzy_transpositions" : true,
              "lenient" : false,
              "zero_terms_query" : "NONE",
              "boost" : 10.0
            }
          }
        },
        {
          "match" : {
            "_all" : {
              "query" : "dfgsd",
              "operator" : "AND",
              "analyzer" : "searchkick_search",
              "fuzziness" : "1",
              "prefix_length" : 0,
              "max_expansions" : 3,
              "fuzzy_transpositions" : true,
              "lenient" : false,
              "zero_terms_query" : "NONE",
              "boost" : 1.0
            }
          }
        },
        {
          "match" : {
            "_all" : {
              "query" : "dfgsd",
              "operator" : "AND",
              "analyzer" : "searchkick_search2",
              "fuzziness" : "1",
              "prefix_length" : 0,
              "max_expansions" : 3,
              "fuzzy_transpositions" : true,
              "lenient" : false,
              "zero_terms_query" : "NONE",
              "boost" : 1.0
            }
          }
        }
      ],
      "boost" : 1.0
    }
  },
  "_source" : false,
  "ext" : { }
}}] lastShard [true]
org.elasticsearch.transport.RemoteTransportException: [ht0EVsn][127.0.0.1:9300][indices:data/read/search[phase/query]]
Caused by: org.elasticsearch.index.query.QueryShardException: [match] analyzer [searchkick_search] not found
	at org.elasticsearch.index.query.MatchQueryBuilder.doToQuery(MatchQueryBuilder.java:448) ~[elasticsearch-5.0.0.jar:5.0.0]
	at org.elasticsearch.index.query.AbstractQueryBuilder.toQuery(AbstractQueryBuilder.java:95) ~[elasticsearch-5.0.0.jar:5.0.0]
	at org.elasticsearch.index.query.AbstractQueryBuilder.toQueries(AbstractQueryBuilder.java:230) ~[elasticsearch-5.0.0.jar:5.0.0]
	at org.elasticsearch.index.query.DisMaxQueryBuilder.doToQuery(DisMaxQueryBuilder.java:187) ~[elasticsearch-5.0.0.jar:5.0.0]
	at org.elasticsearch.index.query.AbstractQueryBuilder.toQuery(AbstractQueryBuilder.java:95) ~[elasticsearch-5.0.0.jar:5.0.0]
	at org.elasticsearch.index.query.QueryShardContext.lambda$toQuery$1(QueryShardContext.java:311) ~[elasticsearch-5.0.0.jar:5.0.0]
	at org.elasticsearch.index.query.QueryShardContext.toQuery(QueryShardContext.java:328) ~[elasticsearch-5.0.0.jar:5.0.0]
	at org.elasticsearch.index.query.QueryShardContext.toQuery(QueryShardContext.java:310) ~[elasticsearch-5.0.0.jar:5.0.0]
	at org.elasticsearch.search.SearchService.parseSource(SearchService.java:661) ~[elasticsearch-5.0.0.jar:5.0.0]
	at org.elasticsearch.search.SearchService.createContext(SearchService.java:536) ~[elasticsearch-5.0.0.jar:5.0.0]
	at org.elasticsearch.search.SearchService.createAndPutContext(SearchService.java:502) ~[elasticsearch-5.0.0.jar:5.0.0]
	at org.elasticsearch.search.SearchService.executeQueryPhase(SearchService.java:243) ~[elasticsearch-5.0.0.jar:5.0.0]
	at org.elasticsearch.action.search.SearchTransportService.lambda$registerRequestHandler$6(SearchTransportService.java:276) ~[elasticsearch-5.0.0.jar:5.0.0]
	at org.elasticsearch.transport.TransportRequestHandler.messageReceived(TransportRequestHandler.java:33) ~[elasticsearch-5.0.0.jar:5.0.0]
	at org.elasticsearch.transport.RequestHandlerRegistry.processMessageReceived(RequestHandlerRegistry.java:69) ~[elasticsearch-5.0.0.jar:5.0.0]
	at org.elasticsearch.transport.TransportService$6.doRun(TransportService.java:548) [elasticsearch-5.0.0.jar:5.0.0]
	at org.elasticsearch.common.util.concurrent.ThreadContext$ContextPreservingAbstractRunnable.doRun(ThreadContext.java:504) [elasticsearch-5.0.0.jar:5.0.0]
	at org.elasticsearch.common.util.concurrent.AbstractRunnable.run(AbstractRunnable.java:37) [elasticsearch-5.0.0.jar:5.0.0]
	at java.util.concurrent.ThreadPoolExecutor.runWorker(ThreadPoolExecutor.java:1142) [?:1.8.0_111]
	at java.util.concurrent.ThreadPoolExecutor$Worker.run(ThreadPoolExecutor.java:617) [?:1.8.0_111]
	at java.lang.Thread.run(Thread.java:745) [?:1.8.0_111]
[2017-08-20T15:58:16,533][DEBUG][o.e.a.s.TransportSearchAction] [ht0EVsn] [clubs_development][4], node[ht0EVsnlRuyePr1G07P69g], [P], s[STARTED], a[id=2wTXPDECTnyuN7j8TKSXbQ]: Failed to execute [SearchRequest{searchType=QUERY_THEN_FETCH, indices=[clubs_development], indicesOptions=IndicesOptions[id=38, ignore_unavailable=false, allow_no_indices=true, expand_wildcards_open=true, expand_wildcards_closed=false, allow_alisases_to_multiple_indices=true, forbid_closed_indices=true], types=[], routing='null', preference='null', requestCache=null, scroll=null, source={
  "from" : 0,
  "size" : 10,
  "timeout" : "11s",
  "query" : {
    "dis_max" : {
      "tie_breaker" : 0.0,
      "queries" : [
        {
          "match" : {
            "_all" : {
              "query" : "dfgsd",
              "operator" : "AND",
              "analyzer" : "searchkick_search",
              "prefix_length" : 0,
              "max_expansions" : 50,
              "fuzzy_transpositions" : true,
              "lenient" : false,
              "zero_terms_query" : "NONE",
              "boost" : 10.0
            }
          }
        },
        {
          "match" : {
            "_all" : {
              "query" : "dfgsd",
              "operator" : "AND",
              "analyzer" : "searchkick_search2",
              "prefix_length" : 0,
              "max_expansions" : 50,
              "fuzzy_transpositions" : true,
              "lenient" : false,
              "zero_terms_query" : "NONE",
              "boost" : 10.0
            }
          }
        },
        {
          "match" : {
            "_all" : {
              "query" : "dfgsd",
              "operator" : "AND",
              "analyzer" : "searchkick_search",
              "fuzziness" : "1",
              "prefix_length" : 0,
              "max_expansions" : 3,
              "fuzzy_transpositions" : true,
              "lenient" : false,
              "zero_terms_query" : "NONE",
              "boost" : 1.0
            }
          }
        },
        {
          "match" : {
            "_all" : {
              "query" : "dfgsd",
              "operator" : "AND",
              "analyzer" : "searchkick_search2",
              "fuzziness" : "1",
              "prefix_length" : 0,
              "max_expansions" : 3,
              "fuzzy_transpositions" : true,
              "lenient" : false,
              "zero_terms_query" : "NONE",
              "boost" : 1.0
            }
          }
        }
      ],
      "boost" : 1.0
    }
  },
  "_source" : false,
  "ext" : { }
}}] lastShard [true]
org.elasticsearch.transport.RemoteTransportException: [ht0EVsn][127.0.0.1:9300][indices:data/read/search[phase/query]]
Caused by: org.elasticsearch.index.query.QueryShardException: [match] analyzer [searchkick_search] not found
	at org.elasticsearch.index.query.MatchQueryBuilder.doToQuery(MatchQueryBuilder.java:448) ~[elasticsearch-5.0.0.jar:5.0.0]
	at org.elasticsearch.index.query.AbstractQueryBuilder.toQuery(AbstractQueryBuilder.java:95) ~[elasticsearch-5.0.0.jar:5.0.0]
	at org.elasticsearch.index.query.AbstractQueryBuilder.toQueries(AbstractQueryBuilder.java:230) ~[elasticsearch-5.0.0.jar:5.0.0]
	at org.elasticsearch.index.query.DisMaxQueryBuilder.doToQuery(DisMaxQueryBuilder.java:187) ~[elasticsearch-5.0.0.jar:5.0.0]
	at org.elasticsearch.index.query.AbstractQueryBuilder.toQuery(AbstractQueryBuilder.java:95) ~[elasticsearch-5.0.0.jar:5.0.0]
	at org.elasticsearch.index.query.QueryShardContext.lambda$toQuery$1(QueryShardContext.java:311) ~[elasticsearch-5.0.0.jar:5.0.0]
	at org.elasticsearch.index.query.QueryShardContext.toQuery(QueryShardContext.java:328) ~[elasticsearch-5.0.0.jar:5.0.0]
	at org.elasticsearch.index.query.QueryShardContext.toQuery(QueryShardContext.java:310) ~[elasticsearch-5.0.0.jar:5.0.0]
	at org.elasticsearch.search.SearchService.parseSource(SearchService.java:661) ~[elasticsearch-5.0.0.jar:5.0.0]
	at org.elasticsearch.search.SearchService.createContext(SearchService.java:536) ~[elasticsearch-5.0.0.jar:5.0.0]
	at org.elasticsearch.search.SearchService.createAndPutContext(SearchService.java:502) ~[elasticsearch-5.0.0.jar:5.0.0]
	at org.elasticsearch.search.SearchService.executeQueryPhase(SearchService.java:243) ~[elasticsearch-5.0.0.jar:5.0.0]
	at org.elasticsearch.action.search.SearchTransportService.lambda$registerRequestHandler$6(SearchTransportService.java:276) ~[elasticsearch-5.0.0.jar:5.0.0]
	at org.elasticsearch.transport.TransportRequestHandler.messageReceived(TransportRequestHandler.java:33) ~[elasticsearch-5.0.0.jar:5.0.0]
	at org.elasticsearch.transport.RequestHandlerRegistry.processMessageReceived(RequestHandlerRegistry.java:69) ~[elasticsearch-5.0.0.jar:5.0.0]
	at org.elasticsearch.transport.TransportService$6.doRun(TransportService.java:548) [elasticsearch-5.0.0.jar:5.0.0]
	at org.elasticsearch.common.util.concurrent.ThreadContext$ContextPreservingAbstractRunnable.doRun(ThreadContext.java:504) [elasticsearch-5.0.0.jar:5.0.0]
	at org.elasticsearch.common.util.concurrent.AbstractRunnable.run(AbstractRunnable.java:37) [elasticsearch-5.0.0.jar:5.0.0]
	at java.util.concurrent.ThreadPoolExecutor.runWorker(ThreadPoolExecutor.java:1142) [?:1.8.0_111]
	at java.util.concurrent.ThreadPoolExecutor$Worker.run(ThreadPoolExecutor.java:617) [?:1.8.0_111]
	at java.lang.Thread.run(Thread.java:745) [?:1.8.0_111]
[2017-08-20T15:58:16,549][DEBUG][o.e.a.s.TransportSearchAction] [ht0EVsn] All shards failed for phase: [query]
org.elasticsearch.transport.RemoteTransportException: [ht0EVsn][127.0.0.1:9300][indices:data/read/search[phase/query]]
Caused by: org.elasticsearch.index.query.QueryShardException: [match] analyzer [searchkick_search] not found
	at org.elasticsearch.index.query.MatchQueryBuilder.doToQuery(MatchQueryBuilder.java:448) ~[elasticsearch-5.0.0.jar:5.0.0]
	at org.elasticsearch.index.query.AbstractQueryBuilder.toQuery(AbstractQueryBuilder.java:95) ~[elasticsearch-5.0.0.jar:5.0.0]
	at org.elasticsearch.index.query.AbstractQueryBuilder.toQueries(AbstractQueryBuilder.java:230) ~[elasticsearch-5.0.0.jar:5.0.0]
	at org.elasticsearch.index.query.DisMaxQueryBuilder.doToQuery(DisMaxQueryBuilder.java:187) ~[elasticsearch-5.0.0.jar:5.0.0]
	at org.elasticsearch.index.query.AbstractQueryBuilder.toQuery(AbstractQueryBuilder.java:95) ~[elasticsearch-5.0.0.jar:5.0.0]
	at org.elasticsearch.index.query.QueryShardContext.lambda$toQuery$1(QueryShardContext.java:311) ~[elasticsearch-5.0.0.jar:5.0.0]
	at org.elasticsearch.index.query.QueryShardContext.toQuery(QueryShardContext.java:328) ~[elasticsearch-5.0.0.jar:5.0.0]
	at org.elasticsearch.index.query.QueryShardContext.toQuery(QueryShardContext.java:310) ~[elasticsearch-5.0.0.jar:5.0.0]
	at org.elasticsearch.search.SearchService.parseSource(SearchService.java:661) ~[elasticsearch-5.0.0.jar:5.0.0]
	at org.elasticsearch.search.SearchService.createContext(SearchService.java:536) ~[elasticsearch-5.0.0.jar:5.0.0]
	at org.elasticsearch.search.SearchService.createAndPutContext(SearchService.java:502) ~[elasticsearch-5.0.0.jar:5.0.0]
	at org.elasticsearch.search.SearchService.executeQueryPhase(SearchService.java:243) ~[elasticsearch-5.0.0.jar:5.0.0]
	at org.elasticsearch.action.search.SearchTransportService.lambda$registerRequestHandler$6(SearchTransportService.java:276) ~[elasticsearch-5.0.0.jar:5.0.0]
	at org.elasticsearch.transport.TransportRequestHandler.messageReceived(TransportRequestHandler.java:33) ~[elasticsearch-5.0.0.jar:5.0.0]
	at org.elasticsearch.transport.RequestHandlerRegistry.processMessageReceived(RequestHandlerRegistry.java:69) ~[elasticsearch-5.0.0.jar:5.0.0]
	at org.elasticsearch.transport.TransportService$6.doRun(TransportService.java:548) [elasticsearch-5.0.0.jar:5.0.0]
	at org.elasticsearch.common.util.concurrent.ThreadContext$ContextPreservingAbstractRunnable.doRun(ThreadContext.java:504) [elasticsearch-5.0.0.jar:5.0.0]
	at org.elasticsearch.common.util.concurrent.AbstractRunnable.run(AbstractRunnable.java:37) [elasticsearch-5.0.0.jar:5.0.0]
	at java.util.concurrent.ThreadPoolExecutor.runWorker(ThreadPoolExecutor.java:1142) [?:1.8.0_111]
	at java.util.concurrent.ThreadPoolExecutor$Worker.run(ThreadPoolExecutor.java:617) [?:1.8.0_111]
	at java.lang.Thread.run(Thread.java:745) [?:1.8.0_111]
[2017-08-20T16:43:30,164][INFO ][o.e.n.Node               ] [ht0EVsn] stopping ...
[2017-08-20T16:43:30,683][INFO ][o.e.n.Node               ] [ht0EVsn] stopped
[2017-08-20T16:43:30,684][INFO ][o.e.n.Node               ] [ht0EVsn] closing ...
[2017-08-20T16:43:30,869][INFO ][o.e.n.Node               ] [ht0EVsn] closed
[2017-08-20T16:45:42,317][INFO ][o.e.n.Node               ] [] initializing ...
[2017-08-20T16:45:42,594][INFO ][o.e.e.NodeEnvironment    ] [ht0EVsn] using [1] data paths, mounts [[/ (none)]], net usable_space [6.9gb], net total_space [10.6gb], spins? [possibly], types [aufs]
[2017-08-20T16:45:42,594][INFO ][o.e.e.NodeEnvironment    ] [ht0EVsn] heap size [1.9gb], compressed ordinary object pointers [true]
[2017-08-20T16:45:42,718][INFO ][o.e.n.Node               ] [ht0EVsn] node name [ht0EVsn] derived from node ID; set [node.name] to override
[2017-08-20T16:45:42,722][INFO ][o.e.n.Node               ] [ht0EVsn] version[5.0.0], pid[191947], build[253032b/2016-10-26T04:37:51.531Z], OS[Linux/4.9.17-c9/amd64], JVM[Oracle Corporation/Java HotSpot(TM) 64-Bit Server VM/1.8.0_111/25.111-b14]
[2017-08-20T16:45:48,883][INFO ][o.e.p.PluginsService     ] [ht0EVsn] loaded module [aggs-matrix-stats]
[2017-08-20T16:45:48,883][INFO ][o.e.p.PluginsService     ] [ht0EVsn] loaded module [ingest-common]
[2017-08-20T16:45:48,883][INFO ][o.e.p.PluginsService     ] [ht0EVsn] loaded module [lang-expression]
[2017-08-20T16:45:48,884][INFO ][o.e.p.PluginsService     ] [ht0EVsn] loaded module [lang-groovy]
[2017-08-20T16:45:48,884][INFO ][o.e.p.PluginsService     ] [ht0EVsn] loaded module [lang-mustache]
[2017-08-20T16:45:48,885][INFO ][o.e.p.PluginsService     ] [ht0EVsn] loaded module [lang-painless]
[2017-08-20T16:45:48,886][INFO ][o.e.p.PluginsService     ] [ht0EVsn] loaded module [percolator]
[2017-08-20T16:45:48,886][INFO ][o.e.p.PluginsService     ] [ht0EVsn] loaded module [reindex]
[2017-08-20T16:45:48,886][INFO ][o.e.p.PluginsService     ] [ht0EVsn] loaded module [transport-netty3]
[2017-08-20T16:45:48,886][INFO ][o.e.p.PluginsService     ] [ht0EVsn] loaded module [transport-netty4]
[2017-08-20T16:45:48,887][INFO ][o.e.p.PluginsService     ] [ht0EVsn] no plugins loaded
[2017-08-20T16:46:03,155][INFO ][o.e.n.Node               ] [ht0EVsn] initialized
[2017-08-20T16:46:03,156][INFO ][o.e.n.Node               ] [ht0EVsn] starting ...
[2017-08-20T16:46:03,505][INFO ][o.e.t.TransportService   ] [ht0EVsn] publish_address {127.0.0.1:9300}, bound_addresses {[::1]:9300}, {127.0.0.1:9300}
[2017-08-20T16:46:03,532][WARN ][o.e.b.BootstrapCheck     ] [ht0EVsn] max file descriptors [8192] for elasticsearch process likely too low, increase to at least [65536]
[2017-08-20T16:46:03,533][WARN ][o.e.b.BootstrapCheck     ] [ht0EVsn] max virtual memory areas vm.max_map_count [65530] likely too low, increase to at least [262144]
[2017-08-20T16:46:06,778][INFO ][o.e.c.s.ClusterService   ] [ht0EVsn] new_master {ht0EVsn}{ht0EVsnlRuyePr1G07P69g}{e761sUhwSRGrsxY3xFIaWw}{127.0.0.1}{127.0.0.1:9300}, reason: zen-disco-elected-as-master ([0] nodes joined)
[2017-08-20T16:46:06,921][INFO ][o.e.h.HttpServer         ] [ht0EVsn] publish_address {127.0.0.1:9200}, bound_addresses {[::1]:9200}, {127.0.0.1:9200}
[2017-08-20T16:46:06,922][INFO ][o.e.n.Node               ] [ht0EVsn] started
[2017-08-20T16:46:08,743][INFO ][o.e.g.GatewayService     ] [ht0EVsn] recovered [4] indices into cluster_state
[2017-08-20T16:46:11,734][INFO ][o.e.c.r.a.AllocationService] [ht0EVsn] Cluster health status changed from [RED] to [YELLOW] (reason: [shards started [[vehicles][0]] ...]).
[2017-08-20T16:49:36,646][DEBUG][o.e.a.s.TransportSearchAction] [ht0EVsn] [clubs_development][1], node[ht0EVsnlRuyePr1G07P69g], [P], s[STARTED], a[id=wmIOYYR8S5mtyZBw9PGSeQ]: Failed to execute [SearchRequest{searchType=QUERY_THEN_FETCH, indices=[clubs_development], indicesOptions=IndicesOptions[id=38, ignore_unavailable=false, allow_no_indices=true, expand_wildcards_open=true, expand_wildcards_closed=false, allow_alisases_to_multiple_indices=true, forbid_closed_indices=true], types=[], routing='null', preference='null', requestCache=null, scroll=null, source={
  "from" : 0,
  "size" : 10,
  "timeout" : "11s",
  "query" : {
    "dis_max" : {
      "tie_breaker" : 0.0,
      "queries" : [
        {
          "match" : {
            "_all" : {
              "query" : "Detroit",
              "operator" : "AND",
              "analyzer" : "searchkick_search",
              "prefix_length" : 0,
              "max_expansions" : 50,
              "fuzzy_transpositions" : true,
              "lenient" : false,
              "zero_terms_query" : "NONE",
              "boost" : 10.0
            }
          }
        },
        {
          "match" : {
            "_all" : {
              "query" : "Detroit",
              "operator" : "AND",
              "analyzer" : "searchkick_search2",
              "prefix_length" : 0,
              "max_expansions" : 50,
              "fuzzy_transpositions" : true,
              "lenient" : false,
              "zero_terms_query" : "NONE",
              "boost" : 10.0
            }
          }
        },
        {
          "match" : {
            "_all" : {
              "query" : "Detroit",
              "operator" : "AND",
              "analyzer" : "searchkick_search",
              "fuzziness" : "1",
              "prefix_length" : 0,
              "max_expansions" : 3,
              "fuzzy_transpositions" : true,
              "lenient" : false,
              "zero_terms_query" : "NONE",
              "boost" : 1.0
            }
          }
        },
        {
          "match" : {
            "_all" : {
              "query" : "Detroit",
              "operator" : "AND",
              "analyzer" : "searchkick_search2",
              "fuzziness" : "1",
              "prefix_length" : 0,
              "max_expansions" : 3,
              "fuzzy_transpositions" : true,
              "lenient" : false,
              "zero_terms_query" : "NONE",
              "boost" : 1.0
            }
          }
        }
      ],
      "boost" : 1.0
    }
  },
  "_source" : false,
  "ext" : { }
}}] lastShard [true]
org.elasticsearch.transport.RemoteTransportException: [ht0EVsn][127.0.0.1:9300][indices:data/read/search[phase/query]]
Caused by: org.elasticsearch.index.query.QueryShardException: [match] analyzer [searchkick_search] not found
	at org.elasticsearch.index.query.MatchQueryBuilder.doToQuery(MatchQueryBuilder.java:448) ~[elasticsearch-5.0.0.jar:5.0.0]
	at org.elasticsearch.index.query.AbstractQueryBuilder.toQuery(AbstractQueryBuilder.java:95) ~[elasticsearch-5.0.0.jar:5.0.0]
	at org.elasticsearch.index.query.AbstractQueryBuilder.toQueries(AbstractQueryBuilder.java:230) ~[elasticsearch-5.0.0.jar:5.0.0]
	at org.elasticsearch.index.query.DisMaxQueryBuilder.doToQuery(DisMaxQueryBuilder.java:187) ~[elasticsearch-5.0.0.jar:5.0.0]
	at org.elasticsearch.index.query.AbstractQueryBuilder.toQuery(AbstractQueryBuilder.java:95) ~[elasticsearch-5.0.0.jar:5.0.0]
	at org.elasticsearch.index.query.QueryShardContext.lambda$toQuery$1(QueryShardContext.java:311) ~[elasticsearch-5.0.0.jar:5.0.0]
	at org.elasticsearch.index.query.QueryShardContext.toQuery(QueryShardContext.java:328) ~[elasticsearch-5.0.0.jar:5.0.0]
	at org.elasticsearch.index.query.QueryShardContext.toQuery(QueryShardContext.java:310) ~[elasticsearch-5.0.0.jar:5.0.0]
	at org.elasticsearch.search.SearchService.parseSource(SearchService.java:661) ~[elasticsearch-5.0.0.jar:5.0.0]
	at org.elasticsearch.search.SearchService.createContext(SearchService.java:536) ~[elasticsearch-5.0.0.jar:5.0.0]
	at org.elasticsearch.search.SearchService.createAndPutContext(SearchService.java:502) ~[elasticsearch-5.0.0.jar:5.0.0]
	at org.elasticsearch.search.SearchService.executeQueryPhase(SearchService.java:243) ~[elasticsearch-5.0.0.jar:5.0.0]
	at org.elasticsearch.action.search.SearchTransportService.lambda$registerRequestHandler$6(SearchTransportService.java:276) ~[elasticsearch-5.0.0.jar:5.0.0]
	at org.elasticsearch.transport.TransportRequestHandler.messageReceived(TransportRequestHandler.java:33) ~[elasticsearch-5.0.0.jar:5.0.0]
	at org.elasticsearch.transport.RequestHandlerRegistry.processMessageReceived(RequestHandlerRegistry.java:69) ~[elasticsearch-5.0.0.jar:5.0.0]
	at org.elasticsearch.transport.TransportService$6.doRun(TransportService.java:548) [elasticsearch-5.0.0.jar:5.0.0]
	at org.elasticsearch.common.util.concurrent.ThreadContext$ContextPreservingAbstractRunnable.doRun(ThreadContext.java:504) [elasticsearch-5.0.0.jar:5.0.0]
	at org.elasticsearch.common.util.concurrent.AbstractRunnable.run(AbstractRunnable.java:37) [elasticsearch-5.0.0.jar:5.0.0]
	at java.util.concurrent.ThreadPoolExecutor.runWorker(ThreadPoolExecutor.java:1142) [?:1.8.0_111]
	at java.util.concurrent.ThreadPoolExecutor$Worker.run(ThreadPoolExecutor.java:617) [?:1.8.0_111]
	at java.lang.Thread.run(Thread.java:745) [?:1.8.0_111]
[2017-08-20T16:49:36,646][DEBUG][o.e.a.s.TransportSearchAction] [ht0EVsn] [clubs_development][0], node[ht0EVsnlRuyePr1G07P69g], [P], s[STARTED], a[id=vqZDx4TxQZWIiYCbXLsFIg]: Failed to execute [SearchRequest{searchType=QUERY_THEN_FETCH, indices=[clubs_development], indicesOptions=IndicesOptions[id=38, ignore_unavailable=false, allow_no_indices=true, expand_wildcards_open=true, expand_wildcards_closed=false, allow_alisases_to_multiple_indices=true, forbid_closed_indices=true], types=[], routing='null', preference='null', requestCache=null, scroll=null, source={
  "from" : 0,
  "size" : 10,
  "timeout" : "11s",
  "query" : {
    "dis_max" : {
      "tie_breaker" : 0.0,
      "queries" : [
        {
          "match" : {
            "_all" : {
              "query" : "Detroit",
              "operator" : "AND",
              "analyzer" : "searchkick_search",
              "prefix_length" : 0,
              "max_expansions" : 50,
              "fuzzy_transpositions" : true,
              "lenient" : false,
              "zero_terms_query" : "NONE",
              "boost" : 10.0
            }
          }
        },
        {
          "match" : {
            "_all" : {
              "query" : "Detroit",
              "operator" : "AND",
              "analyzer" : "searchkick_search2",
              "prefix_length" : 0,
              "max_expansions" : 50,
              "fuzzy_transpositions" : true,
              "lenient" : false,
              "zero_terms_query" : "NONE",
              "boost" : 10.0
            }
          }
        },
        {
          "match" : {
            "_all" : {
              "query" : "Detroit",
              "operator" : "AND",
              "analyzer" : "searchkick_search",
              "fuzziness" : "1",
              "prefix_length" : 0,
              "max_expansions" : 3,
              "fuzzy_transpositions" : true,
              "lenient" : false,
              "zero_terms_query" : "NONE",
              "boost" : 1.0
            }
          }
        },
        {
          "match" : {
            "_all" : {
              "query" : "Detroit",
              "operator" : "AND",
              "analyzer" : "searchkick_search2",
              "fuzziness" : "1",
              "prefix_length" : 0,
              "max_expansions" : 3,
              "fuzzy_transpositions" : true,
              "lenient" : false,
              "zero_terms_query" : "NONE",
              "boost" : 1.0
            }
          }
        }
      ],
      "boost" : 1.0
    }
  },
  "_source" : false,
  "ext" : { }
}}]
org.elasticsearch.transport.RemoteTransportException: [ht0EVsn][127.0.0.1:9300][indices:data/read/search[phase/query]]
Caused by: org.elasticsearch.index.query.QueryShardException: [match] analyzer [searchkick_search] not found
	at org.elasticsearch.index.query.MatchQueryBuilder.doToQuery(MatchQueryBuilder.java:448) ~[elasticsearch-5.0.0.jar:5.0.0]
	at org.elasticsearch.index.query.AbstractQueryBuilder.toQuery(AbstractQueryBuilder.java:95) ~[elasticsearch-5.0.0.jar:5.0.0]
	at org.elasticsearch.index.query.AbstractQueryBuilder.toQueries(AbstractQueryBuilder.java:230) ~[elasticsearch-5.0.0.jar:5.0.0]
	at org.elasticsearch.index.query.DisMaxQueryBuilder.doToQuery(DisMaxQueryBuilder.java:187) ~[elasticsearch-5.0.0.jar:5.0.0]
	at org.elasticsearch.index.query.AbstractQueryBuilder.toQuery(AbstractQueryBuilder.java:95) ~[elasticsearch-5.0.0.jar:5.0.0]
	at org.elasticsearch.index.query.QueryShardContext.lambda$toQuery$1(QueryShardContext.java:311) ~[elasticsearch-5.0.0.jar:5.0.0]
	at org.elasticsearch.index.query.QueryShardContext.toQuery(QueryShardContext.java:328) ~[elasticsearch-5.0.0.jar:5.0.0]
	at org.elasticsearch.index.query.QueryShardContext.toQuery(QueryShardContext.java:310) ~[elasticsearch-5.0.0.jar:5.0.0]
	at org.elasticsearch.search.SearchService.parseSource(SearchService.java:661) ~[elasticsearch-5.0.0.jar:5.0.0]
	at org.elasticsearch.search.SearchService.createContext(SearchService.java:536) ~[elasticsearch-5.0.0.jar:5.0.0]
	at org.elasticsearch.search.SearchService.createAndPutContext(SearchService.java:502) ~[elasticsearch-5.0.0.jar:5.0.0]
	at org.elasticsearch.search.SearchService.executeQueryPhase(SearchService.java:243) ~[elasticsearch-5.0.0.jar:5.0.0]
	at org.elasticsearch.action.search.SearchTransportService.lambda$registerRequestHandler$6(SearchTransportService.java:276) ~[elasticsearch-5.0.0.jar:5.0.0]
	at org.elasticsearch.transport.TransportRequestHandler.messageReceived(TransportRequestHandler.java:33) ~[elasticsearch-5.0.0.jar:5.0.0]
	at org.elasticsearch.transport.RequestHandlerRegistry.processMessageReceived(RequestHandlerRegistry.java:69) ~[elasticsearch-5.0.0.jar:5.0.0]
	at org.elasticsearch.transport.TransportService$6.doRun(TransportService.java:548) [elasticsearch-5.0.0.jar:5.0.0]
	at org.elasticsearch.common.util.concurrent.ThreadContext$ContextPreservingAbstractRunnable.doRun(ThreadContext.java:504) [elasticsearch-5.0.0.jar:5.0.0]
	at org.elasticsearch.common.util.concurrent.AbstractRunnable.run(AbstractRunnable.java:37) [elasticsearch-5.0.0.jar:5.0.0]
	at java.util.concurrent.ThreadPoolExecutor.runWorker(ThreadPoolExecutor.java:1142) [?:1.8.0_111]
	at java.util.concurrent.ThreadPoolExecutor$Worker.run(ThreadPoolExecutor.java:617) [?:1.8.0_111]
	at java.lang.Thread.run(Thread.java:745) [?:1.8.0_111]
[2017-08-20T16:49:36,648][DEBUG][o.e.a.s.TransportSearchAction] [ht0EVsn] [clubs_development][3], node[ht0EVsnlRuyePr1G07P69g], [P], s[STARTED], a[id=jpQ941HoRICO0m1v7ZNWXA]: Failed to execute [SearchRequest{searchType=QUERY_THEN_FETCH, indices=[clubs_development], indicesOptions=IndicesOptions[id=38, ignore_unavailable=false, allow_no_indices=true, expand_wildcards_open=true, expand_wildcards_closed=false, allow_alisases_to_multiple_indices=true, forbid_closed_indices=true], types=[], routing='null', preference='null', requestCache=null, scroll=null, source={
  "from" : 0,
  "size" : 10,
  "timeout" : "11s",
  "query" : {
    "dis_max" : {
      "tie_breaker" : 0.0,
      "queries" : [
        {
          "match" : {
            "_all" : {
              "query" : "Detroit",
              "operator" : "AND",
              "analyzer" : "searchkick_search",
              "prefix_length" : 0,
              "max_expansions" : 50,
              "fuzzy_transpositions" : true,
              "lenient" : false,
              "zero_terms_query" : "NONE",
              "boost" : 10.0
            }
          }
        },
        {
          "match" : {
            "_all" : {
              "query" : "Detroit",
              "operator" : "AND",
              "analyzer" : "searchkick_search2",
              "prefix_length" : 0,
              "max_expansions" : 50,
              "fuzzy_transpositions" : true,
              "lenient" : false,
              "zero_terms_query" : "NONE",
              "boost" : 10.0
            }
          }
        },
        {
          "match" : {
            "_all" : {
              "query" : "Detroit",
              "operator" : "AND",
              "analyzer" : "searchkick_search",
              "fuzziness" : "1",
              "prefix_length" : 0,
              "max_expansions" : 3,
              "fuzzy_transpositions" : true,
              "lenient" : false,
              "zero_terms_query" : "NONE",
              "boost" : 1.0
            }
          }
        },
        {
          "match" : {
            "_all" : {
              "query" : "Detroit",
              "operator" : "AND",
              "analyzer" : "searchkick_search2",
              "fuzziness" : "1",
              "prefix_length" : 0,
              "max_expansions" : 3,
              "fuzzy_transpositions" : true,
              "lenient" : false,
              "zero_terms_query" : "NONE",
              "boost" : 1.0
            }
          }
        }
      ],
      "boost" : 1.0
    }
  },
  "_source" : false,
  "ext" : { }
}}] lastShard [true]
org.elasticsearch.transport.RemoteTransportException: [ht0EVsn][127.0.0.1:9300][indices:data/read/search[phase/query]]
Caused by: org.elasticsearch.index.query.QueryShardException: [match] analyzer [searchkick_search] not found
	at org.elasticsearch.index.query.MatchQueryBuilder.doToQuery(MatchQueryBuilder.java:448) ~[elasticsearch-5.0.0.jar:5.0.0]
	at org.elasticsearch.index.query.AbstractQueryBuilder.toQuery(AbstractQueryBuilder.java:95) ~[elasticsearch-5.0.0.jar:5.0.0]
	at org.elasticsearch.index.query.AbstractQueryBuilder.toQueries(AbstractQueryBuilder.java:230) ~[elasticsearch-5.0.0.jar:5.0.0]
	at org.elasticsearch.index.query.DisMaxQueryBuilder.doToQuery(DisMaxQueryBuilder.java:187) ~[elasticsearch-5.0.0.jar:5.0.0]
	at org.elasticsearch.index.query.AbstractQueryBuilder.toQuery(AbstractQueryBuilder.java:95) ~[elasticsearch-5.0.0.jar:5.0.0]
	at org.elasticsearch.index.query.QueryShardContext.lambda$toQuery$1(QueryShardContext.java:311) ~[elasticsearch-5.0.0.jar:5.0.0]
	at org.elasticsearch.index.query.QueryShardContext.toQuery(QueryShardContext.java:328) ~[elasticsearch-5.0.0.jar:5.0.0]
	at org.elasticsearch.index.query.QueryShardContext.toQuery(QueryShardContext.java:310) ~[elasticsearch-5.0.0.jar:5.0.0]
	at org.elasticsearch.search.SearchService.parseSource(SearchService.java:661) ~[elasticsearch-5.0.0.jar:5.0.0]
	at org.elasticsearch.search.SearchService.createContext(SearchService.java:536) ~[elasticsearch-5.0.0.jar:5.0.0]
	at org.elasticsearch.search.SearchService.createAndPutContext(SearchService.java:502) ~[elasticsearch-5.0.0.jar:5.0.0]
	at org.elasticsearch.search.SearchService.executeQueryPhase(SearchService.java:243) ~[elasticsearch-5.0.0.jar:5.0.0]
	at org.elasticsearch.action.search.SearchTransportService.lambda$registerRequestHandler$6(SearchTransportService.java:276) ~[elasticsearch-5.0.0.jar:5.0.0]
	at org.elasticsearch.transport.TransportRequestHandler.messageReceived(TransportRequestHandler.java:33) ~[elasticsearch-5.0.0.jar:5.0.0]
	at org.elasticsearch.transport.RequestHandlerRegistry.processMessageReceived(RequestHandlerRegistry.java:69) ~[elasticsearch-5.0.0.jar:5.0.0]
	at org.elasticsearch.transport.TransportService$6.doRun(TransportService.java:548) [elasticsearch-5.0.0.jar:5.0.0]
	at org.elasticsearch.common.util.concurrent.ThreadContext$ContextPreservingAbstractRunnable.doRun(ThreadContext.java:504) [elasticsearch-5.0.0.jar:5.0.0]
	at org.elasticsearch.common.util.concurrent.AbstractRunnable.run(AbstractRunnable.java:37) [elasticsearch-5.0.0.jar:5.0.0]
	at java.util.concurrent.ThreadPoolExecutor.runWorker(ThreadPoolExecutor.java:1142) [?:1.8.0_111]
	at java.util.concurrent.ThreadPoolExecutor$Worker.run(ThreadPoolExecutor.java:617) [?:1.8.0_111]
	at java.lang.Thread.run(Thread.java:745) [?:1.8.0_111]
[2017-08-20T16:49:36,664][DEBUG][o.e.a.s.TransportSearchAction] [ht0EVsn] [clubs_development][4], node[ht0EVsnlRuyePr1G07P69g], [P], s[STARTED], a[id=2wTXPDECTnyuN7j8TKSXbQ]: Failed to execute [SearchRequest{searchType=QUERY_THEN_FETCH, indices=[clubs_development], indicesOptions=IndicesOptions[id=38, ignore_unavailable=false, allow_no_indices=true, expand_wildcards_open=true, expand_wildcards_closed=false, allow_alisases_to_multiple_indices=true, forbid_closed_indices=true], types=[], routing='null', preference='null', requestCache=null, scroll=null, source={
  "from" : 0,
  "size" : 10,
  "timeout" : "11s",
  "query" : {
    "dis_max" : {
      "tie_breaker" : 0.0,
      "queries" : [
        {
          "match" : {
            "_all" : {
              "query" : "Detroit",
              "operator" : "AND",
              "analyzer" : "searchkick_search",
              "prefix_length" : 0,
              "max_expansions" : 50,
              "fuzzy_transpositions" : true,
              "lenient" : false,
              "zero_terms_query" : "NONE",
              "boost" : 10.0
            }
          }
        },
        {
          "match" : {
            "_all" : {
              "query" : "Detroit",
              "operator" : "AND",
              "analyzer" : "searchkick_search2",
              "prefix_length" : 0,
              "max_expansions" : 50,
              "fuzzy_transpositions" : true,
              "lenient" : false,
              "zero_terms_query" : "NONE",
              "boost" : 10.0
            }
          }
        },
        {
          "match" : {
            "_all" : {
              "query" : "Detroit",
              "operator" : "AND",
              "analyzer" : "searchkick_search",
              "fuzziness" : "1",
              "prefix_length" : 0,
              "max_expansions" : 3,
              "fuzzy_transpositions" : true,
              "lenient" : false,
              "zero_terms_query" : "NONE",
              "boost" : 1.0
            }
          }
        },
        {
          "match" : {
            "_all" : {
              "query" : "Detroit",
              "operator" : "AND",
              "analyzer" : "searchkick_search2",
              "fuzziness" : "1",
              "prefix_length" : 0,
              "max_expansions" : 3,
              "fuzzy_transpositions" : true,
              "lenient" : false,
              "zero_terms_query" : "NONE",
              "boost" : 1.0
            }
          }
        }
      ],
      "boost" : 1.0
    }
  },
  "_source" : false,
  "ext" : { }
}}] lastShard [true]
org.elasticsearch.transport.RemoteTransportException: [ht0EVsn][127.0.0.1:9300][indices:data/read/search[phase/query]]
Caused by: org.elasticsearch.index.query.QueryShardException: [match] analyzer [searchkick_search] not found
	at org.elasticsearch.index.query.MatchQueryBuilder.doToQuery(MatchQueryBuilder.java:448) ~[elasticsearch-5.0.0.jar:5.0.0]
	at org.elasticsearch.index.query.AbstractQueryBuilder.toQuery(AbstractQueryBuilder.java:95) ~[elasticsearch-5.0.0.jar:5.0.0]
	at org.elasticsearch.index.query.AbstractQueryBuilder.toQueries(AbstractQueryBuilder.java:230) ~[elasticsearch-5.0.0.jar:5.0.0]
	at org.elasticsearch.index.query.DisMaxQueryBuilder.doToQuery(DisMaxQueryBuilder.java:187) ~[elasticsearch-5.0.0.jar:5.0.0]
	at org.elasticsearch.index.query.AbstractQueryBuilder.toQuery(AbstractQueryBuilder.java:95) ~[elasticsearch-5.0.0.jar:5.0.0]
	at org.elasticsearch.index.query.QueryShardContext.lambda$toQuery$1(QueryShardContext.java:311) ~[elasticsearch-5.0.0.jar:5.0.0]
	at org.elasticsearch.index.query.QueryShardContext.toQuery(QueryShardContext.java:328) ~[elasticsearch-5.0.0.jar:5.0.0]
	at org.elasticsearch.index.query.QueryShardContext.toQuery(QueryShardContext.java:310) ~[elasticsearch-5.0.0.jar:5.0.0]
	at org.elasticsearch.search.SearchService.parseSource(SearchService.java:661) ~[elasticsearch-5.0.0.jar:5.0.0]
	at org.elasticsearch.search.SearchService.createContext(SearchService.java:536) ~[elasticsearch-5.0.0.jar:5.0.0]
	at org.elasticsearch.search.SearchService.createAndPutContext(SearchService.java:502) ~[elasticsearch-5.0.0.jar:5.0.0]
	at org.elasticsearch.search.SearchService.executeQueryPhase(SearchService.java:243) ~[elasticsearch-5.0.0.jar:5.0.0]
	at org.elasticsearch.action.search.SearchTransportService.lambda$registerRequestHandler$6(SearchTransportService.java:276) ~[elasticsearch-5.0.0.jar:5.0.0]
	at org.elasticsearch.transport.TransportRequestHandler.messageReceived(TransportRequestHandler.java:33) ~[elasticsearch-5.0.0.jar:5.0.0]
	at org.elasticsearch.transport.RequestHandlerRegistry.processMessageReceived(RequestHandlerRegistry.java:69) ~[elasticsearch-5.0.0.jar:5.0.0]
	at org.elasticsearch.transport.TransportService$6.doRun(TransportService.java:548) [elasticsearch-5.0.0.jar:5.0.0]
	at org.elasticsearch.common.util.concurrent.ThreadContext$ContextPreservingAbstractRunnable.doRun(ThreadContext.java:504) [elasticsearch-5.0.0.jar:5.0.0]
	at org.elasticsearch.common.util.concurrent.AbstractRunnable.run(AbstractRunnable.java:37) [elasticsearch-5.0.0.jar:5.0.0]
	at java.util.concurrent.ThreadPoolExecutor.runWorker(ThreadPoolExecutor.java:1142) [?:1.8.0_111]
	at java.util.concurrent.ThreadPoolExecutor$Worker.run(ThreadPoolExecutor.java:617) [?:1.8.0_111]
	at java.lang.Thread.run(Thread.java:745) [?:1.8.0_111]
[2017-08-20T16:49:36,687][DEBUG][o.e.a.s.TransportSearchAction] [ht0EVsn] All shards failed for phase: [query]
org.elasticsearch.transport.RemoteTransportException: [ht0EVsn][127.0.0.1:9300][indices:data/read/search[phase/query]]
Caused by: org.elasticsearch.index.query.QueryShardException: [match] analyzer [searchkick_search] not found
	at org.elasticsearch.index.query.MatchQueryBuilder.doToQuery(MatchQueryBuilder.java:448) ~[elasticsearch-5.0.0.jar:5.0.0]
	at org.elasticsearch.index.query.AbstractQueryBuilder.toQuery(AbstractQueryBuilder.java:95) ~[elasticsearch-5.0.0.jar:5.0.0]
	at org.elasticsearch.index.query.AbstractQueryBuilder.toQueries(AbstractQueryBuilder.java:230) ~[elasticsearch-5.0.0.jar:5.0.0]
	at org.elasticsearch.index.query.DisMaxQueryBuilder.doToQuery(DisMaxQueryBuilder.java:187) ~[elasticsearch-5.0.0.jar:5.0.0]
	at org.elasticsearch.index.query.AbstractQueryBuilder.toQuery(AbstractQueryBuilder.java:95) ~[elasticsearch-5.0.0.jar:5.0.0]
	at org.elasticsearch.index.query.QueryShardContext.lambda$toQuery$1(QueryShardContext.java:311) ~[elasticsearch-5.0.0.jar:5.0.0]
	at org.elasticsearch.index.query.QueryShardContext.toQuery(QueryShardContext.java:328) ~[elasticsearch-5.0.0.jar:5.0.0]
	at org.elasticsearch.index.query.QueryShardContext.toQuery(QueryShardContext.java:310) ~[elasticsearch-5.0.0.jar:5.0.0]
	at org.elasticsearch.search.SearchService.parseSource(SearchService.java:661) ~[elasticsearch-5.0.0.jar:5.0.0]
	at org.elasticsearch.search.SearchService.createContext(SearchService.java:536) ~[elasticsearch-5.0.0.jar:5.0.0]
	at org.elasticsearch.search.SearchService.createAndPutContext(SearchService.java:502) ~[elasticsearch-5.0.0.jar:5.0.0]
	at org.elasticsearch.search.SearchService.executeQueryPhase(SearchService.java:243) ~[elasticsearch-5.0.0.jar:5.0.0]
	at org.elasticsearch.action.search.SearchTransportService.lambda$registerRequestHandler$6(SearchTransportService.java:276) ~[elasticsearch-5.0.0.jar:5.0.0]
	at org.elasticsearch.transport.TransportRequestHandler.messageReceived(TransportRequestHandler.java:33) ~[elasticsearch-5.0.0.jar:5.0.0]
	at org.elasticsearch.transport.RequestHandlerRegistry.processMessageReceived(RequestHandlerRegistry.java:69) ~[elasticsearch-5.0.0.jar:5.0.0]
	at org.elasticsearch.transport.TransportService$6.doRun(TransportService.java:548) [elasticsearch-5.0.0.jar:5.0.0]
	at org.elasticsearch.common.util.concurrent.ThreadContext$ContextPreservingAbstractRunnable.doRun(ThreadContext.java:504) [elasticsearch-5.0.0.jar:5.0.0]
	at org.elasticsearch.common.util.concurrent.AbstractRunnable.run(AbstractRunnable.java:37) [elasticsearch-5.0.0.jar:5.0.0]
	at java.util.concurrent.ThreadPoolExecutor.runWorker(ThreadPoolExecutor.java:1142) [?:1.8.0_111]
	at java.util.concurrent.ThreadPoolExecutor$Worker.run(ThreadPoolExecutor.java:617) [?:1.8.0_111]
	at java.lang.Thread.run(Thread.java:745) [?:1.8.0_111]
[2017-08-20T16:49:36,647][DEBUG][o.e.a.s.TransportSearchAction] [ht0EVsn] [clubs_development][2], node[ht0EVsnlRuyePr1G07P69g], [P], s[STARTED], a[id=dP4C2RmYSkq_4Lz-4xd5Sw]: Failed to execute [SearchRequest{searchType=QUERY_THEN_FETCH, indices=[clubs_development], indicesOptions=IndicesOptions[id=38, ignore_unavailable=false, allow_no_indices=true, expand_wildcards_open=true, expand_wildcards_closed=false, allow_alisases_to_multiple_indices=true, forbid_closed_indices=true], types=[], routing='null', preference='null', requestCache=null, scroll=null, source={
  "from" : 0,
  "size" : 10,
  "timeout" : "11s",
  "query" : {
    "dis_max" : {
      "tie_breaker" : 0.0,
      "queries" : [
        {
          "match" : {
            "_all" : {
              "query" : "Detroit",
              "operator" : "AND",
              "analyzer" : "searchkick_search",
              "prefix_length" : 0,
              "max_expansions" : 50,
              "fuzzy_transpositions" : true,
              "lenient" : false,
              "zero_terms_query" : "NONE",
              "boost" : 10.0
            }
          }
        },
        {
          "match" : {
            "_all" : {
              "query" : "Detroit",
              "operator" : "AND",
              "analyzer" : "searchkick_search2",
              "prefix_length" : 0,
              "max_expansions" : 50,
              "fuzzy_transpositions" : true,
              "lenient" : false,
              "zero_terms_query" : "NONE",
              "boost" : 10.0
            }
          }
        },
        {
          "match" : {
            "_all" : {
              "query" : "Detroit",
              "operator" : "AND",
              "analyzer" : "searchkick_search",
              "fuzziness" : "1",
              "prefix_length" : 0,
              "max_expansions" : 3,
              "fuzzy_transpositions" : true,
              "lenient" : false,
              "zero_terms_query" : "NONE",
              "boost" : 1.0
            }
          }
        },
        {
          "match" : {
            "_all" : {
              "query" : "Detroit",
              "operator" : "AND",
              "analyzer" : "searchkick_search2",
              "fuzziness" : "1",
              "prefix_length" : 0,
              "max_expansions" : 3,
              "fuzzy_transpositions" : true,
              "lenient" : false,
              "zero_terms_query" : "NONE",
              "boost" : 1.0
            }
          }
        }
      ],
      "boost" : 1.0
    }
  },
  "_source" : false,
  "ext" : { }
}}] lastShard [true]
org.elasticsearch.transport.RemoteTransportException: [ht0EVsn][127.0.0.1:9300][indices:data/read/search[phase/query]]
Caused by: org.elasticsearch.index.query.QueryShardException: [match] analyzer [searchkick_search] not found
	at org.elasticsearch.index.query.MatchQueryBuilder.doToQuery(MatchQueryBuilder.java:448) ~[elasticsearch-5.0.0.jar:5.0.0]
	at org.elasticsearch.index.query.AbstractQueryBuilder.toQuery(AbstractQueryBuilder.java:95) ~[elasticsearch-5.0.0.jar:5.0.0]
	at org.elasticsearch.index.query.AbstractQueryBuilder.toQueries(AbstractQueryBuilder.java:230) ~[elasticsearch-5.0.0.jar:5.0.0]
	at org.elasticsearch.index.query.DisMaxQueryBuilder.doToQuery(DisMaxQueryBuilder.java:187) ~[elasticsearch-5.0.0.jar:5.0.0]
	at org.elasticsearch.index.query.AbstractQueryBuilder.toQuery(AbstractQueryBuilder.java:95) ~[elasticsearch-5.0.0.jar:5.0.0]
	at org.elasticsearch.index.query.QueryShardContext.lambda$toQuery$1(QueryShardContext.java:311) ~[elasticsearch-5.0.0.jar:5.0.0]
	at org.elasticsearch.index.query.QueryShardContext.toQuery(QueryShardContext.java:328) ~[elasticsearch-5.0.0.jar:5.0.0]
	at org.elasticsearch.index.query.QueryShardContext.toQuery(QueryShardContext.java:310) ~[elasticsearch-5.0.0.jar:5.0.0]
	at org.elasticsearch.search.SearchService.parseSource(SearchService.java:661) ~[elasticsearch-5.0.0.jar:5.0.0]
	at org.elasticsearch.search.SearchService.createContext(SearchService.java:536) ~[elasticsearch-5.0.0.jar:5.0.0]
	at org.elasticsearch.search.SearchService.createAndPutContext(SearchService.java:502) ~[elasticsearch-5.0.0.jar:5.0.0]
	at org.elasticsearch.search.SearchService.executeQueryPhase(SearchService.java:243) ~[elasticsearch-5.0.0.jar:5.0.0]
	at org.elasticsearch.action.search.SearchTransportService.lambda$registerRequestHandler$6(SearchTransportService.java:276) ~[elasticsearch-5.0.0.jar:5.0.0]
	at org.elasticsearch.transport.TransportRequestHandler.messageReceived(TransportRequestHandler.java:33) ~[elasticsearch-5.0.0.jar:5.0.0]
	at org.elasticsearch.transport.RequestHandlerRegistry.processMessageReceived(RequestHandlerRegistry.java:69) ~[elasticsearch-5.0.0.jar:5.0.0]
	at org.elasticsearch.transport.TransportService$6.doRun(TransportService.java:548) [elasticsearch-5.0.0.jar:5.0.0]
	at org.elasticsearch.common.util.concurrent.ThreadContext$ContextPreservingAbstractRunnable.doRun(ThreadContext.java:504) [elasticsearch-5.0.0.jar:5.0.0]
	at org.elasticsearch.common.util.concurrent.AbstractRunnable.run(AbstractRunnable.java:37) [elasticsearch-5.0.0.jar:5.0.0]
	at java.util.concurrent.ThreadPoolExecutor.runWorker(ThreadPoolExecutor.java:1142) [?:1.8.0_111]
	at java.util.concurrent.ThreadPoolExecutor$Worker.run(ThreadPoolExecutor.java:617) [?:1.8.0_111]
	at java.lang.Thread.run(Thread.java:745) [?:1.8.0_111]
[2017-08-20T16:50:21,053][INFO ][o.e.c.m.MetaDataCreateIndexService] [ht0EVsn] [clubs_development_20170820165019658] creating index, cause [api], templates [], shards [5]/[1], mappings [_default_]
[2017-08-20T16:50:25,916][INFO ][o.e.c.m.MetaDataMappingService] [ht0EVsn] [clubs_development_20170820165019658/JWz5ff_cRL6AHHkifoEJAg] create_mapping [club]
[2017-08-20T16:50:26,063][INFO ][o.e.c.m.MetaDataMappingService] [ht0EVsn] [clubs_development_20170820165019658/JWz5ff_cRL6AHHkifoEJAg] update_mapping [club]
[2017-08-20T16:50:32,296][WARN ][o.e.m.j.JvmGcMonitorService] [ht0EVsn] [gc][young][235][2] duration [5.8s], collections [1]/[6.5s], total [5.8s]/[5.9s], memory [553.9mb]->[253.9mb]/[1.9gb], all_pools {[young] [507.5mb]->[19.4mb]/[532.5mb]}{[survivor] [46.4mb]->[61.6mb]/[66.5mb]}{[old] [0b]->[176.2mb]/[1.3gb]}
[2017-08-20T16:50:32,299][WARN ][o.e.m.j.JvmGcMonitorService] [ht0EVsn] [gc][235] overhead, spent [5.8s] collecting in the last [6.5s]
[2017-08-20T16:52:13,110][INFO ][o.e.n.Node               ] [ht0EVsn] stopping ...
[2017-08-20T16:52:13,428][INFO ][o.e.n.Node               ] [ht0EVsn] stopped
[2017-08-20T16:52:13,429][INFO ][o.e.n.Node               ] [ht0EVsn] closing ...
[2017-08-20T16:52:13,445][INFO ][o.e.n.Node               ] [ht0EVsn] closed
[2017-08-20T16:52:20,311][INFO ][o.e.n.Node               ] [] initializing ...
[2017-08-20T16:52:20,644][INFO ][o.e.e.NodeEnvironment    ] [ht0EVsn] using [1] data paths, mounts [[/ (none)]], net usable_space [6.9gb], net total_space [10.6gb], spins? [possibly], types [aufs]
[2017-08-20T16:52:20,644][INFO ][o.e.e.NodeEnvironment    ] [ht0EVsn] heap size [1.9gb], compressed ordinary object pointers [true]
[2017-08-20T16:52:20,714][INFO ][o.e.n.Node               ] [ht0EVsn] node name [ht0EVsn] derived from node ID; set [node.name] to override
[2017-08-20T16:52:20,718][INFO ][o.e.n.Node               ] [ht0EVsn] version[5.0.0], pid[192665], build[253032b/2016-10-26T04:37:51.531Z], OS[Linux/4.9.17-c9/amd64], JVM[Oracle Corporation/Java HotSpot(TM) 64-Bit Server VM/1.8.0_111/25.111-b14]
[2017-08-20T16:52:33,670][INFO ][o.e.p.PluginsService     ] [ht0EVsn] loaded module [aggs-matrix-stats]
[2017-08-20T16:52:33,670][INFO ][o.e.p.PluginsService     ] [ht0EVsn] loaded module [ingest-common]
[2017-08-20T16:52:33,670][INFO ][o.e.p.PluginsService     ] [ht0EVsn] loaded module [lang-expression]
[2017-08-20T16:52:33,671][INFO ][o.e.p.PluginsService     ] [ht0EVsn] loaded module [lang-groovy]
[2017-08-20T16:52:33,671][INFO ][o.e.p.PluginsService     ] [ht0EVsn] loaded module [lang-mustache]
[2017-08-20T16:52:33,671][INFO ][o.e.p.PluginsService     ] [ht0EVsn] loaded module [lang-painless]
[2017-08-20T16:52:33,671][INFO ][o.e.p.PluginsService     ] [ht0EVsn] loaded module [percolator]
[2017-08-20T16:52:33,671][INFO ][o.e.p.PluginsService     ] [ht0EVsn] loaded module [reindex]
[2017-08-20T16:52:33,672][INFO ][o.e.p.PluginsService     ] [ht0EVsn] loaded module [transport-netty3]
[2017-08-20T16:52:33,672][INFO ][o.e.p.PluginsService     ] [ht0EVsn] loaded module [transport-netty4]
[2017-08-20T16:52:33,673][INFO ][o.e.p.PluginsService     ] [ht0EVsn] no plugins loaded
[2017-08-20T16:52:40,137][INFO ][o.e.n.Node               ] [ht0EVsn] initialized
[2017-08-20T16:52:40,137][INFO ][o.e.n.Node               ] [ht0EVsn] starting ...
[2017-08-20T16:52:40,887][INFO ][o.e.t.TransportService   ] [ht0EVsn] publish_address {127.0.0.1:9300}, bound_addresses {[::1]:9300}, {127.0.0.1:9300}
[2017-08-20T16:52:40,899][WARN ][o.e.b.BootstrapCheck     ] [ht0EVsn] max file descriptors [8192] for elasticsearch process likely too low, increase to at least [65536]
[2017-08-20T16:52:40,899][WARN ][o.e.b.BootstrapCheck     ] [ht0EVsn] max virtual memory areas vm.max_map_count [65530] likely too low, increase to at least [262144]
[2017-08-20T16:52:41,257][INFO ][o.e.m.j.JvmGcMonitorService] [ht0EVsn] [gc][1] overhead, spent [371ms] collecting in the last [1s]
[2017-08-20T16:52:44,309][INFO ][o.e.c.s.ClusterService   ] [ht0EVsn] new_master {ht0EVsn}{ht0EVsnlRuyePr1G07P69g}{BMrFAiYYSN2EPuptSkyj2Q}{127.0.0.1}{127.0.0.1:9300}, reason: zen-disco-elected-as-master ([0] nodes joined)
[2017-08-20T16:52:44,335][INFO ][o.e.h.HttpServer         ] [ht0EVsn] publish_address {127.0.0.1:9200}, bound_addresses {[::1]:9200}, {127.0.0.1:9200}
[2017-08-20T16:52:44,335][INFO ][o.e.n.Node               ] [ht0EVsn] started
[2017-08-20T16:52:45,144][INFO ][o.e.g.GatewayService     ] [ht0EVsn] recovered [4] indices into cluster_state
[2017-08-20T16:52:46,871][INFO ][o.e.c.r.a.AllocationService] [ht0EVsn] Cluster health status changed from [RED] to [YELLOW] (reason: [shards started [[vehicles][0]] ...]).
[2017-08-20T16:54:43,480][DEBUG][o.e.a.a.c.n.s.TransportNodesStatsAction] [ht0EVsn] failed to execute on node [ht0EVsnlRuyePr1G07P69g]
org.elasticsearch.transport.ReceiveTimeoutTransportException: [ht0EVsn][127.0.0.1:9300][cluster:monitor/nodes/stats[n]] request_id [66] timed out after [22189ms]
	at org.elasticsearch.transport.TransportService$TimeoutHandler.run(TransportService.java:840) [elasticsearch-5.0.0.jar:5.0.0]
	at org.elasticsearch.common.util.concurrent.ThreadContext$ContextPreservingRunnable.run(ThreadContext.java:444) [elasticsearch-5.0.0.jar:5.0.0]
	at java.util.concurrent.ThreadPoolExecutor.runWorker(ThreadPoolExecutor.java:1142) [?:1.8.0_111]
	at java.util.concurrent.ThreadPoolExecutor$Worker.run(ThreadPoolExecutor.java:617) [?:1.8.0_111]
	at java.lang.Thread.run(Thread.java:745) [?:1.8.0_111]
[2017-08-20T16:54:43,499][WARN ][o.e.a.a.c.n.s.TransportNodesStatsAction] [ht0EVsn] ignoring unexpected response [null] of type [null], expected [NodeStats] or [FailedNodeException]
[2017-08-20T16:54:43,509][WARN ][o.e.t.TransportService   ] [ht0EVsn] Received response for a request that has timed out, sent [22221ms] ago, timed out [32ms] ago, action [cluster:monitor/nodes/stats[n]], node [{ht0EVsn}{ht0EVsnlRuyePr1G07P69g}{BMrFAiYYSN2EPuptSkyj2Q}{127.0.0.1}{127.0.0.1:9300}], id [66]
[2017-08-20T17:06:09,401][WARN ][o.e.m.j.JvmGcMonitorService] [ht0EVsn] [gc][young][640][2] duration [4.2s], collections [1]/[5s], total [4.2s]/[4.4s], memory [574.3mb]->[198.8mb]/[1.9gb], all_pools {[young] [527.8mb]->[20.5mb]/[532.5mb]}{[survivor] [46.4mb]->[66.5mb]/[66.5mb]}{[old] [0b]->[116.3mb]/[1.3gb]}
[2017-08-20T17:06:09,402][WARN ][o.e.m.j.JvmGcMonitorService] [ht0EVsn] [gc][640] overhead, spent [4.2s] collecting in the last [5s]
[2017-08-20T18:01:05,131][WARN ][o.e.m.j.JvmGcMonitorService] [ht0EVsn] [gc][young][3923][3] duration [7.9s], collections [1]/[8.3s], total [7.9s]/[12.4s], memory [713.7mb]->[296.6mb]/[1.9gb], all_pools {[young] [530.8mb]->[3.9mb]/[532.5mb]}{[survivor] [66.5mb]->[55.5mb]/[66.5mb]}{[old] [116.3mb]->[239.4mb]/[1.3gb]}
[2017-08-20T18:01:05,132][WARN ][o.e.m.j.JvmGcMonitorService] [ht0EVsn] [gc][3923] overhead, spent [7.9s] collecting in the last [8.3s]
[2017-08-20T19:20:13,293][WARN ][o.e.m.j.JvmGcMonitorService] [ht0EVsn] [gc][young][8668][4] duration [1.9s], collections [1]/[2.6s], total [1.9s]/[14.3s], memory [825.6mb]->[292.8mb]/[1.9gb], all_pools {[young] [530.5mb]->[2.5mb]/[532.5mb]}{[survivor] [55.5mb]->[2.5mb]/[66.5mb]}{[old] [239.4mb]->[289.3mb]/[1.3gb]}
[2017-08-20T19:20:13,294][WARN ][o.e.m.j.JvmGcMonitorService] [ht0EVsn] [gc][8668] overhead, spent [1.9s] collecting in the last [2.6s]
