[2016-12-20T10:11:36,136][INFO ][o.e.m.j.JvmGcMonitorService] [ht0EVsn] [gc][509893] overhead, spent [365ms] collecting in the last [1s]
[2016-12-20T23:05:28,155][INFO ][o.e.n.Node               ] [] initializing ...
[2016-12-20T23:05:37,209][INFO ][o.e.e.NodeEnvironment    ] [ht0EVsn] using [1] data paths, mounts [[/ (none)]], net usable_space [2.4gb], net total_space [5.2gb], spins? [possibly], types [aufs]
[2016-12-20T23:05:37,211][INFO ][o.e.e.NodeEnvironment    ] [ht0EVsn] heap size [1.9gb], compressed ordinary object pointers [true]
[2016-12-20T23:05:37,823][INFO ][o.e.n.Node               ] [ht0EVsn] node name [ht0EVsn] derived from node ID; set [node.name] to override
[2016-12-20T23:05:37,982][INFO ][o.e.n.Node               ] [ht0EVsn] version[5.0.0], pid[55676], build[253032b/2016-10-26T04:37:51.531Z], OS[Linux/4.2.0-c9/amd64], JVM[Oracle Corporation/Java HotSpot(TM) 64-Bit Server VM/1.8.0_111/25.111-b14]
[2016-12-20T23:06:21,772][INFO ][o.e.p.PluginsService     ] [ht0EVsn] loaded module [aggs-matrix-stats]
[2016-12-20T23:06:21,774][INFO ][o.e.p.PluginsService     ] [ht0EVsn] loaded module [ingest-common]
[2016-12-20T23:06:21,774][INFO ][o.e.p.PluginsService     ] [ht0EVsn] loaded module [lang-expression]
[2016-12-20T23:06:21,775][INFO ][o.e.p.PluginsService     ] [ht0EVsn] loaded module [lang-groovy]
[2016-12-20T23:06:21,775][INFO ][o.e.p.PluginsService     ] [ht0EVsn] loaded module [lang-mustache]
[2016-12-20T23:06:21,777][INFO ][o.e.p.PluginsService     ] [ht0EVsn] loaded module [lang-painless]
[2016-12-20T23:06:21,777][INFO ][o.e.p.PluginsService     ] [ht0EVsn] loaded module [percolator]
[2016-12-20T23:06:21,778][INFO ][o.e.p.PluginsService     ] [ht0EVsn] loaded module [reindex]
[2016-12-20T23:06:21,778][INFO ][o.e.p.PluginsService     ] [ht0EVsn] loaded module [transport-netty3]
[2016-12-20T23:06:21,779][INFO ][o.e.p.PluginsService     ] [ht0EVsn] loaded module [transport-netty4]
[2016-12-20T23:06:21,780][INFO ][o.e.p.PluginsService     ] [ht0EVsn] no plugins loaded
[2016-12-20T23:07:06,767][INFO ][o.e.n.Node               ] [] initializing ...
[2016-12-20T23:07:07,816][INFO ][o.e.e.NodeEnvironment    ] [ht0EVsn] using [1] data paths, mounts [[/ (none)]], net usable_space [2.4gb], net total_space [5.2gb], spins? [possibly], types [aufs]
[2016-12-20T23:07:07,816][INFO ][o.e.e.NodeEnvironment    ] [ht0EVsn] heap size [1.9gb], compressed ordinary object pointers [true]
[2016-12-20T23:07:07,882][INFO ][o.e.n.Node               ] [ht0EVsn] node name [ht0EVsn] derived from node ID; set [node.name] to override
[2016-12-20T23:07:07,966][INFO ][o.e.n.Node               ] [ht0EVsn] version[5.0.0], pid[55730], build[253032b/2016-10-26T04:37:51.531Z], OS[Linux/4.2.0-c9/amd64], JVM[Oracle Corporation/Java HotSpot(TM) 64-Bit Server VM/1.8.0_111/25.111-b14]
[2016-12-20T23:07:34,446][INFO ][o.e.p.PluginsService     ] [ht0EVsn] loaded module [aggs-matrix-stats]
[2016-12-20T23:07:34,448][INFO ][o.e.p.PluginsService     ] [ht0EVsn] loaded module [ingest-common]
[2016-12-20T23:07:34,449][INFO ][o.e.p.PluginsService     ] [ht0EVsn] loaded module [lang-expression]
[2016-12-20T23:07:34,450][INFO ][o.e.p.PluginsService     ] [ht0EVsn] loaded module [lang-groovy]
[2016-12-20T23:07:34,450][INFO ][o.e.p.PluginsService     ] [ht0EVsn] loaded module [lang-mustache]
[2016-12-20T23:07:34,451][INFO ][o.e.p.PluginsService     ] [ht0EVsn] loaded module [lang-painless]
[2016-12-20T23:07:34,452][INFO ][o.e.p.PluginsService     ] [ht0EVsn] loaded module [percolator]
[2016-12-20T23:07:34,454][INFO ][o.e.p.PluginsService     ] [ht0EVsn] loaded module [reindex]
[2016-12-20T23:07:34,461][INFO ][o.e.p.PluginsService     ] [ht0EVsn] loaded module [transport-netty3]
[2016-12-20T23:07:34,462][INFO ][o.e.p.PluginsService     ] [ht0EVsn] loaded module [transport-netty4]
[2016-12-20T23:07:34,464][INFO ][o.e.p.PluginsService     ] [ht0EVsn] no plugins loaded
[2016-12-20T23:07:59,813][INFO ][o.e.n.Node               ] [ht0EVsn] initialized
[2016-12-20T23:07:59,819][INFO ][o.e.n.Node               ] [ht0EVsn] starting ...
[2016-12-20T23:08:02,357][INFO ][o.e.t.TransportService   ] [ht0EVsn] publish_address {127.0.0.1:9300}, bound_addresses {[::1]:9300}, {127.0.0.1:9300}
[2016-12-20T23:08:02,392][WARN ][o.e.b.BootstrapCheck     ] [ht0EVsn] max file descriptors [8192] for elasticsearch process likely too low, increase to at least [65536]
[2016-12-20T23:08:02,392][WARN ][o.e.b.BootstrapCheck     ] [ht0EVsn] max virtual memory areas vm.max_map_count [65530] likely too low, increase to at least [262144]
[2016-12-20T23:08:07,094][INFO ][o.e.c.s.ClusterService   ] [ht0EVsn] new_master {ht0EVsn}{ht0EVsnlRuyePr1G07P69g}{e-_FHoZ6S8ijQNzBa81vVA}{127.0.0.1}{127.0.0.1:9300}, reason: zen-disco-elected-as-master ([0] nodes joined)
[2016-12-20T23:08:07,132][INFO ][o.e.h.HttpServer         ] [ht0EVsn] publish_address {127.0.0.1:9200}, bound_addresses {[::1]:9200}, {127.0.0.1:9200}
[2016-12-20T23:08:07,133][INFO ][o.e.n.Node               ] [ht0EVsn] started
[2016-12-20T23:08:07,994][INFO ][o.e.g.GatewayService     ] [ht0EVsn] recovered [1] indices into cluster_state
[2016-12-20T23:08:16,608][INFO ][o.e.m.j.JvmGcMonitorService] [ht0EVsn] [gc][13] overhead, spent [1.2s] collecting in the last [3.4s]
[2016-12-20T23:08:19,189][INFO ][o.e.c.r.a.AllocationService] [ht0EVsn] Cluster health status changed from [RED] to [YELLOW] (reason: [shards started [[vehicles_development_20161105192812009][1]] ...]).
[2016-12-20T23:36:56,174][WARN ][o.e.m.j.JvmGcMonitorService] [ht0EVsn] [gc][young][1685][2] duration [8.4s], collections [1]/[8.6s], total [8.4s]/[8.6s], memory [576mb]->[85.7mb]/[1.9gb], all_pools {[young] [529.7mb]->[5.7mb]/[532.5mb]}{[survivor] [46.3mb]->[66.4mb]/[66.5mb]}{[old] [0b]->[16.8mb]/[1.3gb]}
[2016-12-20T23:36:56,175][WARN ][o.e.m.j.JvmGcMonitorService] [ht0EVsn] [gc][1685] overhead, spent [8.4s] collecting in the last [8.6s]
