[2017-02-21T02:10:28,412][DEBUG][o.e.a.s.TransportSearchAction] [ht0EVsn] [vehicles_development_20161105192812009][3], node[ht0EVsnlRuyePr1G07P69g], [P], s[STARTED], a[id=sWDek0EzSAOXPellQxF0zA]: Failed to execute [SearchRequest{searchType=QUERY_THEN_FETCH, indices=[vehicles_development], indicesOptions=IndicesOptions[id=38, ignore_unavailable=false, allow_no_indices=true, expand_wildcards_open=true, expand_wildcards_closed=false, allow_alisases_to_multiple_indices=true, forbid_closed_indices=true], types=[], routing='null', preference='null', requestCache=null, scroll=null, source={
  "from" : 220,
  "size" : 10,
  "timeout" : "11s",
  "query" : {
    "dis_max" : {
      "tie_breaker" : 0.0,
      "queries" : [
        {
          "match" : {
            "_all" : {
              "query" : "Wallaceburg",
              "operator" : "AND",
              "analyzer" : "searchkick_search",
              "prefix_length" : 0,
              "max_expansions" : 50,
              "fuzzy_transpositions" : true,
              "lenient" : false,
              "zero_terms_query" : "NONE",
              "boost" : 10.0
            }
          }
        },
        {
          "match" : {
            "_all" : {
              "query" : "Wallaceburg",
              "operator" : "AND",
              "analyzer" : "searchkick_search2",
              "prefix_length" : 0,
              "max_expansions" : 50,
              "fuzzy_transpositions" : true,
              "lenient" : false,
              "zero_terms_query" : "NONE",
              "boost" : 10.0
            }
          }
        },
        {
          "match" : {
            "_all" : {
              "query" : "Wallaceburg",
              "operator" : "AND",
              "analyzer" : "searchkick_search",
              "fuzziness" : "1",
              "prefix_length" : 0,
              "max_expansions" : 3,
              "fuzzy_transpositions" : true,
              "lenient" : false,
              "zero_terms_query" : "NONE",
              "boost" : 1.0
            }
          }
        },
        {
          "match" : {
            "_all" : {
              "query" : "Wallaceburg",
              "operator" : "AND",
              "analyzer" : "searchkick_search2",
              "fuzziness" : "1",
              "prefix_length" : 0,
              "max_expansions" : 3,
              "fuzzy_transpositions" : true,
              "lenient" : false,
              "zero_terms_query" : "NONE",
              "boost" : 1.0
            }
          }
        }
      ],
      "boost" : 1.0
    }
  },
  "_source" : false,
  "sort" : [
    {
      "starttime" : {
        "order" : "desc"
      }
    }
  ],
  "ext" : { }
}}] lastShard [true]
org.elasticsearch.transport.RemoteTransportException: [ht0EVsn][127.0.0.1:9300][indices:data/read/search[phase/query]]
Caused by: org.elasticsearch.index.query.QueryShardException: No mapping found for [starttime] in order to sort on
	at org.elasticsearch.search.sort.FieldSortBuilder.build(FieldSortBuilder.java:266) ~[elasticsearch-5.0.0.jar:5.0.0]
	at org.elasticsearch.search.sort.SortBuilder.buildSort(SortBuilder.java:151) ~[elasticsearch-5.0.0.jar:5.0.0]
	at org.elasticsearch.search.SearchService.parseSource(SearchService.java:678) ~[elasticsearch-5.0.0.jar:5.0.0]
	at org.elasticsearch.search.SearchService.createContext(SearchService.java:536) ~[elasticsearch-5.0.0.jar:5.0.0]
	at org.elasticsearch.search.SearchService.createAndPutContext(SearchService.java:502) ~[elasticsearch-5.0.0.jar:5.0.0]
	at org.elasticsearch.search.SearchService.executeQueryPhase(SearchService.java:243) ~[elasticsearch-5.0.0.jar:5.0.0]
	at org.elasticsearch.action.search.SearchTransportService.lambda$registerRequestHandler$6(SearchTransportService.java:276) ~[elasticsearch-5.0.0.jar:5.0.0]
	at org.elasticsearch.transport.TransportRequestHandler.messageReceived(TransportRequestHandler.java:33) ~[elasticsearch-5.0.0.jar:5.0.0]
	at org.elasticsearch.transport.RequestHandlerRegistry.processMessageReceived(RequestHandlerRegistry.java:69) ~[elasticsearch-5.0.0.jar:5.0.0]
	at org.elasticsearch.transport.TransportService$6.doRun(TransportService.java:548) [elasticsearch-5.0.0.jar:5.0.0]
	at org.elasticsearch.common.util.concurrent.ThreadContext$ContextPreservingAbstractRunnable.doRun(ThreadContext.java:504) [elasticsearch-5.0.0.jar:5.0.0]
	at org.elasticsearch.common.util.concurrent.AbstractRunnable.run(AbstractRunnable.java:37) [elasticsearch-5.0.0.jar:5.0.0]
	at java.util.concurrent.ThreadPoolExecutor.runWorker(ThreadPoolExecutor.java:1142) [?:1.8.0_111]
	at java.util.concurrent.ThreadPoolExecutor$Worker.run(ThreadPoolExecutor.java:617) [?:1.8.0_111]
	at java.lang.Thread.run(Thread.java:745) [?:1.8.0_111]
[2017-02-21T02:10:28,412][DEBUG][o.e.a.s.TransportSearchAction] [ht0EVsn] [vehicles_development_20161105192812009][1], node[ht0EVsnlRuyePr1G07P69g], [P], s[STARTED], a[id=mARohOeJQWaNO5r1zDP-og]: Failed to execute [SearchRequest{searchType=QUERY_THEN_FETCH, indices=[vehicles_development], indicesOptions=IndicesOptions[id=38, ignore_unavailable=false, allow_no_indices=true, expand_wildcards_open=true, expand_wildcards_closed=false, allow_alisases_to_multiple_indices=true, forbid_closed_indices=true], types=[], routing='null', preference='null', requestCache=null, scroll=null, source={
  "from" : 220,
  "size" : 10,
  "timeout" : "11s",
  "query" : {
    "dis_max" : {
      "tie_breaker" : 0.0,
      "queries" : [
        {
          "match" : {
            "_all" : {
              "query" : "Wallaceburg",
              "operator" : "AND",
              "analyzer" : "searchkick_search",
              "prefix_length" : 0,
              "max_expansions" : 50,
              "fuzzy_transpositions" : true,
              "lenient" : false,
              "zero_terms_query" : "NONE",
              "boost" : 10.0
            }
          }
        },
        {
          "match" : {
            "_all" : {
              "query" : "Wallaceburg",
              "operator" : "AND",
              "analyzer" : "searchkick_search2",
              "prefix_length" : 0,
              "max_expansions" : 50,
              "fuzzy_transpositions" : true,
              "lenient" : false,
              "zero_terms_query" : "NONE",
              "boost" : 10.0
            }
          }
        },
        {
          "match" : {
            "_all" : {
              "query" : "Wallaceburg",
              "operator" : "AND",
              "analyzer" : "searchkick_search",
              "fuzziness" : "1",
              "prefix_length" : 0,
              "max_expansions" : 3,
              "fuzzy_transpositions" : true,
              "lenient" : false,
              "zero_terms_query" : "NONE",
              "boost" : 1.0
            }
          }
        },
        {
          "match" : {
            "_all" : {
              "query" : "Wallaceburg",
              "operator" : "AND",
              "analyzer" : "searchkick_search2",
              "fuzziness" : "1",
              "prefix_length" : 0,
              "max_expansions" : 3,
              "fuzzy_transpositions" : true,
              "lenient" : false,
              "zero_terms_query" : "NONE",
              "boost" : 1.0
            }
          }
        }
      ],
      "boost" : 1.0
    }
  },
  "_source" : false,
  "sort" : [
    {
      "starttime" : {
        "order" : "desc"
      }
    }
  ],
  "ext" : { }
}}]
org.elasticsearch.transport.RemoteTransportException: [ht0EVsn][127.0.0.1:9300][indices:data/read/search[phase/query]]
Caused by: org.elasticsearch.index.query.QueryShardException: No mapping found for [starttime] in order to sort on
	at org.elasticsearch.search.sort.FieldSortBuilder.build(FieldSortBuilder.java:266) ~[elasticsearch-5.0.0.jar:5.0.0]
	at org.elasticsearch.search.sort.SortBuilder.buildSort(SortBuilder.java:151) ~[elasticsearch-5.0.0.jar:5.0.0]
	at org.elasticsearch.search.SearchService.parseSource(SearchService.java:678) ~[elasticsearch-5.0.0.jar:5.0.0]
	at org.elasticsearch.search.SearchService.createContext(SearchService.java:536) ~[elasticsearch-5.0.0.jar:5.0.0]
	at org.elasticsearch.search.SearchService.createAndPutContext(SearchService.java:502) ~[elasticsearch-5.0.0.jar:5.0.0]
	at org.elasticsearch.search.SearchService.executeQueryPhase(SearchService.java:243) ~[elasticsearch-5.0.0.jar:5.0.0]
	at org.elasticsearch.action.search.SearchTransportService.lambda$registerRequestHandler$6(SearchTransportService.java:276) ~[elasticsearch-5.0.0.jar:5.0.0]
	at org.elasticsearch.transport.TransportRequestHandler.messageReceived(TransportRequestHandler.java:33) ~[elasticsearch-5.0.0.jar:5.0.0]
	at org.elasticsearch.transport.RequestHandlerRegistry.processMessageReceived(RequestHandlerRegistry.java:69) ~[elasticsearch-5.0.0.jar:5.0.0]
	at org.elasticsearch.transport.TransportService$6.doRun(TransportService.java:548) [elasticsearch-5.0.0.jar:5.0.0]
	at org.elasticsearch.common.util.concurrent.ThreadContext$ContextPreservingAbstractRunnable.doRun(ThreadContext.java:504) [elasticsearch-5.0.0.jar:5.0.0]
	at org.elasticsearch.common.util.concurrent.AbstractRunnable.run(AbstractRunnable.java:37) [elasticsearch-5.0.0.jar:5.0.0]
	at java.util.concurrent.ThreadPoolExecutor.runWorker(ThreadPoolExecutor.java:1142) [?:1.8.0_111]
	at java.util.concurrent.ThreadPoolExecutor$Worker.run(ThreadPoolExecutor.java:617) [?:1.8.0_111]
	at java.lang.Thread.run(Thread.java:745) [?:1.8.0_111]
[2017-02-21T02:10:28,413][DEBUG][o.e.a.s.TransportSearchAction] [ht0EVsn] [vehicles_development_20161105192812009][2], node[ht0EVsnlRuyePr1G07P69g], [P], s[STARTED], a[id=mc8RzhiYTd6l8VPvGy9m3g]: Failed to execute [SearchRequest{searchType=QUERY_THEN_FETCH, indices=[vehicles_development], indicesOptions=IndicesOptions[id=38, ignore_unavailable=false, allow_no_indices=true, expand_wildcards_open=true, expand_wildcards_closed=false, allow_alisases_to_multiple_indices=true, forbid_closed_indices=true], types=[], routing='null', preference='null', requestCache=null, scroll=null, source={
  "from" : 220,
  "size" : 10,
  "timeout" : "11s",
  "query" : {
    "dis_max" : {
      "tie_breaker" : 0.0,
      "queries" : [
        {
          "match" : {
            "_all" : {
              "query" : "Wallaceburg",
              "operator" : "AND",
              "analyzer" : "searchkick_search",
              "prefix_length" : 0,
              "max_expansions" : 50,
              "fuzzy_transpositions" : true,
              "lenient" : false,
              "zero_terms_query" : "NONE",
              "boost" : 10.0
            }
          }
        },
        {
          "match" : {
            "_all" : {
              "query" : "Wallaceburg",
              "operator" : "AND",
              "analyzer" : "searchkick_search2",
              "prefix_length" : 0,
              "max_expansions" : 50,
              "fuzzy_transpositions" : true,
              "lenient" : false,
              "zero_terms_query" : "NONE",
              "boost" : 10.0
            }
          }
        },
        {
          "match" : {
            "_all" : {
              "query" : "Wallaceburg",
              "operator" : "AND",
              "analyzer" : "searchkick_search",
              "fuzziness" : "1",
              "prefix_length" : 0,
              "max_expansions" : 3,
              "fuzzy_transpositions" : true,
              "lenient" : false,
              "zero_terms_query" : "NONE",
              "boost" : 1.0
            }
          }
        },
        {
          "match" : {
            "_all" : {
              "query" : "Wallaceburg",
              "operator" : "AND",
              "analyzer" : "searchkick_search2",
              "fuzziness" : "1",
              "prefix_length" : 0,
              "max_expansions" : 3,
              "fuzzy_transpositions" : true,
              "lenient" : false,
              "zero_terms_query" : "NONE",
              "boost" : 1.0
            }
          }
        }
      ],
      "boost" : 1.0
    }
  },
  "_source" : false,
  "sort" : [
    {
      "starttime" : {
        "order" : "desc"
      }
    }
  ],
  "ext" : { }
}}] lastShard [true]
org.elasticsearch.transport.RemoteTransportException: [ht0EVsn][127.0.0.1:9300][indices:data/read/search[phase/query]]
Caused by: org.elasticsearch.index.query.QueryShardException: No mapping found for [starttime] in order to sort on
	at org.elasticsearch.search.sort.FieldSortBuilder.build(FieldSortBuilder.java:266) ~[elasticsearch-5.0.0.jar:5.0.0]
	at org.elasticsearch.search.sort.SortBuilder.buildSort(SortBuilder.java:151) ~[elasticsearch-5.0.0.jar:5.0.0]
	at org.elasticsearch.search.SearchService.parseSource(SearchService.java:678) ~[elasticsearch-5.0.0.jar:5.0.0]
	at org.elasticsearch.search.SearchService.createContext(SearchService.java:536) ~[elasticsearch-5.0.0.jar:5.0.0]
	at org.elasticsearch.search.SearchService.createAndPutContext(SearchService.java:502) ~[elasticsearch-5.0.0.jar:5.0.0]
	at org.elasticsearch.search.SearchService.executeQueryPhase(SearchService.java:243) ~[elasticsearch-5.0.0.jar:5.0.0]
	at org.elasticsearch.action.search.SearchTransportService.lambda$registerRequestHandler$6(SearchTransportService.java:276) ~[elasticsearch-5.0.0.jar:5.0.0]
	at org.elasticsearch.transport.TransportRequestHandler.messageReceived(TransportRequestHandler.java:33) ~[elasticsearch-5.0.0.jar:5.0.0]
	at org.elasticsearch.transport.RequestHandlerRegistry.processMessageReceived(RequestHandlerRegistry.java:69) ~[elasticsearch-5.0.0.jar:5.0.0]
	at org.elasticsearch.transport.TransportService$6.doRun(TransportService.java:548) [elasticsearch-5.0.0.jar:5.0.0]
	at org.elasticsearch.common.util.concurrent.ThreadContext$ContextPreservingAbstractRunnable.doRun(ThreadContext.java:504) [elasticsearch-5.0.0.jar:5.0.0]
	at org.elasticsearch.common.util.concurrent.AbstractRunnable.run(AbstractRunnable.java:37) [elasticsearch-5.0.0.jar:5.0.0]
	at java.util.concurrent.ThreadPoolExecutor.runWorker(ThreadPoolExecutor.java:1142) [?:1.8.0_111]
	at java.util.concurrent.ThreadPoolExecutor$Worker.run(ThreadPoolExecutor.java:617) [?:1.8.0_111]
	at java.lang.Thread.run(Thread.java:745) [?:1.8.0_111]
[2017-02-21T02:10:28,412][DEBUG][o.e.a.s.TransportSearchAction] [ht0EVsn] [vehicles_development_20161105192812009][0], node[ht0EVsnlRuyePr1G07P69g], [P], s[STARTED], a[id=q0H7tco8Q5KrlBRnsRowTQ]: Failed to execute [SearchRequest{searchType=QUERY_THEN_FETCH, indices=[vehicles_development], indicesOptions=IndicesOptions[id=38, ignore_unavailable=false, allow_no_indices=true, expand_wildcards_open=true, expand_wildcards_closed=false, allow_alisases_to_multiple_indices=true, forbid_closed_indices=true], types=[], routing='null', preference='null', requestCache=null, scroll=null, source={
  "from" : 220,
  "size" : 10,
  "timeout" : "11s",
  "query" : {
    "dis_max" : {
      "tie_breaker" : 0.0,
      "queries" : [
        {
          "match" : {
            "_all" : {
              "query" : "Wallaceburg",
              "operator" : "AND",
              "analyzer" : "searchkick_search",
              "prefix_length" : 0,
              "max_expansions" : 50,
              "fuzzy_transpositions" : true,
              "lenient" : false,
              "zero_terms_query" : "NONE",
              "boost" : 10.0
            }
          }
        },
        {
          "match" : {
            "_all" : {
              "query" : "Wallaceburg",
              "operator" : "AND",
              "analyzer" : "searchkick_search2",
              "prefix_length" : 0,
              "max_expansions" : 50,
              "fuzzy_transpositions" : true,
              "lenient" : false,
              "zero_terms_query" : "NONE",
              "boost" : 10.0
            }
          }
        },
        {
          "match" : {
            "_all" : {
              "query" : "Wallaceburg",
              "operator" : "AND",
              "analyzer" : "searchkick_search",
              "fuzziness" : "1",
              "prefix_length" : 0,
              "max_expansions" : 3,
              "fuzzy_transpositions" : true,
              "lenient" : false,
              "zero_terms_query" : "NONE",
              "boost" : 1.0
            }
          }
        },
        {
          "match" : {
            "_all" : {
              "query" : "Wallaceburg",
              "operator" : "AND",
              "analyzer" : "searchkick_search2",
              "fuzziness" : "1",
              "prefix_length" : 0,
              "max_expansions" : 3,
              "fuzzy_transpositions" : true,
              "lenient" : false,
              "zero_terms_query" : "NONE",
              "boost" : 1.0
            }
          }
        }
      ],
      "boost" : 1.0
    }
  },
  "_source" : false,
  "sort" : [
    {
      "starttime" : {
        "order" : "desc"
      }
    }
  ],
  "ext" : { }
}}] lastShard [true]
org.elasticsearch.transport.RemoteTransportException: [ht0EVsn][127.0.0.1:9300][indices:data/read/search[phase/query]]
Caused by: org.elasticsearch.index.query.QueryShardException: No mapping found for [starttime] in order to sort on
	at org.elasticsearch.search.sort.FieldSortBuilder.build(FieldSortBuilder.java:266) ~[elasticsearch-5.0.0.jar:5.0.0]
	at org.elasticsearch.search.sort.SortBuilder.buildSort(SortBuilder.java:151) ~[elasticsearch-5.0.0.jar:5.0.0]
	at org.elasticsearch.search.SearchService.parseSource(SearchService.java:678) ~[elasticsearch-5.0.0.jar:5.0.0]
	at org.elasticsearch.search.SearchService.createContext(SearchService.java:536) ~[elasticsearch-5.0.0.jar:5.0.0]
	at org.elasticsearch.search.SearchService.createAndPutContext(SearchService.java:502) ~[elasticsearch-5.0.0.jar:5.0.0]
	at org.elasticsearch.search.SearchService.executeQueryPhase(SearchService.java:243) ~[elasticsearch-5.0.0.jar:5.0.0]
	at org.elasticsearch.action.search.SearchTransportService.lambda$registerRequestHandler$6(SearchTransportService.java:276) ~[elasticsearch-5.0.0.jar:5.0.0]
	at org.elasticsearch.transport.TransportRequestHandler.messageReceived(TransportRequestHandler.java:33) ~[elasticsearch-5.0.0.jar:5.0.0]
	at org.elasticsearch.transport.RequestHandlerRegistry.processMessageReceived(RequestHandlerRegistry.java:69) ~[elasticsearch-5.0.0.jar:5.0.0]
	at org.elasticsearch.transport.TransportService$6.doRun(TransportService.java:548) [elasticsearch-5.0.0.jar:5.0.0]
	at org.elasticsearch.common.util.concurrent.ThreadContext$ContextPreservingAbstractRunnable.doRun(ThreadContext.java:504) [elasticsearch-5.0.0.jar:5.0.0]
	at org.elasticsearch.common.util.concurrent.AbstractRunnable.run(AbstractRunnable.java:37) [elasticsearch-5.0.0.jar:5.0.0]
	at java.util.concurrent.ThreadPoolExecutor.runWorker(ThreadPoolExecutor.java:1142) [?:1.8.0_111]
	at java.util.concurrent.ThreadPoolExecutor$Worker.run(ThreadPoolExecutor.java:617) [?:1.8.0_111]
	at java.lang.Thread.run(Thread.java:745) [?:1.8.0_111]
[2017-02-21T02:10:28,449][DEBUG][o.e.a.s.TransportSearchAction] [ht0EVsn] All shards failed for phase: [query]
org.elasticsearch.transport.RemoteTransportException: [ht0EVsn][127.0.0.1:9300][indices:data/read/search[phase/query]]
Caused by: org.elasticsearch.index.query.QueryShardException: No mapping found for [starttime] in order to sort on
	at org.elasticsearch.search.sort.FieldSortBuilder.build(FieldSortBuilder.java:266) ~[elasticsearch-5.0.0.jar:5.0.0]
	at org.elasticsearch.search.sort.SortBuilder.buildSort(SortBuilder.java:151) ~[elasticsearch-5.0.0.jar:5.0.0]
	at org.elasticsearch.search.SearchService.parseSource(SearchService.java:678) ~[elasticsearch-5.0.0.jar:5.0.0]
	at org.elasticsearch.search.SearchService.createContext(SearchService.java:536) ~[elasticsearch-5.0.0.jar:5.0.0]
	at org.elasticsearch.search.SearchService.createAndPutContext(SearchService.java:502) ~[elasticsearch-5.0.0.jar:5.0.0]
	at org.elasticsearch.search.SearchService.executeQueryPhase(SearchService.java:243) ~[elasticsearch-5.0.0.jar:5.0.0]
	at org.elasticsearch.action.search.SearchTransportService.lambda$registerRequestHandler$6(SearchTransportService.java:276) ~[elasticsearch-5.0.0.jar:5.0.0]
	at org.elasticsearch.transport.TransportRequestHandler.messageReceived(TransportRequestHandler.java:33) ~[elasticsearch-5.0.0.jar:5.0.0]
	at org.elasticsearch.transport.RequestHandlerRegistry.processMessageReceived(RequestHandlerRegistry.java:69) ~[elasticsearch-5.0.0.jar:5.0.0]
	at org.elasticsearch.transport.TransportService$6.doRun(TransportService.java:548) [elasticsearch-5.0.0.jar:5.0.0]
	at org.elasticsearch.common.util.concurrent.ThreadContext$ContextPreservingAbstractRunnable.doRun(ThreadContext.java:504) [elasticsearch-5.0.0.jar:5.0.0]
	at org.elasticsearch.common.util.concurrent.AbstractRunnable.run(AbstractRunnable.java:37) [elasticsearch-5.0.0.jar:5.0.0]
	at java.util.concurrent.ThreadPoolExecutor.runWorker(ThreadPoolExecutor.java:1142) [?:1.8.0_111]
	at java.util.concurrent.ThreadPoolExecutor$Worker.run(ThreadPoolExecutor.java:617) [?:1.8.0_111]
	at java.lang.Thread.run(Thread.java:745) [?:1.8.0_111]
[2017-02-21T02:10:28,413][DEBUG][o.e.a.s.TransportSearchAction] [ht0EVsn] [vehicles_development_20161105192812009][4], node[ht0EVsnlRuyePr1G07P69g], [P], s[STARTED], a[id=kASXHGv0RPWfVKfqoaF_5A]: Failed to execute [SearchRequest{searchType=QUERY_THEN_FETCH, indices=[vehicles_development], indicesOptions=IndicesOptions[id=38, ignore_unavailable=false, allow_no_indices=true, expand_wildcards_open=true, expand_wildcards_closed=false, allow_alisases_to_multiple_indices=true, forbid_closed_indices=true], types=[], routing='null', preference='null', requestCache=null, scroll=null, source={
  "from" : 220,
  "size" : 10,
  "timeout" : "11s",
  "query" : {
    "dis_max" : {
      "tie_breaker" : 0.0,
      "queries" : [
        {
          "match" : {
            "_all" : {
              "query" : "Wallaceburg",
              "operator" : "AND",
              "analyzer" : "searchkick_search",
              "prefix_length" : 0,
              "max_expansions" : 50,
              "fuzzy_transpositions" : true,
              "lenient" : false,
              "zero_terms_query" : "NONE",
              "boost" : 10.0
            }
          }
        },
        {
          "match" : {
            "_all" : {
              "query" : "Wallaceburg",
              "operator" : "AND",
              "analyzer" : "searchkick_search2",
              "prefix_length" : 0,
              "max_expansions" : 50,
              "fuzzy_transpositions" : true,
              "lenient" : false,
              "zero_terms_query" : "NONE",
              "boost" : 10.0
            }
          }
        },
        {
          "match" : {
            "_all" : {
              "query" : "Wallaceburg",
              "operator" : "AND",
              "analyzer" : "searchkick_search",
              "fuzziness" : "1",
              "prefix_length" : 0,
              "max_expansions" : 3,
              "fuzzy_transpositions" : true,
              "lenient" : false,
              "zero_terms_query" : "NONE",
              "boost" : 1.0
            }
          }
        },
        {
          "match" : {
            "_all" : {
              "query" : "Wallaceburg",
              "operator" : "AND",
              "analyzer" : "searchkick_search2",
              "fuzziness" : "1",
              "prefix_length" : 0,
              "max_expansions" : 3,
              "fuzzy_transpositions" : true,
              "lenient" : false,
              "zero_terms_query" : "NONE",
              "boost" : 1.0
            }
          }
        }
      ],
      "boost" : 1.0
    }
  },
  "_source" : false,
  "sort" : [
    {
      "starttime" : {
        "order" : "desc"
      }
    }
  ],
  "ext" : { }
}}] lastShard [true]
org.elasticsearch.transport.RemoteTransportException: [ht0EVsn][127.0.0.1:9300][indices:data/read/search[phase/query]]
Caused by: org.elasticsearch.index.query.QueryShardException: No mapping found for [starttime] in order to sort on
	at org.elasticsearch.search.sort.FieldSortBuilder.build(FieldSortBuilder.java:266) ~[elasticsearch-5.0.0.jar:5.0.0]
	at org.elasticsearch.search.sort.SortBuilder.buildSort(SortBuilder.java:151) ~[elasticsearch-5.0.0.jar:5.0.0]
	at org.elasticsearch.search.SearchService.parseSource(SearchService.java:678) ~[elasticsearch-5.0.0.jar:5.0.0]
	at org.elasticsearch.search.SearchService.createContext(SearchService.java:536) ~[elasticsearch-5.0.0.jar:5.0.0]
	at org.elasticsearch.search.SearchService.createAndPutContext(SearchService.java:502) ~[elasticsearch-5.0.0.jar:5.0.0]
	at org.elasticsearch.search.SearchService.executeQueryPhase(SearchService.java:243) ~[elasticsearch-5.0.0.jar:5.0.0]
	at org.elasticsearch.action.search.SearchTransportService.lambda$registerRequestHandler$6(SearchTransportService.java:276) ~[elasticsearch-5.0.0.jar:5.0.0]
	at org.elasticsearch.transport.TransportRequestHandler.messageReceived(TransportRequestHandler.java:33) ~[elasticsearch-5.0.0.jar:5.0.0]
	at org.elasticsearch.transport.RequestHandlerRegistry.processMessageReceived(RequestHandlerRegistry.java:69) ~[elasticsearch-5.0.0.jar:5.0.0]
	at org.elasticsearch.transport.TransportService$6.doRun(TransportService.java:548) [elasticsearch-5.0.0.jar:5.0.0]
	at org.elasticsearch.common.util.concurrent.ThreadContext$ContextPreservingAbstractRunnable.doRun(ThreadContext.java:504) [elasticsearch-5.0.0.jar:5.0.0]
	at org.elasticsearch.common.util.concurrent.AbstractRunnable.run(AbstractRunnable.java:37) [elasticsearch-5.0.0.jar:5.0.0]
	at java.util.concurrent.ThreadPoolExecutor.runWorker(ThreadPoolExecutor.java:1142) [?:1.8.0_111]
	at java.util.concurrent.ThreadPoolExecutor$Worker.run(ThreadPoolExecutor.java:617) [?:1.8.0_111]
	at java.lang.Thread.run(Thread.java:745) [?:1.8.0_111]
[2017-02-21T02:12:31,235][DEBUG][o.e.a.s.TransportSearchAction] [ht0EVsn] [vehicles_development_20161105192812009][4], node[ht0EVsnlRuyePr1G07P69g], [P], s[STARTED], a[id=kASXHGv0RPWfVKfqoaF_5A]: Failed to execute [SearchRequest{searchType=QUERY_THEN_FETCH, indices=[vehicles_development], indicesOptions=IndicesOptions[id=38, ignore_unavailable=false, allow_no_indices=true, expand_wildcards_open=true, expand_wildcards_closed=false, allow_alisases_to_multiple_indices=true, forbid_closed_indices=true], types=[], routing='null', preference='null', requestCache=null, scroll=null, source={
  "from" : 220,
  "size" : 10,
  "timeout" : "11s",
  "query" : {
    "dis_max" : {
      "tie_breaker" : 0.0,
      "queries" : [
        {
          "match" : {
            "_all" : {
              "query" : "Wallaceburg",
              "operator" : "AND",
              "analyzer" : "searchkick_search",
              "prefix_length" : 0,
              "max_expansions" : 50,
              "fuzzy_transpositions" : true,
              "lenient" : false,
              "zero_terms_query" : "NONE",
              "boost" : 10.0
            }
          }
        },
        {
          "match" : {
            "_all" : {
              "query" : "Wallaceburg",
              "operator" : "AND",
              "analyzer" : "searchkick_search2",
              "prefix_length" : 0,
              "max_expansions" : 50,
              "fuzzy_transpositions" : true,
              "lenient" : false,
              "zero_terms_query" : "NONE",
              "boost" : 10.0
            }
          }
        },
        {
          "match" : {
            "_all" : {
              "query" : "Wallaceburg",
              "operator" : "AND",
              "analyzer" : "searchkick_search",
              "fuzziness" : "1",
              "prefix_length" : 0,
              "max_expansions" : 3,
              "fuzzy_transpositions" : true,
              "lenient" : false,
              "zero_terms_query" : "NONE",
              "boost" : 1.0
            }
          }
        },
        {
          "match" : {
            "_all" : {
              "query" : "Wallaceburg",
              "operator" : "AND",
              "analyzer" : "searchkick_search2",
              "fuzziness" : "1",
              "prefix_length" : 0,
              "max_expansions" : 3,
              "fuzzy_transpositions" : true,
              "lenient" : false,
              "zero_terms_query" : "NONE",
              "boost" : 1.0
            }
          }
        }
      ],
      "boost" : 1.0
    }
  },
  "_source" : false,
  "sort" : [
    {
      "" : {
        "order" : "desc"
      }
    }
  ],
  "ext" : { }
}}] lastShard [true]
org.elasticsearch.transport.RemoteTransportException: [ht0EVsn][127.0.0.1:9300][indices:data/read/search[phase/query]]
Caused by: org.elasticsearch.index.query.QueryShardException: No mapping found for [] in order to sort on
	at org.elasticsearch.search.sort.FieldSortBuilder.build(FieldSortBuilder.java:266) ~[elasticsearch-5.0.0.jar:5.0.0]
	at org.elasticsearch.search.sort.SortBuilder.buildSort(SortBuilder.java:151) ~[elasticsearch-5.0.0.jar:5.0.0]
	at org.elasticsearch.search.SearchService.parseSource(SearchService.java:678) ~[elasticsearch-5.0.0.jar:5.0.0]
	at org.elasticsearch.search.SearchService.createContext(SearchService.java:536) ~[elasticsearch-5.0.0.jar:5.0.0]
	at org.elasticsearch.search.SearchService.createAndPutContext(SearchService.java:502) ~[elasticsearch-5.0.0.jar:5.0.0]
	at org.elasticsearch.search.SearchService.executeQueryPhase(SearchService.java:243) ~[elasticsearch-5.0.0.jar:5.0.0]
	at org.elasticsearch.action.search.SearchTransportService.lambda$registerRequestHandler$6(SearchTransportService.java:276) ~[elasticsearch-5.0.0.jar:5.0.0]
	at org.elasticsearch.transport.TransportRequestHandler.messageReceived(TransportRequestHandler.java:33) ~[elasticsearch-5.0.0.jar:5.0.0]
	at org.elasticsearch.transport.RequestHandlerRegistry.processMessageReceived(RequestHandlerRegistry.java:69) ~[elasticsearch-5.0.0.jar:5.0.0]
	at org.elasticsearch.transport.TransportService$6.doRun(TransportService.java:548) [elasticsearch-5.0.0.jar:5.0.0]
	at org.elasticsearch.common.util.concurrent.ThreadContext$ContextPreservingAbstractRunnable.doRun(ThreadContext.java:504) [elasticsearch-5.0.0.jar:5.0.0]
	at org.elasticsearch.common.util.concurrent.AbstractRunnable.run(AbstractRunnable.java:37) [elasticsearch-5.0.0.jar:5.0.0]
	at java.util.concurrent.ThreadPoolExecutor.runWorker(ThreadPoolExecutor.java:1142) [?:1.8.0_111]
	at java.util.concurrent.ThreadPoolExecutor$Worker.run(ThreadPoolExecutor.java:617) [?:1.8.0_111]
	at java.lang.Thread.run(Thread.java:745) [?:1.8.0_111]
[2017-02-21T02:12:31,235][DEBUG][o.e.a.s.TransportSearchAction] [ht0EVsn] [vehicles_development_20161105192812009][0], node[ht0EVsnlRuyePr1G07P69g], [P], s[STARTED], a[id=q0H7tco8Q5KrlBRnsRowTQ]: Failed to execute [SearchRequest{searchType=QUERY_THEN_FETCH, indices=[vehicles_development], indicesOptions=IndicesOptions[id=38, ignore_unavailable=false, allow_no_indices=true, expand_wildcards_open=true, expand_wildcards_closed=false, allow_alisases_to_multiple_indices=true, forbid_closed_indices=true], types=[], routing='null', preference='null', requestCache=null, scroll=null, source={
  "from" : 220,
  "size" : 10,
  "timeout" : "11s",
  "query" : {
    "dis_max" : {
      "tie_breaker" : 0.0,
      "queries" : [
        {
          "match" : {
            "_all" : {
              "query" : "Wallaceburg",
              "operator" : "AND",
              "analyzer" : "searchkick_search",
              "prefix_length" : 0,
              "max_expansions" : 50,
              "fuzzy_transpositions" : true,
              "lenient" : false,
              "zero_terms_query" : "NONE",
              "boost" : 10.0
            }
          }
        },
        {
          "match" : {
            "_all" : {
              "query" : "Wallaceburg",
              "operator" : "AND",
              "analyzer" : "searchkick_search2",
              "prefix_length" : 0,
              "max_expansions" : 50,
              "fuzzy_transpositions" : true,
              "lenient" : false,
              "zero_terms_query" : "NONE",
              "boost" : 10.0
            }
          }
        },
        {
          "match" : {
            "_all" : {
              "query" : "Wallaceburg",
              "operator" : "AND",
              "analyzer" : "searchkick_search",
              "fuzziness" : "1",
              "prefix_length" : 0,
              "max_expansions" : 3,
              "fuzzy_transpositions" : true,
              "lenient" : false,
              "zero_terms_query" : "NONE",
              "boost" : 1.0
            }
          }
        },
        {
          "match" : {
            "_all" : {
              "query" : "Wallaceburg",
              "operator" : "AND",
              "analyzer" : "searchkick_search2",
              "fuzziness" : "1",
              "prefix_length" : 0,
              "max_expansions" : 3,
              "fuzzy_transpositions" : true,
              "lenient" : false,
              "zero_terms_query" : "NONE",
              "boost" : 1.0
            }
          }
        }
      ],
      "boost" : 1.0
    }
  },
  "_source" : false,
  "sort" : [
    {
      "" : {
        "order" : "desc"
      }
    }
  ],
  "ext" : { }
}}] lastShard [true]
org.elasticsearch.transport.RemoteTransportException: [ht0EVsn][127.0.0.1:9300][indices:data/read/search[phase/query]]
Caused by: org.elasticsearch.index.query.QueryShardException: No mapping found for [] in order to sort on
	at org.elasticsearch.search.sort.FieldSortBuilder.build(FieldSortBuilder.java:266) ~[elasticsearch-5.0.0.jar:5.0.0]
	at org.elasticsearch.search.sort.SortBuilder.buildSort(SortBuilder.java:151) ~[elasticsearch-5.0.0.jar:5.0.0]
	at org.elasticsearch.search.SearchService.parseSource(SearchService.java:678) ~[elasticsearch-5.0.0.jar:5.0.0]
	at org.elasticsearch.search.SearchService.createContext(SearchService.java:536) ~[elasticsearch-5.0.0.jar:5.0.0]
	at org.elasticsearch.search.SearchService.createAndPutContext(SearchService.java:502) ~[elasticsearch-5.0.0.jar:5.0.0]
	at org.elasticsearch.search.SearchService.executeQueryPhase(SearchService.java:243) ~[elasticsearch-5.0.0.jar:5.0.0]
	at org.elasticsearch.action.search.SearchTransportService.lambda$registerRequestHandler$6(SearchTransportService.java:276) ~[elasticsearch-5.0.0.jar:5.0.0]
	at org.elasticsearch.transport.TransportRequestHandler.messageReceived(TransportRequestHandler.java:33) ~[elasticsearch-5.0.0.jar:5.0.0]
	at org.elasticsearch.transport.RequestHandlerRegistry.processMessageReceived(RequestHandlerRegistry.java:69) ~[elasticsearch-5.0.0.jar:5.0.0]
	at org.elasticsearch.transport.TransportService$6.doRun(TransportService.java:548) [elasticsearch-5.0.0.jar:5.0.0]
	at org.elasticsearch.common.util.concurrent.ThreadContext$ContextPreservingAbstractRunnable.doRun(ThreadContext.java:504) [elasticsearch-5.0.0.jar:5.0.0]
	at org.elasticsearch.common.util.concurrent.AbstractRunnable.run(AbstractRunnable.java:37) [elasticsearch-5.0.0.jar:5.0.0]
	at java.util.concurrent.ThreadPoolExecutor.runWorker(ThreadPoolExecutor.java:1142) [?:1.8.0_111]
	at java.util.concurrent.ThreadPoolExecutor$Worker.run(ThreadPoolExecutor.java:617) [?:1.8.0_111]
	at java.lang.Thread.run(Thread.java:745) [?:1.8.0_111]
[2017-02-21T02:12:31,235][DEBUG][o.e.a.s.TransportSearchAction] [ht0EVsn] [vehicles_development_20161105192812009][2], node[ht0EVsnlRuyePr1G07P69g], [P], s[STARTED], a[id=mc8RzhiYTd6l8VPvGy9m3g]: Failed to execute [SearchRequest{searchType=QUERY_THEN_FETCH, indices=[vehicles_development], indicesOptions=IndicesOptions[id=38, ignore_unavailable=false, allow_no_indices=true, expand_wildcards_open=true, expand_wildcards_closed=false, allow_alisases_to_multiple_indices=true, forbid_closed_indices=true], types=[], routing='null', preference='null', requestCache=null, scroll=null, source={
  "from" : 220,
  "size" : 10,
  "timeout" : "11s",
  "query" : {
    "dis_max" : {
      "tie_breaker" : 0.0,
      "queries" : [
        {
          "match" : {
            "_all" : {
              "query" : "Wallaceburg",
              "operator" : "AND",
              "analyzer" : "searchkick_search",
              "prefix_length" : 0,
              "max_expansions" : 50,
              "fuzzy_transpositions" : true,
              "lenient" : false,
              "zero_terms_query" : "NONE",
              "boost" : 10.0
            }
          }
        },
        {
          "match" : {
            "_all" : {
              "query" : "Wallaceburg",
              "operator" : "AND",
              "analyzer" : "searchkick_search2",
              "prefix_length" : 0,
              "max_expansions" : 50,
              "fuzzy_transpositions" : true,
              "lenient" : false,
              "zero_terms_query" : "NONE",
              "boost" : 10.0
            }
          }
        },
        {
          "match" : {
            "_all" : {
              "query" : "Wallaceburg",
              "operator" : "AND",
              "analyzer" : "searchkick_search",
              "fuzziness" : "1",
              "prefix_length" : 0,
              "max_expansions" : 3,
              "fuzzy_transpositions" : true,
              "lenient" : false,
              "zero_terms_query" : "NONE",
              "boost" : 1.0
            }
          }
        },
        {
          "match" : {
            "_all" : {
              "query" : "Wallaceburg",
              "operator" : "AND",
              "analyzer" : "searchkick_search2",
              "fuzziness" : "1",
              "prefix_length" : 0,
              "max_expansions" : 3,
              "fuzzy_transpositions" : true,
              "lenient" : false,
              "zero_terms_query" : "NONE",
              "boost" : 1.0
            }
          }
        }
      ],
      "boost" : 1.0
    }
  },
  "_source" : false,
  "sort" : [
    {
      "" : {
        "order" : "desc"
      }
    }
  ],
  "ext" : { }
}}] lastShard [true]
org.elasticsearch.transport.RemoteTransportException: [ht0EVsn][127.0.0.1:9300][indices:data/read/search[phase/query]]
Caused by: org.elasticsearch.index.query.QueryShardException: No mapping found for [] in order to sort on
	at org.elasticsearch.search.sort.FieldSortBuilder.build(FieldSortBuilder.java:266) ~[elasticsearch-5.0.0.jar:5.0.0]
	at org.elasticsearch.search.sort.SortBuilder.buildSort(SortBuilder.java:151) ~[elasticsearch-5.0.0.jar:5.0.0]
	at org.elasticsearch.search.SearchService.parseSource(SearchService.java:678) ~[elasticsearch-5.0.0.jar:5.0.0]
	at org.elasticsearch.search.SearchService.createContext(SearchService.java:536) ~[elasticsearch-5.0.0.jar:5.0.0]
	at org.elasticsearch.search.SearchService.createAndPutContext(SearchService.java:502) ~[elasticsearch-5.0.0.jar:5.0.0]
	at org.elasticsearch.search.SearchService.executeQueryPhase(SearchService.java:243) ~[elasticsearch-5.0.0.jar:5.0.0]
	at org.elasticsearch.action.search.SearchTransportService.lambda$registerRequestHandler$6(SearchTransportService.java:276) ~[elasticsearch-5.0.0.jar:5.0.0]
	at org.elasticsearch.transport.TransportRequestHandler.messageReceived(TransportRequestHandler.java:33) ~[elasticsearch-5.0.0.jar:5.0.0]
	at org.elasticsearch.transport.RequestHandlerRegistry.processMessageReceived(RequestHandlerRegistry.java:69) ~[elasticsearch-5.0.0.jar:5.0.0]
	at org.elasticsearch.transport.TransportService$6.doRun(TransportService.java:548) [elasticsearch-5.0.0.jar:5.0.0]
	at org.elasticsearch.common.util.concurrent.ThreadContext$ContextPreservingAbstractRunnable.doRun(ThreadContext.java:504) [elasticsearch-5.0.0.jar:5.0.0]
	at org.elasticsearch.common.util.concurrent.AbstractRunnable.run(AbstractRunnable.java:37) [elasticsearch-5.0.0.jar:5.0.0]
	at java.util.concurrent.ThreadPoolExecutor.runWorker(ThreadPoolExecutor.java:1142) [?:1.8.0_111]
	at java.util.concurrent.ThreadPoolExecutor$Worker.run(ThreadPoolExecutor.java:617) [?:1.8.0_111]
	at java.lang.Thread.run(Thread.java:745) [?:1.8.0_111]
[2017-02-21T02:12:31,235][DEBUG][o.e.a.s.TransportSearchAction] [ht0EVsn] [vehicles_development_20161105192812009][1], node[ht0EVsnlRuyePr1G07P69g], [P], s[STARTED], a[id=mARohOeJQWaNO5r1zDP-og]: Failed to execute [SearchRequest{searchType=QUERY_THEN_FETCH, indices=[vehicles_development], indicesOptions=IndicesOptions[id=38, ignore_unavailable=false, allow_no_indices=true, expand_wildcards_open=true, expand_wildcards_closed=false, allow_alisases_to_multiple_indices=true, forbid_closed_indices=true], types=[], routing='null', preference='null', requestCache=null, scroll=null, source={
  "from" : 220,
  "size" : 10,
  "timeout" : "11s",
  "query" : {
    "dis_max" : {
      "tie_breaker" : 0.0,
      "queries" : [
        {
          "match" : {
            "_all" : {
              "query" : "Wallaceburg",
              "operator" : "AND",
              "analyzer" : "searchkick_search",
              "prefix_length" : 0,
              "max_expansions" : 50,
              "fuzzy_transpositions" : true,
              "lenient" : false,
              "zero_terms_query" : "NONE",
              "boost" : 10.0
            }
          }
        },
        {
          "match" : {
            "_all" : {
              "query" : "Wallaceburg",
              "operator" : "AND",
              "analyzer" : "searchkick_search2",
              "prefix_length" : 0,
              "max_expansions" : 50,
              "fuzzy_transpositions" : true,
              "lenient" : false,
              "zero_terms_query" : "NONE",
              "boost" : 10.0
            }
          }
        },
        {
          "match" : {
            "_all" : {
              "query" : "Wallaceburg",
              "operator" : "AND",
              "analyzer" : "searchkick_search",
              "fuzziness" : "1",
              "prefix_length" : 0,
              "max_expansions" : 3,
              "fuzzy_transpositions" : true,
              "lenient" : false,
              "zero_terms_query" : "NONE",
              "boost" : 1.0
            }
          }
        },
        {
          "match" : {
            "_all" : {
              "query" : "Wallaceburg",
              "operator" : "AND",
              "analyzer" : "searchkick_search2",
              "fuzziness" : "1",
              "prefix_length" : 0,
              "max_expansions" : 3,
              "fuzzy_transpositions" : true,
              "lenient" : false,
              "zero_terms_query" : "NONE",
              "boost" : 1.0
            }
          }
        }
      ],
      "boost" : 1.0
    }
  },
  "_source" : false,
  "sort" : [
    {
      "" : {
        "order" : "desc"
      }
    }
  ],
  "ext" : { }
}}]
org.elasticsearch.transport.RemoteTransportException: [ht0EVsn][127.0.0.1:9300][indices:data/read/search[phase/query]]
Caused by: org.elasticsearch.index.query.QueryShardException: No mapping found for [] in order to sort on
	at org.elasticsearch.search.sort.FieldSortBuilder.build(FieldSortBuilder.java:266) ~[elasticsearch-5.0.0.jar:5.0.0]
	at org.elasticsearch.search.sort.SortBuilder.buildSort(SortBuilder.java:151) ~[elasticsearch-5.0.0.jar:5.0.0]
	at org.elasticsearch.search.SearchService.parseSource(SearchService.java:678) ~[elasticsearch-5.0.0.jar:5.0.0]
	at org.elasticsearch.search.SearchService.createContext(SearchService.java:536) ~[elasticsearch-5.0.0.jar:5.0.0]
	at org.elasticsearch.search.SearchService.createAndPutContext(SearchService.java:502) ~[elasticsearch-5.0.0.jar:5.0.0]
	at org.elasticsearch.search.SearchService.executeQueryPhase(SearchService.java:243) ~[elasticsearch-5.0.0.jar:5.0.0]
	at org.elasticsearch.action.search.SearchTransportService.lambda$registerRequestHandler$6(SearchTransportService.java:276) ~[elasticsearch-5.0.0.jar:5.0.0]
	at org.elasticsearch.transport.TransportRequestHandler.messageReceived(TransportRequestHandler.java:33) ~[elasticsearch-5.0.0.jar:5.0.0]
	at org.elasticsearch.transport.RequestHandlerRegistry.processMessageReceived(RequestHandlerRegistry.java:69) ~[elasticsearch-5.0.0.jar:5.0.0]
	at org.elasticsearch.transport.TransportService$6.doRun(TransportService.java:548) [elasticsearch-5.0.0.jar:5.0.0]
	at org.elasticsearch.common.util.concurrent.ThreadContext$ContextPreservingAbstractRunnable.doRun(ThreadContext.java:504) [elasticsearch-5.0.0.jar:5.0.0]
	at org.elasticsearch.common.util.concurrent.AbstractRunnable.run(AbstractRunnable.java:37) [elasticsearch-5.0.0.jar:5.0.0]
	at java.util.concurrent.ThreadPoolExecutor.runWorker(ThreadPoolExecutor.java:1142) [?:1.8.0_111]
	at java.util.concurrent.ThreadPoolExecutor$Worker.run(ThreadPoolExecutor.java:617) [?:1.8.0_111]
	at java.lang.Thread.run(Thread.java:745) [?:1.8.0_111]
[2017-02-21T02:12:31,237][DEBUG][o.e.a.s.TransportSearchAction] [ht0EVsn] [vehicles_development_20161105192812009][3], node[ht0EVsnlRuyePr1G07P69g], [P], s[STARTED], a[id=sWDek0EzSAOXPellQxF0zA]: Failed to execute [SearchRequest{searchType=QUERY_THEN_FETCH, indices=[vehicles_development], indicesOptions=IndicesOptions[id=38, ignore_unavailable=false, allow_no_indices=true, expand_wildcards_open=true, expand_wildcards_closed=false, allow_alisases_to_multiple_indices=true, forbid_closed_indices=true], types=[], routing='null', preference='null', requestCache=null, scroll=null, source={
  "from" : 220,
  "size" : 10,
  "timeout" : "11s",
  "query" : {
    "dis_max" : {
      "tie_breaker" : 0.0,
      "queries" : [
        {
          "match" : {
            "_all" : {
              "query" : "Wallaceburg",
              "operator" : "AND",
              "analyzer" : "searchkick_search",
              "prefix_length" : 0,
              "max_expansions" : 50,
              "fuzzy_transpositions" : true,
              "lenient" : false,
              "zero_terms_query" : "NONE",
              "boost" : 10.0
            }
          }
        },
        {
          "match" : {
            "_all" : {
              "query" : "Wallaceburg",
              "operator" : "AND",
              "analyzer" : "searchkick_search2",
              "prefix_length" : 0,
              "max_expansions" : 50,
              "fuzzy_transpositions" : true,
              "lenient" : false,
              "zero_terms_query" : "NONE",
              "boost" : 10.0
            }
          }
        },
        {
          "match" : {
            "_all" : {
              "query" : "Wallaceburg",
              "operator" : "AND",
              "analyzer" : "searchkick_search",
              "fuzziness" : "1",
              "prefix_length" : 0,
              "max_expansions" : 3,
              "fuzzy_transpositions" : true,
              "lenient" : false,
              "zero_terms_query" : "NONE",
              "boost" : 1.0
            }
          }
        },
        {
          "match" : {
            "_all" : {
              "query" : "Wallaceburg",
              "operator" : "AND",
              "analyzer" : "searchkick_search2",
              "fuzziness" : "1",
              "prefix_length" : 0,
              "max_expansions" : 3,
              "fuzzy_transpositions" : true,
              "lenient" : false,
              "zero_terms_query" : "NONE",
              "boost" : 1.0
            }
          }
        }
      ],
      "boost" : 1.0
    }
  },
  "_source" : false,
  "sort" : [
    {
      "" : {
        "order" : "desc"
      }
    }
  ],
  "ext" : { }
}}] lastShard [true]
org.elasticsearch.transport.RemoteTransportException: [ht0EVsn][127.0.0.1:9300][indices:data/read/search[phase/query]]
Caused by: org.elasticsearch.index.query.QueryShardException: No mapping found for [] in order to sort on
	at org.elasticsearch.search.sort.FieldSortBuilder.build(FieldSortBuilder.java:266) ~[elasticsearch-5.0.0.jar:5.0.0]
	at org.elasticsearch.search.sort.SortBuilder.buildSort(SortBuilder.java:151) ~[elasticsearch-5.0.0.jar:5.0.0]
	at org.elasticsearch.search.SearchService.parseSource(SearchService.java:678) ~[elasticsearch-5.0.0.jar:5.0.0]
	at org.elasticsearch.search.SearchService.createContext(SearchService.java:536) ~[elasticsearch-5.0.0.jar:5.0.0]
	at org.elasticsearch.search.SearchService.createAndPutContext(SearchService.java:502) ~[elasticsearch-5.0.0.jar:5.0.0]
	at org.elasticsearch.search.SearchService.executeQueryPhase(SearchService.java:243) ~[elasticsearch-5.0.0.jar:5.0.0]
	at org.elasticsearch.action.search.SearchTransportService.lambda$registerRequestHandler$6(SearchTransportService.java:276) ~[elasticsearch-5.0.0.jar:5.0.0]
	at org.elasticsearch.transport.TransportRequestHandler.messageReceived(TransportRequestHandler.java:33) ~[elasticsearch-5.0.0.jar:5.0.0]
	at org.elasticsearch.transport.RequestHandlerRegistry.processMessageReceived(RequestHandlerRegistry.java:69) ~[elasticsearch-5.0.0.jar:5.0.0]
	at org.elasticsearch.transport.TransportService$6.doRun(TransportService.java:548) [elasticsearch-5.0.0.jar:5.0.0]
	at org.elasticsearch.common.util.concurrent.ThreadContext$ContextPreservingAbstractRunnable.doRun(ThreadContext.java:504) [elasticsearch-5.0.0.jar:5.0.0]
	at org.elasticsearch.common.util.concurrent.AbstractRunnable.run(AbstractRunnable.java:37) [elasticsearch-5.0.0.jar:5.0.0]
	at java.util.concurrent.ThreadPoolExecutor.runWorker(ThreadPoolExecutor.java:1142) [?:1.8.0_111]
	at java.util.concurrent.ThreadPoolExecutor$Worker.run(ThreadPoolExecutor.java:617) [?:1.8.0_111]
	at java.lang.Thread.run(Thread.java:745) [?:1.8.0_111]
[2017-02-21T02:12:31,243][DEBUG][o.e.a.s.TransportSearchAction] [ht0EVsn] All shards failed for phase: [query]
org.elasticsearch.transport.RemoteTransportException: [ht0EVsn][127.0.0.1:9300][indices:data/read/search[phase/query]]
Caused by: org.elasticsearch.index.query.QueryShardException: No mapping found for [] in order to sort on
	at org.elasticsearch.search.sort.FieldSortBuilder.build(FieldSortBuilder.java:266) ~[elasticsearch-5.0.0.jar:5.0.0]
	at org.elasticsearch.search.sort.SortBuilder.buildSort(SortBuilder.java:151) ~[elasticsearch-5.0.0.jar:5.0.0]
	at org.elasticsearch.search.SearchService.parseSource(SearchService.java:678) ~[elasticsearch-5.0.0.jar:5.0.0]
	at org.elasticsearch.search.SearchService.createContext(SearchService.java:536) ~[elasticsearch-5.0.0.jar:5.0.0]
	at org.elasticsearch.search.SearchService.createAndPutContext(SearchService.java:502) ~[elasticsearch-5.0.0.jar:5.0.0]
	at org.elasticsearch.search.SearchService.executeQueryPhase(SearchService.java:243) ~[elasticsearch-5.0.0.jar:5.0.0]
	at org.elasticsearch.action.search.SearchTransportService.lambda$registerRequestHandler$6(SearchTransportService.java:276) ~[elasticsearch-5.0.0.jar:5.0.0]
	at org.elasticsearch.transport.TransportRequestHandler.messageReceived(TransportRequestHandler.java:33) ~[elasticsearch-5.0.0.jar:5.0.0]
	at org.elasticsearch.transport.RequestHandlerRegistry.processMessageReceived(RequestHandlerRegistry.java:69) ~[elasticsearch-5.0.0.jar:5.0.0]
	at org.elasticsearch.transport.TransportService$6.doRun(TransportService.java:548) [elasticsearch-5.0.0.jar:5.0.0]
	at org.elasticsearch.common.util.concurrent.ThreadContext$ContextPreservingAbstractRunnable.doRun(ThreadContext.java:504) [elasticsearch-5.0.0.jar:5.0.0]
	at org.elasticsearch.common.util.concurrent.AbstractRunnable.run(AbstractRunnable.java:37) [elasticsearch-5.0.0.jar:5.0.0]
	at java.util.concurrent.ThreadPoolExecutor.runWorker(ThreadPoolExecutor.java:1142) [?:1.8.0_111]
	at java.util.concurrent.ThreadPoolExecutor$Worker.run(ThreadPoolExecutor.java:617) [?:1.8.0_111]
	at java.lang.Thread.run(Thread.java:745) [?:1.8.0_111]
[2017-02-21T02:26:40,821][INFO ][o.e.c.m.MetaDataCreateIndexService] [ht0EVsn] [vehicles_development_20170221022629323] creating index, cause [api], templates [], shards [5]/[1], mappings [_default_]
[2017-02-21T15:01:05,352][INFO ][o.e.c.m.MetaDataCreateIndexService] [ht0EVsn] [vehicles_development_20170221150105304] creating index, cause [api], templates [], shards [5]/[1], mappings [_default_]
[2017-02-21T15:01:05,798][INFO ][o.e.c.m.MetaDataMappingService] [ht0EVsn] [vehicles_development_20170221150105304/y6MuxrcYQ8aGQS4TdSyEBw] create_mapping [vehicle]
[2017-02-21T15:01:13,337][INFO ][o.e.c.m.MetaDataCreateIndexService] [ht0EVsn] [vehicles_development_20170221150113273] creating index, cause [api], templates [], shards [5]/[1], mappings [_default_]
[2017-02-21T15:01:13,604][INFO ][o.e.c.m.MetaDataMappingService] [ht0EVsn] [vehicles_development_20170221150113273/48b6ktVIQGSeY_rQTU-vKw] create_mapping [vehicle]
[2017-02-21T15:54:44,635][INFO ][o.e.c.m.MetaDataCreateIndexService] [ht0EVsn] [vehicles_development_20170221155443638] creating index, cause [api], templates [], shards [5]/[1], mappings [_default_]
[2017-02-21T15:54:49,002][INFO ][o.e.c.m.MetaDataMappingService] [ht0EVsn] [vehicles_development_20170221155443638/9S9N20nOQD6lsWfJoNTZ6Q] create_mapping [vehicle]
[2017-02-21T15:55:45,387][INFO ][o.e.c.m.MetaDataCreateIndexService] [ht0EVsn] [vehicles_development_20170221155545320] creating index, cause [api], templates [], shards [5]/[1], mappings [_default_]
[2017-02-21T15:55:46,386][INFO ][o.e.c.m.MetaDataMappingService] [ht0EVsn] [vehicles_development_20170221155545320/yxlstExhRtaBvebeKyspew] create_mapping [vehicle]
[2017-02-21T15:55:53,673][INFO ][o.e.c.m.MetaDataCreateIndexService] [ht0EVsn] [vehicles_development_20170221155553633] creating index, cause [api], templates [], shards [5]/[1], mappings [_default_]
[2017-02-21T15:55:54,571][INFO ][o.e.c.m.MetaDataMappingService] [ht0EVsn] [vehicles_development_20170221155553633/VWMTp9KMQ1Gi3OKj91A27w] create_mapping [vehicle]
[2017-02-21T15:56:02,378][INFO ][o.e.c.m.MetaDataCreateIndexService] [ht0EVsn] [vehicles_development_20170221155602279] creating index, cause [api], templates [], shards [5]/[1], mappings [_default_]
[2017-02-21T15:56:03,183][INFO ][o.e.c.m.MetaDataMappingService] [ht0EVsn] [vehicles_development_20170221155602279/m-KJMlc6QbmRq2c0zE3Geg] create_mapping [vehicle]
[2017-02-21T16:05:10,493][INFO ][o.e.c.m.MetaDataCreateIndexService] [ht0EVsn] [vehicles_development_20170221160510288] creating index, cause [api], templates [], shards [5]/[1], mappings [_default_]
[2017-02-21T16:05:11,674][INFO ][o.e.c.m.MetaDataMappingService] [ht0EVsn] [vehicles_development_20170221160510288/FswDxMO9QjuXOaSc7t7oBg] create_mapping [vehicle]
[2017-02-21T16:17:38,458][INFO ][o.e.c.m.MetaDataMappingService] [ht0EVsn] [vehicles_development_20170221160510288/FswDxMO9QjuXOaSc7t7oBg] update_mapping [vehicle]
