[2017-10-02T23:40:26,840][INFO ][o.e.n.Node               ] [] initializing ...
[2017-10-02T23:40:27,040][INFO ][o.e.e.NodeEnvironment    ] [ht0EVsn] using [1] data paths, mounts [[/ (none)]], net usable_space [6.6gb], net total_space [10.6gb], spins? [possibly], types [aufs]
[2017-10-02T23:40:27,041][INFO ][o.e.e.NodeEnvironment    ] [ht0EVsn] heap size [1.9gb], compressed ordinary object pointers [true]
[2017-10-02T23:40:27,152][INFO ][o.e.n.Node               ] [ht0EVsn] node name [ht0EVsn] derived from node ID; set [node.name] to override
[2017-10-02T23:40:27,156][INFO ][o.e.n.Node               ] [ht0EVsn] version[5.0.0], pid[85660], build[253032b/2016-10-26T04:37:51.531Z], OS[Linux/4.9.17-c9/amd64], JVM[Oracle Corporation/Java HotSpot(TM) 64-Bit Server VM/1.8.0_111/25.111-b14]
[2017-10-02T23:40:30,884][INFO ][o.e.p.PluginsService     ] [ht0EVsn] loaded module [aggs-matrix-stats]
[2017-10-02T23:40:30,884][INFO ][o.e.p.PluginsService     ] [ht0EVsn] loaded module [ingest-common]
[2017-10-02T23:40:30,884][INFO ][o.e.p.PluginsService     ] [ht0EVsn] loaded module [lang-expression]
[2017-10-02T23:40:30,885][INFO ][o.e.p.PluginsService     ] [ht0EVsn] loaded module [lang-groovy]
[2017-10-02T23:40:30,885][INFO ][o.e.p.PluginsService     ] [ht0EVsn] loaded module [lang-mustache]
[2017-10-02T23:40:30,885][INFO ][o.e.p.PluginsService     ] [ht0EVsn] loaded module [lang-painless]
[2017-10-02T23:40:30,886][INFO ][o.e.p.PluginsService     ] [ht0EVsn] loaded module [percolator]
[2017-10-02T23:40:30,887][INFO ][o.e.p.PluginsService     ] [ht0EVsn] loaded module [reindex]
[2017-10-02T23:40:30,887][INFO ][o.e.p.PluginsService     ] [ht0EVsn] loaded module [transport-netty3]
[2017-10-02T23:40:30,887][INFO ][o.e.p.PluginsService     ] [ht0EVsn] loaded module [transport-netty4]
[2017-10-02T23:40:30,889][INFO ][o.e.p.PluginsService     ] [ht0EVsn] no plugins loaded
[2017-10-02T23:40:45,565][INFO ][o.e.n.Node               ] [ht0EVsn] initialized
[2017-10-02T23:40:45,565][INFO ][o.e.n.Node               ] [ht0EVsn] starting ...
[2017-10-02T23:40:48,766][INFO ][o.e.t.TransportService   ] [ht0EVsn] publish_address {127.0.0.1:9300}, bound_addresses {[::1]:9300}, {127.0.0.1:9300}
[2017-10-02T23:40:49,036][WARN ][o.e.b.BootstrapCheck     ] [ht0EVsn] max file descriptors [8192] for elasticsearch process likely too low, increase to at least [65536]
[2017-10-02T23:40:49,037][WARN ][o.e.b.BootstrapCheck     ] [ht0EVsn] max virtual memory areas vm.max_map_count [65530] likely too low, increase to at least [262144]
[2017-10-02T23:41:28,428][WARN ][o.e.n.Node               ] [ht0EVsn] timed out while waiting for initial discovery state - timeout: 30s
[2017-10-02T23:53:08,474][INFO ][o.e.n.Node               ] [] initializing ...
[2017-10-02T23:53:08,666][INFO ][o.e.e.NodeEnvironment    ] [ht0EVsn] using [1] data paths, mounts [[/ (none)]], net usable_space [6.6gb], net total_space [10.6gb], spins? [possibly], types [aufs]
[2017-10-02T23:53:08,666][INFO ][o.e.e.NodeEnvironment    ] [ht0EVsn] heap size [1.9gb], compressed ordinary object pointers [true]
[2017-10-02T23:53:08,752][INFO ][o.e.n.Node               ] [ht0EVsn] node name [ht0EVsn] derived from node ID; set [node.name] to override
[2017-10-02T23:53:08,757][INFO ][o.e.n.Node               ] [ht0EVsn] version[5.0.0], pid[85754], build[253032b/2016-10-26T04:37:51.531Z], OS[Linux/4.9.17-c9/amd64], JVM[Oracle Corporation/Java HotSpot(TM) 64-Bit Server VM/1.8.0_111/25.111-b14]
[2017-10-02T23:53:12,077][INFO ][o.e.p.PluginsService     ] [ht0EVsn] loaded module [aggs-matrix-stats]
[2017-10-02T23:53:12,077][INFO ][o.e.p.PluginsService     ] [ht0EVsn] loaded module [ingest-common]
[2017-10-02T23:53:12,078][INFO ][o.e.p.PluginsService     ] [ht0EVsn] loaded module [lang-expression]
[2017-10-02T23:53:12,078][INFO ][o.e.p.PluginsService     ] [ht0EVsn] loaded module [lang-groovy]
[2017-10-02T23:53:12,078][INFO ][o.e.p.PluginsService     ] [ht0EVsn] loaded module [lang-mustache]
[2017-10-02T23:53:12,079][INFO ][o.e.p.PluginsService     ] [ht0EVsn] loaded module [lang-painless]
[2017-10-02T23:53:12,079][INFO ][o.e.p.PluginsService     ] [ht0EVsn] loaded module [percolator]
[2017-10-02T23:53:12,079][INFO ][o.e.p.PluginsService     ] [ht0EVsn] loaded module [reindex]
[2017-10-02T23:53:12,079][INFO ][o.e.p.PluginsService     ] [ht0EVsn] loaded module [transport-netty3]
[2017-10-02T23:53:12,079][INFO ][o.e.p.PluginsService     ] [ht0EVsn] loaded module [transport-netty4]
[2017-10-02T23:53:12,081][INFO ][o.e.p.PluginsService     ] [ht0EVsn] no plugins loaded
[2017-10-02T23:53:22,246][INFO ][o.e.n.Node               ] [ht0EVsn] initialized
[2017-10-02T23:53:22,246][INFO ][o.e.n.Node               ] [ht0EVsn] starting ...
[2017-10-02T23:53:22,693][INFO ][o.e.t.TransportService   ] [ht0EVsn] publish_address {127.0.0.1:9300}, bound_addresses {[::1]:9300}, {127.0.0.1:9300}
[2017-10-02T23:53:22,738][WARN ][o.e.b.BootstrapCheck     ] [ht0EVsn] max file descriptors [8192] for elasticsearch process likely too low, increase to at least [65536]
[2017-10-02T23:53:22,739][WARN ][o.e.b.BootstrapCheck     ] [ht0EVsn] max virtual memory areas vm.max_map_count [65530] likely too low, increase to at least [262144]
[2017-10-02T23:53:37,479][INFO ][o.e.n.Node               ] [] initializing ...
[2017-10-02T23:53:37,677][INFO ][o.e.e.NodeEnvironment    ] [ht0EVsn] using [1] data paths, mounts [[/ (none)]], net usable_space [6.6gb], net total_space [10.6gb], spins? [possibly], types [aufs]
[2017-10-02T23:53:37,677][INFO ][o.e.e.NodeEnvironment    ] [ht0EVsn] heap size [1.9gb], compressed ordinary object pointers [true]
[2017-10-02T23:53:37,793][INFO ][o.e.n.Node               ] [ht0EVsn] node name [ht0EVsn] derived from node ID; set [node.name] to override
[2017-10-02T23:53:37,825][INFO ][o.e.n.Node               ] [ht0EVsn] version[5.0.0], pid[85827], build[253032b/2016-10-26T04:37:51.531Z], OS[Linux/4.9.17-c9/amd64], JVM[Oracle Corporation/Java HotSpot(TM) 64-Bit Server VM/1.8.0_111/25.111-b14]
[2017-10-02T23:53:42,671][INFO ][o.e.p.PluginsService     ] [ht0EVsn] loaded module [aggs-matrix-stats]
[2017-10-02T23:53:42,673][INFO ][o.e.p.PluginsService     ] [ht0EVsn] loaded module [ingest-common]
[2017-10-02T23:53:42,674][INFO ][o.e.p.PluginsService     ] [ht0EVsn] loaded module [lang-expression]
[2017-10-02T23:53:42,675][INFO ][o.e.p.PluginsService     ] [ht0EVsn] loaded module [lang-groovy]
[2017-10-02T23:53:42,675][INFO ][o.e.p.PluginsService     ] [ht0EVsn] loaded module [lang-mustache]
[2017-10-02T23:53:42,675][INFO ][o.e.p.PluginsService     ] [ht0EVsn] loaded module [lang-painless]
[2017-10-02T23:53:42,675][INFO ][o.e.p.PluginsService     ] [ht0EVsn] loaded module [percolator]
[2017-10-02T23:53:42,676][INFO ][o.e.p.PluginsService     ] [ht0EVsn] loaded module [reindex]
[2017-10-02T23:53:42,676][INFO ][o.e.p.PluginsService     ] [ht0EVsn] loaded module [transport-netty3]
[2017-10-02T23:53:42,677][INFO ][o.e.p.PluginsService     ] [ht0EVsn] loaded module [transport-netty4]
[2017-10-02T23:53:42,678][INFO ][o.e.p.PluginsService     ] [ht0EVsn] no plugins loaded
