[2016-11-05T18:47:52,983][INFO ][o.e.n.Node               ] [] initializing ...
[2016-11-05T18:47:53,316][INFO ][o.e.e.NodeEnvironment    ] [ht0EVsn] using [1] data paths, mounts [[/ (none)]], net usable_space [2.8gb], net total_space [5.2gb], spins? [possibly], types [aufs]
[2016-11-05T18:47:53,316][INFO ][o.e.e.NodeEnvironment    ] [ht0EVsn] heap size [1.9gb], compressed ordinary object pointers [true]
[2016-11-05T18:47:53,320][INFO ][o.e.n.Node               ] [ht0EVsn] node name [ht0EVsn] derived from node ID; set [node.name] to override
[2016-11-05T18:47:53,329][INFO ][o.e.n.Node               ] [ht0EVsn] version[5.0.0], pid[11258], build[253032b/2016-10-26T04:37:51.531Z], OS[Linux/4.2.0-c9/amd64], JVM[Oracle Corporation/Java HotSpot(TM) 64-Bit Server VM/1.8.0_111/25.111-b14]
[2016-11-05T18:48:03,871][INFO ][o.e.p.PluginsService     ] [ht0EVsn] loaded module [aggs-matrix-stats]
[2016-11-05T18:48:03,872][INFO ][o.e.p.PluginsService     ] [ht0EVsn] loaded module [ingest-common]
[2016-11-05T18:48:03,872][INFO ][o.e.p.PluginsService     ] [ht0EVsn] loaded module [lang-expression]
[2016-11-05T18:48:03,872][INFO ][o.e.p.PluginsService     ] [ht0EVsn] loaded module [lang-groovy]
[2016-11-05T18:48:03,872][INFO ][o.e.p.PluginsService     ] [ht0EVsn] loaded module [lang-mustache]
[2016-11-05T18:48:03,873][INFO ][o.e.p.PluginsService     ] [ht0EVsn] loaded module [lang-painless]
[2016-11-05T18:48:03,873][INFO ][o.e.p.PluginsService     ] [ht0EVsn] loaded module [percolator]
[2016-11-05T18:48:03,874][INFO ][o.e.p.PluginsService     ] [ht0EVsn] loaded module [reindex]
[2016-11-05T18:48:03,875][INFO ][o.e.p.PluginsService     ] [ht0EVsn] loaded module [transport-netty3]
[2016-11-05T18:48:03,875][INFO ][o.e.p.PluginsService     ] [ht0EVsn] loaded module [transport-netty4]
[2016-11-05T18:48:03,932][INFO ][o.e.p.PluginsService     ] [ht0EVsn] no plugins loaded
[2016-11-05T18:48:21,894][INFO ][o.e.n.Node               ] [ht0EVsn] initialized
[2016-11-05T18:48:21,896][INFO ][o.e.n.Node               ] [ht0EVsn] starting ...
[2016-11-05T18:48:24,057][INFO ][o.e.t.TransportService   ] [ht0EVsn] publish_address {127.0.0.1:9300}, bound_addresses {[::1]:9300}, {127.0.0.1:9300}
[2016-11-05T18:48:24,057][WARN ][o.e.m.j.JvmGcMonitorService] [ht0EVsn] [gc][young][1][1] duration [1.2s], collections [1]/[2.1s], total [1.2s]/[1.2s], memory [511.3mb]->[51.3mb]/[1.9gb], all_pools {[young] [511.3mb]->[10.6mb]/[532.5mb]}{[survivor] [0b]->[46mb]/[66.5mb]}{[old] [0b]->[0b]/[1.3gb]}
[2016-11-05T18:48:24,058][WARN ][o.e.m.j.JvmGcMonitorService] [ht0EVsn] [gc][1] overhead, spent [1.2s] collecting in the last [2.1s]
[2016-11-05T18:48:24,082][WARN ][o.e.b.BootstrapCheck     ] [ht0EVsn] max file descriptors [8192] for elasticsearch process likely too low, increase to at least [65536]
[2016-11-05T18:48:24,083][WARN ][o.e.b.BootstrapCheck     ] [ht0EVsn] max virtual memory areas vm.max_map_count [65530] likely too low, increase to at least [262144]
[2016-11-05T18:49:15,124][INFO ][o.e.n.Node               ] [] initializing ...
[2016-11-05T18:49:15,366][INFO ][o.e.e.NodeEnvironment    ] [ht0EVsn] using [1] data paths, mounts [[/ (none)]], net usable_space [2.8gb], net total_space [5.2gb], spins? [possibly], types [aufs]
[2016-11-05T18:49:15,366][INFO ][o.e.e.NodeEnvironment    ] [ht0EVsn] heap size [1.9gb], compressed ordinary object pointers [true]
[2016-11-05T18:49:15,370][INFO ][o.e.n.Node               ] [ht0EVsn] node name [ht0EVsn] derived from node ID; set [node.name] to override
[2016-11-05T18:49:15,375][INFO ][o.e.n.Node               ] [ht0EVsn] version[5.0.0], pid[12416], build[253032b/2016-10-26T04:37:51.531Z], OS[Linux/4.2.0-c9/amd64], JVM[Oracle Corporation/Java HotSpot(TM) 64-Bit Server VM/1.8.0_111/25.111-b14]
[2016-11-05T18:49:24,481][INFO ][o.e.p.PluginsService     ] [ht0EVsn] loaded module [aggs-matrix-stats]
[2016-11-05T18:49:24,482][INFO ][o.e.p.PluginsService     ] [ht0EVsn] loaded module [ingest-common]
[2016-11-05T18:49:24,482][INFO ][o.e.p.PluginsService     ] [ht0EVsn] loaded module [lang-expression]
[2016-11-05T18:49:24,482][INFO ][o.e.p.PluginsService     ] [ht0EVsn] loaded module [lang-groovy]
[2016-11-05T18:49:24,482][INFO ][o.e.p.PluginsService     ] [ht0EVsn] loaded module [lang-mustache]
[2016-11-05T18:49:24,482][INFO ][o.e.p.PluginsService     ] [ht0EVsn] loaded module [lang-painless]
[2016-11-05T18:49:24,483][INFO ][o.e.p.PluginsService     ] [ht0EVsn] loaded module [percolator]
[2016-11-05T18:49:24,483][INFO ][o.e.p.PluginsService     ] [ht0EVsn] loaded module [reindex]
[2016-11-05T18:49:24,483][INFO ][o.e.p.PluginsService     ] [ht0EVsn] loaded module [transport-netty3]
[2016-11-05T18:49:24,483][INFO ][o.e.p.PluginsService     ] [ht0EVsn] loaded module [transport-netty4]
[2016-11-05T18:49:24,483][INFO ][o.e.p.PluginsService     ] [ht0EVsn] no plugins loaded
[2016-11-05T18:49:54,698][INFO ][o.e.n.Node               ] [ht0EVsn] initialized
[2016-11-05T18:49:54,698][INFO ][o.e.n.Node               ] [ht0EVsn] starting ...
[2016-11-05T18:49:57,754][INFO ][o.e.t.TransportService   ] [ht0EVsn] publish_address {127.0.0.1:9300}, bound_addresses {[::1]:9300}, {127.0.0.1:9300}
[2016-11-05T18:49:57,778][WARN ][o.e.b.BootstrapCheck     ] [ht0EVsn] max file descriptors [8192] for elasticsearch process likely too low, increase to at least [65536]
[2016-11-05T18:49:57,779][WARN ][o.e.b.BootstrapCheck     ] [ht0EVsn] max virtual memory areas vm.max_map_count [65530] likely too low, increase to at least [262144]
[2016-11-05T18:50:00,124][WARN ][o.e.m.j.JvmGcMonitorService] [ht0EVsn] [gc][young][4][1] duration [2.2s], collections [1]/[2.3s], total [2.2s]/[2.2s], memory [532.5mb]->[77.3mb]/[1.9gb], all_pools {[young] [532.5mb]->[36.4mb]/[532.5mb]}{[survivor] [0b]->[46.2mb]/[66.5mb]}{[old] [0b]->[0b]/[1.3gb]}
[2016-11-05T18:50:00,150][WARN ][o.e.m.j.JvmGcMonitorService] [ht0EVsn] [gc][4] overhead, spent [2.2s] collecting in the last [2.3s]
[2016-11-05T18:50:03,384][INFO ][o.e.c.s.ClusterService   ] [ht0EVsn] new_master {ht0EVsn}{ht0EVsnlRuyePr1G07P69g}{xijkF7eZRFGtjN_zk-Hltw}{127.0.0.1}{127.0.0.1:9300}, reason: zen-disco-elected-as-master ([0] nodes joined)
[2016-11-05T18:50:03,417][INFO ][o.e.h.HttpServer         ] [ht0EVsn] publish_address {127.0.0.1:9200}, bound_addresses {[::1]:9200}, {127.0.0.1:9200}
[2016-11-05T18:50:03,417][INFO ][o.e.n.Node               ] [ht0EVsn] started
[2016-11-05T18:50:03,443][INFO ][o.e.g.GatewayService     ] [ht0EVsn] recovered [0] indices into cluster_state
[2016-11-05T19:16:46,876][INFO ][o.e.n.Node               ] [ht0EVsn] stopping ...
[2016-11-05T19:16:47,056][INFO ][o.e.n.Node               ] [ht0EVsn] stopped
[2016-11-05T19:16:47,057][INFO ][o.e.n.Node               ] [ht0EVsn] closing ...
[2016-11-05T19:16:47,066][INFO ][o.e.n.Node               ] [ht0EVsn] closed
[2016-11-05T19:24:04,484][INFO ][o.e.n.Node               ] [] initializing ...
[2016-11-05T19:24:04,720][INFO ][o.e.e.NodeEnvironment    ] [ht0EVsn] using [1] data paths, mounts [[/ (none)]], net usable_space [2.8gb], net total_space [5.2gb], spins? [possibly], types [aufs]
[2016-11-05T19:24:04,721][INFO ][o.e.e.NodeEnvironment    ] [ht0EVsn] heap size [1.9gb], compressed ordinary object pointers [true]
[2016-11-05T19:24:04,725][INFO ][o.e.n.Node               ] [ht0EVsn] node name [ht0EVsn] derived from node ID; set [node.name] to override
[2016-11-05T19:24:04,729][INFO ][o.e.n.Node               ] [ht0EVsn] version[5.0.0], pid[13980], build[253032b/2016-10-26T04:37:51.531Z], OS[Linux/4.2.0-c9/amd64], JVM[Oracle Corporation/Java HotSpot(TM) 64-Bit Server VM/1.8.0_111/25.111-b14]
[2016-11-05T19:24:13,179][INFO ][o.e.p.PluginsService     ] [ht0EVsn] loaded module [aggs-matrix-stats]
[2016-11-05T19:24:13,179][INFO ][o.e.p.PluginsService     ] [ht0EVsn] loaded module [ingest-common]
[2016-11-05T19:24:13,179][INFO ][o.e.p.PluginsService     ] [ht0EVsn] loaded module [lang-expression]
[2016-11-05T19:24:13,180][INFO ][o.e.p.PluginsService     ] [ht0EVsn] loaded module [lang-groovy]
[2016-11-05T19:24:13,180][INFO ][o.e.p.PluginsService     ] [ht0EVsn] loaded module [lang-mustache]
[2016-11-05T19:24:13,180][INFO ][o.e.p.PluginsService     ] [ht0EVsn] loaded module [lang-painless]
[2016-11-05T19:24:13,180][INFO ][o.e.p.PluginsService     ] [ht0EVsn] loaded module [percolator]
[2016-11-05T19:24:13,180][INFO ][o.e.p.PluginsService     ] [ht0EVsn] loaded module [reindex]
[2016-11-05T19:24:13,181][INFO ][o.e.p.PluginsService     ] [ht0EVsn] loaded module [transport-netty3]
[2016-11-05T19:24:13,181][INFO ][o.e.p.PluginsService     ] [ht0EVsn] loaded module [transport-netty4]
[2016-11-05T19:24:13,182][INFO ][o.e.p.PluginsService     ] [ht0EVsn] no plugins loaded
[2016-11-05T19:24:27,813][INFO ][o.e.n.Node               ] [ht0EVsn] initialized
[2016-11-05T19:24:27,814][INFO ][o.e.n.Node               ] [ht0EVsn] starting ...
[2016-11-05T19:24:30,278][WARN ][o.e.m.j.JvmGcMonitorService] [ht0EVsn] [gc][young][1][1] duration [1.5s], collections [1]/[2.4s], total [1.5s]/[1.5s], memory [521.9mb]->[56.7mb]/[1.9gb], all_pools {[young] [521.9mb]->[15.9mb]/[532.5mb]}{[survivor] [0b]->[46mb]/[66.5mb]}{[old] [0b]->[0b]/[1.3gb]}
[2016-11-05T19:24:30,280][WARN ][o.e.m.j.JvmGcMonitorService] [ht0EVsn] [gc][1] overhead, spent [1.5s] collecting in the last [2.4s]
[2016-11-05T19:24:30,303][INFO ][o.e.t.TransportService   ] [ht0EVsn] publish_address {127.0.0.1:9300}, bound_addresses {[::1]:9300}, {127.0.0.1:9300}
[2016-11-05T19:24:30,326][WARN ][o.e.b.BootstrapCheck     ] [ht0EVsn] max file descriptors [8192] for elasticsearch process likely too low, increase to at least [65536]
[2016-11-05T19:24:30,327][WARN ][o.e.b.BootstrapCheck     ] [ht0EVsn] max virtual memory areas vm.max_map_count [65530] likely too low, increase to at least [262144]
[2016-11-05T19:24:33,568][INFO ][o.e.c.s.ClusterService   ] [ht0EVsn] new_master {ht0EVsn}{ht0EVsnlRuyePr1G07P69g}{srkeoAgGSwWo9JFFD5HwxQ}{127.0.0.1}{127.0.0.1:9300}, reason: zen-disco-elected-as-master ([0] nodes joined)
[2016-11-05T19:24:33,612][INFO ][o.e.h.HttpServer         ] [ht0EVsn] publish_address {127.0.0.1:9200}, bound_addresses {[::1]:9200}, {127.0.0.1:9200}
[2016-11-05T19:24:33,613][INFO ][o.e.n.Node               ] [ht0EVsn] started
[2016-11-05T19:24:33,614][INFO ][o.e.g.GatewayService     ] [ht0EVsn] recovered [0] indices into cluster_state
[2016-11-05T19:25:56,545][INFO ][o.e.c.m.MetaDataCreateIndexService] [ht0EVsn] [vehicles_development_20161105192556271] creating index, cause [api], templates [], shards [5]/[1], mappings [_default_]
[2016-11-05T19:25:57,624][INFO ][o.e.c.m.MetaDataMappingService] [ht0EVsn] [vehicles_development_20161105192556271/XDGcef1MQkaT3fOuVU8ljQ] create_mapping [vehicle]
[2016-11-05T19:27:13,292][INFO ][o.e.n.Node               ] [] initializing ...
[2016-11-05T19:27:13,469][INFO ][o.e.e.NodeEnvironment    ] [ht0EVsn] using [1] data paths, mounts [[/ (none)]], net usable_space [2.8gb], net total_space [5.2gb], spins? [possibly], types [aufs]
[2016-11-05T19:27:13,470][INFO ][o.e.e.NodeEnvironment    ] [ht0EVsn] heap size [1.9gb], compressed ordinary object pointers [true]
[2016-11-05T19:27:13,492][INFO ][o.e.n.Node               ] [ht0EVsn] node name [ht0EVsn] derived from node ID; set [node.name] to override
[2016-11-05T19:27:13,495][INFO ][o.e.n.Node               ] [ht0EVsn] version[5.0.0], pid[16063], build[253032b/2016-10-26T04:37:51.531Z], OS[Linux/4.2.0-c9/amd64], JVM[Oracle Corporation/Java HotSpot(TM) 64-Bit Server VM/1.8.0_111/25.111-b14]
[2016-11-05T19:27:15,867][INFO ][o.e.p.PluginsService     ] [ht0EVsn] loaded module [aggs-matrix-stats]
[2016-11-05T19:27:15,867][INFO ][o.e.p.PluginsService     ] [ht0EVsn] loaded module [ingest-common]
[2016-11-05T19:27:15,867][INFO ][o.e.p.PluginsService     ] [ht0EVsn] loaded module [lang-expression]
[2016-11-05T19:27:15,867][INFO ][o.e.p.PluginsService     ] [ht0EVsn] loaded module [lang-groovy]
[2016-11-05T19:27:15,867][INFO ][o.e.p.PluginsService     ] [ht0EVsn] loaded module [lang-mustache]
[2016-11-05T19:27:15,868][INFO ][o.e.p.PluginsService     ] [ht0EVsn] loaded module [lang-painless]
[2016-11-05T19:27:15,868][INFO ][o.e.p.PluginsService     ] [ht0EVsn] loaded module [percolator]
[2016-11-05T19:27:15,868][INFO ][o.e.p.PluginsService     ] [ht0EVsn] loaded module [reindex]
[2016-11-05T19:27:15,868][INFO ][o.e.p.PluginsService     ] [ht0EVsn] loaded module [transport-netty3]
[2016-11-05T19:27:15,868][INFO ][o.e.p.PluginsService     ] [ht0EVsn] loaded module [transport-netty4]
[2016-11-05T19:27:15,869][INFO ][o.e.p.PluginsService     ] [ht0EVsn] no plugins loaded
[2016-11-05T19:27:21,470][INFO ][o.e.n.Node               ] [ht0EVsn] initialized
[2016-11-05T19:27:21,470][INFO ][o.e.n.Node               ] [ht0EVsn] starting ...
[2016-11-05T19:27:21,819][INFO ][o.e.t.TransportService   ] [ht0EVsn] publish_address {127.0.0.1:9300}, bound_addresses {[::1]:9300}, {127.0.0.1:9300}
[2016-11-05T19:27:21,847][WARN ][o.e.b.BootstrapCheck     ] [ht0EVsn] max file descriptors [8192] for elasticsearch process likely too low, increase to at least [65536]
[2016-11-05T19:27:21,847][WARN ][o.e.b.BootstrapCheck     ] [ht0EVsn] max virtual memory areas vm.max_map_count [65530] likely too low, increase to at least [262144]
[2016-11-05T19:27:24,916][INFO ][o.e.c.s.ClusterService   ] [ht0EVsn] new_master {ht0EVsn}{ht0EVsnlRuyePr1G07P69g}{ug6Y6V1gSwOiHpb70gGQzw}{127.0.0.1}{127.0.0.1:9300}, reason: zen-disco-elected-as-master ([0] nodes joined)
[2016-11-05T19:27:24,934][INFO ][o.e.h.HttpServer         ] [ht0EVsn] publish_address {127.0.0.1:9200}, bound_addresses {[::1]:9200}, {127.0.0.1:9200}
[2016-11-05T19:27:24,934][INFO ][o.e.n.Node               ] [ht0EVsn] started
[2016-11-05T19:27:25,132][INFO ][o.e.g.GatewayService     ] [ht0EVsn] recovered [1] indices into cluster_state
[2016-11-05T19:27:28,664][INFO ][o.e.c.r.a.AllocationService] [ht0EVsn] Cluster health status changed from [RED] to [YELLOW] (reason: [shards started [[vehicles_development_20161105192556271][2]] ...]).
[2016-11-05T19:28:12,072][INFO ][o.e.c.m.MetaDataCreateIndexService] [ht0EVsn] [vehicles_development_20161105192812009] creating index, cause [api], templates [], shards [5]/[1], mappings [_default_]
[2016-11-05T19:28:12,828][INFO ][o.e.c.m.MetaDataMappingService] [ht0EVsn] [vehicles_development_20161105192812009/qylFE33TSOWebi4L2HsOOA] create_mapping [vehicle]
