[2017-02-04T20:46:36,010][INFO ][o.e.n.Node               ] [] initializing ...
[2017-02-04T20:46:36,420][INFO ][o.e.e.NodeEnvironment    ] [ht0EVsn] using [1] data paths, mounts [[/ (none)]], net usable_space [2.4gb], net total_space [5.2gb], spins? [possibly], types [aufs]
[2017-02-04T20:46:36,421][INFO ][o.e.e.NodeEnvironment    ] [ht0EVsn] heap size [1.9gb], compressed ordinary object pointers [true]
[2017-02-04T20:46:36,466][INFO ][o.e.n.Node               ] [ht0EVsn] node name [ht0EVsn] derived from node ID; set [node.name] to override
[2017-02-04T20:46:36,474][INFO ][o.e.n.Node               ] [ht0EVsn] version[5.0.0], pid[14414], build[253032b/2016-10-26T04:37:51.531Z], OS[Linux/4.8.2-c9/amd64], JVM[Oracle Corporation/Java HotSpot(TM) 64-Bit Server VM/1.8.0_111/25.111-b14]
[2017-02-04T20:47:15,767][INFO ][o.e.p.PluginsService     ] [ht0EVsn] loaded module [aggs-matrix-stats]
[2017-02-04T20:47:15,768][INFO ][o.e.p.PluginsService     ] [ht0EVsn] loaded module [ingest-common]
[2017-02-04T20:47:15,768][INFO ][o.e.p.PluginsService     ] [ht0EVsn] loaded module [lang-expression]
[2017-02-04T20:47:15,768][INFO ][o.e.p.PluginsService     ] [ht0EVsn] loaded module [lang-groovy]
[2017-02-04T20:47:15,769][INFO ][o.e.p.PluginsService     ] [ht0EVsn] loaded module [lang-mustache]
[2017-02-04T20:47:15,769][INFO ][o.e.p.PluginsService     ] [ht0EVsn] loaded module [lang-painless]
[2017-02-04T20:47:15,769][INFO ][o.e.p.PluginsService     ] [ht0EVsn] loaded module [percolator]
[2017-02-04T20:47:15,770][INFO ][o.e.p.PluginsService     ] [ht0EVsn] loaded module [reindex]
[2017-02-04T20:47:15,771][INFO ][o.e.p.PluginsService     ] [ht0EVsn] loaded module [transport-netty3]
[2017-02-04T20:47:15,771][INFO ][o.e.p.PluginsService     ] [ht0EVsn] loaded module [transport-netty4]
[2017-02-04T20:47:15,772][INFO ][o.e.p.PluginsService     ] [ht0EVsn] no plugins loaded
[2017-02-04T20:47:28,525][INFO ][o.e.n.Node               ] [ht0EVsn] initialized
[2017-02-04T20:47:28,525][INFO ][o.e.n.Node               ] [ht0EVsn] starting ...
[2017-02-04T20:47:31,925][INFO ][o.e.t.TransportService   ] [ht0EVsn] publish_address {127.0.0.1:9300}, bound_addresses {[::1]:9300}, {127.0.0.1:9300}
[2017-02-04T20:47:31,925][WARN ][o.e.m.j.JvmGcMonitorService] [ht0EVsn] [gc][young][1][1] duration [3s], collections [1]/[3.3s], total [3s]/[3s], memory [511.3mb]->[46.3mb]/[1.9gb], all_pools {[young] [511.3mb]->[5.3mb]/[532.5mb]}{[survivor] [0b]->[46.3mb]/[66.5mb]}{[old] [0b]->[0b]/[1.3gb]}
[2017-02-04T20:47:31,925][WARN ][o.e.m.j.JvmGcMonitorService] [ht0EVsn] [gc][1] overhead, spent [3s] collecting in the last [3.3s]
[2017-02-04T20:47:31,952][WARN ][o.e.b.BootstrapCheck     ] [ht0EVsn] max file descriptors [8192] for elasticsearch process likely too low, increase to at least [65536]
[2017-02-04T20:47:31,952][WARN ][o.e.b.BootstrapCheck     ] [ht0EVsn] max virtual memory areas vm.max_map_count [65530] likely too low, increase to at least [262144]
[2017-02-04T20:47:35,078][INFO ][o.e.c.s.ClusterService   ] [ht0EVsn] new_master {ht0EVsn}{ht0EVsnlRuyePr1G07P69g}{eHaWgCJqRwCBq7gGA6E-ZA}{127.0.0.1}{127.0.0.1:9300}, reason: zen-disco-elected-as-master ([0] nodes joined)
[2017-02-04T20:47:35,108][INFO ][o.e.h.HttpServer         ] [ht0EVsn] publish_address {127.0.0.1:9200}, bound_addresses {[::1]:9200}, {127.0.0.1:9200}
[2017-02-04T20:47:35,109][INFO ][o.e.n.Node               ] [ht0EVsn] started
[2017-02-04T20:47:35,603][INFO ][o.e.g.GatewayService     ] [ht0EVsn] recovered [2] indices into cluster_state
[2017-02-04T20:47:36,653][INFO ][o.e.c.r.a.AllocationService] [ht0EVsn] Cluster health status changed from [RED] to [YELLOW] (reason: [shards started [[vehicles_development_20161105192812009][2]] ...]).
[2017-02-04T21:42:16,587][WARN ][o.e.m.j.JvmGcMonitorService] [ht0EVsn] [gc][young][3279][2] duration [3.3s], collections [1]/[3.7s], total [3.3s]/[6.4s], memory [577.2mb]->[102.8mb]/[1.9gb], all_pools {[young] [530.8mb]->[3.4mb]/[532.5mb]}{[survivor] [46.3mb]->[66.4mb]/[66.5mb]}{[old] [0b]->[36.3mb]/[1.3gb]}
[2017-02-04T21:42:16,588][WARN ][o.e.m.j.JvmGcMonitorService] [ht0EVsn] [gc][3279] overhead, spent [3.3s] collecting in the last [3.7s]
[2017-02-04T23:41:25,410][WARN ][o.e.m.j.JvmGcMonitorService] [ht0EVsn] [gc][young][10424][3] duration [2.1s], collections [1]/[2.7s], total [2.1s]/[8.5s], memory [635.4mb]->[83.2mb]/[1.9gb], all_pools {[young] [532.5mb]->[6.9mb]/[532.5mb]}{[survivor] [66.4mb]->[4.8mb]/[66.5mb]}{[old] [36.3mb]->[76.1mb]/[1.3gb]}
[2017-02-04T23:41:25,411][WARN ][o.e.m.j.JvmGcMonitorService] [ht0EVsn] [gc][10424] overhead, spent [2.1s] collecting in the last [2.7s]
