[2017-07-15T14:58:24,535][INFO ][o.e.n.Node               ] [ht0EVsn] stopping ...
[2017-07-15T14:58:24,817][INFO ][o.e.n.Node               ] [ht0EVsn] stopped
[2017-07-15T14:58:24,819][INFO ][o.e.n.Node               ] [ht0EVsn] closing ...
[2017-07-15T14:58:24,850][INFO ][o.e.n.Node               ] [ht0EVsn] closed
[2017-07-15T14:58:36,686][INFO ][o.e.n.Node               ] [] initializing ...
[2017-07-15T14:58:36,857][INFO ][o.e.e.NodeEnvironment    ] [ht0EVsn] using [1] data paths, mounts [[/ (none)]], net usable_space [7gb], net total_space [10.6gb], spins? [possibly], types [aufs]
[2017-07-15T14:58:36,858][INFO ][o.e.e.NodeEnvironment    ] [ht0EVsn] heap size [1.9gb], compressed ordinary object pointers [true]
[2017-07-15T14:58:36,915][INFO ][o.e.n.Node               ] [ht0EVsn] node name [ht0EVsn] derived from node ID; set [node.name] to override
[2017-07-15T14:58:36,919][INFO ][o.e.n.Node               ] [ht0EVsn] version[5.0.0], pid[18530], build[253032b/2016-10-26T04:37:51.531Z], OS[Linux/4.9.17-c9/amd64], JVM[Oracle Corporation/Java HotSpot(TM) 64-Bit Server VM/1.8.0_111/25.111-b14]
[2017-07-15T14:58:40,060][INFO ][o.e.p.PluginsService     ] [ht0EVsn] loaded module [aggs-matrix-stats]
[2017-07-15T14:58:40,062][INFO ][o.e.p.PluginsService     ] [ht0EVsn] loaded module [ingest-common]
[2017-07-15T14:58:40,063][INFO ][o.e.p.PluginsService     ] [ht0EVsn] loaded module [lang-expression]
[2017-07-15T14:58:40,064][INFO ][o.e.p.PluginsService     ] [ht0EVsn] loaded module [lang-groovy]
[2017-07-15T14:58:40,065][INFO ][o.e.p.PluginsService     ] [ht0EVsn] loaded module [lang-mustache]
[2017-07-15T14:58:40,066][INFO ][o.e.p.PluginsService     ] [ht0EVsn] loaded module [lang-painless]
[2017-07-15T14:58:40,068][INFO ][o.e.p.PluginsService     ] [ht0EVsn] loaded module [percolator]
[2017-07-15T14:58:40,069][INFO ][o.e.p.PluginsService     ] [ht0EVsn] loaded module [reindex]
[2017-07-15T14:58:40,071][INFO ][o.e.p.PluginsService     ] [ht0EVsn] loaded module [transport-netty3]
[2017-07-15T14:58:40,072][INFO ][o.e.p.PluginsService     ] [ht0EVsn] loaded module [transport-netty4]
[2017-07-15T14:58:40,073][INFO ][o.e.p.PluginsService     ] [ht0EVsn] no plugins loaded
[2017-07-15T14:58:48,313][INFO ][o.e.n.Node               ] [ht0EVsn] initialized
[2017-07-15T14:58:48,313][INFO ][o.e.n.Node               ] [ht0EVsn] starting ...
[2017-07-15T14:58:49,117][INFO ][o.e.t.TransportService   ] [ht0EVsn] publish_address {127.0.0.1:9300}, bound_addresses {[::1]:9300}, {127.0.0.1:9300}
[2017-07-15T14:58:49,150][WARN ][o.e.b.BootstrapCheck     ] [ht0EVsn] max file descriptors [8192] for elasticsearch process likely too low, increase to at least [65536]
[2017-07-15T14:58:49,150][WARN ][o.e.b.BootstrapCheck     ] [ht0EVsn] max virtual memory areas vm.max_map_count [65530] likely too low, increase to at least [262144]
[2017-07-15T14:58:52,430][INFO ][o.e.c.s.ClusterService   ] [ht0EVsn] new_master {ht0EVsn}{ht0EVsnlRuyePr1G07P69g}{Y12U37omT-ubZt4oH2BtpQ}{127.0.0.1}{127.0.0.1:9300}, reason: zen-disco-elected-as-master ([0] nodes joined)
[2017-07-15T14:58:52,499][INFO ][o.e.h.HttpServer         ] [ht0EVsn] publish_address {127.0.0.1:9200}, bound_addresses {[::1]:9200}, {127.0.0.1:9200}
[2017-07-15T14:58:52,501][INFO ][o.e.n.Node               ] [ht0EVsn] started
[2017-07-15T14:58:54,141][INFO ][o.e.g.GatewayService     ] [ht0EVsn] recovered [3] indices into cluster_state
[2017-07-15T14:58:57,321][INFO ][o.e.c.r.a.AllocationService] [ht0EVsn] Cluster health status changed from [RED] to [YELLOW] (reason: [shards started [[vehicles][1]] ...]).
[2017-07-15T15:07:12,947][WARN ][o.e.m.j.JvmGcMonitorService] [ht0EVsn] [gc][young][274][2] duration [4s], collections [1]/[5.1s], total [4s]/[4.2s], memory [560.4mb]->[217.3mb]/[1.9gb], all_pools {[young] [514mb]->[4.8mb]/[532.5mb]}{[survivor] [46.3mb]->[66.5mb]/[66.5mb]}{[old] [0b]->[149.4mb]/[1.3gb]}
[2017-07-15T15:07:12,952][WARN ][o.e.m.j.JvmGcMonitorService] [ht0EVsn] [gc][274] overhead, spent [4s] collecting in the last [5.1s]
[2017-07-15T16:05:37,880][WARN ][o.e.m.j.JvmGcMonitorService] [ht0EVsn] [gc][young][3766][3] duration [8.7s], collections [1]/[9.3s], total [8.7s]/[13s], memory [747.9mb]->[296.8mb]/[1.9gb], all_pools {[young] [531.9mb]->[4mb]/[532.5mb]}{[survivor] [66.5mb]->[55.6mb]/[66.5mb]}{[old] [149.4mb]->[239.4mb]/[1.3gb]}
[2017-07-15T16:05:37,881][WARN ][o.e.m.j.JvmGcMonitorService] [ht0EVsn] [gc][3766] overhead, spent [8.7s] collecting in the last [9.3s]
[2017-07-15T17:29:48,149][WARN ][o.e.m.j.JvmGcMonitorService] [ht0EVsn] [gc][young][8810][4] duration [4.8s], collections [1]/[5.3s], total [4.8s]/[17.8s], memory [827.6mb]->[294.3mb]/[1.9gb], all_pools {[young] [532.5mb]->[3.7mb]/[532.5mb]}{[survivor] [55.6mb]->[2.3mb]/[66.5mb]}{[old] [239.4mb]->[289.8mb]/[1.3gb]}
[2017-07-15T17:29:48,151][WARN ][o.e.m.j.JvmGcMonitorService] [ht0EVsn] [gc][8810] overhead, spent [4.8s] collecting in the last [5.3s]
