[2017-05-09T01:21:50,437][WARN ][o.e.m.j.JvmGcMonitorService] [ht0EVsn] [gc][young][7966][4] duration [4.9s], collections [1]/[5.3s], total [4.9s]/[15.2s], memory [826.7mb]->[294.6mb]/[1.9gb], all_pools {[young] [532.5mb]->[3.7mb]/[532.5mb]}{[survivor] [55.6mb]->[2.9mb]/[66.5mb]}{[old] [238.5mb]->[289.5mb]/[1.3gb]}
[2017-05-09T01:21:50,469][WARN ][o.e.m.j.JvmGcMonitorService] [ht0EVsn] [gc][7966] overhead, spent [4.9s] collecting in the last [5.3s]
[2017-05-09T16:31:17,725][INFO ][o.e.n.Node               ] [] initializing ...
[2017-05-09T16:31:18,315][INFO ][o.e.e.NodeEnvironment    ] [ht0EVsn] using [1] data paths, mounts [[/ (none)]], net usable_space [2.1gb], net total_space [5.2gb], spins? [possibly], types [aufs]
[2017-05-09T16:31:18,317][INFO ][o.e.e.NodeEnvironment    ] [ht0EVsn] heap size [1.9gb], compressed ordinary object pointers [true]
[2017-05-09T16:31:18,501][INFO ][o.e.n.Node               ] [ht0EVsn] node name [ht0EVsn] derived from node ID; set [node.name] to override
[2017-05-09T16:31:18,505][INFO ][o.e.n.Node               ] [ht0EVsn] version[5.0.0], pid[205036], build[253032b/2016-10-26T04:37:51.531Z], OS[Linux/4.9.17-c9/amd64], JVM[Oracle Corporation/Java HotSpot(TM) 64-Bit Server VM/1.8.0_111/25.111-b14]
[2017-05-09T16:36:30,057][INFO ][o.e.p.PluginsService     ] [ht0EVsn] loaded module [aggs-matrix-stats]
[2017-05-09T16:36:30,057][INFO ][o.e.p.PluginsService     ] [ht0EVsn] loaded module [ingest-common]
[2017-05-09T16:36:30,057][INFO ][o.e.p.PluginsService     ] [ht0EVsn] loaded module [lang-expression]
[2017-05-09T16:36:30,058][INFO ][o.e.p.PluginsService     ] [ht0EVsn] loaded module [lang-groovy]
[2017-05-09T16:36:30,059][INFO ][o.e.p.PluginsService     ] [ht0EVsn] loaded module [lang-mustache]
[2017-05-09T16:36:30,059][INFO ][o.e.p.PluginsService     ] [ht0EVsn] loaded module [lang-painless]
[2017-05-09T16:36:30,059][INFO ][o.e.p.PluginsService     ] [ht0EVsn] loaded module [percolator]
[2017-05-09T16:36:30,060][INFO ][o.e.p.PluginsService     ] [ht0EVsn] loaded module [reindex]
[2017-05-09T16:36:30,060][INFO ][o.e.p.PluginsService     ] [ht0EVsn] loaded module [transport-netty3]
[2017-05-09T16:36:30,061][INFO ][o.e.p.PluginsService     ] [ht0EVsn] loaded module [transport-netty4]
[2017-05-09T16:36:30,063][INFO ][o.e.p.PluginsService     ] [ht0EVsn] no plugins loaded
[2017-05-09T16:37:09,455][INFO ][o.e.n.Node               ] [ht0EVsn] initialized
[2017-05-09T16:37:09,458][INFO ][o.e.n.Node               ] [ht0EVsn] starting ...
[2017-05-09T16:37:11,232][INFO ][o.e.t.TransportService   ] [ht0EVsn] publish_address {127.0.0.1:9300}, bound_addresses {[::1]:9300}, {127.0.0.1:9300}
[2017-05-09T16:37:11,252][WARN ][o.e.b.BootstrapCheck     ] [ht0EVsn] max file descriptors [8192] for elasticsearch process likely too low, increase to at least [65536]
[2017-05-09T16:37:11,253][WARN ][o.e.b.BootstrapCheck     ] [ht0EVsn] max virtual memory areas vm.max_map_count [65530] likely too low, increase to at least [262144]
[2017-05-09T16:37:11,471][INFO ][o.e.m.j.JvmGcMonitorService] [ht0EVsn] [gc][2] overhead, spent [278ms] collecting in the last [1s]
[2017-05-09T16:37:21,627][INFO ][o.e.c.s.ClusterService   ] [ht0EVsn] new_master {ht0EVsn}{ht0EVsnlRuyePr1G07P69g}{dbN0lWdcQTqs3u0-FItEsA}{127.0.0.1}{127.0.0.1:9300}, reason: zen-disco-elected-as-master ([0] nodes joined)
[2017-05-09T16:37:22,096][INFO ][o.e.h.HttpServer         ] [ht0EVsn] publish_address {127.0.0.1:9200}, bound_addresses {[::1]:9200}, {127.0.0.1:9200}
[2017-05-09T16:37:22,098][INFO ][o.e.n.Node               ] [ht0EVsn] started
[2017-05-09T16:37:25,445][INFO ][o.e.g.GatewayService     ] [ht0EVsn] recovered [3] indices into cluster_state
[2017-05-09T16:37:29,430][INFO ][o.e.m.j.JvmGcMonitorService] [ht0EVsn] [gc][15] overhead, spent [352ms] collecting in the last [1.1s]
[2017-05-09T16:37:34,326][INFO ][o.e.c.r.a.AllocationService] [ht0EVsn] Cluster health status changed from [RED] to [YELLOW] (reason: [shards started [[vehicles][0]] ...]).
[2017-05-09T16:45:46,411][WARN ][o.e.m.j.JvmGcMonitorService] [ht0EVsn] [gc][young][436][2] duration [4.9s], collections [1]/[5.7s], total [4.9s]/[5.2s], memory [539.7mb]->[168mb]/[1.9gb], all_pools {[young] [493.4mb]->[22.2mb]/[532.5mb]}{[survivor] [46.2mb]->[66.5mb]/[66.5mb]}{[old] [0b]->[85.5mb]/[1.3gb]}
[2017-05-09T16:45:46,415][WARN ][o.e.m.j.JvmGcMonitorService] [ht0EVsn] [gc][436] overhead, spent [4.9s] collecting in the last [5.7s]
