[2016-12-04T00:55:06,929][INFO ][o.e.n.Node               ] [ht0EVsn] stopping ...
[2016-12-04T00:55:07,065][INFO ][o.e.n.Node               ] [ht0EVsn] stopped
[2016-12-04T00:55:07,066][INFO ][o.e.n.Node               ] [ht0EVsn] closing ...
[2016-12-04T00:55:07,094][INFO ][o.e.n.Node               ] [ht0EVsn] closed
[2016-12-04T21:37:12,404][INFO ][o.e.n.Node               ] [] initializing ...
[2016-12-04T21:37:13,072][INFO ][o.e.e.NodeEnvironment    ] [ht0EVsn] using [1] data paths, mounts [[/ (none)]], net usable_space [2.4gb], net total_space [5.2gb], spins? [possibly], types [aufs]
[2016-12-04T21:37:13,075][INFO ][o.e.e.NodeEnvironment    ] [ht0EVsn] heap size [1.9gb], compressed ordinary object pointers [true]
[2016-12-04T21:37:13,452][INFO ][o.e.n.Node               ] [ht0EVsn] node name [ht0EVsn] derived from node ID; set [node.name] to override
[2016-12-04T21:37:13,612][INFO ][o.e.n.Node               ] [ht0EVsn] version[5.0.0], pid[4015], build[253032b/2016-10-26T04:37:51.531Z], OS[Linux/4.2.0-c9/amd64], JVM[Oracle Corporation/Java HotSpot(TM) 64-Bit Server VM/1.8.0_111/25.111-b14]
[2016-12-04T21:37:25,772][INFO ][o.e.p.PluginsService     ] [ht0EVsn] loaded module [aggs-matrix-stats]
[2016-12-04T21:37:25,772][INFO ][o.e.p.PluginsService     ] [ht0EVsn] loaded module [ingest-common]
[2016-12-04T21:37:25,772][INFO ][o.e.p.PluginsService     ] [ht0EVsn] loaded module [lang-expression]
[2016-12-04T21:37:25,772][INFO ][o.e.p.PluginsService     ] [ht0EVsn] loaded module [lang-groovy]
[2016-12-04T21:37:25,772][INFO ][o.e.p.PluginsService     ] [ht0EVsn] loaded module [lang-mustache]
[2016-12-04T21:37:25,773][INFO ][o.e.p.PluginsService     ] [ht0EVsn] loaded module [lang-painless]
[2016-12-04T21:37:25,773][INFO ][o.e.p.PluginsService     ] [ht0EVsn] loaded module [percolator]
[2016-12-04T21:37:25,773][INFO ][o.e.p.PluginsService     ] [ht0EVsn] loaded module [reindex]
[2016-12-04T21:37:25,774][INFO ][o.e.p.PluginsService     ] [ht0EVsn] loaded module [transport-netty3]
[2016-12-04T21:37:25,774][INFO ][o.e.p.PluginsService     ] [ht0EVsn] loaded module [transport-netty4]
[2016-12-04T21:37:25,777][INFO ][o.e.p.PluginsService     ] [ht0EVsn] no plugins loaded
[2016-12-04T21:37:36,537][INFO ][o.e.n.Node               ] [ht0EVsn] initialized
[2016-12-04T21:37:36,553][INFO ][o.e.n.Node               ] [ht0EVsn] starting ...
[2016-12-04T21:37:37,238][INFO ][o.e.t.TransportService   ] [ht0EVsn] publish_address {127.0.0.1:9300}, bound_addresses {[::1]:9300}, {127.0.0.1:9300}
[2016-12-04T21:37:37,358][WARN ][o.e.b.BootstrapCheck     ] [ht0EVsn] max file descriptors [8192] for elasticsearch process likely too low, increase to at least [65536]
[2016-12-04T21:37:37,358][WARN ][o.e.b.BootstrapCheck     ] [ht0EVsn] max virtual memory areas vm.max_map_count [65530] likely too low, increase to at least [262144]
[2016-12-04T21:37:40,759][INFO ][o.e.c.s.ClusterService   ] [ht0EVsn] new_master {ht0EVsn}{ht0EVsnlRuyePr1G07P69g}{Ej3NMNqeS5Ss22JA62d9WA}{127.0.0.1}{127.0.0.1:9300}, reason: zen-disco-elected-as-master ([0] nodes joined)
[2016-12-04T21:37:40,817][INFO ][o.e.h.HttpServer         ] [ht0EVsn] publish_address {127.0.0.1:9200}, bound_addresses {[::1]:9200}, {127.0.0.1:9200}
[2016-12-04T21:37:40,818][INFO ][o.e.n.Node               ] [ht0EVsn] started
[2016-12-04T21:37:41,369][INFO ][o.e.g.GatewayService     ] [ht0EVsn] recovered [1] indices into cluster_state
[2016-12-04T21:37:42,247][INFO ][o.e.c.r.a.AllocationService] [ht0EVsn] Cluster health status changed from [RED] to [YELLOW] (reason: [shards started [[vehicles_development_20161105192812009][4]] ...]).
[2016-12-04T22:55:56,135][WARN ][o.e.m.j.JvmGcMonitorService] [ht0EVsn] [gc][young][4692][2] duration [3.5s], collections [1]/[4s], total [3.5s]/[3.6s], memory [578.3mb]->[119mb]/[1.9gb], all_pools {[young] [531.9mb]->[5.3mb]/[532.5mb]}{[survivor] [46.3mb]->[66.4mb]/[66.5mb]}{[old] [0b]->[50.7mb]/[1.3gb]}
[2016-12-04T22:55:56,136][WARN ][o.e.m.j.JvmGcMonitorService] [ht0EVsn] [gc][4692] overhead, spent [3.5s] collecting in the last [4s]
