[2017-11-15T01:40:33,248][INFO ][o.e.n.Node               ] [] initializing ...
[2017-11-15T01:40:33,449][INFO ][o.e.e.NodeEnvironment    ] [ht0EVsn] using [1] data paths, mounts [[/ (none)]], net usable_space [6.3gb], net total_space [10.6gb], spins? [possibly], types [aufs]
[2017-11-15T01:40:33,450][INFO ][o.e.e.NodeEnvironment    ] [ht0EVsn] heap size [1.9gb], compressed ordinary object pointers [true]
[2017-11-15T01:40:33,522][INFO ][o.e.n.Node               ] [ht0EVsn] node name [ht0EVsn] derived from node ID; set [node.name] to override
[2017-11-15T01:40:33,525][INFO ][o.e.n.Node               ] [ht0EVsn] version[5.0.0], pid[2488], build[253032b/2016-10-26T04:37:51.531Z], OS[Linux/4.9.17-c9/amd64], JVM[Oracle Corporation/Java HotSpot(TM) 64-Bit Server VM/1.8.0_111/25.111-b14]
[2017-11-15T01:40:36,342][INFO ][o.e.p.PluginsService     ] [ht0EVsn] loaded module [aggs-matrix-stats]
[2017-11-15T01:40:36,343][INFO ][o.e.p.PluginsService     ] [ht0EVsn] loaded module [ingest-common]
[2017-11-15T01:40:36,343][INFO ][o.e.p.PluginsService     ] [ht0EVsn] loaded module [lang-expression]
[2017-11-15T01:40:36,343][INFO ][o.e.p.PluginsService     ] [ht0EVsn] loaded module [lang-groovy]
[2017-11-15T01:40:36,344][INFO ][o.e.p.PluginsService     ] [ht0EVsn] loaded module [lang-mustache]
[2017-11-15T01:40:36,344][INFO ][o.e.p.PluginsService     ] [ht0EVsn] loaded module [lang-painless]
[2017-11-15T01:40:36,344][INFO ][o.e.p.PluginsService     ] [ht0EVsn] loaded module [percolator]
[2017-11-15T01:40:36,344][INFO ][o.e.p.PluginsService     ] [ht0EVsn] loaded module [reindex]
[2017-11-15T01:40:36,344][INFO ][o.e.p.PluginsService     ] [ht0EVsn] loaded module [transport-netty3]
[2017-11-15T01:40:36,345][INFO ][o.e.p.PluginsService     ] [ht0EVsn] loaded module [transport-netty4]
[2017-11-15T01:40:36,345][INFO ][o.e.p.PluginsService     ] [ht0EVsn] no plugins loaded
[2017-11-15T01:40:42,183][INFO ][o.e.n.Node               ] [ht0EVsn] initialized
[2017-11-15T01:40:42,184][INFO ][o.e.n.Node               ] [ht0EVsn] starting ...
[2017-11-15T01:40:42,988][INFO ][o.e.t.TransportService   ] [ht0EVsn] publish_address {127.0.0.1:9300}, bound_addresses {[::1]:9300}, {127.0.0.1:9300}
[2017-11-15T01:40:42,997][WARN ][o.e.b.BootstrapCheck     ] [ht0EVsn] max file descriptors [8192] for elasticsearch process likely too low, increase to at least [65536]
[2017-11-15T01:40:42,997][WARN ][o.e.b.BootstrapCheck     ] [ht0EVsn] max virtual memory areas vm.max_map_count [65530] likely too low, increase to at least [262144]
[2017-11-15T01:40:43,188][WARN ][o.e.m.j.JvmGcMonitorService] [ht0EVsn] [gc][1] overhead, spent [556ms] collecting in the last [1s]
[2017-11-15T01:40:46,561][INFO ][o.e.c.s.ClusterService   ] [ht0EVsn] new_master {ht0EVsn}{ht0EVsnlRuyePr1G07P69g}{t_XUTRvoQnSafZKF3vcgQg}{127.0.0.1}{127.0.0.1:9300}, reason: zen-disco-elected-as-master ([0] nodes joined)
[2017-11-15T01:40:46,582][INFO ][o.e.h.HttpServer         ] [ht0EVsn] publish_address {127.0.0.1:9200}, bound_addresses {[::1]:9200}, {127.0.0.1:9200}
[2017-11-15T01:40:46,583][INFO ][o.e.n.Node               ] [ht0EVsn] started
[2017-11-15T01:40:47,414][INFO ][o.e.g.GatewayService     ] [ht0EVsn] recovered [5] indices into cluster_state
[2017-11-15T01:40:48,979][INFO ][o.e.c.r.a.AllocationService] [ht0EVsn] Cluster health status changed from [RED] to [YELLOW] (reason: [shards started [[vehicles][4], [vehicles][3], [vehicles][2]] ...]).
[2017-11-15T02:53:07,735][INFO ][o.e.m.j.JvmGcMonitorService] [ht0EVsn] [gc][young][4319][2] duration [911ms], collections [1]/[1s], total [911ms]/[1s], memory [579mb]->[81.5mb]/[1.9gb], all_pools {[young] [532.5mb]->[12.3mb]/[532.5mb]}{[survivor] [46.5mb]->[52.9mb]/[66.5mb]}{[old] [0b]->[16.3mb]/[1.3gb]}
[2017-11-15T02:53:07,737][WARN ][o.e.m.j.JvmGcMonitorService] [ht0EVsn] [gc][4319] overhead, spent [911ms] collecting in the last [1s]
[2017-11-15T13:03:59,184][INFO ][o.e.m.j.JvmGcMonitorService] [ht0EVsn] [gc][40956] overhead, spent [668ms] collecting in the last [1.6s]
[2017-11-15T15:29:26,350][WARN ][o.e.m.j.JvmGcMonitorService] [ht0EVsn] [gc][young][49680][7] duration [1.9s], collections [1]/[1.9s], total [1.9s]/[4.1s], memory [609mb]->[92.5mb]/[1.9gb], all_pools {[young] [532.5mb]->[1.2mb]/[532.5mb]}{[survivor] [20.4mb]->[35.4mb]/[66.5mb]}{[old] [55.9mb]->[55.9mb]/[1.3gb]}
[2017-11-15T15:29:26,354][WARN ][o.e.m.j.JvmGcMonitorService] [ht0EVsn] [gc][49680] overhead, spent [1.9s] collecting in the last [1.9s]
[2017-11-15T17:59:28,165][WARN ][o.e.m.j.JvmGcMonitorService] [ht0EVsn] [gc][young][58678][8] duration [2.3s], collections [1]/[2.4s], total [2.3s]/[6.5s], memory [621.4mb]->[95.6mb]/[1.9gb], all_pools {[young] [529.9mb]->[3.6mb]/[532.5mb]}{[survivor] [35.4mb]->[17.1mb]/[66.5mb]}{[old] [55.9mb]->[74.7mb]/[1.3gb]}
[2017-11-15T17:59:28,167][WARN ][o.e.m.j.JvmGcMonitorService] [ht0EVsn] [gc][58678] overhead, spent [2.3s] collecting in the last [2.4s]
