[2018-03-10T01:22:27,575][INFO ][o.e.n.Node               ] [] initializing ...
[2018-03-10T01:22:27,967][INFO ][o.e.e.NodeEnvironment    ] [ht0EVsn] using [1] data paths, mounts [[/ (none)]], net usable_space [6.3gb], net total_space [10.6gb], spins? [possibly], types [aufs]
[2018-03-10T01:22:27,968][INFO ][o.e.e.NodeEnvironment    ] [ht0EVsn] heap size [1.9gb], compressed ordinary object pointers [true]
[2018-03-10T01:22:28,126][INFO ][o.e.n.Node               ] [ht0EVsn] node name [ht0EVsn] derived from node ID; set [node.name] to override
[2018-03-10T01:22:28,133][INFO ][o.e.n.Node               ] [ht0EVsn] version[5.0.0], pid[33815], build[253032b/2016-10-26T04:37:51.531Z], OS[Linux/4.9.80-c9/amd64], JVM[Oracle Corporation/Java HotSpot(TM) 64-Bit Server VM/1.8.0_111/25.111-b14]
[2018-03-10T01:22:33,705][INFO ][o.e.p.PluginsService     ] [ht0EVsn] loaded module [aggs-matrix-stats]
[2018-03-10T01:22:33,708][INFO ][o.e.p.PluginsService     ] [ht0EVsn] loaded module [ingest-common]
[2018-03-10T01:22:33,708][INFO ][o.e.p.PluginsService     ] [ht0EVsn] loaded module [lang-expression]
[2018-03-10T01:22:33,709][INFO ][o.e.p.PluginsService     ] [ht0EVsn] loaded module [lang-groovy]
[2018-03-10T01:22:33,709][INFO ][o.e.p.PluginsService     ] [ht0EVsn] loaded module [lang-mustache]
[2018-03-10T01:22:33,711][INFO ][o.e.p.PluginsService     ] [ht0EVsn] loaded module [lang-painless]
[2018-03-10T01:22:33,711][INFO ][o.e.p.PluginsService     ] [ht0EVsn] loaded module [percolator]
[2018-03-10T01:22:33,712][INFO ][o.e.p.PluginsService     ] [ht0EVsn] loaded module [reindex]
[2018-03-10T01:22:33,712][INFO ][o.e.p.PluginsService     ] [ht0EVsn] loaded module [transport-netty3]
[2018-03-10T01:22:33,712][INFO ][o.e.p.PluginsService     ] [ht0EVsn] loaded module [transport-netty4]
[2018-03-10T01:22:33,714][INFO ][o.e.p.PluginsService     ] [ht0EVsn] no plugins loaded
[2018-03-10T01:22:58,252][INFO ][o.e.n.Node               ] [ht0EVsn] initialized
[2018-03-10T01:22:58,252][INFO ][o.e.n.Node               ] [ht0EVsn] starting ...
[2018-03-10T01:22:59,282][INFO ][o.e.t.TransportService   ] [ht0EVsn] publish_address {127.0.0.1:9300}, bound_addresses {[::1]:9300}, {127.0.0.1:9300}
[2018-03-10T01:22:59,309][WARN ][o.e.b.BootstrapCheck     ] [ht0EVsn] max file descriptors [8192] for elasticsearch process likely too low, increase to at least [65536]
[2018-03-10T01:22:59,310][WARN ][o.e.b.BootstrapCheck     ] [ht0EVsn] max virtual memory areas vm.max_map_count [65530] likely too low, increase to at least [262144]
[2018-03-10T01:23:01,318][WARN ][o.e.m.j.JvmGcMonitorService] [ht0EVsn] [gc][young][2][1] duration [1.9s], collections [1]/[2s], total [1.9s]/[1.9s], memory [522mb]->[67.1mb]/[1.9gb], all_pools {[young] [522mb]->[25.8mb]/[532.5mb]}{[survivor] [0b]->[46.6mb]/[66.5mb]}{[old] [0b]->[0b]/[1.3gb]}
[2018-03-10T01:23:01,327][WARN ][o.e.m.j.JvmGcMonitorService] [ht0EVsn] [gc][2] overhead, spent [1.9s] collecting in the last [2s]
[2018-03-10T01:23:04,436][INFO ][o.e.c.s.ClusterService   ] [ht0EVsn] new_master {ht0EVsn}{ht0EVsnlRuyePr1G07P69g}{QMRVXg5ST8KY3Ui-jaaR3A}{127.0.0.1}{127.0.0.1:9300}, reason: zen-disco-elected-as-master ([0] nodes joined)
[2018-03-10T01:23:04,473][INFO ][o.e.h.HttpServer         ] [ht0EVsn] publish_address {127.0.0.1:9200}, bound_addresses {[::1]:9200}, {127.0.0.1:9200}
[2018-03-10T01:23:04,473][INFO ][o.e.n.Node               ] [ht0EVsn] started
[2018-03-10T01:23:07,090][INFO ][o.e.g.GatewayService     ] [ht0EVsn] recovered [5] indices into cluster_state
[2018-03-10T01:23:11,325][INFO ][o.e.c.r.a.AllocationService] [ht0EVsn] Cluster health status changed from [RED] to [YELLOW] (reason: [shards started [[vehicles][1]] ...]).
[2018-03-10T02:03:13,336][WARN ][o.e.m.j.JvmGcMonitorService] [ht0EVsn] [gc][young][2410][2] duration [3s], collections [1]/[3.7s], total [3s]/[4.9s], memory [578.6mb]->[109.3mb]/[1.9gb], all_pools {[young] [531.9mb]->[6.7mb]/[532.5mb]}{[survivor] [46.6mb]->[66.5mb]/[66.5mb]}{[old] [0b]->[39.5mb]/[1.3gb]}
[2018-03-10T02:03:13,338][WARN ][o.e.m.j.JvmGcMonitorService] [ht0EVsn] [gc][2410] overhead, spent [3s] collecting in the last [3.7s]
[2018-03-10T03:54:58,364][WARN ][o.e.m.j.JvmGcMonitorService] [ht0EVsn] [gc][young][9111][3] duration [2s], collections [1]/[2.6s], total [2s]/[7s], memory [638.4mb]->[107.7mb]/[1.9gb], all_pools {[young] [532.4mb]->[6.7mb]/[532.5mb]}{[survivor] [66.5mb]->[6.7mb]/[66.5mb]}{[old] [39.5mb]->[96.5mb]/[1.3gb]}
[2018-03-10T03:54:58,365][WARN ][o.e.m.j.JvmGcMonitorService] [ht0EVsn] [gc][9111] overhead, spent [2s] collecting in the last [2.6s]
[2018-03-10T05:50:14,673][INFO ][o.e.m.j.JvmGcMonitorService] [ht0EVsn] [gc][16025] overhead, spent [286ms] collecting in the last [1s]
[2018-03-10T17:34:28,680][INFO ][o.e.m.j.JvmGcMonitorService] [ht0EVsn] [gc][58265] overhead, spent [376ms] collecting in the last [1.3s]
[2018-03-10T23:28:07,783][INFO ][o.e.m.j.JvmGcMonitorService] [ht0EVsn] [gc][79477] overhead, spent [375ms] collecting in the last [1s]
